{"/home/umer/Desktop/mobile-sidebar (1)/app/ProtectedLayout.tsx": {"path":"/home/umer/Desktop/mobile-sidebar (1)/app/ProtectedLayout.tsx","statementMap":{"0":{"start":{"line":7,"column":24},"end":{"line":7,"column":40}},"1":{"start":{"line":2,"column":33},"end":{"line":2,"column":null}},"2":{"start":{"line":3,"column":28},"end":{"line":3,"column":null}},"3":{"start":{"line":4,"column":36},"end":{"line":4,"column":null}},"4":{"start":{"line":5,"column":29},"end":{"line":5,"column":null}},"5":{"start":{"line":8,"column":17},"end":{"line":8,"column":null}},"6":{"start":{"line":8,"column":45},"end":{"line":8,"column":55}},"7":{"start":{"line":9,"column":23},"end":{"line":9,"column":null}},"8":{"start":{"line":9,"column":51},"end":{"line":9,"column":67}},"9":{"start":{"line":10,"column":21},"end":{"line":10,"column":null}},"10":{"start":{"line":12,"column":40},"end":{"line":12,"column":null}},"11":{"start":{"line":13,"column":38},"end":{"line":13,"column":null}},"12":{"start":{"line":15,"column":4},"end":{"line":40,"column":null}},"13":{"start":{"line":16,"column":8},"end":{"line":16,"column":null}},"14":{"start":{"line":19,"column":22},"end":{"line":19,"column":null}},"15":{"start":{"line":20,"column":25},"end":{"line":20,"column":null}},"16":{"start":{"line":22,"column":8},"end":{"line":37,"column":null}},"17":{"start":{"line":23,"column":12},"end":{"line":36,"column":null}},"18":{"start":{"line":25,"column":16},"end":{"line":31,"column":null}},"19":{"start":{"line":33,"column":16},"end":{"line":33,"column":null}},"20":{"start":{"line":35,"column":16},"end":{"line":35,"column":null}},"21":{"start":{"line":39,"column":8},"end":{"line":39,"column":null}},"22":{"start":{"line":42,"column":4},"end":{"line":42,"column":null}},"23":{"start":{"line":42,"column":34},"end":{"line":42,"column":null}},"24":{"start":{"line":44,"column":24},"end":{"line":44,"column":null}},"25":{"start":{"line":45,"column":25},"end":{"line":45,"column":null}},"26":{"start":{"line":49,"column":4},"end":{"line":58,"column":null}},"27":{"start":{"line":56,"column":6},"end":{"line":56,"column":null}},"28":{"start":{"line":56,"column":41},"end":{"line":56,"column":null}},"29":{"start":{"line":57,"column":6},"end":{"line":57,"column":null}},"30":{"start":{"line":61,"column":4},"end":{"line":63,"column":null}},"31":{"start":{"line":66,"column":18},"end":{"line":66,"column":null}},"32":{"start":{"line":67,"column":4},"end":{"line":69,"column":null}},"33":{"start":{"line":71,"column":4},"end":{"line":74,"column":null}},"34":{"start":{"line":72,"column":8},"end":{"line":72,"column":null}},"35":{"start":{"line":72,"column":43},"end":{"line":72,"column":null}},"36":{"start":{"line":73,"column":8},"end":{"line":73,"column":null}}},"fnMap":{"0":{"name":"ProtectedLayout","decl":{"start":{"line":7,"column":24},"end":{"line":7,"column":40}},"loc":{"start":{"line":7,"column":83},"end":{"line":77,"column":null}}},"1":{"name":"(anonymous_2)","decl":{"start":{"line":8,"column":34},"end":{"line":8,"column":35}},"loc":{"start":{"line":8,"column":45},"end":{"line":8,"column":55}}},"2":{"name":"(anonymous_3)","decl":{"start":{"line":9,"column":40},"end":{"line":9,"column":41}},"loc":{"start":{"line":9,"column":51},"end":{"line":9,"column":67}}},"3":{"name":"(anonymous_4)","decl":{"start":{"line":15,"column":14},"end":{"line":15,"column":null}},"loc":{"start":{"line":15,"column":14},"end":{"line":40,"column":7}}}},"branchMap":{"0":{"loc":{"start":{"line":22,"column":8},"end":{"line":37,"column":null}},"type":"if","locations":[{"start":{"line":22,"column":8},"end":{"line":37,"column":null}}]},"1":{"loc":{"start":{"line":22,"column":12},"end":{"line":22,"column":46}},"type":"binary-expr","locations":[{"start":{"line":22,"column":12},"end":{"line":22,"column":21}},{"start":{"line":22,"column":21},"end":{"line":22,"column":33}},{"start":{"line":22,"column":33},"end":{"line":22,"column":46}}]},"2":{"loc":{"start":{"line":29,"column":42},"end":{"line":29,"column":80}},"type":"binary-expr","locations":[{"start":{"line":29,"column":42},"end":{"line":29,"column":76}},{"start":{"line":29,"column":76},"end":{"line":29,"column":80}}]},"3":{"loc":{"start":{"line":42,"column":4},"end":{"line":42,"column":null}},"type":"if","locations":[{"start":{"line":42,"column":4},"end":{"line":42,"column":null}}]},"4":{"loc":{"start":{"line":42,"column":8},"end":{"line":42,"column":34}},"type":"binary-expr","locations":[{"start":{"line":42,"column":8},"end":{"line":42,"column":23}},{"start":{"line":42,"column":23},"end":{"line":42,"column":34}}]},"5":{"loc":{"start":{"line":45,"column":46},"end":{"line":45,"column":null}},"type":"binary-expr","locations":[{"start":{"line":45,"column":46},"end":{"line":45,"column":58}},{"start":{"line":45,"column":58},"end":{"line":45,"column":null}}]},"6":{"loc":{"start":{"line":49,"column":4},"end":{"line":58,"column":null}},"type":"if","locations":[{"start":{"line":49,"column":4},"end":{"line":58,"column":null}}]},"7":{"loc":{"start":{"line":50,"column":6},"end":{"line":54,"column":null}},"type":"binary-expr","locations":[{"start":{"line":50,"column":6},"end":{"line":50,"column":null}},{"start":{"line":51,"column":6},"end":{"line":51,"column":null}},{"start":{"line":52,"column":6},"end":{"line":52,"column":null}},{"start":{"line":53,"column":6},"end":{"line":53,"column":null}},{"start":{"line":54,"column":6},"end":{"line":54,"column":null}}]},"8":{"loc":{"start":{"line":56,"column":6},"end":{"line":56,"column":null}},"type":"if","locations":[{"start":{"line":56,"column":6},"end":{"line":56,"column":null}}]},"9":{"loc":{"start":{"line":61,"column":4},"end":{"line":63,"column":null}},"type":"if","locations":[{"start":{"line":61,"column":4},"end":{"line":63,"column":null}}]},"10":{"loc":{"start":{"line":61,"column":8},"end":{"line":61,"column":69}},"type":"binary-expr","locations":[{"start":{"line":61,"column":8},"end":{"line":61,"column":42}},{"start":{"line":61,"column":42},"end":{"line":61,"column":69}}]},"11":{"loc":{"start":{"line":67,"column":4},"end":{"line":69,"column":null}},"type":"if","locations":[{"start":{"line":67,"column":4},"end":{"line":69,"column":null}}]},"12":{"loc":{"start":{"line":67,"column":8},"end":{"line":67,"column":128}},"type":"binary-expr","locations":[{"start":{"line":67,"column":8},"end":{"line":67,"column":17}},{"start":{"line":67,"column":17},"end":{"line":67,"column":66}},{"start":{"line":67,"column":66},"end":{"line":67,"column":100}},{"start":{"line":67,"column":100},"end":{"line":67,"column":124}}]},"13":{"loc":{"start":{"line":71,"column":4},"end":{"line":74,"column":null}},"type":"if","locations":[{"start":{"line":71,"column":4},"end":{"line":74,"column":null}}]},"14":{"loc":{"start":{"line":71,"column":8},"end":{"line":71,"column":38}},"type":"binary-expr","locations":[{"start":{"line":71,"column":8},"end":{"line":71,"column":23}},{"start":{"line":71,"column":23},"end":{"line":71,"column":38}}]},"15":{"loc":{"start":{"line":72,"column":8},"end":{"line":72,"column":null}},"type":"if","locations":[{"start":{"line":72,"column":8},"end":{"line":72,"column":null}}]}},"s":{"0":0,"1":0,"2":0,"3":0,"4":0,"5":0,"6":0,"7":0,"8":0,"9":0,"10":0,"11":0,"12":0,"13":0,"14":0,"15":0,"16":0,"17":0,"18":0,"19":0,"20":0,"21":0,"22":0,"23":0,"24":0,"25":0,"26":0,"27":0,"28":0,"29":0,"30":0,"31":0,"32":0,"33":0,"34":0,"35":0,"36":0},"f":{"0":0,"1":0,"2":0,"3":0},"b":{"0":[0],"1":[0,0,0],"2":[0,0],"3":[0],"4":[0,0],"5":[0,0],"6":[0],"7":[0,0,0,0,0],"8":[0],"9":[0],"10":[0,0],"11":[0],"12":[0,0,0,0],"13":[0],"14":[0,0],"15":[0]}}
,"/home/umer/Desktop/mobile-sidebar (1)/app/Providers.tsx": {"path":"/home/umer/Desktop/mobile-sidebar (1)/app/Providers.tsx","statementMap":{"0":{"start":{"line":11,"column":16},"end":{"line":11,"column":26}},"1":{"start":{"line":5,"column":49},"end":{"line":5,"column":null}},"2":{"start":{"line":6,"column":35},"end":{"line":6,"column":null}},"3":{"start":{"line":7,"column":24},"end":{"line":7,"column":null}},"4":{"start":{"line":8,"column":30},"end":{"line":8,"column":null}},"5":{"start":{"line":9,"column":25},"end":{"line":9,"column":null}},"6":{"start":{"line":12,"column":24},"end":{"line":35,"column":null}},"7":{"start":{"line":14,"column":6},"end":{"line":35,"column":null}},"8":{"start":{"line":21,"column":14},"end":{"line":23,"column":null}},"9":{"start":{"line":22,"column":16},"end":{"line":22,"column":null}},"10":{"start":{"line":25,"column":14},"end":{"line":25,"column":null}}},"fnMap":{"0":{"name":"Providers","decl":{"start":{"line":11,"column":16},"end":{"line":11,"column":26}},"loc":{"start":{"line":11,"column":69},"end":{"line":53,"column":null}}},"1":{"name":"(anonymous_2)","decl":{"start":{"line":13,"column":4},"end":{"line":13,"column":null}},"loc":{"start":{"line":14,"column":6},"end":{"line":35,"column":null}}},"2":{"name":"(anonymous_3)","decl":{"start":{"line":19,"column":19},"end":{"line":19,"column":20}},"loc":{"start":{"line":19,"column":34},"end":{"line":26,"column":null}}}},"branchMap":{"0":{"loc":{"start":{"line":21,"column":14},"end":{"line":23,"column":null}},"type":"if","locations":[{"start":{"line":21,"column":14},"end":{"line":23,"column":null}}]},"1":{"loc":{"start":{"line":21,"column":18},"end":{"line":21,"column":83}},"type":"binary-expr","locations":[{"start":{"line":21,"column":18},"end":{"line":21,"column":52}},{"start":{"line":21,"column":52},"end":{"line":21,"column":83}}]}},"s":{"0":0,"1":0,"2":0,"3":0,"4":0,"5":0,"6":0,"7":0,"8":0,"9":0,"10":0},"f":{"0":0,"1":0,"2":0},"b":{"0":[0],"1":[0,0]}}
,"/home/umer/Desktop/mobile-sidebar (1)/app/layout.tsx": {"path":"/home/umer/Desktop/mobile-sidebar (1)/app/layout.tsx","statementMap":{"0":{"start":{"line":16,"column":24},"end":{"line":16,"column":35}},"1":{"start":{"line":11,"column":13},"end":{"line":11,"column":21}},"2":{"start":{"line":2,"column":7},"end":{"line":2,"column":null}},"3":{"start":{"line":3,"column":28},"end":{"line":3,"column":null}},"4":{"start":{"line":4,"column":24},"end":{"line":4,"column":null}},"5":{"start":{"line":5,"column":24},"end":{"line":5,"column":null}},"6":{"start":{"line":6,"column":22},"end":{"line":6,"column":null}},"7":{"start":{"line":7,"column":26},"end":{"line":7,"column":null}},"8":{"start":{"line":9,"column":14},"end":{"line":9,"column":null}},"9":{"start":{"line":11,"column":24},"end":{"line":14,"column":null}}},"fnMap":{"0":{"name":"RootLayout","decl":{"start":{"line":16,"column":24},"end":{"line":16,"column":35}},"loc":{"start":{"line":16,"column":78},"end":{"line":31,"column":1}}}},"branchMap":{},"s":{"0":0,"1":0,"2":0,"3":0,"4":0,"5":0,"6":0,"7":0,"8":0,"9":0},"f":{"0":0},"b":{}}
,"/home/umer/Desktop/mobile-sidebar (1)/app/page.tsx": {"path":"/home/umer/Desktop/mobile-sidebar (1)/app/page.tsx","statementMap":{"0":{"start":{"line":65,"column":24},"end":{"line":65,"column":null}},"1":{"start":{"line":3,"column":48},"end":{"line":3,"column":null}},"2":{"start":{"line":4,"column":20},"end":{"line":4,"column":null}},"3":{"start":{"line":5,"column":19},"end":{"line":5,"column":null}},"4":{"start":{"line":8,"column":33},"end":{"line":8,"column":null}},"5":{"start":{"line":9,"column":25},"end":{"line":9,"column":null}},"6":{"start":{"line":13,"column":34},"end":{"line":13,"column":null}},"7":{"start":{"line":14,"column":17},"end":{"line":14,"column":null}},"8":{"start":{"line":16,"column":34},"end":{"line":16,"column":null}},"9":{"start":{"line":17,"column":17},"end":{"line":17,"column":null}},"10":{"start":{"line":19,"column":33},"end":{"line":19,"column":null}},"11":{"start":{"line":20,"column":17},"end":{"line":20,"column":null}},"12":{"start":{"line":22,"column":38},"end":{"line":22,"column":null}},"13":{"start":{"line":23,"column":17},"end":{"line":23,"column":null}},"14":{"start":{"line":25,"column":34},"end":{"line":25,"column":null}},"15":{"start":{"line":26,"column":17},"end":{"line":26,"column":null}},"16":{"start":{"line":28,"column":34},"end":{"line":28,"column":null}},"17":{"start":{"line":29,"column":17},"end":{"line":29,"column":null}},"18":{"start":{"line":31,"column":38},"end":{"line":31,"column":null}},"19":{"start":{"line":32,"column":17},"end":{"line":32,"column":null}},"20":{"start":{"line":34,"column":35},"end":{"line":34,"column":null}},"21":{"start":{"line":35,"column":17},"end":{"line":35,"column":null}},"22":{"start":{"line":37,"column":36},"end":{"line":37,"column":null}},"23":{"start":{"line":38,"column":17},"end":{"line":38,"column":null}},"24":{"start":{"line":40,"column":36},"end":{"line":40,"column":null}},"25":{"start":{"line":41,"column":17},"end":{"line":41,"column":null}},"26":{"start":{"line":43,"column":32},"end":{"line":43,"column":null}},"27":{"start":{"line":44,"column":17},"end":{"line":44,"column":null}},"28":{"start":{"line":46,"column":36},"end":{"line":46,"column":null}},"29":{"start":{"line":47,"column":17},"end":{"line":47,"column":null}},"30":{"start":{"line":49,"column":32},"end":{"line":49,"column":null}},"31":{"start":{"line":50,"column":17},"end":{"line":50,"column":null}},"32":{"start":{"line":58,"column":10},"end":{"line":58,"column":23}},"33":{"start":{"line":66,"column":2},"end":{"line":66,"column":null}},"34":{"start":{"line":70,"column":15},"end":{"line":70,"column":null}},"35":{"start":{"line":70,"column":43},"end":{"line":70,"column":53}},"36":{"start":{"line":71,"column":40},"end":{"line":71,"column":null}},"37":{"start":{"line":72,"column":56},"end":{"line":72,"column":null}},"38":{"start":{"line":73,"column":54},"end":{"line":73,"column":null}},"39":{"start":{"line":75,"column":27},"end":{"line":77,"column":null}},"40":{"start":{"line":76,"column":4},"end":{"line":76,"column":null}},"41":{"start":{"line":79,"column":29},"end":{"line":81,"column":null}},"42":{"start":{"line":80,"column":4},"end":{"line":80,"column":null}},"43":{"start":{"line":80,"column":37},"end":{"line":80,"column":null}},"44":{"start":{"line":83,"column":30},"end":{"line":85,"column":null}},"45":{"start":{"line":84,"column":4},"end":{"line":84,"column":null}},"46":{"start":{"line":87,"column":21},"end":{"line":125,"column":null}},"47":{"start":{"line":88,"column":4},"end":{"line":124,"column":null}},"48":{"start":{"line":98,"column":8},"end":{"line":98,"column":null}},"49":{"start":{"line":100,"column":8},"end":{"line":100,"column":null}},"50":{"start":{"line":106,"column":8},"end":{"line":110,"column":null}},"51":{"start":{"line":107,"column":10},"end":{"line":107,"column":null}},"52":{"start":{"line":112,"column":8},"end":{"line":114,"column":null}},"53":{"start":{"line":115,"column":8},"end":{"line":115,"column":null}},"54":{"start":{"line":117,"column":8},"end":{"line":117,"column":null}},"55":{"start":{"line":119,"column":8},"end":{"line":119,"column":null}},"56":{"start":{"line":121,"column":8},"end":{"line":121,"column":null}}},"fnMap":{"0":{"name":"(anonymous_5)","decl":{"start":{"line":13,"column":28},"end":{"line":13,"column":34}},"loc":{"start":{"line":13,"column":34},"end":{"line":13,"column":null}}},"1":{"name":"(anonymous_6)","decl":{"start":{"line":13,"column":34},"end":{"line":13,"column":41}},"loc":{"start":{"line":13,"column":34},"end":{"line":13,"column":null}}},"2":{"name":"(anonymous_8)","decl":{"start":{"line":14,"column":11},"end":{"line":14,"column":17}},"loc":{"start":{"line":14,"column":17},"end":{"line":14,"column":null}}},"3":{"name":"(anonymous_9)","decl":{"start":{"line":16,"column":28},"end":{"line":16,"column":34}},"loc":{"start":{"line":16,"column":34},"end":{"line":16,"column":null}}},"4":{"name":"(anonymous_10)","decl":{"start":{"line":16,"column":34},"end":{"line":16,"column":41}},"loc":{"start":{"line":16,"column":34},"end":{"line":16,"column":null}}},"5":{"name":"(anonymous_12)","decl":{"start":{"line":17,"column":11},"end":{"line":17,"column":17}},"loc":{"start":{"line":17,"column":17},"end":{"line":17,"column":null}}},"6":{"name":"(anonymous_13)","decl":{"start":{"line":19,"column":27},"end":{"line":19,"column":33}},"loc":{"start":{"line":19,"column":33},"end":{"line":19,"column":null}}},"7":{"name":"(anonymous_14)","decl":{"start":{"line":19,"column":33},"end":{"line":19,"column":40}},"loc":{"start":{"line":19,"column":33},"end":{"line":19,"column":null}}},"8":{"name":"(anonymous_16)","decl":{"start":{"line":20,"column":11},"end":{"line":20,"column":17}},"loc":{"start":{"line":20,"column":17},"end":{"line":20,"column":null}}},"9":{"name":"(anonymous_17)","decl":{"start":{"line":22,"column":32},"end":{"line":22,"column":38}},"loc":{"start":{"line":22,"column":38},"end":{"line":22,"column":null}}},"10":{"name":"(anonymous_18)","decl":{"start":{"line":22,"column":38},"end":{"line":22,"column":45}},"loc":{"start":{"line":22,"column":38},"end":{"line":22,"column":null}}},"11":{"name":"(anonymous_20)","decl":{"start":{"line":23,"column":11},"end":{"line":23,"column":17}},"loc":{"start":{"line":23,"column":17},"end":{"line":23,"column":null}}},"12":{"name":"(anonymous_21)","decl":{"start":{"line":25,"column":28},"end":{"line":25,"column":34}},"loc":{"start":{"line":25,"column":34},"end":{"line":25,"column":null}}},"13":{"name":"(anonymous_22)","decl":{"start":{"line":25,"column":34},"end":{"line":25,"column":41}},"loc":{"start":{"line":25,"column":34},"end":{"line":25,"column":null}}},"14":{"name":"(anonymous_24)","decl":{"start":{"line":26,"column":11},"end":{"line":26,"column":17}},"loc":{"start":{"line":26,"column":17},"end":{"line":26,"column":null}}},"15":{"name":"(anonymous_25)","decl":{"start":{"line":28,"column":28},"end":{"line":28,"column":34}},"loc":{"start":{"line":28,"column":34},"end":{"line":28,"column":null}}},"16":{"name":"(anonymous_26)","decl":{"start":{"line":28,"column":34},"end":{"line":28,"column":41}},"loc":{"start":{"line":28,"column":34},"end":{"line":28,"column":null}}},"17":{"name":"(anonymous_28)","decl":{"start":{"line":29,"column":11},"end":{"line":29,"column":17}},"loc":{"start":{"line":29,"column":17},"end":{"line":29,"column":null}}},"18":{"name":"(anonymous_29)","decl":{"start":{"line":31,"column":32},"end":{"line":31,"column":38}},"loc":{"start":{"line":31,"column":38},"end":{"line":31,"column":null}}},"19":{"name":"(anonymous_30)","decl":{"start":{"line":31,"column":38},"end":{"line":31,"column":45}},"loc":{"start":{"line":31,"column":38},"end":{"line":31,"column":null}}},"20":{"name":"(anonymous_32)","decl":{"start":{"line":32,"column":11},"end":{"line":32,"column":17}},"loc":{"start":{"line":32,"column":17},"end":{"line":32,"column":null}}},"21":{"name":"(anonymous_33)","decl":{"start":{"line":34,"column":29},"end":{"line":34,"column":35}},"loc":{"start":{"line":34,"column":35},"end":{"line":34,"column":null}}},"22":{"name":"(anonymous_34)","decl":{"start":{"line":34,"column":35},"end":{"line":34,"column":42}},"loc":{"start":{"line":34,"column":35},"end":{"line":34,"column":null}}},"23":{"name":"(anonymous_36)","decl":{"start":{"line":35,"column":11},"end":{"line":35,"column":17}},"loc":{"start":{"line":35,"column":17},"end":{"line":35,"column":null}}},"24":{"name":"(anonymous_37)","decl":{"start":{"line":37,"column":30},"end":{"line":37,"column":36}},"loc":{"start":{"line":37,"column":36},"end":{"line":37,"column":null}}},"25":{"name":"(anonymous_38)","decl":{"start":{"line":37,"column":36},"end":{"line":37,"column":43}},"loc":{"start":{"line":37,"column":36},"end":{"line":37,"column":null}}},"26":{"name":"(anonymous_40)","decl":{"start":{"line":38,"column":11},"end":{"line":38,"column":17}},"loc":{"start":{"line":38,"column":17},"end":{"line":38,"column":null}}},"27":{"name":"(anonymous_41)","decl":{"start":{"line":40,"column":30},"end":{"line":40,"column":36}},"loc":{"start":{"line":40,"column":36},"end":{"line":40,"column":null}}},"28":{"name":"(anonymous_42)","decl":{"start":{"line":40,"column":36},"end":{"line":40,"column":43}},"loc":{"start":{"line":40,"column":36},"end":{"line":40,"column":null}}},"29":{"name":"(anonymous_44)","decl":{"start":{"line":41,"column":11},"end":{"line":41,"column":17}},"loc":{"start":{"line":41,"column":17},"end":{"line":41,"column":null}}},"30":{"name":"(anonymous_45)","decl":{"start":{"line":43,"column":26},"end":{"line":43,"column":32}},"loc":{"start":{"line":43,"column":32},"end":{"line":43,"column":null}}},"31":{"name":"(anonymous_46)","decl":{"start":{"line":43,"column":32},"end":{"line":43,"column":39}},"loc":{"start":{"line":43,"column":32},"end":{"line":43,"column":null}}},"32":{"name":"(anonymous_48)","decl":{"start":{"line":44,"column":11},"end":{"line":44,"column":17}},"loc":{"start":{"line":44,"column":17},"end":{"line":44,"column":null}}},"33":{"name":"(anonymous_49)","decl":{"start":{"line":46,"column":30},"end":{"line":46,"column":36}},"loc":{"start":{"line":46,"column":36},"end":{"line":46,"column":null}}},"34":{"name":"(anonymous_50)","decl":{"start":{"line":46,"column":36},"end":{"line":46,"column":43}},"loc":{"start":{"line":46,"column":36},"end":{"line":46,"column":null}}},"35":{"name":"(anonymous_52)","decl":{"start":{"line":47,"column":11},"end":{"line":47,"column":17}},"loc":{"start":{"line":47,"column":17},"end":{"line":47,"column":null}}},"36":{"name":"(anonymous_53)","decl":{"start":{"line":49,"column":26},"end":{"line":49,"column":32}},"loc":{"start":{"line":49,"column":32},"end":{"line":49,"column":null}}},"37":{"name":"(anonymous_54)","decl":{"start":{"line":49,"column":32},"end":{"line":49,"column":39}},"loc":{"start":{"line":49,"column":32},"end":{"line":49,"column":null}}},"38":{"name":"(anonymous_56)","decl":{"start":{"line":50,"column":11},"end":{"line":50,"column":17}},"loc":{"start":{"line":50,"column":17},"end":{"line":50,"column":null}}},"39":{"name":"PageSkeleton","decl":{"start":{"line":52,"column":9},"end":{"line":52,"column":null}},"loc":{"start":{"line":52,"column":9},"end":{"line":63,"column":null}}},"40":{"name":"(anonymous_58)","decl":{"start":{"line":57,"column":27},"end":{"line":57,"column":28}},"loc":{"start":{"line":58,"column":10},"end":{"line":58,"column":23}}},"41":{"name":"HomePage","decl":{"start":{"line":65,"column":24},"end":{"line":65,"column":null}},"loc":{"start":{"line":65,"column":24},"end":{"line":67,"column":null}}},"42":{"name":"App","decl":{"start":{"line":69,"column":9},"end":{"line":69,"column":null}},"loc":{"start":{"line":69,"column":9},"end":{"line":148,"column":null}}},"43":{"name":"(anonymous_61)","decl":{"start":{"line":70,"column":32},"end":{"line":70,"column":33}},"loc":{"start":{"line":70,"column":43},"end":{"line":70,"column":53}}},"44":{"name":"(anonymous_62)","decl":{"start":{"line":75,"column":39},"end":{"line":75,"column":40}},"loc":{"start":{"line":75,"column":40},"end":{"line":77,"column":5}}},"45":{"name":"(anonymous_63)","decl":{"start":{"line":79,"column":41},"end":{"line":79,"column":null}},"loc":{"start":{"line":79,"column":41},"end":{"line":81,"column":5}}},"46":{"name":"(anonymous_64)","decl":{"start":{"line":80,"column":27},"end":{"line":80,"column":28}},"loc":{"start":{"line":80,"column":37},"end":{"line":80,"column":null}}},"47":{"name":"(anonymous_65)","decl":{"start":{"line":83,"column":42},"end":{"line":83,"column":43}},"loc":{"start":{"line":83,"column":43},"end":{"line":85,"column":5}}},"48":{"name":"(anonymous_66)","decl":{"start":{"line":87,"column":21},"end":{"line":87,"column":null}},"loc":{"start":{"line":87,"column":21},"end":{"line":125,"column":null}}}},"branchMap":{"0":{"loc":{"start":{"line":88,"column":4},"end":{"line":124,"column":null}},"type":"switch","locations":[{"start":{"line":97,"column":6},"end":{"line":98,"column":null}},{"start":{"line":99,"column":6},"end":{"line":100,"column":null}},{"start":{"line":105,"column":6},"end":{"line":110,"column":null}},{"start":{"line":111,"column":6},"end":{"line":115,"column":null}},{"start":{"line":116,"column":6},"end":{"line":117,"column":null}},{"start":{"line":118,"column":6},"end":{"line":119,"column":null}},{"start":{"line":120,"column":6},"end":{"line":121,"column":null}}]},"1":{"loc":{"start":{"line":106,"column":8},"end":{"line":110,"column":null}},"type":"if","locations":[{"start":{"line":106,"column":8},"end":{"line":110,"column":null}},{"start":{"line":108,"column":15},"end":{"line":110,"column":null}}]},"2":{"loc":{"start":{"line":112,"column":8},"end":{"line":114,"column":null}},"type":"if","locations":[{"start":{"line":112,"column":8},"end":{"line":114,"column":null}}]},"3":{"loc":{"start":{"line":140,"column":10},"end":{"line":140,"column":null}},"type":"cond-expr","locations":[{"start":{"line":140,"column":31},"end":{"line":140,"column":51}},{"start":{"line":140,"column":51},"end":{"line":140,"column":null}}]}},"s":{"0":0,"1":0,"2":0,"3":0,"4":0,"5":0,"6":0,"7":0,"8":0,"9":0,"10":0,"11":0,"12":0,"13":0,"14":0,"15":0,"16":0,"17":0,"18":0,"19":0,"20":0,"21":0,"22":0,"23":0,"24":0,"25":0,"26":0,"27":0,"28":0,"29":0,"30":0,"31":0,"32":0,"33":0,"34":0,"35":0,"36":0,"37":0,"38":0,"39":0,"40":0,"41":0,"42":0,"43":0,"44":0,"45":0,"46":0,"47":0,"48":0,"49":0,"50":0,"51":0,"52":0,"53":0,"54":0,"55":0,"56":0},"f":{"0":0,"1":0,"2":0,"3":0,"4":0,"5":0,"6":0,"7":0,"8":0,"9":0,"10":0,"11":0,"12":0,"13":0,"14":0,"15":0,"16":0,"17":0,"18":0,"19":0,"20":0,"21":0,"22":0,"23":0,"24":0,"25":0,"26":0,"27":0,"28":0,"29":0,"30":0,"31":0,"32":0,"33":0,"34":0,"35":0,"36":0,"37":0,"38":0,"39":0,"40":0,"41":0,"42":0,"43":0,"44":0,"45":0,"46":0,"47":0,"48":0},"b":{"0":[0,0,0,0,0,0,0],"1":[0,0],"2":[0],"3":[0,0]}}
,"/home/umer/Desktop/mobile-sidebar (1)/app/(dashboard)/layout.tsx": {"path":"/home/umer/Desktop/mobile-sidebar (1)/app/(dashboard)/layout.tsx","statementMap":{"0":{"start":{"line":10,"column":24},"end":{"line":10,"column":40}},"1":{"start":{"line":5,"column":25},"end":{"line":5,"column":null}},"2":{"start":{"line":6,"column":21},"end":{"line":6,"column":null}},"3":{"start":{"line":7,"column":23},"end":{"line":7,"column":null}},"4":{"start":{"line":8,"column":19},"end":{"line":8,"column":null}},"5":{"start":{"line":15,"column":56},"end":{"line":15,"column":null}},"6":{"start":{"line":16,"column":54},"end":{"line":16,"column":null}},"7":{"start":{"line":18,"column":29},"end":{"line":20,"column":null}},"8":{"start":{"line":19,"column":4},"end":{"line":19,"column":null}},"9":{"start":{"line":22,"column":30},"end":{"line":24,"column":null}},"10":{"start":{"line":23,"column":4},"end":{"line":23,"column":null}},"11":{"start":{"line":54,"column":27},"end":{"line":54,"column":null}}},"fnMap":{"0":{"name":"DashboardLayout","decl":{"start":{"line":10,"column":24},"end":{"line":10,"column":40}},"loc":{"start":{"line":14,"column":1},"end":{"line":65,"column":null}}},"1":{"name":"(anonymous_3)","decl":{"start":{"line":18,"column":29},"end":{"line":18,"column":null}},"loc":{"start":{"line":18,"column":29},"end":{"line":20,"column":null}}},"2":{"name":"(anonymous_4)","decl":{"start":{"line":22,"column":30},"end":{"line":22,"column":31}},"loc":{"start":{"line":22,"column":31},"end":{"line":24,"column":null}}},"3":{"name":"(anonymous_5)","decl":{"start":{"line":54,"column":21},"end":{"line":54,"column":27}},"loc":{"start":{"line":54,"column":27},"end":{"line":54,"column":null}}}},"branchMap":{"0":{"loc":{"start":{"line":33,"column":10},"end":{"line":33,"column":null}},"type":"cond-expr","locations":[{"start":{"line":33,"column":31},"end":{"line":33,"column":51}},{"start":{"line":33,"column":51},"end":{"line":33,"column":null}}]}},"s":{"0":0,"1":0,"2":0,"3":0,"4":0,"5":0,"6":0,"7":0,"8":0,"9":0,"10":0,"11":0},"f":{"0":0,"1":0,"2":0,"3":0},"b":{"0":[0,0]}}
,"/home/umer/Desktop/mobile-sidebar (1)/app/(dashboard)/account/page.tsx": {"path":"/home/umer/Desktop/mobile-sidebar (1)/app/(dashboard)/account/page.tsx","statementMap":{"0":{"start":{"line":5,"column":24},"end":{"line":5,"column":null}},"1":{"start":{"line":3,"column":24},"end":{"line":3,"column":null}},"2":{"start":{"line":6,"column":2},"end":{"line":6,"column":null}}},"fnMap":{"0":{"name":"Account","decl":{"start":{"line":5,"column":24},"end":{"line":5,"column":null}},"loc":{"start":{"line":5,"column":24},"end":{"line":7,"column":null}}}},"branchMap":{},"s":{"0":0,"1":0,"2":0},"f":{"0":0},"b":{}}
,"/home/umer/Desktop/mobile-sidebar (1)/app/(dashboard)/cashier/loading.tsx": {"path":"/home/umer/Desktop/mobile-sidebar (1)/app/(dashboard)/cashier/loading.tsx","statementMap":{"0":{"start":{"line":1,"column":24},"end":{"line":1,"column":null}},"1":{"start":{"line":2,"column":2},"end":{"line":2,"column":null}}},"fnMap":{"0":{"name":"Loading","decl":{"start":{"line":1,"column":24},"end":{"line":1,"column":null}},"loc":{"start":{"line":1,"column":24},"end":{"line":3,"column":null}}}},"branchMap":{},"s":{"0":0,"1":0},"f":{"0":0},"b":{}}
,"/home/umer/Desktop/mobile-sidebar (1)/app/(dashboard)/cashier/page.tsx": {"path":"/home/umer/Desktop/mobile-sidebar (1)/app/(dashboard)/cashier/page.tsx","statementMap":{"0":{"start":{"line":5,"column":24},"end":{"line":5,"column":null}},"1":{"start":{"line":2,"column":24},"end":{"line":2,"column":null}},"2":{"start":{"line":8,"column":2},"end":{"line":8,"column":null}}},"fnMap":{"0":{"name":"Cashier","decl":{"start":{"line":5,"column":24},"end":{"line":5,"column":null}},"loc":{"start":{"line":5,"column":24},"end":{"line":11,"column":null}}}},"branchMap":{},"s":{"0":0,"1":0,"2":0},"f":{"0":0},"b":{}}
,"/home/umer/Desktop/mobile-sidebar (1)/app/(dashboard)/catalogs/page.tsx": {"path":"/home/umer/Desktop/mobile-sidebar (1)/app/(dashboard)/catalogs/page.tsx","statementMap":{"0":{"start":{"line":5,"column":24},"end":{"line":5,"column":null}},"1":{"start":{"line":3,"column":25},"end":{"line":3,"column":null}}},"fnMap":{"0":{"name":"Page","decl":{"start":{"line":5,"column":24},"end":{"line":5,"column":null}},"loc":{"start":{"line":5,"column":24},"end":{"line":7,"column":null}}},"1":{"name":"(anonymous_3)","decl":{"start":{"line":6,"column":39},"end":{"line":6,"column":46}},"loc":{"start":{"line":6,"column":39},"end":{"line":6,"column":null}}}},"branchMap":{},"s":{"0":0,"1":0},"f":{"0":0,"1":0},"b":{}}
,"/home/umer/Desktop/mobile-sidebar (1)/app/(dashboard)/catalogs/[userId]/categories/page.tsx": {"path":"/home/umer/Desktop/mobile-sidebar (1)/app/(dashboard)/catalogs/[userId]/categories/page.tsx","statementMap":{"0":{"start":{"line":6,"column":24},"end":{"line":6,"column":null}},"1":{"start":{"line":3,"column":34},"end":{"line":3,"column":null}},"2":{"start":{"line":7,"column":2},"end":{"line":7,"column":null}}},"fnMap":{"0":{"name":"Page","decl":{"start":{"line":6,"column":24},"end":{"line":6,"column":null}},"loc":{"start":{"line":6,"column":24},"end":{"line":8,"column":null}}}},"branchMap":{},"s":{"0":0,"1":0,"2":0},"f":{"0":0},"b":{}}
,"/home/umer/Desktop/mobile-sidebar (1)/app/(dashboard)/catalogs/[userId]/categories/[Id]/products/page.tsx": {"path":"/home/umer/Desktop/mobile-sidebar (1)/app/(dashboard)/catalogs/[userId]/categories/[Id]/products/page.tsx","statementMap":{"0":{"start":{"line":4,"column":24},"end":{"line":4,"column":null}},"1":{"start":{"line":1,"column":24},"end":{"line":1,"column":null}},"2":{"start":{"line":2,"column":18},"end":{"line":2,"column":null}},"3":{"start":{"line":6,"column":4},"end":{"line":6,"column":null}}},"fnMap":{"0":{"name":"page","decl":{"start":{"line":4,"column":24},"end":{"line":4,"column":null}},"loc":{"start":{"line":4,"column":24},"end":{"line":7,"column":null}}}},"branchMap":{},"s":{"0":0,"1":0,"2":0,"3":0},"f":{"0":0},"b":{}}
,"/home/umer/Desktop/mobile-sidebar (1)/app/(dashboard)/companies/page.tsx": {"path":"/home/umer/Desktop/mobile-sidebar (1)/app/(dashboard)/companies/page.tsx","statementMap":{"0":{"start":{"line":5,"column":24},"end":{"line":5,"column":null}},"1":{"start":{"line":3,"column":22},"end":{"line":3,"column":null}}},"fnMap":{"0":{"name":"CompaniesPage","decl":{"start":{"line":5,"column":24},"end":{"line":5,"column":null}},"loc":{"start":{"line":5,"column":24},"end":{"line":11,"column":null}}}},"branchMap":{},"s":{"0":0,"1":0},"f":{"0":0},"b":{}}
,"/home/umer/Desktop/mobile-sidebar (1)/app/(dashboard)/companies/[id]/locations/page.tsx": {"path":"/home/umer/Desktop/mobile-sidebar (1)/app/(dashboard)/companies/[id]/locations/page.tsx","statementMap":{"0":{"start":{"line":35,"column":24},"end":{"line":35,"column":null}},"1":{"start":{"line":5,"column":25},"end":{"line":5,"column":null}},"2":{"start":{"line":6,"column":37},"end":{"line":6,"column":null}},"3":{"start":{"line":7,"column":106},"end":{"line":7,"column":null}},"4":{"start":{"line":8,"column":23},"end":{"line":8,"column":null}},"5":{"start":{"line":32,"column":67},"end":{"line":32,"column":null}},"6":{"start":{"line":33,"column":22},"end":{"line":33,"column":null}},"7":{"start":{"line":36,"column":17},"end":{"line":36,"column":null}},"8":{"start":{"line":37,"column":21},"end":{"line":37,"column":null}},"9":{"start":{"line":39,"column":48},"end":{"line":39,"column":null}},"10":{"start":{"line":40,"column":54},"end":{"line":40,"column":null}},"11":{"start":{"line":41,"column":34},"end":{"line":51,"column":null}},"12":{"start":{"line":53,"column":17},"end":{"line":53,"column":null}},"13":{"start":{"line":56,"column":52},"end":{"line":56,"column":93}},"14":{"start":{"line":57,"column":2},"end":{"line":57,"column":null}},"15":{"start":{"line":60,"column":2},"end":{"line":60,"column":null}},"16":{"start":{"line":61,"column":33},"end":{"line":61,"column":null}},"17":{"start":{"line":64,"column":19},"end":{"line":64,"column":null}},"18":{"start":{"line":64,"column":59},"end":{"line":64,"column":null}},"19":{"start":{"line":66,"column":27},"end":{"line":71,"column":null}},"20":{"start":{"line":67,"column":4},"end":{"line":67,"column":null}},"21":{"start":{"line":67,"column":39},"end":{"line":67,"column":null}},"22":{"start":{"line":68,"column":4},"end":{"line":68,"column":null}},"23":{"start":{"line":68,"column":40},"end":{"line":68,"column":null}},"24":{"start":{"line":69,"column":4},"end":{"line":69,"column":null}},"25":{"start":{"line":69,"column":40},"end":{"line":69,"column":null}},"26":{"start":{"line":70,"column":4},"end":{"line":70,"column":null}},"27":{"start":{"line":73,"column":24},"end":{"line":88,"column":null}},"28":{"start":{"line":74,"column":4},"end":{"line":87,"column":null}},"29":{"start":{"line":75,"column":6},"end":{"line":85,"column":null}},"30":{"start":{"line":86,"column":6},"end":{"line":86,"column":null}},"31":{"start":{"line":90,"column":29},"end":{"line":98,"column":null}},"32":{"start":{"line":91,"column":4},"end":{"line":97,"column":null}},"33":{"start":{"line":92,"column":6},"end":{"line":95,"column":null}},"34":{"start":{"line":96,"column":6},"end":{"line":96,"column":null}},"35":{"start":{"line":100,"column":31},"end":{"line":106,"column":null}},"36":{"start":{"line":101,"column":4},"end":{"line":105,"column":null}},"37":{"start":{"line":102,"column":6},"end":{"line":102,"column":null}},"38":{"start":{"line":103,"column":6},"end":{"line":103,"column":null}},"39":{"start":{"line":104,"column":6},"end":{"line":104,"column":null}},"40":{"start":{"line":108,"column":20},"end":{"line":120,"column":null}},"41":{"start":{"line":109,"column":4},"end":{"line":119,"column":null}},"42":{"start":{"line":122,"column":23},"end":{"line":122,"column":91}},"43":{"start":{"line":124,"column":2},"end":{"line":131,"column":null}},"44":{"start":{"line":133,"column":2},"end":{"line":144,"column":null}},"45":{"start":{"line":138,"column":33},"end":{"line":138,"column":60}}},"fnMap":{"0":{"name":"CompanyLocationsPage","decl":{"start":{"line":35,"column":24},"end":{"line":35,"column":null}},"loc":{"start":{"line":35,"column":24},"end":{"line":151,"column":null}}},"1":{"name":"(anonymous_3)","decl":{"start":{"line":64,"column":45},"end":{"line":64,"column":46}},"loc":{"start":{"line":64,"column":59},"end":{"line":64,"column":null}}},"2":{"name":"(anonymous_4)","decl":{"start":{"line":66,"column":27},"end":{"line":66,"column":28}},"loc":{"start":{"line":66,"column":28},"end":{"line":71,"column":null}}},"3":{"name":"(anonymous_5)","decl":{"start":{"line":73,"column":24},"end":{"line":73,"column":null}},"loc":{"start":{"line":73,"column":24},"end":{"line":88,"column":null}}},"4":{"name":"(anonymous_6)","decl":{"start":{"line":90,"column":29},"end":{"line":90,"column":null}},"loc":{"start":{"line":90,"column":29},"end":{"line":98,"column":null}}},"5":{"name":"(anonymous_7)","decl":{"start":{"line":100,"column":31},"end":{"line":100,"column":null}},"loc":{"start":{"line":100,"column":31},"end":{"line":106,"column":null}}},"6":{"name":"(anonymous_8)","decl":{"start":{"line":108,"column":20},"end":{"line":108,"column":null}},"loc":{"start":{"line":108,"column":20},"end":{"line":120,"column":null}}},"7":{"name":"(anonymous_9)","decl":{"start":{"line":138,"column":27},"end":{"line":138,"column":33}},"loc":{"start":{"line":138,"column":33},"end":{"line":138,"column":60}}}},"branchMap":{"0":{"loc":{"start":{"line":36,"column":17},"end":{"line":36,"column":null}},"type":"binary-expr","locations":[{"start":{"line":36,"column":17},"end":{"line":36,"column":32}},{"start":{"line":36,"column":32},"end":{"line":36,"column":null}}]},"1":{"loc":{"start":{"line":37,"column":21},"end":{"line":37,"column":null}},"type":"cond-expr","locations":[{"start":{"line":37,"column":54},"end":{"line":37,"column":72}},{"start":{"line":37,"column":85},"end":{"line":37,"column":null}}]},"2":{"loc":{"start":{"line":37,"column":21},"end":{"line":37,"column":50}},"type":"binary-expr","locations":[{"start":{"line":37,"column":21},"end":{"line":37,"column":31}},{"start":{"line":37,"column":32},"end":{"line":37,"column":50}}]},"3":{"loc":{"start":{"line":67,"column":4},"end":{"line":67,"column":null}},"type":"if","locations":[{"start":{"line":67,"column":4},"end":{"line":67,"column":null}}]},"4":{"loc":{"start":{"line":68,"column":4},"end":{"line":68,"column":null}},"type":"if","locations":[{"start":{"line":68,"column":4},"end":{"line":68,"column":null}}]},"5":{"loc":{"start":{"line":69,"column":4},"end":{"line":69,"column":null}},"type":"if","locations":[{"start":{"line":69,"column":4},"end":{"line":69,"column":null}}]},"6":{"loc":{"start":{"line":74,"column":4},"end":{"line":87,"column":null}},"type":"if","locations":[{"start":{"line":74,"column":4},"end":{"line":87,"column":null}}]},"7":{"loc":{"start":{"line":91,"column":4},"end":{"line":97,"column":null}},"type":"if","locations":[{"start":{"line":91,"column":4},"end":{"line":97,"column":null}}]},"8":{"loc":{"start":{"line":91,"column":8},"end":{"line":91,"column":79}},"type":"binary-expr","locations":[{"start":{"line":91,"column":8},"end":{"line":91,"column":20}},{"start":{"line":91,"column":20},"end":{"line":91,"column":41}},{"start":{"line":91,"column":45},"end":{"line":91,"column":61}},{"start":{"line":91,"column":65},"end":{"line":91,"column":79}}]},"9":{"loc":{"start":{"line":101,"column":4},"end":{"line":105,"column":null}},"type":"if","locations":[{"start":{"line":101,"column":4},"end":{"line":105,"column":null}}]},"10":{"loc":{"start":{"line":122,"column":23},"end":{"line":122,"column":91}},"type":"binary-expr","locations":[{"start":{"line":122,"column":23},"end":{"line":122,"column":55}},{"start":{"line":122,"column":59},"end":{"line":122,"column":91}}]},"11":{"loc":{"start":{"line":124,"column":2},"end":{"line":131,"column":null}},"type":"if","locations":[{"start":{"line":124,"column":2},"end":{"line":131,"column":null}}]},"12":{"loc":{"start":{"line":133,"column":2},"end":{"line":144,"column":null}},"type":"if","locations":[{"start":{"line":133,"column":2},"end":{"line":144,"column":null}}]}},"s":{"0":0,"1":0,"2":0,"3":0,"4":0,"5":0,"6":0,"7":0,"8":0,"9":0,"10":0,"11":0,"12":0,"13":0,"14":0,"15":0,"16":0,"17":0,"18":0,"19":0,"20":0,"21":0,"22":0,"23":0,"24":0,"25":0,"26":0,"27":0,"28":0,"29":0,"30":0,"31":0,"32":0,"33":0,"34":0,"35":0,"36":0,"37":0,"38":0,"39":0,"40":0,"41":0,"42":0,"43":0,"44":0,"45":0},"f":{"0":0,"1":0,"2":0,"3":0,"4":0,"5":0,"6":0,"7":0},"b":{"0":[0,0],"1":[0,0],"2":[0,0],"3":[0],"4":[0],"5":[0],"6":[0],"7":[0],"8":[0,0,0,0],"9":[0],"10":[0,0],"11":[0],"12":[0]}}
,"/home/umer/Desktop/mobile-sidebar (1)/app/(dashboard)/companies/[id]/locations/[locationId]/layout.tsx": {"path":"/home/umer/Desktop/mobile-sidebar (1)/app/(dashboard)/companies/[id]/locations/[locationId]/layout.tsx","statementMap":{"0":{"start":{"line":14,"column":24},"end":{"line":14,"column":39}},"1":{"start":{"line":5,"column":36},"end":{"line":5,"column":null}},"2":{"start":{"line":6,"column":50},"end":{"line":6,"column":null}},"3":{"start":{"line":7,"column":70},"end":{"line":7,"column":null}},"4":{"start":{"line":8,"column":23},"end":{"line":8,"column":null}},"5":{"start":{"line":9,"column":57},"end":{"line":9,"column":null}},"6":{"start":{"line":10,"column":22},"end":{"line":10,"column":null}},"7":{"start":{"line":11,"column":44},"end":{"line":11,"column":null}},"8":{"start":{"line":12,"column":32},"end":{"line":12,"column":null}},"9":{"start":{"line":15,"column":17},"end":{"line":15,"column":null}},"10":{"start":{"line":16,"column":17},"end":{"line":16,"column":null}},"11":{"start":{"line":17,"column":19},"end":{"line":17,"column":null}},"12":{"start":{"line":18,"column":0},"end":{"line":18,"column":null}},"13":{"start":{"line":20,"column":20},"end":{"line":20,"column":null}},"14":{"start":{"line":21,"column":21},"end":{"line":21,"column":null}},"15":{"start":{"line":24,"column":23},"end":{"line":28,"column":null}},"16":{"start":{"line":25,"column":4},"end":{"line":25,"column":null}},"17":{"start":{"line":25,"column":37},"end":{"line":25,"column":null}},"18":{"start":{"line":26,"column":4},"end":{"line":26,"column":null}},"19":{"start":{"line":26,"column":39},"end":{"line":26,"column":null}},"20":{"start":{"line":27,"column":4},"end":{"line":27,"column":null}},"21":{"start":{"line":30,"column":36},"end":{"line":30,"column":null}},"22":{"start":{"line":33,"column":2},"end":{"line":35,"column":null}},"23":{"start":{"line":34,"column":4},"end":{"line":34,"column":null}},"24":{"start":{"line":38,"column":51},"end":{"line":38,"column":null}},"25":{"start":{"line":39,"column":21},"end":{"line":39,"column":null}},"26":{"start":{"line":40,"column":24},"end":{"line":40,"column":null}},"27":{"start":{"line":42,"column":27},"end":{"line":48,"column":null}},"28":{"start":{"line":43,"column":4},"end":{"line":43,"column":null}},"29":{"start":{"line":43,"column":15},"end":{"line":43,"column":null}},"30":{"start":{"line":44,"column":4},"end":{"line":44,"column":null}},"31":{"start":{"line":44,"column":39},"end":{"line":44,"column":null}},"32":{"start":{"line":45,"column":4},"end":{"line":45,"column":null}},"33":{"start":{"line":45,"column":40},"end":{"line":45,"column":null}},"34":{"start":{"line":46,"column":4},"end":{"line":46,"column":null}},"35":{"start":{"line":46,"column":40},"end":{"line":46,"column":null}},"36":{"start":{"line":47,"column":4},"end":{"line":47,"column":null}},"37":{"start":{"line":50,"column":26},"end":{"line":66,"column":null}},"38":{"start":{"line":51,"column":4},"end":{"line":51,"column":null}},"39":{"start":{"line":54,"column":20},"end":{"line":54,"column":69}},"40":{"start":{"line":55,"column":4},"end":{"line":65,"column":null}},"41":{"start":{"line":57,"column":8},"end":{"line":57,"column":null}},"42":{"start":{"line":58,"column":8},"end":{"line":58,"column":null}},"43":{"start":{"line":60,"column":8},"end":{"line":60,"column":null}},"44":{"start":{"line":61,"column":8},"end":{"line":61,"column":null}},"45":{"start":{"line":63,"column":8},"end":{"line":63,"column":null}},"46":{"start":{"line":64,"column":8},"end":{"line":64,"column":null}},"47":{"start":{"line":68,"column":2},"end":{"line":75,"column":null}},"48":{"start":{"line":77,"column":2},"end":{"line":88,"column":null}},"49":{"start":{"line":82,"column":33},"end":{"line":82,"column":83}},"50":{"start":{"line":90,"column":2},"end":{"line":103,"column":null}},"51":{"start":{"line":97,"column":33},"end":{"line":97,"column":83}},"52":{"start":{"line":105,"column":16},"end":{"line":105,"column":null}},"53":{"start":{"line":114,"column":25},"end":{"line":114,"column":null}}},"fnMap":{"0":{"name":"LocationLayout","decl":{"start":{"line":14,"column":24},"end":{"line":14,"column":39}},"loc":{"start":{"line":14,"column":82},"end":{"line":182,"column":null}}},"1":{"name":"(anonymous_2)","decl":{"start":{"line":24,"column":23},"end":{"line":24,"column":null}},"loc":{"start":{"line":24,"column":23},"end":{"line":28,"column":null}}},"2":{"name":"(anonymous_3)","decl":{"start":{"line":33,"column":12},"end":{"line":33,"column":null}},"loc":{"start":{"line":33,"column":12},"end":{"line":35,"column":5}}},"3":{"name":"(anonymous_4)","decl":{"start":{"line":42,"column":27},"end":{"line":42,"column":28}},"loc":{"start":{"line":42,"column":28},"end":{"line":48,"column":null}}},"4":{"name":"(anonymous_5)","decl":{"start":{"line":50,"column":26},"end":{"line":50,"column":27}},"loc":{"start":{"line":50,"column":27},"end":{"line":66,"column":null}}},"5":{"name":"(anonymous_6)","decl":{"start":{"line":82,"column":27},"end":{"line":82,"column":33}},"loc":{"start":{"line":82,"column":33},"end":{"line":82,"column":83}}},"6":{"name":"(anonymous_7)","decl":{"start":{"line":97,"column":27},"end":{"line":97,"column":33}},"loc":{"start":{"line":97,"column":33},"end":{"line":97,"column":83}}},"7":{"name":"(anonymous_8)","decl":{"start":{"line":114,"column":19},"end":{"line":114,"column":25}},"loc":{"start":{"line":114,"column":25},"end":{"line":114,"column":null}}}},"branchMap":{"0":{"loc":{"start":{"line":25,"column":4},"end":{"line":25,"column":null}},"type":"if","locations":[{"start":{"line":25,"column":4},"end":{"line":25,"column":null}}]},"1":{"loc":{"start":{"line":26,"column":4},"end":{"line":26,"column":null}},"type":"if","locations":[{"start":{"line":26,"column":4},"end":{"line":26,"column":null}}]},"2":{"loc":{"start":{"line":43,"column":4},"end":{"line":43,"column":null}},"type":"if","locations":[{"start":{"line":43,"column":4},"end":{"line":43,"column":null}}]},"3":{"loc":{"start":{"line":44,"column":4},"end":{"line":44,"column":null}},"type":"if","locations":[{"start":{"line":44,"column":4},"end":{"line":44,"column":null}}]},"4":{"loc":{"start":{"line":45,"column":4},"end":{"line":45,"column":null}},"type":"if","locations":[{"start":{"line":45,"column":4},"end":{"line":45,"column":null}}]},"5":{"loc":{"start":{"line":46,"column":4},"end":{"line":46,"column":null}},"type":"if","locations":[{"start":{"line":46,"column":4},"end":{"line":46,"column":null}}]},"6":{"loc":{"start":{"line":55,"column":4},"end":{"line":65,"column":null}},"type":"switch","locations":[{"start":{"line":56,"column":6},"end":{"line":58,"column":null}},{"start":{"line":59,"column":6},"end":{"line":61,"column":null}},{"start":{"line":62,"column":6},"end":{"line":64,"column":null}}]},"7":{"loc":{"start":{"line":68,"column":2},"end":{"line":75,"column":null}},"type":"if","locations":[{"start":{"line":68,"column":2},"end":{"line":75,"column":null}}]},"8":{"loc":{"start":{"line":77,"column":2},"end":{"line":88,"column":null}},"type":"if","locations":[{"start":{"line":77,"column":2},"end":{"line":88,"column":null}}]},"9":{"loc":{"start":{"line":90,"column":2},"end":{"line":103,"column":null}},"type":"if","locations":[{"start":{"line":90,"column":2},"end":{"line":103,"column":null}}]}},"s":{"0":0,"1":0,"2":0,"3":0,"4":0,"5":0,"6":0,"7":0,"8":0,"9":0,"10":0,"11":0,"12":0,"13":0,"14":0,"15":0,"16":0,"17":0,"18":0,"19":0,"20":0,"21":0,"22":0,"23":0,"24":0,"25":0,"26":0,"27":0,"28":0,"29":0,"30":0,"31":0,"32":0,"33":0,"34":0,"35":0,"36":0,"37":0,"38":0,"39":0,"40":0,"41":0,"42":0,"43":0,"44":0,"45":0,"46":0,"47":0,"48":0,"49":0,"50":0,"51":0,"52":0,"53":0},"f":{"0":0,"1":0,"2":0,"3":0,"4":0,"5":0,"6":0,"7":0},"b":{"0":[0],"1":[0],"2":[0],"3":[0],"4":[0],"5":[0],"6":[0,0,0],"7":[0],"8":[0],"9":[0]}}
,"/home/umer/Desktop/mobile-sidebar (1)/app/(dashboard)/companies/[id]/locations/[locationId]/device/page.tsx": {"path":"/home/umer/Desktop/mobile-sidebar (1)/app/(dashboard)/companies/[id]/locations/[locationId]/device/page.tsx","statementMap":{"0":{"start":{"line":73,"column":24},"end":{"line":73,"column":null}},"1":{"start":{"line":3,"column":25},"end":{"line":3,"column":null}},"2":{"start":{"line":4,"column":26},"end":{"line":4,"column":null}},"3":{"start":{"line":15,"column":7},"end":{"line":15,"column":null}},"4":{"start":{"line":16,"column":23},"end":{"line":16,"column":null}},"5":{"start":{"line":17,"column":57},"end":{"line":17,"column":null}},"6":{"start":{"line":18,"column":22},"end":{"line":18,"column":null}},"7":{"start":{"line":19,"column":89},"end":{"line":19,"column":null}},"8":{"start":{"line":27,"column":7},"end":{"line":27,"column":null}},"9":{"start":{"line":28,"column":22},"end":{"line":28,"column":null}},"10":{"start":{"line":29,"column":22},"end":{"line":29,"column":null}},"11":{"start":{"line":30,"column":78},"end":{"line":30,"column":null}},"12":{"start":{"line":31,"column":100},"end":{"line":31,"column":null}},"13":{"start":{"line":32,"column":22},"end":{"line":32,"column":null}},"14":{"start":{"line":33,"column":33},"end":{"line":33,"column":null}},"15":{"start":{"line":74,"column":17},"end":{"line":74,"column":null}},"16":{"start":{"line":75,"column":21},"end":{"line":75,"column":null}},"17":{"start":{"line":78,"column":15},"end":{"line":78,"column":null}},"18":{"start":{"line":78,"column":43},"end":{"line":78,"column":53}},"19":{"start":{"line":79,"column":18},"end":{"line":79,"column":null}},"20":{"start":{"line":82,"column":39},"end":{"line":82,"column":null}},"21":{"start":{"line":83,"column":18},"end":{"line":83,"column":34}},"22":{"start":{"line":84,"column":2},"end":{"line":84,"column":null}},"23":{"start":{"line":86,"column":52},"end":{"line":86,"column":null}},"24":{"start":{"line":87,"column":48},"end":{"line":87,"column":null}},"25":{"start":{"line":88,"column":46},"end":{"line":88,"column":null}},"26":{"start":{"line":89,"column":50},"end":{"line":89,"column":null}},"27":{"start":{"line":90,"column":34},"end":{"line":93,"column":null}},"28":{"start":{"line":96,"column":35},"end":{"line":98,"column":null}},"29":{"start":{"line":99,"column":21},"end":{"line":99,"column":48}},"30":{"start":{"line":100,"column":2},"end":{"line":100,"column":null}},"31":{"start":{"line":103,"column":31},"end":{"line":103,"column":null}},"32":{"start":{"line":104,"column":33},"end":{"line":104,"column":null}},"33":{"start":{"line":107,"column":28},"end":{"line":107,"column":null}},"34":{"start":{"line":107,"column":68},"end":{"line":107,"column":98}},"35":{"start":{"line":108,"column":27},"end":{"line":108,"column":null}},"36":{"start":{"line":108,"column":69},"end":{"line":108,"column":null}},"37":{"start":{"line":110,"column":24},"end":{"line":123,"column":null}},"38":{"start":{"line":111,"column":4},"end":{"line":122,"column":null}},"39":{"start":{"line":113,"column":8},"end":{"line":113,"column":null}},"40":{"start":{"line":115,"column":8},"end":{"line":115,"column":null}},"41":{"start":{"line":117,"column":8},"end":{"line":117,"column":null}},"42":{"start":{"line":119,"column":8},"end":{"line":119,"column":null}},"43":{"start":{"line":121,"column":8},"end":{"line":121,"column":null}},"44":{"start":{"line":127,"column":23},"end":{"line":140,"column":null}},"45":{"start":{"line":128,"column":4},"end":{"line":139,"column":null}},"46":{"start":{"line":130,"column":8},"end":{"line":130,"column":null}},"47":{"start":{"line":132,"column":8},"end":{"line":132,"column":null}},"48":{"start":{"line":134,"column":8},"end":{"line":134,"column":null}},"49":{"start":{"line":136,"column":8},"end":{"line":136,"column":null}},"50":{"start":{"line":138,"column":8},"end":{"line":138,"column":null}},"51":{"start":{"line":142,"column":29},"end":{"line":163,"column":null}},"52":{"start":{"line":143,"column":4},"end":{"line":143,"column":null}},"53":{"start":{"line":143,"column":27},"end":{"line":143,"column":null}},"54":{"start":{"line":145,"column":4},"end":{"line":162,"column":null}},"55":{"start":{"line":146,"column":6},"end":{"line":149,"column":null}},"56":{"start":{"line":150,"column":6},"end":{"line":153,"column":null}},"57":{"start":{"line":154,"column":6},"end":{"line":154,"column":null}},"58":{"start":{"line":155,"column":6},"end":{"line":155,"column":null}},"59":{"start":{"line":157,"column":6},"end":{"line":161,"column":null}},"60":{"start":{"line":165,"column":31},"end":{"line":179,"column":null}},"61":{"start":{"line":166,"column":4},"end":{"line":178,"column":null}},"62":{"start":{"line":167,"column":6},"end":{"line":167,"column":null}},"63":{"start":{"line":168,"column":6},"end":{"line":171,"column":null}},"64":{"start":{"line":173,"column":6},"end":{"line":177,"column":null}},"65":{"start":{"line":181,"column":27},"end":{"line":187,"column":null}},"66":{"start":{"line":183,"column":4},"end":{"line":183,"column":null}},"67":{"start":{"line":184,"column":4},"end":{"line":184,"column":null}},"68":{"start":{"line":185,"column":4},"end":{"line":185,"column":null}},"69":{"start":{"line":186,"column":4},"end":{"line":186,"column":null}},"70":{"start":{"line":189,"column":24},"end":{"line":196,"column":null}},"71":{"start":{"line":190,"column":4},"end":{"line":190,"column":null}},"72":{"start":{"line":191,"column":4},"end":{"line":194,"column":null}},"73":{"start":{"line":195,"column":4},"end":{"line":195,"column":null}},"74":{"start":{"line":198,"column":20},"end":{"line":203,"column":null}},"75":{"start":{"line":199,"column":4},"end":{"line":202,"column":null}},"76":{"start":{"line":218,"column":27},"end":{"line":218,"column":null}},"77":{"start":{"line":251,"column":57},"end":{"line":251,"column":100}},"78":{"start":{"line":267,"column":31},"end":{"line":267,"column":null}},"79":{"start":{"line":268,"column":12},"end":{"line":269,"column":36}},"80":{"start":{"line":293,"column":59},"end":{"line":293,"column":82}},"81":{"start":{"line":297,"column":127},"end":{"line":297,"column":null}},"82":{"start":{"line":347,"column":29},"end":{"line":347,"column":null}},"83":{"start":{"line":374,"column":20},"end":{"line":374,"column":48}},"84":{"start":{"line":383,"column":53},"end":{"line":383,"column":82}},"85":{"start":{"line":410,"column":33},"end":{"line":410,"column":null}},"86":{"start":{"line":416,"column":76},"end":{"line":416,"column":null}},"87":{"start":{"line":466,"column":53},"end":{"line":466,"column":80}}},"fnMap":{"0":{"name":"LocationDevicesPage","decl":{"start":{"line":73,"column":24},"end":{"line":73,"column":null}},"loc":{"start":{"line":73,"column":24},"end":{"line":477,"column":null}}},"1":{"name":"(anonymous_2)","decl":{"start":{"line":78,"column":32},"end":{"line":78,"column":33}},"loc":{"start":{"line":78,"column":43},"end":{"line":78,"column":53}}},"2":{"name":"(anonymous_3)","decl":{"start":{"line":107,"column":40},"end":{"line":107,"column":41}},"loc":{"start":{"line":107,"column":68},"end":{"line":107,"column":98}}},"3":{"name":"(anonymous_4)","decl":{"start":{"line":108,"column":45},"end":{"line":108,"column":46}},"loc":{"start":{"line":108,"column":69},"end":{"line":108,"column":null}}},"4":{"name":"(anonymous_5)","decl":{"start":{"line":110,"column":24},"end":{"line":110,"column":25}},"loc":{"start":{"line":110,"column":25},"end":{"line":123,"column":null}}},"5":{"name":"(anonymous_6)","decl":{"start":{"line":127,"column":23},"end":{"line":127,"column":24}},"loc":{"start":{"line":127,"column":24},"end":{"line":140,"column":null}}},"6":{"name":"(anonymous_7)","decl":{"start":{"line":142,"column":29},"end":{"line":142,"column":null}},"loc":{"start":{"line":142,"column":29},"end":{"line":163,"column":null}}},"7":{"name":"(anonymous_8)","decl":{"start":{"line":165,"column":31},"end":{"line":165,"column":38}},"loc":{"start":{"line":165,"column":38},"end":{"line":179,"column":null}}},"8":{"name":"(anonymous_9)","decl":{"start":{"line":181,"column":27},"end":{"line":181,"column":null}},"loc":{"start":{"line":181,"column":27},"end":{"line":187,"column":null}}},"9":{"name":"(anonymous_10)","decl":{"start":{"line":189,"column":24},"end":{"line":189,"column":25}},"loc":{"start":{"line":189,"column":25},"end":{"line":196,"column":null}}},"10":{"name":"(anonymous_11)","decl":{"start":{"line":198,"column":20},"end":{"line":198,"column":null}},"loc":{"start":{"line":198,"column":20},"end":{"line":203,"column":null}}},"11":{"name":"(anonymous_12)","decl":{"start":{"line":218,"column":21},"end":{"line":218,"column":27}},"loc":{"start":{"line":218,"column":27},"end":{"line":218,"column":null}}},"12":{"name":"(anonymous_13)","decl":{"start":{"line":251,"column":34},"end":{"line":251,"column":35}},"loc":{"start":{"line":251,"column":57},"end":{"line":251,"column":100}}},"13":{"name":"(anonymous_14)","decl":{"start":{"line":266,"column":23},"end":{"line":266,"column":24}},"loc":{"start":{"line":266,"column":24},"end":{"line":335,"column":null}}},"14":{"name":"(anonymous_15)","decl":{"start":{"line":293,"column":53},"end":{"line":293,"column":59}},"loc":{"start":{"line":293,"column":59},"end":{"line":293,"column":82}}},"15":{"name":"(anonymous_16)","decl":{"start":{"line":297,"column":121},"end":{"line":297,"column":127}},"loc":{"start":{"line":297,"column":127},"end":{"line":297,"column":null}}},"16":{"name":"(anonymous_17)","decl":{"start":{"line":347,"column":23},"end":{"line":347,"column":29}},"loc":{"start":{"line":347,"column":29},"end":{"line":347,"column":null}}},"17":{"name":"(anonymous_18)","decl":{"start":{"line":373,"column":40},"end":{"line":373,"column":41}},"loc":{"start":{"line":374,"column":20},"end":{"line":374,"column":48}}},"18":{"name":"(anonymous_19)","decl":{"start":{"line":383,"column":47},"end":{"line":383,"column":53}},"loc":{"start":{"line":383,"column":53},"end":{"line":383,"column":82}}},"19":{"name":"(anonymous_20)","decl":{"start":{"line":410,"column":26},"end":{"line":410,"column":27}},"loc":{"start":{"line":410,"column":33},"end":{"line":410,"column":null}}},"20":{"name":"(anonymous_21)","decl":{"start":{"line":416,"column":65},"end":{"line":416,"column":66}},"loc":{"start":{"line":416,"column":76},"end":{"line":416,"column":null}}},"21":{"name":"(anonymous_22)","decl":{"start":{"line":466,"column":47},"end":{"line":466,"column":53}},"loc":{"start":{"line":466,"column":53},"end":{"line":466,"column":80}}}},"branchMap":{"0":{"loc":{"start":{"line":83,"column":18},"end":{"line":83,"column":34}},"type":"binary-expr","locations":[{"start":{"line":83,"column":18},"end":{"line":83,"column":32}},{"start":{"line":83,"column":32},"end":{"line":83,"column":34}}]},"1":{"loc":{"start":{"line":99,"column":21},"end":{"line":99,"column":48}},"type":"binary-expr","locations":[{"start":{"line":99,"column":21},"end":{"line":99,"column":46}},{"start":{"line":99,"column":46},"end":{"line":99,"column":48}}]},"2":{"loc":{"start":{"line":107,"column":68},"end":{"line":107,"column":98}},"type":"binary-expr","locations":[{"start":{"line":107,"column":68},"end":{"line":107,"column":89}},{"start":{"line":107,"column":89},"end":{"line":107,"column":98}}]},"3":{"loc":{"start":{"line":111,"column":4},"end":{"line":122,"column":null}},"type":"switch","locations":[{"start":{"line":112,"column":6},"end":{"line":113,"column":null}},{"start":{"line":114,"column":6},"end":{"line":115,"column":null}},{"start":{"line":116,"column":6},"end":{"line":117,"column":null}},{"start":{"line":118,"column":6},"end":{"line":119,"column":null}},{"start":{"line":120,"column":6},"end":{"line":121,"column":null}}]},"4":{"loc":{"start":{"line":128,"column":4},"end":{"line":139,"column":null}},"type":"switch","locations":[{"start":{"line":129,"column":6},"end":{"line":130,"column":null}},{"start":{"line":131,"column":6},"end":{"line":132,"column":null}},{"start":{"line":133,"column":6},"end":{"line":134,"column":null}},{"start":{"line":135,"column":6},"end":{"line":136,"column":null}},{"start":{"line":137,"column":6},"end":{"line":138,"column":null}}]},"5":{"loc":{"start":{"line":143,"column":4},"end":{"line":143,"column":null}},"type":"if","locations":[{"start":{"line":143,"column":4},"end":{"line":143,"column":null}}]},"6":{"loc":{"start":{"line":192,"column":18},"end":{"line":192,"column":null}},"type":"binary-expr","locations":[{"start":{"line":192,"column":18},"end":{"line":192,"column":47}},{"start":{"line":192,"column":47},"end":{"line":192,"column":null}}]},"7":{"loc":{"start":{"line":193,"column":18},"end":{"line":193,"column":null}},"type":"binary-expr","locations":[{"start":{"line":193,"column":18},"end":{"line":193,"column":47}},{"start":{"line":193,"column":47},"end":{"line":193,"column":null}}]},"8":{"loc":{"start":{"line":216,"column":9},"end":{"line":216,"column":null}},"type":"binary-expr","locations":[{"start":{"line":216,"column":9},"end":{"line":216,"column":null}}]},"9":{"loc":{"start":{"line":251,"column":58},"end":{"line":251,"column":86}},"type":"binary-expr","locations":[{"start":{"line":251,"column":58},"end":{"line":251,"column":82}},{"start":{"line":251,"column":82},"end":{"line":251,"column":86}}]},"10":{"loc":{"start":{"line":261,"column":8},"end":{"line":262,"column":null}},"type":"cond-expr","locations":[{"start":{"line":261,"column":8},"end":{"line":262,"column":null}}]},"11":{"loc":{"start":{"line":263,"column":8},"end":{"line":265,"column":9}},"type":"cond-expr","locations":[{"start":{"line":263,"column":8},"end":{"line":265,"column":9}}]},"12":{"loc":{"start":{"line":267,"column":45},"end":{"line":267,"column":null}},"type":"binary-expr","locations":[{"start":{"line":267,"column":45},"end":{"line":267,"column":74}},{"start":{"line":267,"column":74},"end":{"line":267,"column":null}}]},"13":{"loc":{"start":{"line":277,"column":103},"end":{"line":277,"column":null}},"type":"binary-expr","locations":[{"start":{"line":277,"column":103},"end":{"line":277,"column":132}},{"start":{"line":277,"column":132},"end":{"line":277,"column":null}}]},"14":{"loc":{"start":{"line":278,"column":81},"end":{"line":278,"column":null}},"type":"binary-expr","locations":[{"start":{"line":278,"column":81},"end":{"line":278,"column":110}},{"start":{"line":278,"column":110},"end":{"line":278,"column":null}}]},"15":{"loc":{"start":{"line":281,"column":21},"end":{"line":281,"column":null}},"type":"binary-expr","locations":[{"start":{"line":281,"column":21},"end":{"line":281,"column":null}}]},"16":{"loc":{"start":{"line":297,"column":148},"end":{"line":297,"column":178}},"type":"binary-expr","locations":[{"start":{"line":297,"column":148},"end":{"line":297,"column":169}},{"start":{"line":297,"column":169},"end":{"line":297,"column":178}}]},"17":{"loc":{"start":{"line":309,"column":51},"end":{"line":309,"column":null}},"type":"binary-expr","locations":[{"start":{"line":309,"column":51},"end":{"line":309,"column":80}},{"start":{"line":309,"column":80},"end":{"line":309,"column":null}}]},"18":{"loc":{"start":{"line":310,"column":24},"end":{"line":310,"column":57}},"type":"binary-expr","locations":[{"start":{"line":310,"column":24},"end":{"line":310,"column":53}},{"start":{"line":310,"column":53},"end":{"line":310,"column":57}}]},"19":{"loc":{"start":{"line":321,"column":86},"end":{"line":321,"column":null}},"type":"binary-expr","locations":[{"start":{"line":321,"column":86},"end":{"line":321,"column":119}},{"start":{"line":321,"column":119},"end":{"line":321,"column":null}}]},"20":{"loc":{"start":{"line":325,"column":84},"end":{"line":325,"column":null}},"type":"binary-expr","locations":[{"start":{"line":325,"column":84},"end":{"line":325,"column":113}},{"start":{"line":325,"column":113},"end":{"line":325,"column":null}}]},"21":{"loc":{"start":{"line":329,"column":83},"end":{"line":329,"column":115}},"type":"binary-expr","locations":[{"start":{"line":329,"column":83},"end":{"line":329,"column":111}},{"start":{"line":329,"column":111},"end":{"line":329,"column":115}}]},"22":{"loc":{"start":{"line":340,"column":7},"end":{"line":340,"column":21}},"type":"binary-expr","locations":[{"start":{"line":340,"column":7},"end":{"line":340,"column":21}},{"start":{"line":340,"column":21},"end":{"line":340,"column":null}}]},"23":{"loc":{"start":{"line":345,"column":11},"end":{"line":345,"column":null}},"type":"binary-expr","locations":[{"start":{"line":345,"column":11},"end":{"line":345,"column":null}}]}},"s":{"0":0,"1":0,"2":0,"3":0,"4":0,"5":0,"6":0,"7":0,"8":0,"9":0,"10":0,"11":0,"12":0,"13":0,"14":0,"15":0,"16":0,"17":0,"18":0,"19":0,"20":0,"21":0,"22":0,"23":0,"24":0,"25":0,"26":0,"27":0,"28":0,"29":0,"30":0,"31":0,"32":0,"33":0,"34":0,"35":0,"36":0,"37":0,"38":0,"39":0,"40":0,"41":0,"42":0,"43":0,"44":0,"45":0,"46":0,"47":0,"48":0,"49":0,"50":0,"51":0,"52":0,"53":0,"54":0,"55":0,"56":0,"57":0,"58":0,"59":0,"60":0,"61":0,"62":0,"63":0,"64":0,"65":0,"66":0,"67":0,"68":0,"69":0,"70":0,"71":0,"72":0,"73":0,"74":0,"75":0,"76":0,"77":0,"78":0,"79":0,"80":0,"81":0,"82":0,"83":0,"84":0,"85":0,"86":0,"87":0},"f":{"0":0,"1":0,"2":0,"3":0,"4":0,"5":0,"6":0,"7":0,"8":0,"9":0,"10":0,"11":0,"12":0,"13":0,"14":0,"15":0,"16":0,"17":0,"18":0,"19":0,"20":0,"21":0},"b":{"0":[0,0],"1":[0,0],"2":[0,0],"3":[0,0,0,0,0],"4":[0,0,0,0,0],"5":[0],"6":[0,0],"7":[0,0],"8":[0],"9":[0,0],"10":[0],"11":[0],"12":[0,0],"13":[0,0],"14":[0,0],"15":[0],"16":[0,0],"17":[0,0],"18":[0,0],"19":[0,0],"20":[0,0],"21":[0,0],"22":[0,0],"23":[0]}}
,"/home/umer/Desktop/mobile-sidebar (1)/app/(dashboard)/companies/[id]/locations/[locationId]/locationDetail/page.tsx": {"path":"/home/umer/Desktop/mobile-sidebar (1)/app/(dashboard)/companies/[id]/locations/[locationId]/locationDetail/page.tsx","statementMap":{"0":{"start":{"line":32,"column":24},"end":{"line":32,"column":null}},"1":{"start":{"line":3,"column":25},"end":{"line":3,"column":null}},"2":{"start":{"line":4,"column":37},"end":{"line":4,"column":null}},"3":{"start":{"line":5,"column":84},"end":{"line":5,"column":null}},"4":{"start":{"line":6,"column":23},"end":{"line":6,"column":null}},"5":{"start":{"line":7,"column":57},"end":{"line":7,"column":null}},"6":{"start":{"line":15,"column":7},"end":{"line":15,"column":null}},"7":{"start":{"line":25,"column":7},"end":{"line":25,"column":null}},"8":{"start":{"line":26,"column":22},"end":{"line":26,"column":null}},"9":{"start":{"line":27,"column":22},"end":{"line":27,"column":null}},"10":{"start":{"line":28,"column":70},"end":{"line":28,"column":null}},"11":{"start":{"line":29,"column":31},"end":{"line":29,"column":null}},"12":{"start":{"line":30,"column":26},"end":{"line":30,"column":null}},"13":{"start":{"line":33,"column":17},"end":{"line":33,"column":null}},"14":{"start":{"line":34,"column":17},"end":{"line":34,"column":null}},"15":{"start":{"line":35,"column":22},"end":{"line":35,"column":null}},"16":{"start":{"line":37,"column":20},"end":{"line":37,"column":null}},"17":{"start":{"line":38,"column":21},"end":{"line":38,"column":null}},"18":{"start":{"line":40,"column":48},"end":{"line":40,"column":null}},"19":{"start":{"line":41,"column":54},"end":{"line":41,"column":null}},"20":{"start":{"line":42,"column":34},"end":{"line":52,"column":null}},"21":{"start":{"line":55,"column":51},"end":{"line":55,"column":null}},"22":{"start":{"line":56,"column":21},"end":{"line":56,"column":null}},"23":{"start":{"line":57,"column":24},"end":{"line":57,"column":null}},"24":{"start":{"line":59,"column":33},"end":{"line":59,"column":null}},"25":{"start":{"line":60,"column":33},"end":{"line":60,"column":null}},"26":{"start":{"line":62,"column":24},"end":{"line":77,"column":null}},"27":{"start":{"line":63,"column":4},"end":{"line":76,"column":null}},"28":{"start":{"line":64,"column":6},"end":{"line":74,"column":null}},"29":{"start":{"line":75,"column":6},"end":{"line":75,"column":null}},"30":{"start":{"line":79,"column":29},"end":{"line":88,"column":null}},"31":{"start":{"line":80,"column":4},"end":{"line":87,"column":null}},"32":{"start":{"line":81,"column":6},"end":{"line":84,"column":null}},"33":{"start":{"line":85,"column":6},"end":{"line":85,"column":null}},"34":{"start":{"line":86,"column":6},"end":{"line":86,"column":null}},"35":{"start":{"line":90,"column":31},"end":{"line":96,"column":null}},"36":{"start":{"line":91,"column":4},"end":{"line":95,"column":null}},"37":{"start":{"line":92,"column":6},"end":{"line":92,"column":null}},"38":{"start":{"line":93,"column":6},"end":{"line":93,"column":null}},"39":{"start":{"line":94,"column":6},"end":{"line":94,"column":null}},"40":{"start":{"line":98,"column":20},"end":{"line":110,"column":null}},"41":{"start":{"line":99,"column":4},"end":{"line":109,"column":null}},"42":{"start":{"line":112,"column":25},"end":{"line":117,"column":null}},"43":{"start":{"line":113,"column":22},"end":{"line":113,"column":null}},"44":{"start":{"line":114,"column":19},"end":{"line":114,"column":null}},"45":{"start":{"line":115,"column":20},"end":{"line":115,"column":48}},"46":{"start":{"line":116,"column":4},"end":{"line":116,"column":null}},"47":{"start":{"line":116,"column":25},"end":{"line":116,"column":null}},"48":{"start":{"line":119,"column":23},"end":{"line":119,"column":91}},"49":{"start":{"line":121,"column":2},"end":{"line":128,"column":null}},"50":{"start":{"line":130,"column":2},"end":{"line":138,"column":null}},"51":{"start":{"line":154,"column":25},"end":{"line":154,"column":null}},"52":{"start":{"line":313,"column":35},"end":{"line":313,"column":null}},"53":{"start":{"line":323,"column":37},"end":{"line":323,"column":null}},"54":{"start":{"line":343,"column":33},"end":{"line":343,"column":null}},"55":{"start":{"line":353,"column":35},"end":{"line":353,"column":null}},"56":{"start":{"line":362,"column":35},"end":{"line":362,"column":null}},"57":{"start":{"line":371,"column":35},"end":{"line":371,"column":null}},"58":{"start":{"line":382,"column":35},"end":{"line":382,"column":null}},"59":{"start":{"line":391,"column":35},"end":{"line":391,"column":null}},"60":{"start":{"line":402,"column":33},"end":{"line":402,"column":null}},"61":{"start":{"line":411,"column":16},"end":{"line":411,"column":null}},"62":{"start":{"line":412,"column":16},"end":{"line":412,"column":null}}},"fnMap":{"0":{"name":"LocationDetailPage","decl":{"start":{"line":32,"column":24},"end":{"line":32,"column":null}},"loc":{"start":{"line":32,"column":24},"end":{"line":463,"column":null}}},"1":{"name":"(anonymous_3)","decl":{"start":{"line":62,"column":24},"end":{"line":62,"column":null}},"loc":{"start":{"line":62,"column":24},"end":{"line":77,"column":null}}},"2":{"name":"(anonymous_4)","decl":{"start":{"line":79,"column":29},"end":{"line":79,"column":null}},"loc":{"start":{"line":79,"column":29},"end":{"line":88,"column":null}}},"3":{"name":"(anonymous_5)","decl":{"start":{"line":90,"column":31},"end":{"line":90,"column":null}},"loc":{"start":{"line":90,"column":31},"end":{"line":96,"column":null}}},"4":{"name":"(anonymous_6)","decl":{"start":{"line":98,"column":20},"end":{"line":98,"column":null}},"loc":{"start":{"line":98,"column":20},"end":{"line":110,"column":null}}},"5":{"name":"(anonymous_7)","decl":{"start":{"line":112,"column":25},"end":{"line":112,"column":null}},"loc":{"start":{"line":112,"column":25},"end":{"line":117,"column":null}}},"6":{"name":"(anonymous_8)","decl":{"start":{"line":116,"column":16},"end":{"line":116,"column":25}},"loc":{"start":{"line":116,"column":25},"end":{"line":116,"column":null}}},"7":{"name":"(anonymous_9)","decl":{"start":{"line":154,"column":19},"end":{"line":154,"column":25}},"loc":{"start":{"line":154,"column":25},"end":{"line":154,"column":null}}},"8":{"name":"(anonymous_10)","decl":{"start":{"line":313,"column":28},"end":{"line":313,"column":29}},"loc":{"start":{"line":313,"column":35},"end":{"line":313,"column":null}}},"9":{"name":"(anonymous_11)","decl":{"start":{"line":323,"column":30},"end":{"line":323,"column":31}},"loc":{"start":{"line":323,"column":37},"end":{"line":323,"column":null}}},"10":{"name":"(anonymous_12)","decl":{"start":{"line":343,"column":26},"end":{"line":343,"column":27}},"loc":{"start":{"line":343,"column":33},"end":{"line":343,"column":null}}},"11":{"name":"(anonymous_13)","decl":{"start":{"line":353,"column":28},"end":{"line":353,"column":29}},"loc":{"start":{"line":353,"column":35},"end":{"line":353,"column":null}}},"12":{"name":"(anonymous_14)","decl":{"start":{"line":362,"column":28},"end":{"line":362,"column":29}},"loc":{"start":{"line":362,"column":35},"end":{"line":362,"column":null}}},"13":{"name":"(anonymous_15)","decl":{"start":{"line":371,"column":28},"end":{"line":371,"column":29}},"loc":{"start":{"line":371,"column":35},"end":{"line":371,"column":null}}},"14":{"name":"(anonymous_16)","decl":{"start":{"line":382,"column":28},"end":{"line":382,"column":29}},"loc":{"start":{"line":382,"column":35},"end":{"line":382,"column":null}}},"15":{"name":"(anonymous_17)","decl":{"start":{"line":391,"column":28},"end":{"line":391,"column":29}},"loc":{"start":{"line":391,"column":35},"end":{"line":391,"column":null}}},"16":{"name":"(anonymous_18)","decl":{"start":{"line":402,"column":26},"end":{"line":402,"column":27}},"loc":{"start":{"line":402,"column":33},"end":{"line":402,"column":null}}},"17":{"name":"(anonymous_19)","decl":{"start":{"line":410,"column":23},"end":{"line":410,"column":null}},"loc":{"start":{"line":410,"column":23},"end":{"line":413,"column":null}}}},"branchMap":{"0":{"loc":{"start":{"line":63,"column":4},"end":{"line":76,"column":null}},"type":"if","locations":[{"start":{"line":63,"column":4},"end":{"line":76,"column":null}}]},"1":{"loc":{"start":{"line":80,"column":4},"end":{"line":87,"column":null}},"type":"if","locations":[{"start":{"line":80,"column":4},"end":{"line":87,"column":null}}]},"2":{"loc":{"start":{"line":80,"column":8},"end":{"line":80,"column":79}},"type":"binary-expr","locations":[{"start":{"line":80,"column":8},"end":{"line":80,"column":20}},{"start":{"line":80,"column":20},"end":{"line":80,"column":41}},{"start":{"line":80,"column":45},"end":{"line":80,"column":61}},{"start":{"line":80,"column":65},"end":{"line":80,"column":79}}]},"3":{"loc":{"start":{"line":91,"column":4},"end":{"line":95,"column":null}},"type":"if","locations":[{"start":{"line":91,"column":4},"end":{"line":95,"column":null}}]},"4":{"loc":{"start":{"line":119,"column":23},"end":{"line":119,"column":91}},"type":"binary-expr","locations":[{"start":{"line":119,"column":23},"end":{"line":119,"column":55}},{"start":{"line":119,"column":59},"end":{"line":119,"column":91}}]},"5":{"loc":{"start":{"line":121,"column":2},"end":{"line":128,"column":null}},"type":"if","locations":[{"start":{"line":121,"column":2},"end":{"line":128,"column":null}}]},"6":{"loc":{"start":{"line":130,"column":2},"end":{"line":138,"column":null}},"type":"if","locations":[{"start":{"line":130,"column":2},"end":{"line":138,"column":null}}]},"7":{"loc":{"start":{"line":130,"column":6},"end":{"line":130,"column":26}},"type":"binary-expr","locations":[{"start":{"line":130,"column":6},"end":{"line":130,"column":15}},{"start":{"line":130,"column":15},"end":{"line":130,"column":26}}]},"8":{"loc":{"start":{"line":181,"column":79},"end":{"line":181,"column":null}},"type":"binary-expr","locations":[{"start":{"line":181,"column":79},"end":{"line":181,"column":93}},{"start":{"line":181,"column":97},"end":{"line":181,"column":null}}]},"9":{"loc":{"start":{"line":199,"column":20},"end":{"line":203,"column":21}},"type":"cond-expr","locations":[{"start":{"line":199,"column":20},"end":{"line":203,"column":21}}]},"10":{"loc":{"start":{"line":198,"column":19},"end":{"line":198,"column":73}},"type":"binary-expr","locations":[{"start":{"line":198,"column":19},"end":{"line":198,"column":32}},{"start":{"line":198,"column":36},"end":{"line":198,"column":50}},{"start":{"line":198,"column":54},"end":{"line":198,"column":73}}]},"11":{"loc":{"start":{"line":204,"column":23},"end":{"line":204,"column":43}},"type":"binary-expr","locations":[{"start":{"line":204,"column":23},"end":{"line":204,"column":36}},{"start":{"line":204,"column":40},"end":{"line":204,"column":43}}]},"12":{"loc":{"start":{"line":204,"column":45},"end":{"line":204,"column":66}},"type":"binary-expr","locations":[{"start":{"line":204,"column":45},"end":{"line":204,"column":59}},{"start":{"line":204,"column":63},"end":{"line":204,"column":66}}]},"13":{"loc":{"start":{"line":204,"column":68},"end":{"line":204,"column":null}},"type":"binary-expr","locations":[{"start":{"line":204,"column":68},"end":{"line":204,"column":87}},{"start":{"line":204,"column":91},"end":{"line":204,"column":null}}]},"14":{"loc":{"start":{"line":208,"column":17},"end":{"line":208,"column":33}},"type":"binary-expr","locations":[{"start":{"line":208,"column":17},"end":{"line":208,"column":33}}]},"15":{"loc":{"start":{"line":228,"column":15},"end":{"line":228,"column":30}},"type":"binary-expr","locations":[{"start":{"line":228,"column":15},"end":{"line":228,"column":30}}]},"16":{"loc":{"start":{"line":419,"column":15},"end":{"line":425,"column":null}},"type":"cond-expr","locations":[{"start":{"line":420,"column":16},"end":{"line":425,"column":null}},{"start":{"line":425,"column":16},"end":{"line":425,"column":null}}]},"17":{"loc":{"start":{"line":449,"column":15},"end":{"line":455,"column":null}},"type":"cond-expr","locations":[{"start":{"line":450,"column":16},"end":{"line":455,"column":null}},{"start":{"line":455,"column":16},"end":{"line":455,"column":null}}]}},"s":{"0":0,"1":0,"2":0,"3":0,"4":0,"5":0,"6":0,"7":0,"8":0,"9":0,"10":0,"11":0,"12":0,"13":0,"14":0,"15":0,"16":0,"17":0,"18":0,"19":0,"20":0,"21":0,"22":0,"23":0,"24":0,"25":0,"26":0,"27":0,"28":0,"29":0,"30":0,"31":0,"32":0,"33":0,"34":0,"35":0,"36":0,"37":0,"38":0,"39":0,"40":0,"41":0,"42":0,"43":0,"44":0,"45":0,"46":0,"47":0,"48":0,"49":0,"50":0,"51":0,"52":0,"53":0,"54":0,"55":0,"56":0,"57":0,"58":0,"59":0,"60":0,"61":0,"62":0},"f":{"0":0,"1":0,"2":0,"3":0,"4":0,"5":0,"6":0,"7":0,"8":0,"9":0,"10":0,"11":0,"12":0,"13":0,"14":0,"15":0,"16":0,"17":0},"b":{"0":[0],"1":[0],"2":[0,0,0,0],"3":[0],"4":[0,0],"5":[0],"6":[0],"7":[0,0],"8":[0,0],"9":[0],"10":[0,0,0],"11":[0,0],"12":[0,0],"13":[0,0],"14":[0],"15":[0],"16":[0,0],"17":[0,0]}}
,"/home/umer/Desktop/mobile-sidebar (1)/app/(dashboard)/companies/[id]/locations/[locationId]/user/page.tsx": {"path":"/home/umer/Desktop/mobile-sidebar (1)/app/(dashboard)/companies/[id]/locations/[locationId]/user/page.tsx","statementMap":{"0":{"start":{"line":54,"column":24},"end":{"line":54,"column":null}},"1":{"start":{"line":3,"column":36},"end":{"line":3,"column":null}},"2":{"start":{"line":4,"column":37},"end":{"line":4,"column":null}},"3":{"start":{"line":5,"column":90},"end":{"line":5,"column":null}},"4":{"start":{"line":6,"column":23},"end":{"line":6,"column":null}},"5":{"start":{"line":7,"column":57},"end":{"line":7,"column":null}},"6":{"start":{"line":8,"column":22},"end":{"line":8,"column":null}},"7":{"start":{"line":9,"column":52},"end":{"line":9,"column":null}},"8":{"start":{"line":10,"column":89},"end":{"line":10,"column":null}},"9":{"start":{"line":18,"column":7},"end":{"line":18,"column":null}},"10":{"start":{"line":28,"column":7},"end":{"line":28,"column":null}},"11":{"start":{"line":29,"column":22},"end":{"line":29,"column":null}},"12":{"start":{"line":30,"column":22},"end":{"line":30,"column":null}},"13":{"start":{"line":31,"column":78},"end":{"line":31,"column":null}},"14":{"start":{"line":32,"column":25},"end":{"line":32,"column":null}},"15":{"start":{"line":33,"column":110},"end":{"line":33,"column":null}},"16":{"start":{"line":34,"column":22},"end":{"line":34,"column":null}},"17":{"start":{"line":36,"column":41},"end":{"line":36,"column":null}},"18":{"start":{"line":41,"column":17},"end":{"line":45,"column":null}},"19":{"start":{"line":46,"column":13},"end":{"line":46,"column":null}},"20":{"start":{"line":47,"column":2},"end":{"line":49,"column":null}},"21":{"start":{"line":47,"column":15},"end":{"line":47,"column":18}},"22":{"start":{"line":48,"column":4},"end":{"line":48,"column":null}},"23":{"start":{"line":50,"column":14},"end":{"line":50,"column":44}},"24":{"start":{"line":51,"column":2},"end":{"line":51,"column":null}},"25":{"start":{"line":55,"column":17},"end":{"line":55,"column":null}},"26":{"start":{"line":56,"column":17},"end":{"line":56,"column":null}},"27":{"start":{"line":57,"column":20},"end":{"line":57,"column":null}},"28":{"start":{"line":58,"
[...]
olumn":null}},"38":{"start":{"line":260,"column":42},"end":{"line":260,"column":null}},"39":{"start":{"line":262,"column":27},"end":{"line":267,"column":null}},"40":{"start":{"line":263,"column":26},"end":{"line":263,"column":null}},"41":{"start":{"line":264,"column":28},"end":{"line":264,"column":null}},"42":{"start":{"line":265,"column":26},"end":{"line":265,"column":null}},"43":{"start":{"line":266,"column":4},"end":{"line":266,"column":null}},"44":{"start":{"line":289,"column":27},"end":{"line":289,"column":null}},"45":{"start":{"line":306,"column":31},"end":{"line":306,"column":null}},"46":{"start":{"line":342,"column":12},"end":{"line":343,"column":null}},"47":{"start":{"line":414,"column":60},"end":{"line":414,"column":null}}},"fnMap":{"0":{"name":"addProductApi","decl":{"start":{"line":98,"column":15},"end":{"line":98,"column":29}},"loc":{"start":{"line":98,"column":52},"end":{"line":107,"column":null}}},"1":{"name":"(anonymous_2)","decl":{"start":{"line":100,"column":21},"end":{"line":100,"column":22}},"loc":{"start":{"line":100,"column":34},"end":{"line":106,"column":null}}},"2":{"name":"(anonymous_3)","decl":{"start":{"line":100,"column":45},"end":{"line":100,"column":51}},"loc":{"start":{"line":100,"column":51},"end":{"line":106,"column":6}}},"3":{"name":"AddProductModal","decl":{"start":{"line":109,"column":9},"end":{"line":109,"column":25}},"loc":{"start":{"line":109,"column":86},"end":{"line":254,"column":null}}},"4":{"name":"(anonymous_5)","decl":{"start":{"line":122,"column":15},"end":{"line":122,"column":null}},"loc":{"start":{"line":122,"column":15},"end":{"line":127,"column":null}}},"5":{"name":"(anonymous_6)","decl":{"start":{"line":128,"column":13},"end":{"line":128,"column":14}},"loc":{"start":{"line":128,"column":14},"end":{"line":130,"column":null}}},"6":{"name":"(anonymous_7)","decl":{"start":{"line":133,"column":23},"end":{"line":133,"column":24}},"loc":{"start":{"line":133,"column":24},"end":{"line":136,"column":null}}},"7":{"name":"(anonymous_8)","decl":{"start":{"line":158,"column":24},"end":{"line":158,"column":25}},"loc":{"start":{"line":158,"column":31},"end":{"line":158,"column":null}}},"8":{"name":"(anonymous_9)","decl":{"start":{"line":169,"column":61},"end":{"line":169,"column":62}},"loc":{"start":{"line":169,"column":72},"end":{"line":169,"column":null}}},"9":{"name":"(anonymous_10)","decl":{"start":{"line":191,"column":26},"end":{"line":191,"column":27}},"loc":{"start":{"line":191,"column":33},"end":{"line":191,"column":null}}},"10":{"name":"(anonymous_11)","decl":{"start":{"line":205,"column":26},"end":{"line":205,"column":27}},"loc":{"start":{"line":205,"column":33},"end":{"line":205,"column":null}}},"11":{"name":"(anonymous_12)","decl":{"start":{"line":217,"column":59},"end":{"line":217,"column":60}},"loc":{"start":{"line":217,"column":70},"end":{"line":217,"column":null}}},"12":{"name":"(anonymous_13)","decl":{"start":{"line":235,"column":24},"end":{"line":235,"column":25}},"loc":{"start":{"line":235,"column":31},"end":{"line":235,"column":null}}},"13":{"name":"ProductListPage","decl":{"start":{"line":256,"column":24},"end":{"line":256,"column":40}},"loc":{"start":{"line":256,"column":80},"end":{"line":417,"column":null}}},"14":{"name":"(anonymous_15)","decl":{"start":{"line":262,"column":43},"end":{"line":262,"column":44}},"loc":{"start":{"line":262,"column":44},"end":{"line":267,"column":null}}},"15":{"name":"(anonymous_16)","decl":{"start":{"line":289,"column":21},"end":{"line":289,"column":27}},"loc":{"start":{"line":289,"column":27},"end":{"line":289,"column":null}}},"16":{"name":"(anonymous_17)","decl":{"start":{"line":306,"column":24},"end":{"line":306,"column":25}},"loc":{"start":{"line":306,"column":31},"end":{"line":306,"column":null}}},"17":{"name":"(anonymous_18)","decl":{"start":{"line":341,"column":32},"end":{"line":341,"column":33}},"loc":{"start":{"line":342,"column":12},"end":{"line":343,"column":null}}},"18":{"name":"(anonymous_19)","decl":{"start":{"line":414,"column":54},"end":{"line":414,"column":60}},"loc":{"start":{"line":414,"column":60},"end":{"line":414,"column":null}}}},"branchMap":{"0":{"loc":{"start":{"line":129,"column":43},"end":{"line":129,"column":86}},"type":"binary-expr","locations":[{"start":{"line":129,"column":43},"end":{"line":129,"column":56}},{"start":{"line":129,"column":60},"end":{"line":129,"column":86}}]},"1":{"loc":{"start":{"line":138,"column":2},"end":{"line":138,"column":null}},"type":"if","locations":[{"start":{"line":138,"column":2},"end":{"line":138,"column":null}}]},"2":{"loc":{"start":{"line":264,"column":28},"end":{"line":264,"column":null}},"type":"binary-expr","locations":[{"start":{"line":264,"column":28},"end":{"line":264,"column":58}},{"start":{"line":264,"column":58},"end":{"line":264,"column":null}}]},"3":{"loc":{"start":{"line":265,"column":26},"end":{"line":265,"column":null}},"type":"binary-expr","locations":[{"start":{"line":265,"column":26},"end":{"line":265,"column":54}},{"start":{"line":265,"column":54},"end":{"line":265,"column":null}}]},"4":{"loc":{"start":{"line":266,"column":11},"end":{"line":266,"column":null}},"type":"binary-expr","locations":[{"start":{"line":266,"column":11},"end":{"line":266,"column":28}},{"start":{"line":266,"column":28},"end":{"line":266,"column":47}},{"start":{"line":266,"column":47},"end":{"line":266,"column":null}}]},"5":{"loc":{"start":{"line":275,"column":13},"end":{"line":275,"column":null}},"type":"binary-expr","locations":[{"start":{"line":275,"column":13},"end":{"line":275,"column":null}}]},"6":{"loc":{"start":{"line":348,"column":23},"end":{"line":348,"column":null}},"type":"binary-expr","locations":[{"start":{"line":348,"column":23},"end":{"line":348,"column":36}},{"start":{"line":348,"column":40},"end":{"line":348,"column":null}}]},"7":{"loc":{"start":{"line":366,"column":33},"end":{"line":366,"column":null}},"type":"cond-expr","locations":[{"start":{"line":366,"column":63},"end":{"line":366,"column":75}},{"start":{"line":366,"column":75},"end":{"line":366,"column":null}}]},"8":{"loc":{"start":{"line":368,"column":26},"end":{"line":370,"column":null}},"type":"cond-expr","locations":[{"start":{"line":369,"column":30},"end":{"line":369,"column":null}},{"start":{"line":370,"column":30},"end":{"line":370,"column":null}}]},"9":{"loc":{"start":{"line":403,"column":9},"end":{"line":403,"column":null}},"type":"binary-expr","locations":[{"start":{"line":403,"column":9},"end":{"line":403,"column":null}}]}},"s":{"0":0,"1":0,"2":0,"3":0,"4":0,"5":0,"6":0,"7":0,"8":0,"9":0,"10":0,"11":0,"12":0,"13":0,"14":0,"15":0,"16":0,"17":0,"18":0,"19":0,"20":0,"21":0,"22":0,"23":0,"24":0,"25":0,"26":0,"27":0,"28":0,"29":0,"30":0,"31":0,"32":0,"33":0,"34":0,"35":0,"36":0,"37":0,"38":0,"39":0,"40":0,"41":0,"42":0,"43":0,"44":0,"45":0,"46":0,"47":0},"f":{"0":0,"1":0,"2":0,"3":0,"4":0,"5":0,"6":0,"7":0,"8":0,"9":0,"10":0,"11":0,"12":0,"13":0,"14":0,"15":0,"16":0,"17":0,"18":0},"b":{"0":[0,0],"1":[0],"2":[0,0],"3":[0,0],"4":[0,0,0],"5":[0],"6":[0,0],"7":[0,0],"8":[0,0],"9":[0]}}
,"/home/umer/Desktop/mobile-sidebar (1)/pages/report-page.tsx": {"path":"/home/umer/Desktop/mobile-sidebar (1)/pages/report-page.tsx","statementMap":{"0":{"start":{"line":10,"column":24},"end":{"line":10,"column":35}},"1":{"start":{"line":3,"column":43},"end":{"line":3,"column":null}},"2":{"start":{"line":4,"column":23},"end":{"line":4,"column":null}},"3":{"start":{"line":12,"column":20},"end":{"line":20,"column":null}},"4":{"start":{"line":22,"column":19},"end":{"line":22,"column":null}},"5":{"start":{"line":22,"column":52},"end":{"line":22,"column":59}},"6":{"start":{"line":23,"column":22},"end":{"line":23,"column":null}},"7":{"start":{"line":63,"column":30},"end":{"line":67,"column":null}},"8":{"start":{"line":69,"column":25},"end":{"line":73,"column":null}},"9":{"start":{"line":140,"column":32},"end":{"line":140,"column":null}},"10":{"start":{"line":141,"column":32},"end":{"line":141,"column":null}},"11":{"start":{"line":142,"column":22},"end":{"line":142,"column":null}},"12":{"start":{"line":152,"column":32},"end":{"line":152,"column":null}},"13":{"start":{"line":153,"column":32},"end":{"line":153,"column":null}},"14":{"start":{"line":154,"column":22},"end":{"line":154,"column":null}},"15":{"start":{"line":165,"column":28},"end":{"line":165,"column":null}},"16":{"start":{"line":166,"column":28},"end":{"line":166,"column":null}},"17":{"start":{"line":168,"column":18},"end":{"line":170,"column":null}},"18":{"start":{"line":188,"column":18},"end":{"line":188,"column":36}},"19":{"start":{"line":226,"column":14},"end":{"line":226,"column":31}},"20":{"start":{"line":257,"column":14},"end":{"line":257,"column":31}}},"fnMap":{"0":{"name":"ReportPage","decl":{"start":{"line":10,"column":24},"end":{"line":10,"column":35}},"loc":{"start":{"line":10,"column":70},"end":{"line":272,"column":null}}},"1":{"name":"(anonymous_2)","decl":{"start":{"line":22,"column":45},"end":{"line":22,"column":46}},"loc":{"start":{"line":22,"column":52},"end":{"line":22,"column":59}}},"2":{"name":"(anonymous_3)","decl":{"start":{"line":139,"column":25},"end":{"line":139,"column":26}},"loc":{"start":{"line":139,"column":33},"end":{"line":143,"column":null}}},"3":{"name":"(anonymous_4)","decl":{"start":{"line":151,"column":25},"end":{"line":151,"column":26}},"loc":{"start":{"line":151,"column":33},"end":{"line":155,"column":null}}},"4":{"name":"(anonymous_5)","decl":{"start":{"line":164,"column":31},"end":{"line":164,"column":32}},"loc":{"start":{"line":164,"column":39},"end":{"line":182,"column":null}}},"5":{"name":"(anonymous_6)","decl":{"start":{"line":187,"column":31},"end":{"line":187,"column":32}},"loc":{"start":{"line":188,"column":18},"end":{"line":188,"column":36}}},"6":{"name":"(anonymous_7)","decl":{"start":{"line":225,"column":37},"end":{"line":225,"column":38}},"loc":{"start":{"line":226,"column":14},"end":{"line":226,"column":31}}},"7":{"name":"(anonymous_8)","decl":{"start":{"line":256,"column":32},"end":{"line":256,"column":33}},"loc":{"start":{"line":257,"column":14},"end":{"line":257,"column":31}}}},"branchMap":{"0":{"loc":{"start":{"line":81,"column":13},"end":{"line":81,"column":null}},"type":"binary-expr","locations":[{"start":{"line":81,"column":13},"end":{"line":81,"column":null}}]}},"s":{"0":0,"1":0,"2":0,"3":0,"4":0,"5":0,"6":0,"7":0,"8":0,"9":0,"10":0,"11":0,"12":0,"13":0,"14":0,"15":0,"16":0,"17":0,"18":0,"19":0,"20":0},"f":{"0":0,"1":0,"2":0,"3":0,"4":0,"5":0,"6":0,"7":0},"b":{"0":[0]}}
,"/home/umer/Desktop/mobile-sidebar (1)/pages/roles-page.tsx": {"path":"/home/umer/Desktop/mobile-sidebar (1)/pages/roles-page.tsx","statementMap":{"0":{"start":{"line":5,"column":24},"end":{"line":5,"column":null}},"1":{"start":{"line":3,"column":18},"end":{"line":3,"column":null}}},"fnMap":{"0":{"name":"RolesPage","decl":{"start":{"line":5,"column":24},"end":{"line":5,"column":null}},"loc":{"start":{"line":5,"column":24},"end":{"line":16,"column":null}}}},"branchMap":{},"s":{"0":0,"1":0},"f":{"0":0},"b":{}}
,"/home/umer/Desktop/mobile-sidebar (1)/pages/signup.tsx": {"path":"/home/umer/Desktop/mobile-sidebar (1)/pages/signup.tsx","statementMap":{"0":{"start":{"line":24,"column":24},"end":{"line":24,"column":null}},"1":{"start":{"line":1,"column":18},"end":{"line":1,"column":null}},"2":{"start":{"line":3,"column":23},"end":{"line":3,"column":null}},"3":{"start":{"line":4,"column":22},"end":{"line":4,"column":null}},"4":{"start":{"line":5,"column":22},"end":{"line":5,"column":null}},"5":{"start":{"line":6,"column":46},"end":{"line":6,"column":null}},"6":{"start":{"line":7,"column":39},"end":{"line":7,"column":null}},"7":{"start":{"line":8,"column":16},"end":{"line":8,"column":null}},"8":{"start":{"line":9,"column":7},"end":{"line":9,"column":null}},"9":{"start":{"line":10,"column":26},"end":{"line":10,"column":null}},"10":{"start":{"line":11,"column":31},"end":{"line":11,"column":null}},"11":{"start":{"line":12,"column":23},"end":{"line":12,"column":null}},"12":{"start":{"line":13,"column":7},"end":{"line":13,"column":null}},"13":{"start":{"line":14,"column":25},"end":{"line":14,"column":null}},"14":{"start":{"line":25,"column":56},"end":{"line":25,"column":null}},"15":{"start":{"line":26,"column":58},"end":{"line":26,"column":null}},"16":{"start":{"line":27,"column":20},"end":{"line":27,"column":null}},"17":{"start":{"line":29,"column":26},"end":{"line":35,"column":null}},"18":{"start":{"line":37,"column":2},"end":{"line":46,"column":null}},"19":{"start":{"line":38,"column":4},"end":{"line":45,"column":null}},"20":{"start":{"line":39,"column":6},"end":{"line":39,"column":null}},"21":{"start":{"line":40,"column":6},"end":{"line":44,"column":null}},"22":{"start":{"line":41,"column":8},"end":{"line":43,"column":null}},"23":{"start":{"line":42,"column":10},"end":{"line":42,"column":null}},"24":{"start":{"line":49,"column":4},"end":{"line":51,"column":null}},"25":{"start":{"line":50,"column":6},"end":{"line":50,"column":null}},"26":{"start":{"line":54,"column":23},"end":{"line":60,"column":null}},"27":{"start":{"line":55,"column":28},"end":{"line":55,"column":36}},"28":{"start":{"line":56,"column":4},"end":{"line":59,"column":null}},"29":{"start":{"line":56,"column":23},"end":{"line":59,"column":null}},"30":{"start":{"line":62,"column":23},"end":{"line":71,"column":null}},"31":{"start":{"line":63,"column":4},"end":{"line":63,"column":null}},"32":{"start":{"line":64,"column":4},"end":{"line":70,"column":null}},"33":{"start":{"line":78,"column":27},"end":{"line":78,"column":null}},"34":{"start":{"line":153,"column":47},"end":{"line":153,"column":null}},"35":{"start":{"line":153,"column":66},"end":{"line":153,"column":null}},"36":{"start":{"line":180,"column":33},"end":{"line":180,"column":null}}},"fnMap":{"0":{"name":"Signup","decl":{"start":{"line":24,"column":24},"end":{"line":24,"column":null}},"loc":{"start":{"line":24,"column":24},"end":{"line":200,"column":null}}},"1":{"name":"(anonymous_6)","decl":{"start":{"line":37,"column":12},"end":{"line":37,"column":null}},"loc":{"start":{"line":37,"column":12},"end":{"line":46,"column":5}}},"2":{"name":"(anonymous_7)","decl":{"start":{"line":40,"column":17},"end":{"line":40,"column":null}},"loc":{"start":{"line":40,"column":17},"end":{"line":44,"column":9}}},"3":{"name":"screenChange","decl":{"start":{"line":48,"column":11},"end":{"line":48,"column":24}},"loc":{"start":{"line":48,"column":38},"end":{"line":52,"column":null}}},"4":{"name":"(anonymous_9)","decl":{"start":{"line":54,"column":23},"end":{"line":54,"column":24}},"loc":{"start":{"line":54,"column":24},"end":{"line":60,"column":null}}},"5":{"name":"(anonymous_10)","decl":{"start":{"line":56,"column":12},"end":{"line":56,"column":13}},"loc":{"start":{"line":56,"column":23},"end":{"line":59,"column":null}}},"6":{"name":"(anonymous_11)","decl":{"start":{"line":62,"column":23},"end":{"line":62,"column":24}},"loc":{"start":{"line":62,"column":24},"end":{"line":71,"column":null}}},"7":{"name":"(anonymous_12)","decl":{"start":{"line":78,"column":21},"end":{"line":78,"column":27}},"loc":{"start":{"line":78,"column":27},"end":{"line":78,"column":null}}},"8":{"name":"(anonymous_13)","decl":{"start":{"line":153,"column":28},"end":{"line":153,"column":29}},"loc":{"start":{"line":153,"column":47},"end":{"line":153,"column":null}}},"9":{"name":"(anonymous_14)","decl":{"start":{"line":153,"column":55},"end":{"line":153,"column":56}},"loc":{"start":{"line":153,"column":66},"end":{"line":153,"column":null}}},"10":{"name":"(anonymous_15)","decl":{"start":{"line":180,"column":27},"end":{"line":180,"column":33}},"loc":{"start":{"line":180,"column":33},"end":{"line":180,"column":null}}}},"branchMap":{"0":{"loc":{"start":{"line":38,"column":4},"end":{"line":45,"column":null}},"type":"if","locations":[{"start":{"line":38,"column":4},"end":{"line":45,"column":null}}]},"1":{"loc":{"start":{"line":41,"column":8},"end":{"line":43,"column":null}},"type":"if","locations":[{"start":{"line":41,"column":8},"end":{"line":43,"column":null}}]},"2":{"loc":{"start":{"line":49,"column":4},"end":{"line":51,"column":null}},"type":"if","locations":[{"start":{"line":49,"column":4},"end":{"line":51,"column":null}}]},"3":{"loc":{"start":{"line":87,"column":13},"end":{"line":87,"column":null}},"type":"binary-expr","locations":[{"start":{"line":87,"column":13},"end":{"line":87,"column":null}}]},"4":{"loc":{"start":{"line":89,"column":17},"end":{"line":89,"column":null}},"type":"binary-expr","locations":[{"start":{"line":89,"column":17},"end":{"line":89,"column":52}},{"start":{"line":89,"column":52},"end":{"line":89,"column":null}}]},"5":{"loc":{"start":{"line":173,"column":24},"end":{"line":173,"column":null}},"type":"cond-expr","locations":[{"start":{"line":173,"column":46},"end":{"line":173,"column":55}},{"start":{"line":173,"column":55},"end":{"line":173,"column":null}}]},"6":{"loc":{"start":{"line":183,"column":41},"end":{"line":183,"column":75}},"type":"cond-expr","locations":[{"start":{"line":183,"column":41},"end":{"line":183,"column":75}}]},"7":{"loc":{"start":{"line":189,"column":15},"end":{"line":193,"column":null}},"type":"cond-expr","locations":[{"start":{"line":190,"column":16},"end":{"line":193,"column":null}},{"start":{"line":193,"column":18},"end":{"line":193,"column":null}}]},"8":{"loc":{"start":{"line":189,"column":15},"end":{"line":189,"column":null}},"type":"binary-expr","locations":[{"start":{"line":189,"column":15},"end":{"line":189,"column":28}},{"start":{"line":189,"column":28},"end":{"line":189,"column":null}}]}},"s":{"0":0,"1":0,"2":0,"3":0,"4":0,"5":0,"6":0,"7":0,"8":0,"9":0,"10":0,"11":0,"12":0,"13":0,"14":0,"15":0,"16":0,"17":0,"18":0,"19":0,"20":0,"21":0,"22":0,"23":0,"24":0,"25":0,"26":0,"27":0,"28":0,"29":0,"30":0,"31":0,"32":0,"33":0,"34":0,"35":0,"36":0},"f":{"0":0,"1":0,"2":0,"3":0,"4":0,"5":0,"6":0,"7":0,"8":0,"9":0,"10":0},"b":{"0":[0],"1":[0],"2":[0],"3":[0],"4":[0,0],"5":[0,0],"6":[0],"7":[0,0],"8":[0,0]}}
,"/home/umer/Desktop/mobile-sidebar (1)/pages/support-page.tsx": {"path":"/home/umer/Desktop/mobile-sidebar (1)/pages/support-page.tsx","statementMap":{"0":{"start":{"line":6,"column":24},"end":{"line":6,"column":null}},"1":{"start":{"line":1,"column":18},"end":{"line":1,"column":null}},"2":{"start":{"line":2,"column":23},"end":{"line":2,"column":null}},"3":{"start":{"line":3,"column":57},"end":{"line":3,"column":null}},"4":{"start":{"line":4,"column":61},"end":{"line":4,"column":null}},"5":{"start":{"line":5,"column":7},"end":{"line":5,"column":null}},"6":{"start":{"line":8,"column":4},"end":{"line":10,"column":null}},"7":{"start":{"line":9,"column":6},"end":{"line":9,"column":null}},"8":{"start":{"line":19,"column":27},"end":{"line":19,"column":null}}},"fnMap":{"0":{"name":"SupportPage","decl":{"start":{"line":6,"column":24},"end":{"line":6,"column":null}},"loc":{"start":{"line":6,"column":24},"end":{"line":205,"column":null}}},"1":{"name":"screenChange","decl":{"start":{"line":7,"column":11},"end":{"line":7,"column":24}},"loc":{"start":{"line":7,"column":38},"end":{"line":11,"column":null}}},"2":{"name":"(anonymous_4)","decl":{"start":{"line":19,"column":21},"end":{"line":19,"column":27}},"loc":{"start":{"line":19,"column":27},"end":{"line":19,"column":null}}}},"branchMap":{"0":{"loc":{"start":{"line":8,"column":4},"end":{"line":10,"column":null}},"type":"if","locations":[{"start":{"line":8,"column":4},"end":{"line":10,"column":null}}]}},"s":{"0":0,"1":0,"2":0,"3":0,"4":0,"5":0,"6":0,"7":0,"8":0},"f":{"0":0,"1":0,"2":0},"b":{"0":[0]}}
,"/home/umer/Desktop/mobile-sidebar (1)/pages/users-page.tsx": {"path":"/home/umer/Desktop/mobile-sidebar (1)/pages/users-page.tsx","statementMap":{"0":{"start":{"line":5,"column":24},"end":{"line":5,"column":null}},"1":{"start":{"line":3,"column":18},"end":{"line":3,"column":null}}},"fnMap":{"0":{"name":"UsersPage","decl":{"start":{"line":5,"column":24},"end":{"line":5,"column":null}},"loc":{"start":{"line":5,"column":24},"end":{"line":16,"column":null}}}},"branchMap":{},"s":{"0":0,"1":0},"f":{"0":0},"b":{}}
}
