TN:
SF:app/ProtectedLayout.tsx
FN:7,ProtectedLayout
FN:8,(anonymous_2)
FN:9,(anonymous_3)
FN:15,(anonymous_4)
FNF:4
FNH:0
FNDA:0,ProtectedLayout
FNDA:0,(anonymous_2)
FNDA:0,(anonymous_3)
FNDA:0,(anonymous_4)
DA:2,0
DA:3,0
DA:4,0
DA:5,0
DA:7,0
DA:8,0
DA:9,0
DA:10,0
DA:12,0
DA:13,0
DA:15,0
DA:16,0
DA:19,0
DA:20,0
DA:22,0
DA:23,0
DA:25,0
DA:33,0
DA:35,0
DA:39,0
DA:42,0
DA:44,0
DA:45,0
DA:49,0
DA:56,0
DA:57,0
DA:61,0
DA:66,0
DA:67,0
DA:71,0
DA:72,0
DA:73,0
LF:32
LH:0
BRDA:22,0,0,0
BRDA:22,1,0,0
BRDA:22,1,1,0
BRDA:22,1,2,0
BRDA:29,2,0,0
BRDA:29,2,1,0
BRDA:42,3,0,0
BRDA:42,4,0,0
BRDA:42,4,1,0
BRDA:45,5,0,0
BRDA:45,5,1,0
BRDA:49,6,0,0
BRDA:50,7,0,0
BRDA:50,7,1,0
BRDA:50,7,2,0
BRDA:50,7,3,0
BRDA:50,7,4,0
BRDA:56,8,0,0
BRDA:61,9,0,0
BRDA:61,10,0,0
BRDA:61,10,1,0
BRDA:67,11,0,0
BRDA:67,12,0,0
BRDA:67,12,1,0
BRDA:67,12,2,0
BRDA:67,12,3,0
BRDA:71,13,0,0
BRDA:71,14,0,0
BRDA:71,14,1,0
BRDA:72,15,0,0
BRF:30
BRH:0
end_of_record
TN:
SF:app/Providers.tsx
FN:11,Providers
FN:13,(anonymous_2)
FN:19,(anonymous_3)
FNF:3
FNH:0
FNDA:0,Providers
FNDA:0,(anonymous_2)
FNDA:0,(anonymous_3)
DA:5,0
DA:6,0
DA:7,0
DA:8,0
DA:9,0
DA:11,0
DA:12,0
DA:14,0
DA:21,0
DA:22,0
DA:25,0
LF:11
LH:0
BRDA:21,0,0,0
BRDA:21,1,0,0
BRDA:21,1,1,0
BRF:3
BRH:0
end_of_record
TN:
SF:app/layout.tsx
FN:16,RootLayout
FNF:1
FNH:0
FNDA:0,RootLayout
DA:2,0
DA:3,0
DA:4,0
DA:5,0
DA:6,0
DA:7,0
DA:9,0
DA:11,0
DA:16,0
LF:9
LH:0
BRF:0
BRH:0
end_of_record
TN:
SF:app/page.tsx
FN:13,(anonymous_5)
FN:13,(anonymous_6)
FN:14,(anonymous_8)
FN:16,(anonymous_9)
FN:16,(anonymous_10)
FN:17,(anonymous_12)
FN:19,(anonymous_13)
FN:19,(anonymous_14)
FN:20,(anonymous_16)
FN:22,(anonymous_17)
FN:22,(anonymous_18)
FN:23,(anonymous_20)
FN:25,(anonymous_21)
FN:25,(anonymous_22)
FN:26,(anonymous_24)
FN:28,(anonymous_25)
FN:28,(anonymous_26)
FN:29,(anonymous_28)
FN:31,(anonymous_29)
FN:31,(anonymous_30)
FN:32,(anonymous_32)
FN:34,(anonymous_33)
FN:34,(anonymous_34)
FN:35,(anonymous_36)
FN:37,(anonymous_37)
FN:37,(anonymous_38)
FN:38,(anonymous_40)
FN:40,(anonymous_41)
FN:40,(anonymous_42)
FN:41,(anonymous_44)
FN:43,(anonymous_45)
FN:43,(anonymous_46)
FN:44,(anonymous_48)
FN:46,(anonymous_49)
FN:46,(anonymous_50)
FN:47,(anonymous_52)
FN:49,(anonymous_53)
FN:49,(anonymous_54)
FN:50,(anonymous_56)
FN:52,PageSkeleton
FN:57,(anonymous_58)
FN:65,HomePage
FN:69,App
FN:70,(anonymous_61)
FN:75,(anonymous_62)
FN:79,(anonymous_63)
FN:80,(anonymous_64)
FN:83,(anonymous_65)
FN:87,(anonymous_66)
FNF:49
FNH:0
FNDA:0,(anonymous_5)
FNDA:0,(anonymous_6)
FNDA:0,(anonymous_8)
FNDA:0,(anonymous_9)
FNDA:0,(anonymous_10)
FNDA:0,(anonymous_12)
FNDA:0,(anonymous_13)
FNDA:0,(anonymous_14)
FNDA:0,(anonymous_16)
FNDA:0,(anonymous_17)
FNDA:0,(anonymous_18)
FNDA:0,(anonymous_20)
FNDA:0,(anonymous_21)
FNDA:0,(anonymous_22)
FNDA:0,(anonymous_24)
FNDA:0,(anonymous_25)
FNDA:0,(anonymous_26)
FNDA:0,(anonymous_28)
FNDA:0,(anonymous_29)
FNDA:0,(anonymous_30)
FNDA:0,(anonymous_32)
FNDA:0,(anonymous_33)
FNDA:0,(anonymous_34)
FNDA:0,(anonymous_36)
FNDA:0,(anonymous_37)
FNDA:0,(anonymous_38)
FNDA:0,(anonymous_40)
FNDA:0,(anonymous_41)
FNDA:0,(anonymous_42)
FNDA:0,(anonymous_44)
FNDA:0,(anonymous_45)
FNDA:0,(anonymous_46)
FNDA:0,(anonymous_48)
FNDA:0,(anonymous_49)
FNDA:0,(anonymous_50)
FNDA:0,(anonymous_52)
FNDA:0,(anonymous_53)
FNDA:0,(anonymous_54)
FNDA:0,(anonymous_56)
FNDA:0,PageSkeleton
FNDA:0,(anonymous_58)
FNDA:0,HomePage
FNDA:0,App
FNDA:0,(anonymous_61)
FNDA:0,(anonymous_62)
FNDA:0,(anonymous_63)
FNDA:0,(anonymous_64)
FNDA:0,(anonymous_65)
FNDA:0,(anonymous_66)
DA:3,0
DA:4,0
DA:5,0
DA:8,0
DA:9,0
DA:13,0
DA:14,0
DA:16,0
DA:17,0
DA:19,0
DA:20,0
DA:22,0
DA:23,0
DA:25,0
DA:26,0
DA:28,0
DA:29,0
DA:31,0
DA:32,0
DA:34,0
DA:35,0
DA:37,0
DA:38,0
DA:40,0
DA:41,0
DA:43,0
DA:44,0
DA:46,0
DA:47,0
DA:49,0
DA:50,0
DA:58,0
DA:65,0
DA:66,0
DA:70,0
DA:71,0
DA:72,0
DA:73,0
DA:75,0
DA:76,0
DA:79,0
DA:80,0
DA:83,0
DA:84,0
DA:87,0
DA:88,0
DA:98,0
DA:100,0
DA:106,0
DA:107,0
DA:112,0
DA:115,0
DA:117,0
DA:119,0
DA:121,0
LF:55
LH:0
BRDA:88,0,0,0
BRDA:88,0,1,0
BRDA:88,0,2,0
BRDA:88,0,3,0
BRDA:88,0,4,0
BRDA:88,0,5,0
BRDA:88,0,6,0
BRDA:106,1,0,0
BRDA:106,1,1,0
BRDA:112,2,0,0
BRDA:140,3,0,0
BRDA:140,3,1,0
BRF:12
BRH:0
end_of_record
TN:
SF:app/(dashboard)/layout.tsx
FN:10,DashboardLayout
FN:18,(anonymous_3)
FN:22,(anonymous_4)
FN:54,(anonymous_5)
FNF:4
FNH:0
FNDA:0,DashboardLayout
FNDA:0,(anonymous_3)
FNDA:0,(anonymous_4)
FNDA:0,(anonymous_5)
DA:5,0
DA:6,0
DA:7,0
DA:8,0
DA:10,0
DA:15,0
DA:16,0
DA:18,0
DA:19,0
DA:22,0
DA:23,0
DA:54,0
LF:12
LH:0
BRDA:33,0,0,0
BRDA:33,0,1,0
BRF:2
BRH:0
end_of_record
TN:
SF:app/(dashboard)/account/page.tsx
FN:5,Account
FNF:1
FNH:0
FNDA:0,Account
DA:3,0
DA:5,0
DA:6,0
LF:3
LH:0
BRF:0
BRH:0
end_of_record
TN:
SF:app/(dashboard)/cashier/loading.tsx
FN:1,Loading
FNF:1
FNH:0
FNDA:0,Loading
DA:1,0
DA:2,0
LF:2
LH:0
BRF:0
BRH:0
end_of_record
TN:
SF:app/(dashboard)/cashier/page.tsx
FN:5,Cashier
FNF:1
FNH:0
FNDA:0,Cashier
DA:2,0
DA:5,0
DA:8,0
LF:3
LH:0
BRF:0
BRH:0
end_of_record
TN:
SF:app/(dashboard)/catalogs/page.tsx
FN:5,Page
FN:6,(anonymous_3)
FNF:2
FNH:0
FNDA:0,Page
FNDA:0,(anonymous_3)
DA:3,0
DA:5,0
LF:2
LH:0
BRF:0
BRH:0
end_of_record
TN:
SF:app/(dashboard)/catalogs/[userId]/categories/page.tsx
FN:6,Page
FNF:1
FNH:0
FNDA:0,Page
DA:3,0
DA:6,0
DA:7,0
LF:3
LH:0
BRF:0
BRH:0
end_of_record
TN:
SF:app/(dashboard)/catalogs/[userId]/categories/[Id]/products/page.tsx
FN:4,page
FNF:1
FNH:0
FNDA:0,page
DA:1,0
DA:2,0
DA:4,0
DA:6,0
LF:4
LH:0
BRF:0
BRH:0
end_of_record
TN:
SF:app/(dashboard)/companies/page.tsx
FN:5,CompaniesPage
FNF:1
FNH:0
FNDA:0,CompaniesPage
DA:3,0
DA:5,0
LF:2
LH:0
BRF:0
BRH:0
end_of_record
TN:
SF:app/(dashboard)/companies/[id]/locations/page.tsx
FN:35,CompanyLocationsPage
FN:64,(anonymous_3)
FN:66,(anonymous_4)
FN:73,(anonymous_5)
FN:90,(anonymous_6)
FN:100,(anonymous_7)
FN:108,(anonymous_8)
FN:138,(anonymous_9)
FNF:8
FNH:0
FNDA:0,CompanyLocationsPage
FNDA:0,(anonymous_3)
FNDA:0,(anonymous_4)
FNDA:0,(anonymous_5)
FNDA:0,(anonymous_6)
FNDA:0,(anonymous_7)
FNDA:0,(anonymous_8)
FNDA:0,(anonymous_9)
DA:5,0
DA:6,0
DA:7,0
DA:8,0
DA:32,0
DA:33,0
DA:35,0
DA:36,0
DA:37,0
DA:39,0
DA:40,0
DA:41,0
DA:53,0
DA:56,0
DA:57,0
DA:60,0
DA:61,0
DA:64,0
DA:66,0
DA:67,0
DA:68,0
DA:69,0
DA:70,0
DA:73,0
DA:74,0
DA:75,0
DA:86,0
DA:90,0
DA:91,0
DA:92,0
DA:96,0
DA:100,0
DA:101,0
DA:102,0
DA:103,0
DA:104,0
DA:108,0
DA:109,0
DA:122,0
DA:124,0
DA:133,0
DA:138,0
LF:42
LH:0
BRDA:36,0,0,0
BRDA:36,0,1,0
BRDA:37,1,0,0
BRDA:37,1,1,0
BRDA:37,2,0,0
BRDA:37,2,1,0
BRDA:67,3,0,0
BRDA:68,4,0,0
BRDA:69,5,0,0
BRDA:74,6,0,0
BRDA:91,7,0,0
BRDA:91,8,0,0
BRDA:91,8,1,0
BRDA:91,8,2,0
BRDA:91,8,3,0
BRDA:101,9,0,0
BRDA:122,10,0,0
BRDA:122,10,1,0
BRDA:124,11,0,0
BRDA:133,12,0,0
BRF:20
BRH:0
end_of_record
TN:
SF:app/(dashboard)/companies/[id]/locations/[locationId]/layout.tsx
FN:14,LocationLayout
FN:24,(anonymous_2)
FN:33,(anonymous_3)
FN:42,(anonymous_4)
FN:50,(anonymous_5)
FN:82,(anonymous_6)
FN:97,(anonymous_7)
FN:114,(anonymous_8)
FNF:8
FNH:0
FNDA:0,LocationLayout
FNDA:0,(anonymous_2)
FNDA:0,(anonymous_3)
FNDA:0,(anonymous_4)
FNDA:0,(anonymous_5)
FNDA:0,(anonymous_6)
FNDA:0,(anonymous_7)
FNDA:0,(anonymous_8)
DA:5,0
DA:6,0
DA:7,0
DA:8,0
DA:9,0
DA:10,0
DA:11,0
DA:12,0
DA:14,0
DA:15,0
DA:16,0
DA:17,0
DA:18,0
DA:20,0
DA:21,0
DA:24,0
DA:25,0
DA:26,0
DA:27,0
DA:30,0
DA:33,0
DA:34,0
DA:38,0
DA:39,0
DA:40,0
DA:42,0
DA:43,0
DA:44,0
DA:45,0
DA:46,0
DA:47,0
DA:50,0
DA:51,0
DA:54,0
DA:55,0
DA:57,0
DA:58,0
DA:60,0
DA:61,0
DA:63,0
DA:64,0
DA:68,0
DA:77,0
DA:82,0
DA:90,0
DA:97,0
DA:105,0
DA:114,0
LF:48
LH:0
BRDA:25,0,0,0
BRDA:26,1,0,0
BRDA:43,2,0,0
BRDA:44,3,0,0
BRDA:45,4,0,0
BRDA:46,5,0,0
BRDA:55,6,0,0
BRDA:55,6,1,0
BRDA:55,6,2,0
BRDA:68,7,0,0
BRDA:77,8,0,0
BRDA:90,9,0,0
BRF:12
BRH:0
end_of_record
TN:
SF:app/(dashboard)/companies/[id]/locations/[locationId]/device/page.tsx
FN:73,LocationDevicesPage
FN:78,(anonymous_2)
FN:107,(anonymous_3)
FN:108,(anonymous_4)
FN:110,(anonymous_5)
FN:127,(anonymous_6)
FN:142,(anonymous_7)
FN:165,(anonymous_8)
FN:181,(anonymous_9)
FN:189,(anonymous_10)
FN:198,(anonymous_11)
FN:218,(anonymous_12)
FN:251,(anonymous_13)
FN:266,(anonymous_14)
FN:293,(anonymous_15)
FN:297,(anonymous_16)
FN:347,(anonymous_17)
FN:373,(anonymous_18)
FN:383,(anonymous_19)
FN:410,(anonymous_20)
FN:416,(anonymous_21)
FN:466,(anonymous_22)
FNF:22
FNH:0
FNDA:0,LocationDevicesPage
FNDA:0,(anonymous_2)
FNDA:0,(anonymous_3)
FNDA:0,(anonymous_4)
FNDA:0,(anonymous_5)
FNDA:0,(anonymous_6)
FNDA:0,(anonymous_7)
FNDA:0,(anonymous_8)
FNDA:0,(anonymous_9)
FNDA:0,(anonymous_10)
FNDA:0,(anonymous_11)
FNDA:0,(anonymous_12)
FNDA:0,(anonymous_13)
FNDA:0,(anonymous_14)
FNDA:0,(anonymous_15)
FNDA:0,(anonymous_16)
FNDA:0,(anonymous_17)
FNDA:0,(anonymous_18)
FNDA:0,(anonymous_19)
FNDA:0,(anonymous_20)
FNDA:0,(anonymous_21)
FNDA:0,(anonymous_22)
DA:3,0
DA:4,0
DA:15,0
DA:16,0
DA:17,0
DA:18,0
DA:19,0
DA:27,0
DA:28,0
DA:29,0
DA:30,0
DA:31,0
DA:32,0
DA:33,0
DA:73,0
DA:74,0
DA:75,0
DA:78,0
DA:79,0
DA:82,0
DA:83,0
DA:84,0
DA:86,0
DA:87,0
DA:88,0
DA:89,0
DA:90,0
DA:96,0
DA:99,0
DA:100,0
DA:103,0
DA:104,0
DA:107,0
DA:108,0
DA:110,0
DA:111,0
DA:113,0
DA:115,0
DA:117,0
DA:119,0
DA:121,0
DA:127,0
DA:128,0
DA:130,0
DA:132,0
DA:134,0
DA:136,0
DA:138,0
DA:142,0
DA:143,0
DA:145,0
DA:146,0
DA:150,0
DA:154,0
DA:155,0
DA:157,0
DA:165,0
DA:166,0
DA:167,0
DA:168,0
DA:173,0
DA:181,0
DA:183,0
DA:184,0
DA:185,0
DA:186,0
DA:189,0
DA:190,0
DA:191,0
DA:195,0
DA:198,0
DA:199,0
DA:218,0
DA:251,0
DA:267,0
DA:268,0
DA:293,0
DA:297,0
DA:347,0
DA:374,0
DA:383,0
DA:410,0
DA:416,0
DA:466,0
LF:84
LH:0
BRDA:83,0,0,0
BRDA:83,0,1,0
BRDA:99,1,0,0
BRDA:99,1,1,0
BRDA:107,2,0,0
BRDA:107,2,1,0
BRDA:111,3,0,0
BRDA:111,3,1,0
BRDA:111,3,2,0
BRDA:111,3,3,0
BRDA:111,3,4,0
BRDA:128,4,0,0
BRDA:128,4,1,0
BRDA:128,4,2,0
BRDA:128,4,3,0
BRDA:128,4,4,0
BRDA:143,5,0,0
BRDA:192,6,0,0
BRDA:192,6,1,0
BRDA:193,7,0,0
BRDA:193,7,1,0
BRDA:216,8,0,0
BRDA:251,9,0,0
BRDA:251,9,1,0
BRDA:261,10,0,0
BRDA:263,11,0,0
BRDA:267,12,0,0
BRDA:267,12,1,0
BRDA:277,13,0,0
BRDA:277,13,1,0
BRDA:278,14,0,0
BRDA:278,14,1,0
BRDA:281,15,0,0
BRDA:297,16,0,0
BRDA:297,16,1,0
BRDA:309,17,0,0
BRDA:309,17,1,0
BRDA:310,18,0,0
BRDA:310,18,1,0
BRDA:321,19,0,0
BRDA:321,19,1,0
BRDA:325,20,0,0
BRDA:325,20,1,0
BRDA:329,21,0,0
BRDA:329,21,1,0
BRDA:340,22,0,0
BRDA:340,22,1,0
BRDA:345,23,0,0
BRF:48
BRH:0
end_of_record
TN:
SF:app/(dashboard)/companies/[id]/locations/[locationId]/locationDetail/page.tsx
FN:32,LocationDetailPage
FN:62,(anonymous_3)
FN:79,(anonymous_4)
FN:90,(anonymous_5)
FN:98,(anonymous_6)
FN:112,(anonymous_7)
FN:116,(anonymous_8)
FN:154,(anonymous_9)
FN:313,(anonymous_10)
FN:323,(anonymous_11)
FN:343,(anonymous_12)
FN:353,(anonymous_13)
FN:362,(anonymous_14)
FN:371,(anonymous_15)
FN:382,(anonymous_16)
FN:391,(anonymous_17)
FN:402,(anonymous_18)
FN:410,(anonymous_19)
FNF:18
FNH:0
FNDA:0,LocationDetailPage
FNDA:0,(anonymous_3)
FNDA:0,(anonymous_4)
FNDA:0,(anonymous_5)
FNDA:0,(anonymous_6)
FNDA:0,(anonymous_7)
FNDA:0,(anonymous_8)
FNDA:0,(anonymous_9)
FNDA:0,(anonymous_10)
FNDA:0,(anonymous_11)
FNDA:0,(anonymous_12)
FNDA:0,(anonymous_13)
FNDA:0,(anonymous_14)
FNDA:0,(anonymous_15)
FNDA:0,(anonymous_16)
FNDA:0,(anonymous_17)
FNDA:0,(anonymous_18)
FNDA:0,(anonymous_19)
DA:3,0
DA:4,0
DA:5,0
DA:6,0
DA:7,0
DA:15,0
DA:25,0
DA:26,0
DA:27,0
DA:28,0
DA:29,0
DA:30,0
DA:32,0
DA:33,0
DA:34,0
DA:35,0
DA:37,0
DA:38,0
DA:40,0
DA:41,0
DA:42,0
DA:55,0
DA:56,0
DA:57,0
DA:59,0
DA:60,0
DA:62,0
DA:63,0
DA:64,0
DA:75,0
DA:79,0
DA:80,0
DA:81,0
DA:85,0
DA:86,0
DA:90,0
DA:91,0
DA:92,0
DA:93,0
DA:94,0
DA:98,0
DA:99,0
DA:112,0
DA:113,0
DA:114,0
DA:115,0
DA:116,0
DA:119,0
DA:121,0
DA:130,0
DA:154,0
DA:313,0
DA:323,0
DA:343,0
DA:353,0
DA:362,0
DA:371,0
DA:382,0
DA:391,0
DA:402,0
DA:411,0
DA:412,0
LF:62
LH:0
BRDA:63,0,0,0
BRDA:80,1,0,0
BRDA:80,2,0,0
BRDA:80,2,1,0
BRDA:80,2,2,0
BRDA:80,2,3,0
BRDA:91,3,0,0
BRDA:119,4,0,0
BRDA:119,4,1,0
BRDA:121,5,0,0
BRDA:130,6,0,0
BRDA:130,7,0,0
BRDA:130,7,1,0
BRDA:181,8,0,0
BRDA:181,8,1,0
BRDA:199,9,0,0
BRDA:198,10,0,0
BRDA:198,10,1,0
BRDA:198,10,2,0
BRDA:204,11,0,0
BRDA:204,11,1,0
BRDA:204,12,0,0
BRDA:204,12,1,0
BRDA:204,13,0,0
BRDA:204,13,1,0
BRDA:208,14,0,0
BRDA:228,15,0,0
BRDA:419,16,0,0
BRDA:419,16,1,0
BRDA:449,17,0,0
BRDA:449,17,1,0
BRF:31
BRH:0
end_of_record
TN:
SF:app/(dashboard)/companies/[id]/locations/[locationId]/user/page.tsx
FN:40,getRandomBgColor
FN:54,LocationUsersPage
FN:85,(anonymous_3)
FN:93,(anonymous_4)
FN:94,(anonymous_5)
FN:99,(anonymous_6)
FN:107,(anonymous_7)
FN:118,(anonymous_8)
FN:133,(anonymous_9)
FN:162,(anonymous_10)
FN:189,(anonymous_11)
FN:201,(anonymous_12)
FN:211,(anonymous_13)
FN:227,(anonymous_14)
FN:232,(anonymous_15)
FN:248,(anonymous_16)
FN:265,(anonymous_17)
FN:280,(anonymous_18)
FN:295,(anonymous_19)
FN:310,(anonymous_20)
FN:326,(anonymous_21)
FN:327,(anonymous_22)
FN:331,(anonymous_23)
FN:366,(anonymous_24)
FN:372,(anonymous_25)
FN:379,(anonymous_26)
FN:388,(anonymous_27)
FN:408,(anonymous_28)
FN:435,(anonymous_29)
FN:460,(anonymous_30)
FN:461,(anonymous_31)
FN:465,(anonymous_32)
FN:499,(anonymous_33)
FN:523,(anonymous_34)
FN:532,(anonymous_35)
FN:542,(anonymous_36)
FN:548,(anonymous_37)
FN:563,(anonymous_38)
FN:575,(anonymous_39)
FN:596,(anonymous_40)
FNF:40
FNH:0
FNDA:0,getRandomBgColor
FNDA:0,LocationUsersPage
FNDA:0,(anonymous_3)
FNDA:0,(anonymous_4)
FNDA:0,(anonymous_5)
FNDA:0,(anonymous_6)
FNDA:0,(anonymous_7)
FNDA:0,(anonymous_8)
FNDA:0,(anonymous_9)
FNDA:0,(anonymous_10)
FNDA:0,(anonymous_11)
FNDA:0,(anonymous_12)
FNDA:0,(anonymous_13)
FNDA:0,(anonymous_14)
FNDA:0,(anonymous_15)
FNDA:0,(anonymous_16)
FNDA:0,(anonymous_17)
FNDA:0,(anonymous_18)
FNDA:0,(anonymous_19)
FNDA:0,(anonymous_20)
FNDA:0,(anonymous_21)
FNDA:0,(anonymous_22)
FNDA:0,(anonymous_23)
FNDA:0,(anonymous_24)
FNDA:0,(anonymous_25)
FNDA:0,(anonymous_26)
FNDA:0,(anonymous_27)
FNDA:0,(anonymous_28)
FNDA:0,(anonymous_29)
FNDA:0,(anonymous_30)
FNDA:0,(anonymous_31)
FNDA:0,(anonymous_32)
FNDA:0,(anonymous_33)
FNDA:0,(anonymous_34)
FNDA:0,(anonymous_35)
FNDA:0,(anonymous_36)
FNDA:0,(anonymous_37)
FNDA:0,(anonymous_38)
FNDA:0,(anonymous_39)
FNDA:0,(anonymous_40)
DA:3,0
DA:4,0
DA:5,0
DA:6,0
DA:7,0
DA:8,0
DA:9,0
DA:10,0
DA:18,0
DA:28,0
DA:29,0
DA:30,0
DA:31,0
DA:32,0
DA:33,0
DA:34,0
DA:36,0
DA:41,0
DA:46,0
DA:47,0
DA:48,0
DA:50,0
DA:51,0
DA:54,0
DA:55,0
DA:56,0
DA:57,0
DA:58,0
DA:60,0
DA:61,0
DA:62,0
DA:63,0
DA:64,0
DA:65,0
DA:66,0
DA:75,0
DA:76,0
DA:77,0
DA:78,0
DA:79,0
DA:81,0
DA:82,0
DA:84,0
DA:85,0
DA:92,0
DA:93,0
DA:94,0
DA:95,0
DA:98,0
DA:100,0
DA:107,0
DA:108,0
DA:110,0
DA:112,0
DA:114,0
DA:118,0
DA:119,0
DA:121,0
DA:123,0
DA:125,0
DA:127,0
DA:129,0
DA:133,0
DA:134,0
DA:135,0
DA:139,0
DA:140,0
DA:143,0
DA:148,0
DA:153,0
DA:154,0
DA:162,0
DA:163,0
DA:164,0
DA:173,0
DA:174,0
DA:175,0
DA:176,0
DA:181,0
DA:189,0
DA:190,0
DA:191,0
DA:198,0
DA:201,0
DA:202,0
DA:211,0
DA:212,0
DA:213,0
DA:214,0
DA:219,0
DA:227,0
DA:228,0
DA:229,0
DA:232,0
DA:233,0
DA:234,0
DA:235,0
DA:236,0
DA:248,0
DA:265,0
DA:280,0
DA:295,0
DA:310,0
DA:326,0
DA:328,0
DA:331,0
DA:366,0
DA:373,0
DA:374,0
DA:380,0
DA:381,0
DA:389,0
DA:390,0
DA:408,0
DA:435,0
DA:460,0
DA:462,0
DA:465,0
DA:500,0
DA:501,0
DA:523,0
DA:532,0
DA:542,0
DA:548,0
DA:563,0
DA:575,0
DA:597,0
DA:598,0
LF:128
LH:0
BRDA:82,0,0,0
BRDA:82,0,1,0
BRDA:95,1,0,0
BRDA:95,1,1,0
BRDA:100,2,0,0
BRDA:100,2,1,0
BRDA:100,2,2,0
BRDA:100,2,3,0
BRDA:108,3,0,0
BRDA:108,3,1,0
BRDA:108,3,2,0
BRDA:119,4,0,0
BRDA:119,4,1,0
BRDA:119,4,2,0
BRDA:119,4,3,0
BRDA:119,4,4,0
BRDA:156,5,0,0
BRDA:156,5,1,0
BRDA:192,6,0,0
BRDA:192,6,1,0
BRDA:193,7,0,0
BRDA:193,7,1,0
BRDA:194,8,0,0
BRDA:194,8,1,0
BRDA:195,9,0,0
BRDA:195,9,1,0
BRDA:196,10,0,0
BRDA:196,10,1,0
BRDA:233,11,0,0
BRDA:295,12,0,0
BRDA:295,12,1,0
BRDA:310,13,0,0
BRDA:310,13,1,0
BRDA:402,14,0,0
BRDA:442,15,0,0
BRDA:442,15,1,0
BRDA:447,16,0,0
BRDA:447,16,1,0
BRDA:452,17,0,0
BRDA:452,17,1,0
BRDA:488,18,0,0
BRDA:488,18,1,0
BRDA:550,19,0,0
BRDA:550,19,1,0
BRF:44
BRH:0
end_of_record
TN:
SF:app/(dashboard)/companies/[id]/locations/[locationId]/user/[userId]/userDetail/page.tsx
FN:14,getRandomBgColor
FN:28,(anonymous_2)
FN:39,(anonymous_3)
FN:56,UserDetailPage
FN:67,(anonymous_5)
FN:69,(anonymous_6)
FN:73,(anonymous_7)
FN:81,(anonymous_8)
FN:171,(anonymous_9)
FN:190,(anonymous_10)
FN:219,(anonymous_11)
FN:237,(anonymous_12)
FN:305,(anonymous_13)
FN:333,(anonymous_14)
FN:351,(anonymous_15)
FN:369,(anonymous_16)
FNF:16
FNH:0
FNDA:0,getRandomBgColor
FNDA:0,(anonymous_2)
FNDA:0,(anonymous_3)
FNDA:0,UserDetailPage
FNDA:0,(anonymous_5)
FNDA:0,(anonymous_6)
FNDA:0,(anonymous_7)
FNDA:0,(anonymous_8)
FNDA:0,(anonymous_9)
FNDA:0,(anonymous_10)
FNDA:0,(anonymous_11)
FNDA:0,(anonymous_12)
FNDA:0,(anonymous_13)
FNDA:0,(anonymous_14)
FNDA:0,(anonymous_15)
FNDA:0,(anonymous_16)
DA:3,0
DA:4,0
DA:5,0
DA:6,0
DA:7,0
DA:8,0
DA:9,0
DA:10,0
DA:11,0
DA:15,0
DA:20,0
DA:21,0
DA:22,0
DA:24,0
DA:25,0
DA:28,0
DA:29,0
DA:31,0
DA:33,0
DA:35,0
DA:39,0
DA:40,0
DA:42,0
DA:44,0
DA:46,0
DA:48,0
DA:50,0
DA:52,0
DA:56,0
DA:57,0
DA:58,0
DA:59,0
DA:60,0
DA:61,0
DA:63,0
DA:65,0
DA:66,0
DA:67,0
DA:69,0
DA:70,0
DA:73,0
DA:74,0
DA:75,0
DA:76,0
DA:77,0
DA:81,0
DA:83,0
DA:91,0
DA:101,0
DA:171,0
DA:190,0
DA:219,0
DA:237,0
DA:305,0
DA:333,0
DA:351,0
DA:369,0
LF:57
LH:0
BRDA:29,0,0,0
BRDA:29,0,1,0
BRDA:29,0,2,0
BRDA:40,1,0,0
BRDA:40,1,1,0
BRDA:40,1,2,0
BRDA:40,1,3,0
BRDA:40,1,4,0
BRDA:40,1,5,0
BRDA:66,2,0,0
BRDA:66,2,1,0
BRDA:91,3,0,0
BRDA:101,4,0,0
BRDA:174,5,0,0
BRDA:184,6,0,0
BRDA:184,6,1,0
BRDA:185,7,0,0
BRDA:193,8,0,0
BRDA:222,9,0,0
BRDA:240,10,0,0
BRDA:267,11,0,0
BRDA:273,12,0,0
BRDA:308,13,0,0
BRDA:336,14,0,0
BRDA:354,15,0,0
BRDA:372,16,0,0
BRF:26
BRH:0
end_of_record
TN:
SF:app/(dashboard)/customers/page.tsx
FN:5,Customers
FNF:1
FNH:0
FNDA:0,Customers
DA:3,0
DA:5,0
DA:6,0
LF:3
LH:0
BRF:0
BRH:0
end_of_record
TN:
SF:app/(dashboard)/history/page.tsx
FN:5,History
FNF:1
FNH:0
FNDA:0,History
DA:3,0
DA:5,0
DA:6,0
LF:3
LH:0
BRF:0
BRH:0
end_of_record
TN:
SF:app/(dashboard)/locations/page.tsx
FN:6,LocationsPage
FNF:1
FNH:0
FNDA:0,LocationsPage
DA:3,0
DA:6,0
DA:7,0
LF:3
LH:0
BRF:0
BRH:0
end_of_record
TN:
SF:app/(dashboard)/locations/[id]/page.tsx
FN:33,LocationDetailPage
FN:61,(anonymous_3)
FN:63,(anonymous_4)
FN:70,(anonymous_5)
FN:87,(anonymous_6)
FN:97,(anonymous_7)
FN:105,(anonymous_8)
FN:135,(anonymous_9)
FN:150,(anonymous_10)
FNF:9
FNH:0
FNDA:0,LocationDetailPage
FNDA:0,(anonymous_3)
FNDA:0,(anonymous_4)
FNDA:0,(anonymous_5)
FNDA:0,(anonymous_6)
FNDA:0,(anonymous_7)
FNDA:0,(anonymous_8)
FNDA:0,(anonymous_9)
FNDA:0,(anonymous_10)
DA:3,0
DA:4,0
DA:5,0
DA:6,0
DA:30,0
DA:31,0
DA:33,0
DA:34,0
DA:35,0
DA:37,0
DA:38,0
DA:39,0
DA:51,0
DA:54,0
DA:55,0
DA:57,0
DA:58,0
DA:61,0
DA:63,0
DA:64,0
DA:65,0
DA:66,0
DA:67,0
DA:70,0
DA:71,0
DA:72,0
DA:83,0
DA:87,0
DA:88,0
DA:89,0
DA:93,0
DA:97,0
DA:98,0
DA:99,0
DA:100,0
DA:101,0
DA:105,0
DA:106,0
DA:119,0
DA:121,0
DA:130,0
DA:135,0
DA:143,0
DA:150,0
DA:158,0
LF:45
LH:0
BRDA:34,0,0,0
BRDA:34,0,1,0
BRDA:35,1,0,0
BRDA:35,1,1,0
BRDA:35,2,0,0
BRDA:35,2,1,0
BRDA:64,3,0,0
BRDA:65,4,0,0
BRDA:66,5,0,0
BRDA:71,6,0,0
BRDA:88,7,0,0
BRDA:88,8,0,0
BRDA:88,8,1,0
BRDA:88,8,2,0
BRDA:88,8,3,0
BRDA:98,9,0,0
BRDA:119,10,0,0
BRDA:119,10,1,0
BRDA:121,11,0,0
BRDA:130,12,0,0
BRDA:143,13,0,0
BRF:21
BRH:0
end_of_record
TN:
SF:app/(dashboard)/manage-store/page.tsx
FN:5,ManageStore
FNF:1
FNH:0
FNDA:0,ManageStore
DA:3,0
DA:5,0
DA:6,0
LF:3
LH:0
BRF:0
BRH:0
end_of_record
TN:
SF:app/(dashboard)/product-list/page.tsx
FN:5,ProductList
FNF:1
FNH:0
FNDA:0,ProductList
DA:3,0
DA:5,0
DA:6,0
LF:3
LH:0
BRF:0
BRH:0
end_of_record
TN:
SF:app/(dashboard)/report/page.tsx
FN:5,Report
FNF:1
FNH:0
FNDA:0,Report
DA:3,0
DA:5,0
DA:6,0
LF:3
LH:0
BRF:0
BRH:0
end_of_record
TN:
SF:app/(dashboard)/roles/page.tsx
FN:7,RolesPage
FN:8,(anonymous_3)
FNF:2
FNH:0
FNDA:0,RolesPage
FNDA:0,(anonymous_3)
DA:3,0
DA:4,0
DA:5,0
DA:7,0
DA:8,0
DA:11,0
DA:12,0
DA:15,0
LF:8
LH:0
BRDA:11,0,0,0
BRF:1
BRH:0
end_of_record
TN:
SF:app/(dashboard)/support/page.tsx
FN:5,Support
FNF:1
FNH:0
FNDA:0,Support
DA:3,0
DA:5,0
DA:6,0
LF:3
LH:0
BRF:0
BRH:0
end_of_record
TN:
SF:app/(dashboard)/users/page.tsx
FN:5,Users
FNF:1
FNH:0
FNDA:0,Users
DA:3,0
DA:5,0
DA:6,0
LF:3
LH:0
BRF:0
BRH:0
end_of_record
TN:
SF:app/(dashboard)/users/[userId]/detail/page.tsx
FN:15,getRandomBgColor
FN:29,(anonymous_2)
FN:40,(anonymous_3)
FN:61,(anonymous_4)
FN:62,(anonymous_5)
FN:65,UserDetailPage
FN:76,(anonymous_7)
FN:79,(anonymous_8)
FN:81,(anonymous_9)
FN:85,(anonymous_10)
FN:93,(anonymous_11)
FN:161,(anonymous_12)
FN:408,(anonymous_13)
FN:427,(anonymous_14)
FN:453,(anonymous_15)
FN:472,(anonymous_16)
FN:519,(anonymous_17)
FNF:17
FNH:0
FNDA:0,getRandomBgColor
FNDA:0,(anonymous_2)
FNDA:0,(anonymous_3)
FNDA:0,(anonymous_4)
FNDA:0,(anonymous_5)
FNDA:0,UserDetailPage
FNDA:0,(anonymous_7)
FNDA:0,(anonymous_8)
FNDA:0,(anonymous_9)
FNDA:0,(anonymous_10)
FNDA:0,(anonymous_11)
FNDA:0,(anonymous_12)
FNDA:0,(anonymous_13)
FNDA:0,(anonymous_14)
FNDA:0,(anonymous_15)
FNDA:0,(anonymous_16)
FNDA:0,(anonymous_17)
DA:3,0
DA:4,0
DA:5,0
DA:6,0
DA:7,0
DA:8,0
DA:9,0
DA:10,0
DA:11,0
DA:12,0
DA:16,0
DA:21,0
DA:22,0
DA:23,0
DA:25,0
DA:26,0
DA:29,0
DA:30,0
DA:32,0
DA:34,0
DA:36,0
DA:40,0
DA:41,0
DA:43,0
DA:45,0
DA:47,0
DA:49,0
DA:51,0
DA:53,0
DA:55,0
DA:57,0
DA:61,0
DA:62,0
DA:65,0
DA:66,0
DA:67,0
DA:68,0
DA:70,0
DA:71,0
DA:73,0
DA:74,0
DA:75,0
DA:76,0
DA:79,0
DA:81,0
DA:82,0
DA:85,0
DA:86,0
DA:87,0
DA:88,0
DA:89,0
DA:93,0
DA:95,0
DA:103,0
DA:113,0
DA:161,0
DA:408,0
DA:427,0
DA:453,0
DA:472,0
DA:519,0
LF:61
LH:0
BRDA:30,0,0,0
BRDA:30,0,1,0
BRDA:30,0,2,0
BRDA:41,1,0,0
BRDA:41,1,1,0
BRDA:41,1,2,0
BRDA:41,1,3,0
BRDA:41,1,4,0
BRDA:41,1,5,0
BRDA:41,1,6,0
BRDA:41,1,7,0
BRDA:75,2,0,0
BRDA:75,2,1,0
BRDA:103,3,0,0
BRDA:103,4,0,0
BRDA:103,4,1,0
BRDA:113,5,0,0
BRDA:159,6,0,0
BRDA:159,6,1,0
BRDA:167,7,0,0
BRDA:167,7,1,0
BRDA:173,8,0,0
BRDA:173,8,1,0
BRDA:202,9,0,0
BRDA:208,10,0,0
BRDA:329,11,0,0
BRDA:369,12,0,0
BRDA:369,12,1,0
BRDA:411,13,0,0
BRDA:421,14,0,0
BRDA:421,14,1,0
BRDA:422,15,0,0
BRDA:430,16,0,0
BRDA:444,17,0,0
BRDA:456,18,0,0
BRDA:475,19,0,0
BRDA:494,20,0,0
BRDA:505,21,0,0
BRDA:522,22,0,0
BRF:39
BRH:0
end_of_record
TN:
SF:app/api/auth/google/token/route.ts
FN:3,POST
FNF:1
FNH:0
FNDA:0,POST
DA:1,0
DA:3,0
DA:4,0
DA:5,0
DA:7,0
DA:8,0
DA:15,0
DA:29,0
DA:30,0
DA:31,0
DA:32,0
DA:38,0
DA:41,0
DA:47,0
DA:48,0
DA:54,0
DA:57,0
DA:58,0
DA:74,0
DA:75,0
DA:76,0
DA:77,0
DA:78,0
DA:81,0
DA:82,0
DA:85,0
DA:86,0
DA:87,0
DA:90,0
DA:91,0
DA:94,0
DA:97,0
DA:121,0
DA:122,0
DA:123,0
DA:127,0
DA:128,0
LF:37
LH:0
BRDA:7,0,0,0
BRDA:29,1,0,0
BRDA:47,2,0,0
BRDA:74,3,0,0
BRDA:85,4,0,0
BRDA:85,5,0,0
BRDA:85,5,1,0
BRDA:85,5,2,0
BRF:8
BRH:0
end_of_record
TN:
SF:components/AuthDebug.tsx
FN:20,AuthDebug
FN:21,(anonymous_2)
FN:22,(anonymous_3)
FN:25,(anonymous_4)
FNF:4
FNH:0
FNDA:0,AuthDebug
FNDA:0,(anonymous_2)
FNDA:0,(anonymous_3)
FNDA:0,(anonymous_4)
DA:3,0
DA:4,0
DA:20,0
DA:21,0
DA:22,0
DA:23,0
DA:25,0
DA:26,0
DA:27,0
DA:29,0
DA:35,0
LF:11
LH:0
BRDA:31,0,0,0
BRDA:31,0,1,0
BRDA:35,1,0,0
BRDA:41,2,0,0
BRDA:41,2,1,0
BRDA:42,3,0,0
BRDA:42,3,1,0
BRDA:43,4,0,0
BRDA:43,4,1,0
BRDA:44,5,0,0
BRDA:44,5,1,0
BRDA:45,6,0,0
BRDA:45,6,1,0
BRF:13
BRH:0
end_of_record
TN:
SF:components/ErrorBoundary.tsx
FN:23,(anonymous_4)
FN:62,(anonymous_5)
FN:71,(anonymous_6)
FN:75,(anonymous_7)
FN:91,(anonymous_8)
FN:94,(anonymous_9)
FN:28,(anonymous_10)
FN:36,(anonymous_11)
FN:99,(anonymous_12)
FNF:9
FNH:0
FNDA:0,(anonymous_4)
FNDA:0,(anonymous_5)
FNDA:0,(anonymous_6)
FNDA:0,(anonymous_7)
FNDA:0,(anonymous_8)
FNDA:0,(anonymous_9)
FNDA:0,(anonymous_10)
FNDA:0,(anonymous_11)
FNDA:0,(anonymous_12)
DA:3,0
DA:4,0
DA:5,0
DA:6,0
DA:7,0
DA:24,0
DA:25,0
DA:29,0
DA:38,0
DA:50,0
DA:56,0
DA:59,0
DA:63,0
DA:72,0
DA:76,0
DA:77,0
DA:87,0
DA:90,0
DA:92,0
DA:95,0
DA:100,0
DA:101,0
DA:102,0
DA:180,0
DA:184,0
LF:25
LH:0
BRDA:100,0,0,0
BRDA:101,1,0,0
BRDA:153,2,0,0
BRDA:153,2,1,0
BRDA:163,3,0,0
BRF:5
BRH:0
end_of_record
TN:
SF:components/cart-summary.tsx
FN:19,CartSummary
FN:20,(anonymous_2)
FNF:2
FNH:0
FNDA:0,CartSummary
FNDA:0,(anonymous_2)
DA:3,0
DA:4,0
DA:19,0
DA:20,0
LF:4
LH:0
BRF:0
BRH:0
end_of_record
TN:
SF:components/catalogs.tsx
FN:43,Catalogs
FN:57,(anonymous_2)
FN:63,(anonymous_3)
FN:72,(anonymous_4)
FN:80,(anonymous_5)
FN:86,(anonymous_6)
FN:104,(anonymous_7)
FN:144,(anonymous_8)
FN:149,(anonymous_9)
FN:152,(anonymous_10)
FN:161,(anonymous_11)
FN:188,(anonymous_12)
FN:195,(anonymous_13)
FN:205,(anonymous_14)
FN:218,(anonymous_15)
FN:238,(anonymous_16)
FN:245,(anonymous_17)
FN:255,(anonymous_18)
FN:277,(anonymous_19)
FN:305,CatalogForm
FN:318,(anonymous_21)
FN:330,(anonymous_22)
FN:363,(anonymous_23)
FN:374,(anonymous_24)
FN:383,(anonymous_25)
FN:388,(anonymous_26)
FN:401,(anonymous_27)
FN:410,(anonymous_28)
FN:411,(anonymous_29)
FN:430,(anonymous_30)
FN:438,(anonymous_31)
FNF:31
FNH:0
FNDA:0,Catalogs
FNDA:0,(anonymous_2)
FNDA:0,(anonymous_3)
FNDA:0,(anonymous_4)
FNDA:0,(anonymous_5)
FNDA:0,(anonymous_6)
FNDA:0,(anonymous_7)
FNDA:0,(anonymous_8)
FNDA:0,(anonymous_9)
FNDA:0,(anonymous_10)
FNDA:0,(anonymous_11)
FNDA:0,(anonymous_12)
FNDA:0,(anonymous_13)
FNDA:0,(anonymous_14)
FNDA:0,(anonymous_15)
FNDA:0,(anonymous_16)
FNDA:0,(anonymous_17)
FNDA:0,(anonymous_18)
FNDA:0,(anonymous_19)
FNDA:0,CatalogForm
FNDA:0,(anonymous_21)
FNDA:0,(anonymous_22)
FNDA:0,(anonymous_23)
FNDA:0,(anonymous_24)
FNDA:0,(anonymous_25)
FNDA:0,(anonymous_26)
FNDA:0,(anonymous_27)
FNDA:0,(anonymous_28)
FNDA:0,(anonymous_29)
FNDA:0,(anonymous_30)
FNDA:0,(anonymous_31)
DA:5,0
DA:6,0
DA:7,0
DA:8,0
DA:9,0
DA:10,0
DA:18,0
DA:19,0
DA:20,0
DA:21,0
DA:22,0
DA:23,0
DA:24,0
DA:25,0
DA:26,0
DA:27,0
DA:43,0
DA:44,0
DA:45,0
DA:46,0
DA:47,0
DA:48,0
DA:49,0
DA:50,0
DA:51,0
DA:52,0
DA:53,0
DA:54,0
DA:56,0
DA:58,0
DA:63,0
DA:64,0
DA:69,0
DA:72,0
DA:73,0
DA:74,0
DA:75,0
DA:76,0
DA:80,0
DA:81,0
DA:82,0
DA:86,0
DA:87,0
DA:89,0
DA:91,0
DA:93,0
DA:95,0
DA:99,0
DA:105,0
DA:144,0
DA:149,0
DA:152,0
DA:162,0
DA:188,0
DA:196,0
DA:197,0
DA:205,0
DA:219,0
DA:238,0
DA:246,0
DA:247,0
DA:255,0
DA:277,0
DA:306,0
DA:307,0
DA:308,0
DA:309,0
DA:316,0
DA:318,0
DA:319,0
DA:320,0
DA:324,0
DA:325,0
DA:326,0
DA:331,0
DA:332,0
DA:335,0
DA:351,0
DA:352,0
DA:354,0
DA:355,0
DA:363,0
DA:374,0
DA:383,0
DA:389,0
DA:401,0
DA:410,0
DA:412,0
DA:430,0
LF:89
LH:0
BRDA:58,0,0,0
BRDA:58,0,1,0
BRDA:58,0,2,0
BRDA:58,1,0,0
BRDA:58,1,1,0
BRDA:59,2,0,0
BRDA:59,2,1,0
BRDA:60,3,0,0
BRDA:60,3,1,0
BRDA:66,4,0,0
BRDA:66,4,1,0
BRDA:67,5,0,0
BRDA:67,5,1,0
BRDA:73,6,0,0
BRDA:81,7,0,0
BRDA:87,8,0,0
BRDA:87,8,1,0
BRDA:87,8,2,0
BRDA:87,8,3,0
BRDA:99,9,0,0
BRDA:149,10,0,0
BRDA:149,10,1,0
BRDA:152,11,0,0
BRDA:152,11,1,0
BRDA:160,12,0,0
BRDA:169,13,0,0
BRDA:169,13,1,0
BRDA:169,14,0,0
BRDA:169,14,1,0
BRDA:171,15,0,0
BRDA:171,15,1,0
BRDA:177,16,0,0
BRDA:177,16,1,0
BRDA:181,17,0,0
BRDA:181,17,1,0
BRDA:185,18,0,0
BRDA:185,18,1,0
BRDA:227,19,0,0
BRDA:227,19,1,0
BRDA:227,20,0,0
BRDA:227,20,1,0
BRDA:229,21,0,0
BRDA:229,21,1,0
BRDA:231,22,0,0
BRDA:231,22,1,0
BRDA:232,23,0,0
BRDA:232,23,1,0
BRDA:233,24,0,0
BRDA:233,24,1,0
BRDA:269,25,0,0
BRDA:274,26,0,0
BRDA:274,26,1,0
BRDA:276,27,0,0
BRDA:292,28,0,0
BRDA:305,29,0,0
BRDA:310,30,0,0
BRDA:310,30,1,0
BRDA:311,31,0,0
BRDA:311,31,1,0
BRDA:312,32,0,0
BRDA:312,32,1,0
BRDA:313,33,0,0
BRDA:313,33,1,0
BRDA:314,34,0,0
BRDA:314,34,1,0
BRDA:327,35,0,0
BRDA:327,35,1,0
BRDA:331,36,0,0
BRDA:336,37,0,0
BRDA:336,37,1,0
BRDA:342,38,0,0
BRDA:342,38,1,0
BRDA:351,39,0,0
BRDA:351,39,1,0
BRDA:355,40,0,0
BRDA:355,40,1,0
BRDA:410,41,0,0
BRDA:410,41,1,0
BRDA:423,42,0,0
BRDA:430,43,0,0
BRDA:430,43,1,0
BRDA:442,44,0,0
BRDA:442,44,1,0
BRF:83
BRH:0
end_of_record
TN:
SF:components/companies.tsx
FN:55,Companies
FN:56,(anonymous_2)
FN:57,(anonymous_3)
FN:80,(anonymous_4)
FN:97,(anonymous_5)
FN:122,(anonymous_6)
FN:130,(anonymous_7)
FN:136,(anonymous_8)
FN:141,(anonymous_9)
FN:146,(anonymous_10)
FN:150,(anonymous_11)
FN:158,(anonymous_12)
FN:165,(anonymous_13)
FN:175,(anonymous_14)
FN:188,(anonymous_15)
FN:234,(anonymous_16)
FN:246,(anonymous_17)
FN:259,(anonymous_18)
FN:271,(anonymous_19)
FN:282,(anonymous_20)
FN:303,(anonymous_21)
FN:311,(anonymous_22)
FN:331,(anonymous_23)
FN:366,(anonymous_24)
FN:395,(anonymous_25)
FN:399,(anonymous_26)
FN:429,(anonymous_27)
FN:433,(anonymous_28)
FN:483,(anonymous_29)
FN:486,(anonymous_30)
FN:507,(anonymous_31)
FN:517,(anonymous_32)
FN:528,(anonymous_33)
FN:538,(anonymous_34)
FN:547,(anonymous_35)
FN:566,(anonymous_36)
FN:575,(anonymous_37)
FNF:37
FNH:0
FNDA:0,Companies
FNDA:0,(anonymous_2)
FNDA:0,(anonymous_3)
FNDA:0,(anonymous_4)
FNDA:0,(anonymous_5)
FNDA:0,(anonymous_6)
FNDA:0,(anonymous_7)
FNDA:0,(anonymous_8)
FNDA:0,(anonymous_9)
FNDA:0,(anonymous_10)
FNDA:0,(anonymous_11)
FNDA:0,(anonymous_12)
FNDA:0,(anonymous_13)
FNDA:0,(anonymous_14)
FNDA:0,(anonymous_15)
FNDA:0,(anonymous_16)
FNDA:0,(anonymous_17)
FNDA:0,(anonymous_18)
FNDA:0,(anonymous_19)
FNDA:0,(anonymous_20)
FNDA:0,(anonymous_21)
FNDA:0,(anonymous_22)
FNDA:0,(anonymous_23)
FNDA:0,(anonymous_24)
FNDA:0,(anonymous_25)
FNDA:0,(anonymous_26)
FNDA:0,(anonymous_27)
FNDA:0,(anonymous_28)
FNDA:0,(anonymous_29)
FNDA:0,(anonymous_30)
FNDA:0,(anonymous_31)
FNDA:0,(anonymous_32)
FNDA:0,(anonymous_33)
FNDA:0,(anonymous_34)
FNDA:0,(anonymous_35)
FNDA:0,(anonymous_36)
FNDA:0,(anonymous_37)
DA:3,0
DA:20,0
DA:21,0
DA:22,0
DA:23,0
DA:24,0
DA:25,0
DA:26,0
DA:27,0
DA:28,0
DA:29,0
DA:30,0
DA:31,0
DA:32,0
DA:33,0
DA:34,0
DA:36,0
DA:38,0
DA:55,0
DA:56,0
DA:57,0
DA:58,0
DA:59,0
DA:60,0
DA:61,0
DA:62,0
DA:71,0
DA:72,0
DA:73,0
DA:74,0
DA:75,0
DA:78,0
DA:80,0
DA:82,0
DA:84,0
DA:92,0
DA:95,0
DA:98,0
DA:99,0
DA:100,0
DA:110,0
DA:111,0
DA:120,0
DA:123,0
DA:128,0
DA:131,0
DA:136,0
DA:137,0
DA:141,0
DA:142,0
DA:146,0
DA:147,0
DA:148,0
DA:150,0
DA:151,0
DA:152,0
DA:153,0
DA:158,0
DA:159,0
DA:160,0
DA:164,0
DA:165,0
DA:166,0
DA:167,0
DA:170,0
DA:171,0
DA:175,0
DA:176,0
DA:184,0
DA:188,0
DA:189,0
DA:191,0
DA:193,0
DA:195,0
DA:197,0
DA:234,0
DA:246,0
DA:259,0
DA:271,0
DA:282,0
DA:303,0
DA:311,0
DA:331,0
DA:367,0
DA:396,0
DA:400,0
DA:401,0
DA:402,0
DA:403,0
DA:429,0
DA:433,0
DA:483,0
DA:486,0
DA:507,0
DA:517,0
DA:528,0
DA:538,0
DA:547,0
DA:566,0
DA:575,0
LF:100
LH:0
BRDA:82,0,0,0
BRDA:82,0,1,0
BRDA:84,1,0,0
BRDA:84,1,1,0
BRDA:110,2,0,0
BRDA:110,3,0,0
BRDA:110,3,1,0
BRDA:151,4,0,0
BRDA:159,5,0,0
BRDA:159,5,1,0
BRDA:164,6,0,0
BRDA:164,6,1,0
BRDA:164,7,0,0
BRDA:164,7,1,0
BRDA:166,8,0,0
BRDA:166,9,0,0
BRDA:166,9,1,0
BRDA:176,10,0,0
BRDA:189,11,0,0
BRDA:189,11,1,0
BRDA:189,11,2,0
BRDA:189,11,3,0
BRDA:354,12,0,0
BRDA:354,12,1,0
BRDA:355,13,0,0
BRDA:365,14,0,0
BRDA:365,14,1,0
BRDA:400,15,0,0
BRDA:400,15,1,0
BRDA:402,16,0,0
BRDA:477,17,0,0
BRDA:477,17,1,0
BRDA:500,18,0,0
BRF:33
BRH:0
end_of_record
TN:
SF:components/location.tsx
FN:59,Locations
FN:61,(anonymous_3)
FN:94,(anonymous_4)
FN:98,(anonymous_5)
FN:125,(anonymous_6)
FN:127,(anonymous_7)
FN:141,(anonymous_8)
FN:155,(anonymous_9)
FN:167,(anonymous_10)
FN:172,(anonymous_11)
FN:180,(anonymous_12)
FN:196,(anonymous_13)
FN:210,(anonymous_14)
FN:212,(anonymous_15)
FN:216,(anonymous_16)
FN:218,(anonymous_17)
FN:222,(anonymous_18)
FN:229,(anonymous_19)
FN:277,(anonymous_20)
FN:287,(anonymous_21)
FN:307,(anonymous_22)
FN:317,(anonymous_23)
FN:326,(anonymous_24)
FN:335,(anonymous_25)
FN:346,(anonymous_26)
FN:355,(anonymous_27)
FN:366,(anonymous_28)
FN:372,(anonymous_29)
FN:397,(anonymous_30)
FN:418,(anonymous_31)
FN:427,(anonymous_32)
FN:435,(anonymous_33)
FN:449,(anonymous_34)
FN:455,(anonymous_35)
FN:462,(anonymous_36)
FN:562,(anonymous_37)
FN:572,(anonymous_38)
FN:592,(anonymous_39)
FN:602,(anonymous_40)
FN:611,(anonymous_41)
FN:620,(anonymous_42)
FN:631,(anonymous_43)
FN:640,(anonymous_44)
FN:651,(anonymous_45)
FN:657,(anonymous_46)
FNF:45
FNH:0
FNDA:0,Locations
FNDA:0,(anonymous_3)
FNDA:0,(anonymous_4)
FNDA:0,(anonymous_5)
FNDA:0,(anonymous_6)
FNDA:0,(anonymous_7)
FNDA:0,(anonymous_8)
FNDA:0,(anonymous_9)
FNDA:0,(anonymous_10)
FNDA:0,(anonymous_11)
FNDA:0,(anonymous_12)
FNDA:0,(anonymous_13)
FNDA:0,(anonymous_14)
FNDA:0,(anonymous_15)
FNDA:0,(anonymous_16)
FNDA:0,(anonymous_17)
FNDA:0,(anonymous_18)
FNDA:0,(anonymous_19)
FNDA:0,(anonymous_20)
FNDA:0,(anonymous_21)
FNDA:0,(anonymous_22)
FNDA:0,(anonymous_23)
FNDA:0,(anonymous_24)
FNDA:0,(anonymous_25)
FNDA:0,(anonymous_26)
FNDA:0,(anonymous_27)
FNDA:0,(anonymous_28)
FNDA:0,(anonymous_29)
FNDA:0,(anonymous_30)
FNDA:0,(anonymous_31)
FNDA:0,(anonymous_32)
FNDA:0,(anonymous_33)
FNDA:0,(anonymous_34)
FNDA:0,(anonymous_35)
FNDA:0,(anonymous_36)
FNDA:0,(anonymous_37)
FNDA:0,(anonymous_38)
FNDA:0,(anonymous_39)
FNDA:0,(anonymous_40)
FNDA:0,(anonymous_41)
FNDA:0,(anonymous_42)
FNDA:0,(anonymous_43)
FNDA:0,(anonymous_44)
FNDA:0,(anonymous_45)
FNDA:0,(anonymous_46)
DA:3,0
DA:4,0
DA:5,0
DA:6,0
DA:7,0
DA:8,0
DA:9,0
DA:18,0
DA:19,0
DA:20,0
DA:31,0
DA:32,0
DA:33,0
DA:35,0
DA:36,0
DA:59,0
DA:60,0
DA:61,0
DA:62,0
DA:63,0
DA:64,0
DA:65,0
DA:67,0
DA:68,0
DA:69,0
DA:70,0
DA:71,0
DA:75,0
DA:76,0
DA:77,0
DA:78,0
DA:79,0
DA:80,0
DA:81,0
DA:82,0
DA:94,0
DA:95,0
DA:96,0
DA:97,0
DA:98,0
DA:101,0
DA:104,0
DA:105,0
DA:108,0
DA:109,0
DA:112,0
DA:113,0
DA:114,0
DA:115,0
DA:117,0
DA:120,0
DA:123,0
DA:124,0
DA:125,0
DA:126,0
DA:127,0
DA:130,0
DA:132,0
DA:141,0
DA:142,0
DA:143,0
DA:144,0
DA:146,0
DA:147,0
DA:149,0
DA:150,0
DA:151,0
DA:155,0
DA:156,0
DA:157,0
DA:161,0
DA:162,0
DA:163,0
DA:167,0
DA:168,0
DA:169,0
DA:172,0
DA:173,0
DA:174,0
DA:175,0
DA:176,0
DA:180,0
DA:181,0
DA:182,0
DA:193,0
DA:196,0
DA:197,0
DA:210,0
DA:211,0
DA:212,0
DA:216,0
DA:217,0
DA:218,0
DA:222,0
DA:223,0
DA:224,0
DA:225,0
DA:226,0
DA:229,0
DA:230,0
DA:231,0
DA:236,0
DA:238,0
DA:277,0
DA:287,0
DA:307,0
DA:317,0
DA:326,0
DA:335,0
DA:346,0
DA:355,0
DA:366,0
DA:372,0
DA:397,0
DA:419,0
DA:428,0
DA:429,0
DA:435,0
DA:449,0
DA:456,0
DA:457,0
DA:463,0
DA:464,0
DA:562,0
DA:572,0
DA:592,0
DA:602,0
DA:611,0
DA:620,0
DA:631,0
DA:640,0
DA:651,0
DA:657,0
LF:133
LH:0
BRDA:64,0,0,0
BRDA:64,0,1,0
BRDA:64,0,2,0
BRDA:67,1,0,0
BRDA:67,2,0,0
BRDA:67,2,1,0
BRDA:68,3,0,0
BRDA:68,3,1,0
BRDA:68,4,0,0
BRDA:68,4,1,0
BRDA:70,5,0,0
BRDA:70,6,0,0
BRDA:70,6,1,0
BRDA:105,7,0,0
BRDA:105,7,1,0
BRDA:108,8,0,0
BRDA:108,8,1,0
BRDA:109,9,0,0
BRDA:109,9,1,0
BRDA:120,10,0,0
BRDA:120,10,1,0
BRDA:124,11,0,0
BRDA:124,11,1,0
BRDA:126,12,0,0
BRDA:132,13,0,0
BRDA:132,13,1,0
BRDA:134,14,0,0
BRDA:134,14,1,0
BRDA:142,15,0,0
BRDA:142,16,0,0
BRDA:142,16,1,0
BRDA:142,16,2,0
BRDA:146,17,0,0
BRDA:156,18,0,0
BRDA:156,19,0,0
BRDA:156,19,1,0
BRDA:156,19,2,0
BRDA:156,19,3,0
BRDA:173,20,0,0
BRDA:211,21,0,0
BRDA:217,22,0,0
BRDA:223,23,0,0
BRDA:224,24,0,0
BRDA:225,25,0,0
BRDA:230,26,0,0
BRDA:236,27,0,0
BRDA:236,27,1,0
BRDA:236,27,2,0
BRDA:238,28,0,0
BRDA:376,29,0,0
BRDA:376,29,1,0
BRDA:416,30,0,0
BRDA:425,31,0,0
BRDA:500,32,0,0
BRDA:522,33,0,0
BRDA:522,33,1,0
BRDA:531,34,0,0
BRDA:531,34,1,0
BRDA:661,35,0,0
BRDA:661,35,1,0
BRDA:690,36,0,0
BRDA:690,36,1,0
BRF:62
BRH:0
end_of_record
TN:
SF:components/navbar.tsx
FN:47,Navbar
FN:50,(anonymous_3)
FN:57,(anonymous_4)
FN:60,(anonymous_5)
FN:72,(anonymous_6)
FN:149,(anonymous_7)
FNF:6
FNH:0
FNDA:0,Navbar
FNDA:0,(anonymous_3)
FNDA:0,(anonymous_4)
FNDA:0,(anonymous_5)
FNDA:0,(anonymous_6)
FNDA:0,(anonymous_7)
DA:3,0
DA:4,0
DA:5,0
DA:6,0
DA:21,0
DA:22,0
DA:23,0
DA:24,0
DA:32,0
DA:47,0
DA:48,0
DA:50,0
DA:52,0
DA:53,0
DA:57,0
DA:60,0
DA:62,0
DA:63,0
DA:64,0
DA:67,0
DA:68,0
DA:69,0
DA:71,0
DA:73,0
DA:74,0
DA:79,0
DA:83,0
DA:84,0
DA:150,0
DA:151,0
DA:152,0
LF:31
LH:0
BRDA:47,0,0,0
BRDA:52,1,0,0
BRDA:62,2,0,0
BRDA:63,3,0,0
BRDA:67,4,0,0
BRDA:68,5,0,0
BRDA:73,6,0,0
BRDA:73,7,0,0
BRDA:73,7,1,0
BRDA:83,8,0,0
BRDA:92,9,0,0
BRDA:99,10,0,0
BRDA:99,10,1,0
BRDA:100,11,0,0
BRDA:100,11,1,0
BRDA:104,12,0,0
BRDA:104,12,1,0
BRDA:158,13,0,0
BRDA:158,13,1,0
BRDA:162,14,0,0
BRDA:162,14,1,0
BRF:21
BRH:0
end_of_record
TN:
SF:components/numeric-keypad.tsx
FN:16,NumericKeypad
FN:19,(anonymous_2)
FN:25,(anonymous_3)
FN:30,(anonymous_4)
FN:36,(anonymous_5)
FN:41,(anonymous_6)
FN:47,(anonymous_7)
FN:57,(anonymous_8)
FN:60,(anonymous_9)
FN:73,(anonymous_10)
FN:93,(anonymous_11)
FN:98,(anonymous_12)
FN:115,(anonymous_13)
FN:123,(anonymous_14)
FNF:14
FNH:0
FNDA:0,NumericKeypad
FNDA:0,(anonymous_2)
FNDA:0,(anonymous_3)
FNDA:0,(anonymous_4)
FNDA:0,(anonymous_5)
FNDA:0,(anonymous_6)
FNDA:0,(anonymous_7)
FNDA:0,(anonymous_8)
FNDA:0,(anonymous_9)
FNDA:0,(anonymous_10)
FNDA:0,(anonymous_11)
FNDA:0,(anonymous_12)
FNDA:0,(anonymous_13)
FNDA:0,(anonymous_14)
DA:5,0
DA:6,0
DA:7,0
DA:8,0
DA:16,0
DA:17,0
DA:19,0
DA:20,0
DA:21,0
DA:22,0
DA:25,0
DA:26,0
DA:27,0
DA:30,0
DA:31,0
DA:32,0
DA:33,0
DA:36,0
DA:37,0
DA:38,0
DA:41,0
DA:42,0
DA:43,0
DA:44,0
DA:47,0
DA:48,0
DA:49,0
DA:50,0
DA:51,0
DA:52,0
DA:53,0
DA:57,0
DA:58,0
DA:60,0
DA:61,0
DA:62,0
DA:63,0
DA:64,0
DA:65,0
DA:66,0
DA:67,0
DA:68,0
DA:72,0
DA:73,0
DA:94,0
DA:98,0
DA:115,0
DA:123,0
LF:48
LH:0
BRDA:48,0,0,0
BRDA:48,0,1,0
BRDA:50,1,0,0
BRDA:50,1,1,0
BRDA:52,2,0,0
BRDA:58,3,0,0
BRDA:61,4,0,0
BRDA:61,4,1,0
BRDA:61,5,0,0
BRDA:61,5,1,0
BRDA:63,6,0,0
BRDA:63,6,1,0
BRDA:65,7,0,0
BRDA:65,7,1,0
BRDA:67,8,0,0
BRF:15
BRH:0
end_of_record
TN:
SF:components/order-summary.tsx
FN:20,OrderSummary
FN:36,(anonymous_2)
FNF:2
FNH:0
FNDA:0,OrderSummary
FNDA:0,(anonymous_2)
DA:3,0
DA:4,0
DA:20,0
DA:37,0
LF:4
LH:0
BRDA:33,0,0,0
BRF:1
BRH:0
end_of_record
TN:
SF:components/payment-method.tsx
FN:12,PaymentMethod
FN:26,(anonymous_2)
FN:38,(anonymous_3)
FNF:3
FNH:0
FNDA:0,PaymentMethod
FNDA:0,(anonymous_2)
FNDA:0,(anonymous_3)
DA:3,0
DA:4,0
DA:12,0
DA:26,0
DA:38,0
LF:5
LH:0
BRF:0
BRH:0
end_of_record
TN:
SF:components/product-categories.tsx
FN:57,ProductCategories
FN:85,(anonymous_2)
FN:90,(anonymous_3)
FN:95,(anonymous_4)
FN:108,(anonymous_5)
FN:123,(anonymous_6)
FN:133,(anonymous_7)
FN:147,(anonymous_8)
FN:196,(anonymous_9)
FN:205,(anonymous_10)
FN:213,(anonymous_11)
FN:218,(anonymous_12)
FN:234,(anonymous_13)
FN:239,(anonymous_14)
FN:253,(anonymous_15)
FN:265,(anonymous_16)
FN:291,(anonymous_17)
FN:300,(anonymous_18)
FN:307,(anonymous_19)
FN:317,(anonymous_20)
FN:337,(anonymous_21)
FN:345,(anonymous_22)
FN:375,(anonymous_23)
FN:379,(anonymous_24)
FN:385,(anonymous_25)
FN:400,(anonymous_26)
FN:429,(anonymous_27)
FN:440,(anonymous_28)
FN:449,(anonymous_29)
FN:457,(anonymous_30)
FN:462,(anonymous_31)
FN:478,(anonymous_32)
FN:483,(anonymous_33)
FN:497,(anonymous_34)
FN:509,(anonymous_35)
FNF:35
FNH:0
FNDA:0,ProductCategories
FNDA:0,(anonymous_2)
FNDA:0,(anonymous_3)
FNDA:0,(anonymous_4)
FNDA:0,(anonymous_5)
FNDA:0,(anonymous_6)
FNDA:0,(anonymous_7)
FNDA:0,(anonymous_8)
FNDA:0,(anonymous_9)
FNDA:0,(anonymous_10)
FNDA:0,(anonymous_11)
FNDA:0,(anonymous_12)
FNDA:0,(anonymous_13)
FNDA:0,(anonymous_14)
FNDA:0,(anonymous_15)
FNDA:0,(anonymous_16)
FNDA:0,(anonymous_17)
FNDA:0,(anonymous_18)
FNDA:0,(anonymous_19)
FNDA:0,(anonymous_20)
FNDA:0,(anonymous_21)
FNDA:0,(anonymous_22)
FNDA:0,(anonymous_23)
FNDA:0,(anonymous_24)
FNDA:0,(anonymous_25)
FNDA:0,(anonymous_26)
FNDA:0,(anonymous_27)
FNDA:0,(anonymous_28)
FNDA:0,(anonymous_29)
FNDA:0,(anonymous_30)
FNDA:0,(anonymous_31)
FNDA:0,(anonymous_32)
FNDA:0,(anonymous_33)
FNDA:0,(anonymous_34)
FNDA:0,(anonymous_35)
DA:3,0
DA:4,0
DA:5,0
DA:6,0
DA:7,0
DA:8,0
DA:9,0
DA:10,0
DA:11,0
DA:12,0
DA:13,0
DA:14,0
DA:15,0
DA:16,0
DA:17,0
DA:19,0
DA:20,0
DA:22,0
DA:33,0
DA:57,0
DA:58,0
DA:59,0
DA:60,0
DA:61,0
DA:62,0
DA:72,0
DA:73,0
DA:74,0
DA:75,0
DA:76,0
DA:77,0
DA:78,0
DA:79,0
DA:80,0
DA:81,0
DA:82,0
DA:83,0
DA:84,0
DA:85,0
DA:86,0
DA:89,0
DA:91,0
DA:95,0
DA:96,0
DA:104,0
DA:105,0
DA:108,0
DA:109,0
DA:111,0
DA:112,0
DA:116,0
DA:117,0
DA:119,0
DA:123,0
DA:124,0
DA:133,0
DA:134,0
DA:136,0
DA:137,0
DA:147,0
DA:148,0
DA:150,0
DA:152,0
DA:154,0
DA:158,0
DA:168,0
DA:196,0
DA:205,0
DA:213,0
DA:219,0
DA:234,0
DA:240,0
DA:253,0
DA:265,0
DA:291,0
DA:300,0
DA:307,0
DA:318,0
DA:337,0
DA:346,0
DA:375,0
DA:379,0
DA:385,0
DA:400,0
DA:429,0
DA:440,0
DA:449,0
DA:457,0
DA:463,0
DA:478,0
DA:484,0
DA:497,0
DA:509,0
LF:93
LH:0
BRDA:74,0,0,0
BRDA:78,1,0,0
BRDA:78,1,1,0
BRDA:80,2,0,0
BRDA:80,2,1,0
BRDA:89,3,0,0
BRDA:89,3,1,0
BRDA:89,4,0,0
BRDA:89,4,1,0
BRDA:100,5,0,0
BRDA:100,5,1,0
BRDA:100,6,0,0
BRDA:100,6,1,0
BRDA:101,7,0,0
BRDA:101,7,1,0
BRDA:101,8,0,0
BRDA:101,8,1,0
BRDA:102,9,0,0
BRDA:102,9,1,0
BRDA:109,10,0,0
BRDA:148,11,0,0
BRDA:148,11,1,0
BRDA:148,11,2,0
BRDA:158,12,0,0
BRDA:271,13,0,0
BRDA:271,13,1,0
BRDA:271,13,2,0
BRDA:271,13,3,0
BRDA:277,14,0,0
BRDA:277,14,1,0
BRDA:298,15,0,0
BRDA:298,15,1,0
BRDA:305,16,0,0
BRDA:305,16,1,0
BRDA:316,17,0,0
BRDA:316,18,0,0
BRDA:316,18,1,0
BRDA:330,19,0,0
BRDA:334,20,0,0
BRDA:334,20,1,0
BRDA:336,21,0,0
BRDA:344,22,0,0
BRDA:344,22,1,0
BRDA:353,23,0,0
BRDA:353,23,1,0
BRDA:356,24,0,0
BRDA:356,24,1,0
BRDA:361,25,0,0
BRDA:361,25,1,0
BRDA:394,26,0,0
BRDA:394,26,1,0
BRDA:515,27,0,0
BRDA:515,27,1,0
BRDA:515,27,2,0
BRDA:515,27,3,0
BRDA:521,28,0,0
BRDA:521,28,1,0
BRF:57
BRH:0
end_of_record
TN:
SF:components/product-form.tsx
FN:22,ProductForm
FN:24,(anonymous_2)
FN:56,(anonymous_3)
FN:104,(anonymous_4)
FN:105,(anonymous_5)
FN:123,(anonymous_6)
FN:134,(anonymous_7)
FN:147,(anonymous_8)
FN:161,(anonymous_9)
FN:173,(anonymous_10)
FN:194,(anonymous_11)
FN:203,(anonymous_12)
FNF:12
FNH:0
FNDA:0,ProductForm
FNDA:0,(anonymous_2)
FNDA:0,(anonymous_3)
FNDA:0,(anonymous_4)
FNDA:0,(anonymous_5)
FNDA:0,(anonymous_6)
FNDA:0,(anonymous_7)
FNDA:0,(anonymous_8)
FNDA:0,(anonymous_9)
FNDA:0,(anonymous_10)
FNDA:0,(anonymous_11)
FNDA:0,(anonymous_12)
DA:3,0
DA:4,0
DA:5,0
DA:6,0
DA:7,0
DA:8,0
DA:9,0
DA:10,0
DA:11,0
DA:12,0
DA:22,0
DA:23,0
DA:24,0
DA:25,0
DA:28,0
DA:31,0
DA:34,0
DA:44,0
DA:54,0
DA:56,0
DA:57,0
DA:59,0
DA:61,0
DA:63,0
DA:64,0
DA:65,0
DA:68,0
DA:71,0
DA:72,0
DA:73,0
DA:76,0
DA:77,0
DA:78,0
DA:82,0
DA:89,0
DA:90,0
DA:95,0
DA:98,0
DA:100,0
DA:104,0
DA:105,0
DA:123,0
DA:134,0
DA:147,0
DA:161,0
DA:173,0
DA:194,0
DA:203,0
LF:48
LH:0
BRDA:45,0,0,0
BRDA:45,0,1,0
BRDA:46,1,0,0
BRDA:46,1,1,0
BRDA:47,2,0,0
BRDA:47,2,1,0
BRDA:50,3,0,0
BRDA:50,3,1,0
BRDA:51,4,0,0
BRDA:51,4,1,0
BRDA:61,5,0,0
BRDA:61,5,1,0
BRDA:68,6,0,0
BRDA:68,6,1,0
BRDA:71,7,0,0
BRDA:76,8,0,0
BRDA:89,9,0,0
BRDA:89,9,1,0
BRDA:113,10,0,0
BRDA:219,11,0,0
BRDA:219,11,1,0
BRDA:219,11,2,0
BRDA:222,12,0,0
BRDA:222,12,1,0
BRDA:222,13,0,0
BRDA:222,13,1,0
BRDA:223,14,0,0
BRDA:223,14,1,0
BRDA:224,15,0,0
BRDA:224,15,1,0
BRDA:226,16,0,0
BRF:31
BRH:0
end_of_record
TN:
SF:components/product-grid.tsx
FN:44,(anonymous_1)
FN:59,(anonymous_2)
FN:62,(anonymous_3)
FN:66,(anonymous_4)
FN:70,(anonymous_5)
FN:136,(anonymous_6)
FN:150,(anonymous_7)
FN:169,(anonymous_8)
FN:209,(anonymous_9)
FN:223,(anonymous_10)
FN:242,(anonymous_11)
FN:305,(anonymous_12)
FN:316,(anonymous_13)
FN:320,(anonymous_14)
FN:328,(anonymous_15)
FN:444,ProductGrid
FN:460,(anonymous_17)
FN:461,(anonymous_18)
FN:464,(anonymous_19)
FN:468,(anonymous_20)
FN:471,(anonymous_21)
FN:478,(anonymous_22)
FN:481,(anonymous_23)
FN:534,(anonymous_24)
FN:635,(anonymous_25)
FN:657,(anonymous_26)
FN:666,(anonymous_27)
FN:685,(anonymous_28)
FN:691,(anonymous_29)
FNF:29
FNH:0
FNDA:0,(anonymous_1)
FNDA:0,(anonymous_2)
FNDA:0,(anonymous_3)
FNDA:0,(anonymous_4)
FNDA:0,(anonymous_5)
FNDA:0,(anonymous_6)
FNDA:0,(anonymous_7)
FNDA:0,(anonymous_8)
FNDA:0,(anonymous_9)
FNDA:0,(anonymous_10)
FNDA:0,(anonymous_11)
FNDA:0,(anonymous_12)
FNDA:0,(anonymous_13)
FNDA:0,(anonymous_14)
FNDA:0,(anonymous_15)
FNDA:0,ProductGrid
FNDA:0,(anonymous_17)
FNDA:0,(anonymous_18)
FNDA:0,(anonymous_19)
FNDA:0,(anonymous_20)
FNDA:0,(anonymous_21)
FNDA:0,(anonymous_22)
FNDA:0,(anonymous_23)
FNDA:0,(anonymous_24)
FNDA:0,(anonymous_25)
FNDA:0,(anonymous_26)
FNDA:0,(anonymous_27)
FNDA:0,(anonymous_28)
FNDA:0,(anonymous_29)
DA:3,0
DA:4,0
DA:5,0
DA:6,0
DA:7,0
DA:9,0
DA:43,0
DA:59,0
DA:60,0
DA:61,0
DA:62,0
DA:63,0
DA:66,0
DA:67,0
DA:70,0
DA:71,0
DA:74,0
DA:137,0
DA:138,0
DA:151,0
DA:152,0
DA:170,0
DA:171,0
DA:210,0
DA:211,0
DA:224,0
DA:225,0
DA:243,0
DA:244,0
DA:302,0
DA:304,0
DA:316,0
DA:317,0
DA:320,0
DA:321,0
DA:322,0
DA:324,0
DA:328,0
DA:329,0
DA:332,0
DA:442,0
DA:444,0
DA:459,0
DA:460,0
DA:461,0
DA:463,0
DA:464,0
DA:465,0
DA:468,0
DA:469,0
DA:471,0
DA:472,0
DA:475,0
DA:476,0
DA:478,0
DA:481,0
DA:482,0
DA:485,0
DA:535,0
DA:635,0
DA:657,0
DA:667,0
DA:685,0
DA:692,0
DA:693,0
LF:65
LH:0
BRDA:60,0,0,0
BRDA:60,0,1,0
BRDA:63,1,0,0
BRDA:63,1,1,0
BRDA:67,2,0,0
BRDA:67,2,1,0
BRDA:74,3,0,0
BRDA:80,4,0,0
BRDA:80,4,1,0
BRDA:97,5,0,0
BRDA:130,6,0,0
BRDA:132,7,0,0
BRDA:145,8,0,0
BRDA:195,9,0,0
BRDA:195,9,1,0
BRDA:203,10,0,0
BRDA:205,11,0,0
BRDA:218,12,0,0
BRDA:266,13,0,0
BRDA:309,14,0,0
BRDA:321,15,0,0
BRDA:321,15,1,0
BRDA:332,16,0,0
BRDA:452,17,0,0
BRDA:457,18,0,0
BRDA:465,19,0,0
BRDA:465,19,1,0
BRDA:469,20,0,0
BRDA:482,21,0,0
BRDA:485,22,0,0
BRDA:485,22,1,0
BRDA:487,23,0,0
BRDA:487,23,1,0
BRDA:492,24,0,0
BRDA:492,24,1,0
BRDA:505,25,0,0
BRDA:505,25,1,0
BRDA:512,26,0,0
BRDA:512,26,1,0
BRDA:520,27,0,0
BRDA:534,28,0,0
BRDA:552,29,0,0
BRDA:552,29,1,0
BRDA:554,30,0,0
BRDA:554,30,1,0
BRDA:559,31,0,0
BRDA:559,31,1,0
BRDA:566,32,0,0
BRDA:631,33,0,0
BRDA:648,34,0,0
BRF:50
BRH:0
end_of_record
TN:
SF:components/qr-code-display.tsx
FN:25,QRCodeDisplay
FN:34,(anonymous_3)
FN:42,(anonymous_4)
FN:52,(anonymous_5)
FN:60,(anonymous_6)
FN:64,(anonymous_7)
FNF:6
FNH:0
FNDA:0,QRCodeDisplay
FNDA:0,(anonymous_3)
FNDA:0,(anonymous_4)
FNDA:0,(anonymous_5)
FNDA:0,(anonymous_6)
FNDA:0,(anonymous_7)
DA:3,0
DA:5,0
DA:6,0
DA:7,0
DA:15,0
DA:16,0
DA:25,0
DA:31,0
DA:32,0
DA:34,0
DA:35,0
DA:36,0
DA:37,0
DA:38,0
DA:42,0
DA:44,0
DA:52,0
DA:53,0
DA:54,0
DA:55,0
DA:56,0
DA:57,0
DA:58,0
DA:60,0
DA:61,0
DA:62,0
DA:63,0
DA:64,0
DA:65,0
DA:66,0
DA:67,0
DA:68,0
DA:69,0
DA:70,0
DA:71,0
DA:76,0
DA:123,0
DA:124,0
LF:38
LH:0
BRDA:28,0,0,0
BRDA:29,1,0,0
BRDA:54,2,0,0
BRDA:65,3,0,0
BRDA:107,4,0,0
BRDA:108,5,0,0
BRDA:108,5,1,0
BRDA:123,6,0,0
BRF:8
BRH:0
end_of_record
TN:
SF:components/roles.tsx
FN:61,Roles
FN:62,(anonymous_2)
FN:89,(anonymous_3)
FN:99,(anonymous_4)
FN:108,(anonymous_5)
FN:115,(anonymous_6)
FN:121,(anonymous_7)
FN:132,(anonymous_8)
FN:142,(anonymous_9)
FN:152,(anonymous_10)
FN:157,(anonymous_11)
FN:161,(anonymous_12)
FN:166,(anonymous_13)
FN:167,(anonymous_14)
FN:197,(anonymous_15)
FN:206,(anonymous_16)
FN:211,(anonymous_17)
FN:269,(anonymous_18)
FN:294,(anonymous_19)
FN:298,(anonymous_20)
FN:325,(anonymous_21)
FN:338,(anonymous_22)
FN:338,(anonymous_23)
FN:347,(anonymous_24)
FN:347,(anonymous_25)
FN:352,(anonymous_26)
FN:356,(anonymous_27)
FNF:27
FNH:0
FNDA:0,Roles
FNDA:0,(anonymous_2)
FNDA:0,(anonymous_3)
FNDA:0,(anonymous_4)
FNDA:0,(anonymous_5)
FNDA:0,(anonymous_6)
FNDA:0,(anonymous_7)
FNDA:0,(anonymous_8)
FNDA:0,(anonymous_9)
FNDA:0,(anonymous_10)
FNDA:0,(anonymous_11)
FNDA:0,(anonymous_12)
FNDA:0,(anonymous_13)
FNDA:0,(anonymous_14)
FNDA:0,(anonymous_15)
FNDA:0,(anonymous_16)
FNDA:0,(anonymous_17)
FNDA:0,(anonymous_18)
FNDA:0,(anonymous_19)
FNDA:0,(anonymous_20)
FNDA:0,(anonymous_21)
FNDA:0,(anonymous_22)
FNDA:0,(anonymous_23)
FNDA:0,(anonymous_24)
FNDA:0,(anonymous_25)
FNDA:0,(anonymous_26)
FNDA:0,(anonymous_27)
DA:3,0
DA:4,0
DA:5,0
DA:6,0
DA:7,0
DA:8,0
DA:17,0
DA:18,0
DA:19,0
DA:20,0
DA:21,0
DA:22,0
DA:23,0
DA:24,0
DA:25,0
DA:26,0
DA:29,0
DA:61,0
DA:62,0
DA:65,0
DA:74,0
DA:75,0
DA:76,0
DA:77,0
DA:79,0
DA:84,0
DA:87,0
DA:90,0
DA:91,0
DA:92,0
DA:97,0
DA:100,0
DA:101,0
DA:106,0
DA:109,0
DA:114,0
DA:116,0
DA:121,0
DA:122,0
DA:123,0
DA:124,0
DA:125,0
DA:127,0
DA:132,0
DA:133,0
DA:134,0
DA:142,0
DA:143,0
DA:152,0
DA:153,0
DA:157,0
DA:158,0
DA:161,0
DA:165,0
DA:166,0
DA:167,0
DA:197,0
DA:206,0
DA:211,0
DA:270,0
DA:271,0
DA:273,0
DA:294,0
DA:298,0
DA:325,0
DA:338,0
DA:347,0
DA:352,0
DA:357,0
LF:69
LH:0
BRDA:65,0,0,0
BRDA:114,1,0,0
BRDA:114,1,1,0
BRDA:116,2,0,0
BRDA:116,2,1,0
BRDA:122,3,0,0
BRDA:122,3,1,0
BRDA:124,4,0,0
BRDA:124,4,1,0
BRDA:133,5,0,0
BRDA:133,6,0,0
BRDA:133,6,1,0
BRDA:147,7,0,0
BRDA:147,7,1,0
BRDA:165,8,0,0
BRDA:165,8,1,0
BRDA:166,9,0,0
BRDA:166,9,1,0
BRDA:167,10,0,0
BRDA:167,10,1,0
BRDA:167,11,0,0
BRDA:167,11,1,0
BRDA:258,12,0,0
BRDA:316,13,0,0
BRDA:325,14,0,0
BRDA:325,14,1,0
BRDA:337,15,0,0
BRDA:337,15,1,0
BRDA:338,16,0,0
BRDA:338,16,1,0
BRDA:346,17,0,0
BRDA:346,17,1,0
BRDA:347,18,0,0
BRDA:347,18,1,0
BRDA:357,19,0,0
BRF:35
BRH:0
end_of_record
TN:
SF:components/success-screen.tsx
FN:11,SuccessScreen
FNF:1
FNH:0
FNDA:0,SuccessScreen
DA:3,0
DA:4,0
DA:11,0
LF:3
LH:0
BRF:0
BRH:0
end_of_record
TN:
SF:components/theme-provider.tsx
FN:9,ThemeProvider
FN:12,(anonymous_5)
FNF:2
FNH:0
FNDA:0,ThemeProvider
FNDA:0,(anonymous_5)
DA:3,0
DA:7,0
DA:9,0
DA:10,0
DA:12,0
DA:13,0
DA:16,0
LF:7
LH:0
BRDA:16,0,0,0
BRF:1
BRH:0
end_of_record
TN:
SF:components/theme-toggle.tsx
FN:15,ThemeToggle
FN:28,(anonymous_5)
FN:31,(anonymous_6)
FN:34,(anonymous_7)
FNF:4
FNH:0
FNDA:0,ThemeToggle
FNDA:0,(anonymous_5)
FNDA:0,(anonymous_6)
FNDA:0,(anonymous_7)
DA:3,0
DA:4,0
DA:5,0
DA:7,0
DA:13,0
DA:15,0
DA:16,0
DA:28,0
DA:31,0
DA:34,0
LF:10
LH:0
BRF:0
BRH:0
end_of_record
TN:
SF:components/users.tsx
FN:52,(anonymous_2)
FN:70,(anonymous_3)
FN:74,(anonymous_4)
FN:80,(anonymous_5)
FN:84,(anonymous_6)
FN:89,(anonymous_7)
FN:91,(anonymous_8)
FN:126,Users
FN:146,(anonymous_10)
FN:150,(anonymous_11)
FN:162,(anonymous_12)
FN:168,(anonymous_13)
FN:174,(anonymous_14)
FN:180,(anonymous_15)
FN:188,(anonymous_16)
FN:194,(anonymous_17)
FN:206,(anonymous_18)
FN:207,(anonymous_19)
FN:218,(anonymous_20)
FN:222,(anonymous_21)
FN:223,(anonymous_22)
FN:238,(anonymous_23)
FN:272,(anonymous_24)
FN:273,(anonymous_25)
FN:278,(anonymous_26)
FN:282,(anonymous_27)
FN:285,(anonymous_28)
FN:290,(anonymous_29)
FN:309,(anonymous_30)
FN:323,(anonymous_31)
FN:327,(anonymous_32)
FN:331,(anonymous_33)
FN:362,(anonymous_34)
FN:376,(anonymous_35)
FN:386,(anonymous_36)
FN:392,(anonymous_37)
FN:448,(anonymous_38)
FN:457,(anonymous_39)
FN:468,(anonymous_40)
FN:477,(anonymous_41)
FN:501,(anonymous_42)
FN:517,(anonymous_43)
FN:528,(anonymous_44)
FN:530,(anonymous_45)
FN:542,(anonymous_46)
FN:548,(anonymous_47)
FN:559,(anonymous_48)
FN:599,(anonymous_49)
FN:614,(anonymous_50)
FN:630,(anonymous_51)
FN:696,(anonymous_52)
FN:700,(anonymous_53)
FN:746,(anonymous_54)
FN:752,(anonymous_55)
FN:760,(anonymous_56)
FN:814,(anonymous_57)
FN:816,(anonymous_58)
FN:823,(anonymous_59)
FN:884,(anonymous_60)
FN:890,(anonymous_61)
FN:898,(anonymous_62)
FN:933,(anonymous_63)
FN:946,(anonymous_64)
FN:971,(anonymous_65)
FN:980,(anonymous_66)
FN:991,(anonymous_67)
FN:1000,(anonymous_68)
FN:1008,(anonymous_69)
FN:1024,(anonymous_70)
FN:1035,(anonymous_71)
FN:1037,(anonymous_72)
FN:1049,(anonymous_73)
FN:1056,(anonymous_74)
FN:1067,(anonymous_75)
FN:1099,(anonymous_76)
FN:1106,(anonymous_77)
FNF:76
FNH:0
FNDA:0,(anonymous_2)
FNDA:0,(anonymous_3)
FNDA:0,(anonymous_4)
FNDA:0,(anonymous_5)
FNDA:0,(anonymous_6)
FNDA:0,(anonymous_7)
FNDA:0,(anonymous_8)
FNDA:0,Users
FNDA:0,(anonymous_10)
FNDA:0,(anonymous_11)
FNDA:0,(anonymous_12)
FNDA:0,(anonymous_13)
FNDA:0,(anonymous_14)
FNDA:0,(anonymous_15)
FNDA:0,(anonymous_16)
FNDA:0,(anonymous_17)
FNDA:0,(anonymous_18)
FNDA:0,(anonymous_19)
FNDA:0,(anonymous_20)
FNDA:0,(anonymous_21)
FNDA:0,(anonymous_22)
FNDA:0,(anonymous_23)
FNDA:0,(anonymous_24)
FNDA:0,(anonymous_25)
FNDA:0,(anonymous_26)
FNDA:0,(anonymous_27)
FNDA:0,(anonymous_28)
FNDA:0,(anonymous_29)
FNDA:0,(anonymous_30)
FNDA:0,(anonymous_31)
FNDA:0,(anonymous_32)
FNDA:0,(anonymous_33)
FNDA:0,(anonymous_34)
FNDA:0,(anonymous_35)
FNDA:0,(anonymous_36)
FNDA:0,(anonymous_37)
FNDA:0,(anonymous_38)
FNDA:0,(anonymous_39)
FNDA:0,(anonymous_40)
FNDA:0,(anonymous_41)
FNDA:0,(anonymous_42)
FNDA:0,(anonymous_43)
FNDA:0,(anonymous_44)
FNDA:0,(anonymous_45)
FNDA:0,(anonymous_46)
FNDA:0,(anonymous_47)
FNDA:0,(anonymous_48)
FNDA:0,(anonymous_49)
FNDA:0,(anonymous_50)
FNDA:0,(anonymous_51)
FNDA:0,(anonymous_52)
FNDA:0,(anonymous_53)
FNDA:0,(anonymous_54)
FNDA:0,(anonymous_55)
FNDA:0,(anonymous_56)
FNDA:0,(anonymous_57)
FNDA:0,(anonymous_58)
FNDA:0,(anonymous_59)
FNDA:0,(anonymous_60)
FNDA:0,(anonymous_61)
FNDA:0,(anonymous_62)
FNDA:0,(anonymous_63)
FNDA:0,(anonymous_64)
FNDA:0,(anonymous_65)
FNDA:0,(anonymous_66)
FNDA:0,(anonymous_67)
FNDA:0,(anonymous_68)
FNDA:0,(anonymous_69)
FNDA:0,(anonymous_70)
FNDA:0,(anonymous_71)
FNDA:0,(anonymous_72)
FNDA:0,(anonymous_73)
FNDA:0,(anonymous_74)
FNDA:0,(anonymous_75)
FNDA:0,(anonymous_76)
FNDA:0,(anonymous_77)
DA:3,0
DA:4,0
DA:20,0
DA:21,0
DA:22,0
DA:23,0
DA:24,0
DA:25,0
DA:26,0
DA:27,0
DA:28,0
DA:29,0
DA:30,0
DA:31,0
DA:32,0
DA:33,0
DA:34,0
DA:35,0
DA:36,0
DA:37,0
DA:52,0
DA:66,0
DA:67,0
DA:70,0
DA:71,0
DA:74,0
DA:75,0
DA:76,0
DA:77,0
DA:80,0
DA:81,0
DA:84,0
DA:85,0
DA:89,0
DA:90,0
DA:91,0
DA:92,0
DA:94,0
DA:95,0
DA:96,0
DA:124,0
DA:126,0
DA:127,0
DA:128,0
DA:129,0
DA:130,0
DA:131,0
DA:132,0
DA:133,0
DA:134,0
DA:135,0
DA:136,0
DA:139,0
DA:140,0
DA:146,0
DA:147,0
DA:150,0
DA:151,0
DA:155,0
DA:156,0
DA:157,0
DA:158,0
DA:159,0
DA:162,0
DA:163,0
DA:164,0
DA:168,0
DA:174,0
DA:176,0
DA:177,0
DA:179,0
DA:180,0
DA:181,0
DA:188,0
DA:189,0
DA:190,0
DA:193,0
DA:195,0
DA:197,0
DA:198,0
DA:199,0
DA:206,0
DA:207,0
DA:209,0
DA:210,0
DA:212,0
DA:213,0
DA:218,0
DA:222,0
DA:223,0
DA:224,0
DA:225,0
DA:226,0
DA:230,0
DA:231,0
DA:236,0
DA:238,0
DA:240,0
DA:243,0
DA:247,0
DA:250,0
DA:266,0
DA:267,0
DA:268,0
DA:269,0
DA:272,0
DA:273,0
DA:278,0
DA:279,0
DA:280,0
DA:282,0
DA:285,0
DA:289,0
DA:290,0
DA:292,0
DA:293,0
DA:296,0
DA:305,0
DA:309,0
DA:310,0
DA:312,0
DA:314,0
DA:316,0
DA:318,0
DA:323,0
DA:324,0
DA:327,0
DA:331,0
DA:332,0
DA:334,0
DA:336,0
DA:338,0
DA:339,0
DA:340,0
DA:342,0
DA:343,0
DA:347,0
DA:355,0
DA:357,0
DA:362,0
DA:363,0
DA:364,0
DA:372,0
DA:376,0
DA:377,0
DA:378,0
DA:379,0
DA:380,0
DA:382,0
DA:386,0
DA:387,0
DA:388,0
DA:392,0
DA:393,0
DA:401,0
DA:405,0
DA:448,0
DA:457,0
DA:468,0
DA:479,0
DA:480,0
DA:481,0
DA:483,0
DA:503,0
DA:504,0
DA:505,0
DA:506,0
DA:508,0
DA:519,0
DA:520,0
DA:523,0
DA:525,0
DA:526,0
DA:529,0
DA:530,0
DA:542,0
DA:549,0
DA:560,0
DA:561,0
DA:599,0
DA:614,0
DA:630,0
DA:697,0
DA:700,0
DA:746,0
DA:753,0
DA:754,0
DA:761,0
DA:762,0
DA:816,0
DA:817,0
DA:819,0
DA:824,0
DA:826,0
DA:829,0
DA:884,0
DA:891,0
DA:892,0
DA:899,0
DA:900,0
DA:933,0
DA:946,0
DA:971,0
DA:980,0
DA:991,0
DA:1000,0
DA:1010,0
DA:1011,0
DA:1012,0
DA:1013,0
DA:1015,0
DA:1026,0
DA:1027,0
DA:1030,0
DA:1032,0
DA:1033,0
DA:1036,0
DA:1037,0
DA:1049,0
DA:1057,0
DA:1068,0
DA:1069,0
DA:1100,0
DA:1101,0
DA:1106,0
LF:225
LH:0
BRDA:90,0,0,0
BRDA:90,1,0,0
BRDA:90,1,1,0
BRDA:90,1,2,0
BRDA:94,2,0,0
BRDA:115,3,0,0
BRDA:115,3,1,0
BRDA:151,4,0,0
BRDA:151,4,1,0
BRDA:176,5,0,0
BRDA:176,5,1,0
BRDA:177,6,0,0
BRDA:177,7,0,0
BRDA:177,7,1,0
BRDA:179,8,0,0
BRDA:189,9,0,0
BRDA:189,9,1,0
BRDA:193,10,0,0
BRDA:193,11,0,0
BRDA:193,11,1,0
BRDA:193,11,2,0
BRDA:193,11,3,0
BRDA:197,12,0,0
BRDA:209,13,0,0
BRDA:212,14,0,0
BRDA:230,15,0,0
BRDA:230,16,0,0
BRDA:230,16,1,0
BRDA:240,17,0,0
BRDA:240,17,1,0
BRDA:247,18,0,0
BRDA:247,18,1,0
BRDA:266,19,0,0
BRDA:266,19,1,0
BRDA:267,20,0,0
BRDA:267,20,1,0
BRDA:268,21,0,0
BRDA:268,21,1,0
BRDA:280,22,0,0
BRDA:280,22,1,0
BRDA:289,23,0,0
BRDA:289,24,0,0
BRDA:289,24,1,0
BRDA:292,25,0,0
BRDA:292,26,0,0
BRDA:292,26,1,0
BRDA:292,26,2,0
BRDA:292,26,3,0
BRDA:292,26,4,0
BRDA:297,27,0,0
BRDA:297,27,1,0
BRDA:297,27,2,0
BRDA:297,27,3,0
BRDA:310,28,0,0
BRDA:310,28,1,0
BRDA:310,28,2,0
BRDA:310,28,3,0
BRDA:338,29,0,0
BRDA:338,29,1,0
BRDA:370,30,0,0
BRDA:370,30,1,0
BRDA:405,31,0,0
BRDA:419,32,0,0
BRDA:419,32,1,0
BRDA:422,33,0,0
BRDA:422,33,1,0
BRDA:432,34,0,0
BRDA:432,34,1,0
BRDA:438,35,0,0
BRDA:438,35,1,0
BRDA:480,36,0,0
BRDA:480,37,0,0
BRDA:480,37,1,0
BRDA:503,38,0,0
BRDA:503,38,1,0
BRDA:503,39,0,0
BRDA:503,39,1,0
BRDA:503,39,2,0
BRDA:504,40,0,0
BRDA:504,40,1,0
BRDA:505,41,0,0
BRDA:505,41,1,0
BRDA:505,42,0,0
BRDA:505,42,1,0
BRDA:505,42,2,0
BRDA:513,43,0,0
BRDA:513,43,1,0
BRDA:519,44,0,0
BRDA:523,45,0,0
BRDA:523,46,0,0
BRDA:523,46,1,0
BRDA:525,47,0,0
BRDA:537,48,0,0
BRDA:537,48,1,0
BRDA:537,48,2,0
BRDA:541,49,0,0
BRDA:541,49,1,0
BRDA:567,50,0,0
BRDA:567,50,1,0
BRDA:569,51,0,0
BRDA:569,51,1,0
BRDA:586,52,0,0
BRDA:586,52,1,0
BRDA:591,53,0,0
BRDA:606,54,0,0
BRDA:627,55,0,0
BRDA:627,55,1,0
BRDA:658,56,0,0
BRDA:658,56,1,0
BRDA:669,57,0,0
BRDA:669,57,1,0
BRDA:678,58,0,0
BRDA:678,58,1,0
BRDA:683,59,0,0
BRDA:683,59,1,0
BRDA:686,60,0,0
BRDA:686,60,1,0
BRDA:688,61,0,0
BRDA:688,61,1,0
BRDA:706,62,0,0
BRDA:706,62,1,0
BRDA:707,63,0,0
BRDA:707,63,1,0
BRDA:712,64,0,0
BRDA:712,64,1,0
BRDA:712,65,0,0
BRDA:712,65,1,0
BRDA:721,66,0,0
BRDA:721,66,1,0
BRDA:725,67,0,0
BRDA:725,67,1,0
BRDA:727,68,0,0
BRDA:794,69,0,0
BRDA:794,69,1,0
BRDA:803,70,0,0
BRDA:803,70,1,0
BRDA:809,71,0,0
BRDA:809,71,1,0
BRDA:824,72,0,0
BRDA:824,72,1,0
BRDA:837,73,0,0
BRDA:837,73,1,0
BRDA:838,74,0,0
BRDA:838,74,1,0
BRDA:843,75,0,0
BRDA:843,75,1,0
BRDA:843,76,0,0
BRDA:843,76,1,0
BRDA:853,77,0,0
BRDA:853,77,1,0
BRDA:857,78,0,0
BRDA:857,78,1,0
BRDA:859,79,0,0
BRDA:865,80,0,0
BRDA:921,81,0,0
BRDA:921,81,1,0
BRDA:925,82,0,0
BRDA:925,82,1,0
BRDA:961,83,0,0
BRDA:961,83,1,0
BRDA:1010,84,0,0
BRDA:1010,84,1,0
BRDA:1010,85,0,0
BRDA:1010,85,1,0
BRDA:1012,86,0,0
BRDA:1012,86,1,0
BRDA:1020,87,0,0
BRDA:1020,87,1,0
BRDA:1026,88,0,0
BRDA:1030,89,0,0
BRDA:1030,90,0,0
BRDA:1030,90,1,0
BRDA:1032,91,0,0
BRDA:1044,92,0,0
BRDA:1048,93,0,0
BRDA:1048,93,1,0
BRDA:1049,94,0,0
BRDA:1049,94,1,0
BRDA:1075,95,0,0
BRDA:1075,95,1,0
BRDA:1077,96,0,0
BRDA:1077,96,1,0
BRDA:1106,97,0,0
BRDA:1106,97,1,0
BRF:184
BRH:0
end_of_record
TN:
SF:components/ui/accessible-button.tsx
FN:22,(anonymous_2)
FNF:1
FNH:0
FNDA:0,(anonymous_2)
DA:1,0
DA:2,0
DA:3,0
DA:21,0
DA:43,0
DA:44,0
DA:107,0
DA:109,0
LF:8
LH:0
BRDA:25,0,0,0
BRDA:26,1,0,0
BRDA:27,2,0,0
BRDA:30,3,0,0
BRDA:43,4,0,0
BRDA:43,4,1,0
BRDA:44,5,0,0
BRDA:44,5,1,0
BRDA:44,6,0,0
BRDA:44,6,1,0
BRDA:63,7,0,0
BRDA:89,8,0,0
BRDA:89,8,1,0
BRDA:95,9,0,0
BRDA:95,9,1,0
BRF:15
BRH:0
end_of_record
TN:
SF:components/ui/accordion.tsx
FNF:0
FNH:0
DA:3,0
DA:4,0
DA:5,0
DA:7,0
DA:9,0
DA:21,0
DA:41,0
DA:56,0
DA:58,0
LF:9
LH:0
BRF:0
BRH:0
end_of_record
TN:
SF:components/ui/alert-dialog.tsx
FNF:0
FNH:0
DA:3,0
DA:4,0
DA:6,0
DA:7,0
DA:9,0
DA:11,0
DA:13,0
DA:28,0
DA:46,0
DA:60,0
DA:74,0
DA:86,0
DA:98,0
DA:111,0
DA:127,0
DA:130,0
DA:131,0
DA:132,0
DA:133,0
DA:134,0
DA:135,0
DA:136,0
DA:137,0
DA:138,0
DA:139,0
DA:140,0
LF:26
LH:0
BRF:0
BRH:0
end_of_record
TN:
SF:components/ui/alert.tsx
FNF:0
FNH:0
DA:1,0
DA:2,0
DA:4,0
DA:6,0
DA:33,0
DA:45,0
DA:57,0
DA:59,0
LF:8
LH:0
BRF:0
BRH:0
end_of_record
TN:
SF:components/ui/aspect-ratio.tsx
FNF:0
FNH:0
DA:3,0
DA:5,0
DA:7,0
LF:3
LH:0
BRF:0
BRH:0
end_of_record
TN:
SF:components/ui/avatar.tsx
FNF:0
FNH:0
DA:3,0
DA:4,0
DA:6,0
DA:21,0
DA:33,0
DA:48,0
DA:50,0
LF:7
LH:0
BRF:0
BRH:0
end_of_record
TN:
SF:components/ui/badge.tsx
FN:30,Badge
FNF:1
FNH:1
FNDA:29,Badge
DA:1,1
DA:2,1
DA:4,1
DA:6,1
DA:36,29
LF:5
LH:5
BRF:0
BRH:0
end_of_record
TN:
SF:components/ui/breadcrumb.tsx
FN:47,(anonymous_14)
FNF:1
FNH:0
FNDA:0,(anonymous_14)
DA:1,0
DA:2,0
DA:3,0
DA:5,0
DA:13,0
DA:28,0
DA:40,0
DA:42,0
DA:48,0
DA:58,0
DA:73,0
DA:89,0
DA:105,0
DA:108,0
DA:109,0
DA:110,0
DA:111,0
DA:112,0
DA:113,0
DA:114,0
LF:20
LH:0
BRDA:48,0,0,0
BRDA:48,0,1,0
BRDA:86,1,0,0
BRDA:86,1,1,0
BRF:4
BRH:0
end_of_record
TN:
SF:components/ui/button.tsx
FN:43,(anonymous_6)
FNF:1
FNH:1
FNDA:87,(anonymous_6)
DA:1,1
DA:2,1
DA:3,1
DA:5,1
DA:7,1
DA:42,1
DA:44,87
DA:54,1
DA:56,87
LF:9
LH:9
BRDA:43,0,0,87
BRDA:44,1,0,0
BRDA:44,1,1,87
BRF:3
BRH:2
end_of_record
TN:
SF:components/ui/calendar.tsx
FN:12,Calendar
FNF:1
FNH:0
FNDA:0,Calendar
DA:3,0
DA:5,0
DA:7,0
DA:8,0
DA:60,0
DA:62,0
LF:6
LH:0
BRDA:15,0,0,0
BRF:1
BRH:0
end_of_record
TN:
SF:components/ui/card.tsx
FNF:0
FNH:0
DA:1,1
DA:3,1
DA:18,1
DA:30,1
DA:45,1
DA:57,1
DA:65,1
DA:77,1
DA:79,29
LF:9
LH:9
BRF:0
BRH:0
end_of_record
TN:
SF:components/ui/carousel.tsx
FN:35,useCarousel
FN:49,(anonymous_11)
FN:71,(anonymous_12)
FN:80,(anonymous_13)
FN:84,(anonymous_14)
FN:89,(anonymous_15)
FN:101,(anonymous_16)
FN:109,(anonymous_17)
FN:118,(anonymous_18)
FN:156,(anonymous_19)
FN:178,(anonymous_20)
FN:200,(anonymous_21)
FN:229,(anonymous_22)
FNF:13
FNH:0
FNDA:0,useCarousel
FNDA:0,(anonymous_11)
FNDA:0,(anonymous_12)
FNDA:0,(anonymous_13)
FNDA:0,(anonymous_14)
FNDA:0,(anonymous_15)
FNDA:0,(anonymous_16)
FNDA:0,(anonymous_17)
FNDA:0,(anonymous_18)
FNDA:0,(anonymous_19)
FNDA:0,(anonymous_20)
FNDA:0,(anonymous_21)
FNDA:0,(anonymous_22)
DA:3,0
DA:6,0
DA:7,0
DA:9,0
DA:10,0
DA:33,0
DA:36,0
DA:38,0
DA:39,0
DA:42,0
DA:45,0
DA:61,0
DA:68,0
DA:69,0
DA:71,0
DA:72,0
DA:73,0
DA:76,0
DA:77,0
DA:80,0
DA:81,0
DA:84,0
DA:85,0
DA:88,0
DA:90,0
DA:91,0
DA:92,0
DA:93,0
DA:94,0
DA:95,0
DA:101,0
DA:102,0
DA:103,0
DA:106,0
DA:109,0
DA:110,0
DA:111,0
DA:114,0
DA:115,0
DA:116,0
DA:118,0
DA:119,0
DA:151,0
DA:153,0
DA:157,0
DA:173,0
DA:175,0
DA:179,0
DA:195,0
DA:197,0
DA:201,0
DA:224,0
DA:226,0
DA:230,0
DA:253,0
DA:257,0
DA:258,0
DA:259,0
DA:260,0
DA:261,0
LF:60
LH:0
BRDA:38,0,0,0
BRDA:51,1,0,0
BRDA:64,2,0,0
BRDA:64,2,1,0
BRDA:72,3,0,0
BRDA:90,4,0,0
BRDA:90,4,1,0
BRDA:93,5,0,0
BRDA:102,6,0,0
BRDA:102,7,0,0
BRDA:102,7,1,0
BRDA:110,8,0,0
BRDA:130,9,0,0
BRDA:130,9,1,0
BRDA:130,10,0,0
BRDA:130,10,1,0
BRDA:165,11,0,0
BRDA:165,11,1,0
BRDA:188,12,0,0
BRDA:188,12,1,0
BRDA:200,13,0,0
BRDA:200,14,0,0
BRDA:210,15,0,0
BRDA:210,15,1,0
BRDA:229,16,0,0
BRDA:229,17,0,0
BRDA:239,18,0,0
BRDA:239,18,1,0
BRF:28
BRH:0
end_of_record
TN:
SF:components/ui/chart.tsx
FN:27,useChart
FN:45,(anonymous_11)
FN:70,(anonymous_12)
FN:72,(anonymous_13)
FN:84,(anonymous_14)
FN:87,(anonymous_15)
FN:116,(anonymous_16)
FN:136,(anonymous_17)
FN:188,(anonymous_18)
FN:269,(anonymous_19)
FN:288,(anonymous_20)
FN:320,getPayloadConfigFromPayload
FNF:12
FNH:0
FNDA:0,useChart
FNDA:0,(anonymous_11)
FNDA:0,(anonymous_12)
FNDA:0,(anonymous_13)
FNDA:0,(anonymous_14)
FNDA:0,(anonymous_15)
FNDA:0,(anonymous_16)
FNDA:0,(anonymous_17)
FNDA:0,(anonymous_18)
FNDA:0,(anonymous_19)
FNDA:0,(anonymous_20)
FNDA:0,getPayloadConfigFromPayload
DA:3,0
DA:4,0
DA:6,0
DA:9,0
DA:25,0
DA:28,0
DA:30,0
DA:31,0
DA:34,0
DA:37,0
DA:46,0
DA:47,0
DA:68,0
DA:70,0
DA:71,0
DA:72,0
DA:75,0
DA:76,0
DA:84,0
DA:89,0
DA:91,0
DA:103,0
DA:105,0
DA:134,0
DA:136,0
DA:137,0
DA:138,0
DA:141,0
DA:142,0
DA:143,0
DA:145,0
DA:149,0
DA:157,0
DA:158,0
DA:172,0
DA:173,0
DA:176,0
DA:189,0
DA:190,0
DA:191,0
DA:193,0
DA:257,0
DA:259,0
DA:261,0
DA:273,0
DA:275,0
DA:276,0
DA:289,0
DA:290,0
DA:292,0
DA:317,0
DA:325,0
DA:326,0
DA:330,0
DA:336,0
DA:338,0
DA:342,0
DA:343,0
DA:348,0
DA:353,0
DA:359,0
DA:360,0
DA:361,0
DA:362,0
DA:363,0
DA:364,0
LF:66
LH:0
BRDA:30,0,0,0
BRDA:47,1,0,0
BRDA:47,1,1,0
BRDA:72,2,0,0
BRDA:72,2,1,0
BRDA:75,3,0,0
BRDA:89,4,0,0
BRDA:89,4,1,0
BRDA:91,5,0,0
BRDA:91,5,1,0
BRDA:121,6,0,0
BRDA:122,7,0,0
BRDA:123,8,0,0
BRDA:137,9,0,0
BRDA:137,10,0,0
BRDA:137,10,1,0
BRDA:142,11,0,0
BRDA:142,11,1,0
BRDA:142,11,2,0
BRDA:142,11,3,0
BRDA:145,12,0,0
BRDA:145,12,1,0
BRDA:145,13,0,0
BRDA:145,13,1,0
BRDA:146,14,0,0
BRDA:146,14,1,0
BRDA:149,15,0,0
BRDA:157,16,0,0
BRDA:172,17,0,0
BRDA:172,18,0,0
BRDA:172,18,1,0
BRDA:176,19,0,0
BRDA:176,19,1,0
BRDA:186,20,0,0
BRDA:186,20,1,0
BRDA:189,21,0,0
BRDA:189,21,1,0
BRDA:189,21,2,0
BRDA:189,21,3,0
BRDA:191,22,0,0
BRDA:191,22,1,0
BRDA:191,22,2,0
BRDA:198,23,0,0
BRDA:198,23,1,0
BRDA:202,24,0,0
BRDA:201,25,0,0
BRDA:201,25,1,0
BRDA:201,25,2,0
BRDA:206,26,0,0
BRDA:208,27,0,0
BRDA:217,28,0,0
BRDA:217,28,1,0
BRDA:232,29,0,0
BRDA:232,29,1,0
BRDA:236,30,0,0
BRDA:236,30,1,0
BRDA:238,31,0,0
BRDA:238,31,1,0
BRDA:241,32,0,0
BRDA:270,33,0,0
BRDA:270,34,0,0
BRDA:275,35,0,0
BRDA:284,36,0,0
BRDA:284,36,1,0
BRDA:289,37,0,0
BRDA:289,37,1,0
BRDA:289,37,2,0
BRDA:300,38,0,0
BRDA:299,39,0,0
BRDA:299,39,1,0
BRDA:325,40,0,0
BRDA:325,41,0,0
BRDA:325,41,1,0
BRDA:330,42,0,0
BRDA:330,42,1,0
BRDA:330,43,0,0
BRDA:330,43,1,0
BRDA:330,43,2,0
BRDA:338,44,0,0
BRDA:338,44,1,0
BRDA:339,45,0,0
BRDA:339,45,1,0
BRDA:343,46,0,0
BRDA:344,47,0,0
BRDA:344,47,1,0
BRDA:344,47,2,0
BRDA:353,48,0,0
BRDA:353,48,1,0
BRF:88
BRH:0
end_of_record
TN:
SF:components/ui/checkbox.tsx
FNF:0
FNH:0
DA:3,0
DA:4,0
DA:5,0
DA:7,0
DA:28,0
DA:30,0
LF:6
LH:0
BRF:0
BRH:0
end_of_record
TN:
SF:components/ui/collapsible.tsx
FNF:0
FNH:0
DA:3,0
DA:5,0
DA:7,0
DA:9,0
DA:11,0
LF:5
LH:0
BRF:0
BRH:0
end_of_record
TN:
SF:components/ui/command.tsx
FN:26,(anonymous_14)
FN:127,(anonymous_21)
FNF:2
FNH:0
FNDA:0,(anonymous_14)
FNDA:0,(anonymous_21)
DA:3,0
DA:5,0
DA:6,0
DA:8,0
DA:9,0
DA:24,0
DA:26,0
DA:55,0
DA:68,0
DA:81,0
DA:97,0
DA:109,0
DA:125,0
DA:127,0
DA:141,0
DA:144,0
DA:145,0
DA:146,0
DA:147,0
DA:148,0
DA:149,0
DA:150,0
DA:151,0
DA:152,0
LF:24
LH:0
BRF:0
BRH:0
end_of_record
TN:
SF:components/ui/context-menu.tsx
FN:168,(anonymous_27)
FNF:1
FNH:0
FNDA:0,(anonymous_27)
DA:3,0
DA:4,0
DA:5,0
DA:7,0
DA:9,0
DA:11,0
DA:13,0
DA:15,0
DA:17,0
DA:19,0
DA:40,0
DA:55,0
DA:72,0
DA:90,0
DA:113,0
DA:136,0
DA:154,0
DA:166,0
DA:168,0
DA:182,0
DA:185,0
DA:186,0
DA:187,0
DA:188,0
DA:189,0
DA:190,0
DA:191,0
DA:192,0
DA:193,0
DA:194,0
DA:195,0
DA:196,0
DA:197,0
DA:198,0
DA:199,0
LF:35
LH:0
BRDA:31,0,0,0
BRDA:31,0,1,0
BRDA:84,1,0,0
BRDA:84,1,1,0
BRDA:148,2,0,0
BRDA:148,2,1,0
BRF:6
BRH:0
end_of_record
TN:
SF:components/ui/dialog.tsx
FNF:0
FNH:0
DA:3,0
DA:4,0
DA:5,0
DA:7,0
DA:9,0
DA:11,0
DA:13,0
DA:15,0
DA:30,0
DA:54,0
DA:68,0
DA:82,0
DA:97,0
DA:109,0
DA:112,0
DA:113,0
DA:114,0
DA:115,0
DA:116,0
DA:117,0
DA:118,0
DA:119,0
DA:120,0
DA:121,0
LF:24
LH:0
BRF:0
BRH:0
end_of_record
TN:
SF:components/ui/drawer.tsx
FNF:0
FNH:0
DA:3,0
DA:4,0
DA:6,0
DA:17,0
DA:19,0
DA:21,0
DA:23,0
DA:35,0
DA:56,0
DA:67,0
DA:78,0
DA:93,0
DA:105,0
DA:108,0
DA:109,0
DA:110,0
DA:111,0
DA:112,0
DA:113,0
DA:114,0
DA:115,0
DA:116,0
DA:117,0
LF:23
LH:0
BRDA:9,0,0,0
BRF:1
BRH:0
end_of_record
TN:
SF:components/ui/dropdown-menu.tsx
FN:171,(anonymous_27)
FNF:1
FNH:0
FNDA:0,(anonymous_27)
DA:3,0
DA:4,0
DA:5,0
DA:7,0
DA:9,0
DA:11,0
DA:13,0
DA:15,0
DA:17,0
DA:19,0
DA:40,0
DA:56,0
DA:75,0
DA:93,0
DA:116,0
DA:139,0
DA:157,0
DA:169,0
DA:171,0
DA:182,0
DA:185,0
DA:186,0
DA:187,0
DA:188,0
DA:189,0
DA:190,0
DA:191,0
DA:192,0
DA:193,0
DA:194,0
DA:195,0
DA:196,0
DA:197,0
DA:198,0
DA:199,0
LF:35
LH:0
BRDA:31,0,0,0
BRDA:31,0,1,0
BRDA:62,1,0,0
BRDA:87,2,0,0
BRDA:87,2,1,0
BRDA:151,3,0,0
BRDA:151,3,1,0
BRF:7
BRH:0
end_of_record
TN:
SF:components/ui/form.tsx
FN:31,(anonymous_12)
FN:44,(anonymous_13)
FN:78,(anonymous_14)
FN:92,(anonymous_15)
FN:109,(anonymous_16)
FN:131,(anonymous_17)
FN:148,(anonymous_18)
FNF:7
FNH:0
FNDA:0,(anonymous_12)
FNDA:0,(anonymous_13)
FNDA:0,(anonymous_14)
FNDA:0,(anonymous_15)
FNDA:0,(anonymous_16)
FNDA:0,(anonymous_17)
FNDA:0,(anonymous_18)
DA:3,0
DA:5,0
DA:13,0
DA:15,0
DA:16,0
DA:18,0
DA:27,0
DA:31,0
DA:44,0
DA:45,0
DA:46,0
DA:47,0
DA:49,0
DA:51,0
DA:52,0
DA:55,0
DA:57,0
DA:71,0
DA:75,0
DA:79,0
DA:87,0
DA:89,0
DA:93,0
DA:104,0
DA:106,0
DA:110,0
DA:126,0
DA:128,0
DA:132,0
DA:143,0
DA:145,0
DA:149,0
DA:150,0
DA:152,0
DA:153,0
DA:167,0
DA:170,0
DA:171,0
DA:172,0
DA:173,0
DA:174,0
DA:175,0
DA:176,0
DA:177,0
LF:44
LH:0
BRDA:51,0,0,0
BRDA:98,1,0,0
BRDA:98,1,1,0
BRDA:117,2,0,0
BRDA:117,2,1,0
BRDA:150,3,0,0
BRDA:150,3,1,0
BRDA:152,4,0,0
BRF:8
BRH:0
end_of_record
TN:
SF:components/ui/hover-card.tsx
FNF:0
FNH:0
DA:3,0
DA:4,0
DA:6,0
DA:8,0
DA:10,0
DA:27,0
DA:29,0
LF:7
LH:0
BRDA:15,0,0,0
BRDA:15,1,0,0
BRF:2
BRH:0
end_of_record
TN:
SF:components/ui/input-otp.tsx
FN:36,(anonymous_10)
FNF:1
FNH:0
FNDA:0,(anonymous_10)
DA:3,0
DA:4,0
DA:5,0
DA:7,0
DA:23,0
DA:31,0
DA:33,0
DA:37,0
DA:38,0
DA:59,0
DA:69,0
DA:71,0
LF:12
LH:0
BRDA:45,0,0,0
BRDA:45,0,1,0
BRDA:51,1,0,0
BRF:3
BRH:0
end_of_record
TN:
SF:components/ui/input.tsx
FN:6,(anonymous_4)
FNF:1
FNH:0
FNDA:0,(anonymous_4)
DA:1,0
DA:3,0
DA:5,0
DA:20,0
DA:22,0
LF:5
LH:0
BRF:0
BRH:0
end_of_record
TN:
SF:components/ui/label.tsx
FNF:0
FNH:0
DA:3,0
DA:4,0
DA:5,0
DA:7,0
DA:9,0
DA:24,0
DA:26,0
LF:7
LH:0
BRF:0
BRH:0
end_of_record
TN:
SF:components/ui/loading-states.tsx
FN:6,ProductCardSkeleton
FN:25,TableRowSkeleton
FN:28,(anonymous_13)
FN:36,TableSkeleton
FN:41,(anonymous_15)
FN:46,(anonymous_16)
FN:54,PageSkeleton
FN:65,(anonymous_18)
FN:74,FormSkeleton
FN:77,(anonymous_20)
FN:92,Spinner
FN:105,LoadingOverlay
FN:132,InfiniteScrollLoader
FN:142,SearchSkeleton
FN:147,(anonymous_25)
FN:156,ProfileSkeleton
FNF:16
FNH:0
FNDA:0,ProductCardSkeleton
FNDA:0,TableRowSkeleton
FNDA:0,(anonymous_13)
FNDA:0,TableSkeleton
FNDA:0,(anonymous_15)
FNDA:0,(anonymous_16)
FNDA:0,PageSkeleton
FNDA:0,(anonymous_18)
FNDA:0,FormSkeleton
FNDA:0,(anonymous_20)
FNDA:0,Spinner
FNDA:0,LoadingOverlay
FNDA:0,InfiniteScrollLoader
FNDA:0,SearchSkeleton
FNDA:0,(anonymous_25)
FNDA:0,ProfileSkeleton
DA:1,0
DA:2,0
DA:3,0
DA:6,0
DA:25,0
DA:29,0
DA:36,0
DA:42,0
DA:47,0
DA:54,0
DA:66,0
DA:74,0
DA:78,0
DA:92,0
DA:93,0
DA:105,0
DA:132,0
DA:142,0
DA:148,0
DA:156,0
LF:20
LH:0
BRDA:25,0,0,0
BRDA:36,1,0,0
BRDA:36,2,0,0
BRDA:74,3,0,0
BRDA:92,4,0,0
BRDA:108,5,0,0
BRF:6
BRH:0
end_of_record
TN:
SF:components/ui/loading.tsx
FN:12,(anonymous_2)
FN:30,(anonymous_5)
FN:56,(anonymous_7)
FNF:3
FNH:0
FNDA:0,(anonymous_2)
FNDA:0,(anonymous_5)
FNDA:0,(anonymous_7)
DA:1,0
DA:2,0
DA:3,0
DA:12,0
DA:18,0
DA:31,0
DA:56,0
DA:57,0
DA:59,0
DA:61,0
DA:63,0
DA:81,0
DA:83,0
LF:13
LH:0
BRDA:13,0,0,0
BRDA:16,1,0,0
BRDA:35,2,0,0
BRDA:35,2,1,0
BRDA:36,3,0,0
BRDA:36,3,1,0
BRDA:37,4,0,0
BRDA:37,4,1,0
BRDA:50,5,0,0
BRDA:50,5,1,0
BRDA:51,6,0,0
BRDA:51,6,1,0
BRDA:52,7,0,0
BRDA:52,7,1,0
BRDA:57,8,0,0
BRDA:57,8,1,0
BRDA:57,8,2,0
BRDA:71,9,0,0
BRF:18
BRH:0
end_of_record
TN:
SF:components/ui/menubar.tsx
FN:203,(anonymous_30)
FNF:1
FNH:0
FNDA:0,(anonymous_30)
DA:3,0
DA:4,0
DA:5,0
DA:7,0
DA:9,0
DA:11,0
DA:13,0
DA:15,0
DA:17,0
DA:32,0
DA:47,0
DA:68,0
DA:83,0
DA:108,0
DA:126,0
DA:149,0
DA:171,0
DA:189,0
DA:201,0
DA:203,0
DA:217,0
DA:220,0
DA:221,0
DA:222,0
DA:223,0
DA:224,0
DA:225,0
DA:226,0
DA:227,0
DA:228,0
DA:229,0
DA:230,0
DA:231,0
DA:232,0
DA:233,0
DA:234,0
DA:235,0
LF:37
LH:0
BRDA:59,0,0,0
BRDA:59,0,1,0
BRDA:90,1,0,0
BRDA:90,2,0,0
BRDA:90,3,0,0
BRDA:120,4,0,0
BRDA:120,4,1,0
BRDA:183,5,0,0
BRDA:183,5,1,0
BRF:9
BRH:0
end_of_record
TN:
SF:components/ui/navigation-menu.tsx
FNF:0
FNH:0
DA:1,0
DA:2,0
DA:3,0
DA:4,0
DA:6,0
DA:24,0
DA:39,0
DA:41,0
DA:43,0
DA:63,0
DA:78,0
DA:80,0
DA:97,0
DA:115,0
DA:119,0
DA:120,0
DA:121,0
DA:122,0
DA:123,0
DA:124,0
DA:125,0
DA:126,0
DA:127,0
LF:23
LH:0
BRF:0
BRH:0
end_of_record
TN:
SF:components/ui/optimized-image.tsx
FN:19,OptimizedImage
FN:37,(anonymous_6)
FN:45,(anonymous_7)
FN:86,ProductImage
FN:107,AvatarImage
FNF:5
FNH:0
FNDA:0,OptimizedImage
FNDA:0,(anonymous_6)
FNDA:0,(anonymous_7)
FNDA:0,ProductImage
FNDA:0,AvatarImage
DA:1,0
DA:2,0
DA:3,0
DA:19,0
DA:33,0
DA:34,0
DA:35,0
DA:37,0
DA:38,0
DA:39,0
DA:40,0
DA:41,0
DA:45,0
DA:46,0
DA:47,0
DA:86,0
DA:107,0
LF:17
LH:0
BRDA:22,0,0,0
BRDA:23,1,0,0
BRDA:25,2,0,0
BRDA:26,3,0,0
BRDA:28,4,0,0
BRDA:38,5,0,0
BRDA:59,6,0,0
BRDA:59,6,1,0
BRDA:60,7,0,0
BRDA:60,7,1,0
BRDA:71,8,0,0
BRDA:76,9,0,0
BRF:12
BRH:0
end_of_record
TN:
SF:components/ui/pagination.tsx
FNF:0
FNH:0
DA:1,0
DA:2,0
DA:4,0
DA:5,0
DA:15,0
DA:27,0
DA:35,0
DA:60,0
DA:76,0
DA:92,0
DA:107,0
DA:110,0
DA:111,0
DA:112,0
DA:113,0
DA:114,0
DA:115,0
DA:116,0
LF:18
LH:0
BRDA:45,0,0,0
BRDA:49,1,0,0
BRDA:49,1,1,0
BRDA:52,2,0,0
BRDA:52,2,1,0
BRF:5
BRH:0
end_of_record
TN:
SF:components/ui/popover.tsx
FNF:0
FNH:0
DA:3,0
DA:4,0
DA:6,0
DA:8,0
DA:10,0
DA:29,0
DA:31,0
LF:7
LH:0
BRDA:15,0,0,0
BRDA:15,1,0,0
BRF:2
BRH:0
end_of_record
TN:
SF:components/ui/progress.tsx
FNF:0
FNH:0
DA:3,0
DA:4,0
DA:6,0
DA:26,0
DA:28,0
LF:5
LH:0
BRDA:22,0,0,0
BRDA:22,0,1,0
BRF:2
BRH:0
end_of_record
TN:
SF:components/ui/radio-group.tsx
FN:12,(anonymous_6)
FN:26,(anonymous_7)
FNF:2
FNH:0
FNDA:0,(anonymous_6)
FNDA:0,(anonymous_7)
DA:3,0
DA:4,0
DA:5,0
DA:7,0
DA:9,0
DA:21,0
DA:23,0
DA:42,0
DA:44,0
LF:9
LH:0
BRF:0
BRH:0
end_of_record
TN:
SF:components/ui/resizable.tsx
FNF:0
FNH:0
DA:3,0
DA:4,0
DA:6,0
DA:21,0
DA:45,0
LF:5
LH:0
BRDA:37,0,0,0
BRF:1
BRH:0
end_of_record
TN:
SF:components/ui/scroll-area.tsx
FNF:0
FNH:0
DA:3,0
DA:4,0
DA:6,0
DA:24,0
DA:46,0
DA:48,0
LF:6
LH:0
BRDA:29,0,0,0
BRDA:35,1,0,0
BRDA:35,1,1,0
BRDA:37,2,0,0
BRDA:37,2,1,0
BRF:5
BRH:0
end_of_record
TN:
SF:components/ui/select.tsx
FNF:0
FNH:0
DA:3,0
DA:4,0
DA:5,0
DA:7,0
DA:9,0
DA:11,0
DA:13,0
DA:33,0
DA:50,0
DA:67,0
DA:100,0
DA:112,0
DA:135,0
DA:147,0
DA:150,0
DA:151,0
DA:152,0
DA:153,0
DA:154,0
DA:155,0
DA:156,0
DA:157,0
DA:158,0
DA:159,0
LF:24
LH:0
BRDA:73,0,0,0
BRDA:79,1,0,0
BRDA:79,1,1,0
BRDA:90,2,0,0
BRDA:90,2,1,0
BRF:5
BRH:0
end_of_record
TN:
SF:components/ui/separator.tsx
FNF:0
FNH:0
DA:3,0
DA:4,0
DA:6,0
DA:29,0
DA:31,0
LF:5
LH:0
BRDA:13,0,0,0
BRDA:13,1,0,0
BRDA:22,2,0,0
BRDA:22,2,1,0
BRF:4
BRH:0
end_of_record
TN:
SF:components/ui/sheet.tsx
FNF:0
FNH:0
DA:3,0
DA:4,0
DA:5,0
DA:6,0
DA:8,0
DA:10,0
DA:12,0
DA:14,0
DA:16,0
DA:31,0
DA:33,0
DA:75,0
DA:89,0
DA:103,0
DA:115,0
DA:127,0
DA:130,0
DA:131,0
DA:132,0
DA:133,0
DA:134,0
DA:135,0
DA:136,0
DA:137,0
DA:138,0
DA:139,0
LF:26
LH:0
BRDA:59,0,0,0
BRF:1
BRH:0
end_of_record
TN:
SF:components/ui/sidebar.tsx
FN:41,useSidebar
FN:58,(anonymous_29)
FN:78,(anonymous_30)
FN:93,(anonymous_31)
FN:95,(anonymous_32)
FN:96,(anonymous_33)
FN:100,(anonymous_34)
FN:101,(anonymous_35)
FN:113,(anonymous_36)
FN:123,(anonymous_37)
FN:170,(anonymous_38)
FN:268,(anonymous_39)
FN:278,(anonymous_40)
FN:294,(anonymous_41)
FN:323,(anonymous_42)
FN:341,(anonymous_43)
FN:359,(anonymous_44)
FN:374,(anonymous_45)
FN:389,(anonymous_46)
FN:404,(anonymous_47)
FN:422,(anonymous_48)
FN:437,(anonymous_49)
FN:458,(anonymous_50)
FN:547,(anonymous_54)
FN:604,(anonymous_55)
FN:655,(anonymous_57)
FN:657,(anonymous_58)
FN:718,(anonymous_61)
FNF:28
FNH:0
FNDA:0,useSidebar
FNDA:0,(anonymous_29)
FNDA:0,(anonymous_30)
FNDA:0,(anonymous_31)
FNDA:0,(anonymous_32)
FNDA:0,(anonymous_33)
FNDA:0,(anonymous_34)
FNDA:0,(anonymous_35)
FNDA:0,(anonymous_36)
FNDA:0,(anonymous_37)
FNDA:0,(anonymous_38)
FNDA:0,(anonymous_39)
FNDA:0,(anonymous_40)
FNDA:0,(anonymous_41)
FNDA:0,(anonymous_42)
FNDA:0,(anonymous_43)
FNDA:0,(anonymous_44)
FNDA:0,(anonymous_45)
FNDA:0,(anonymous_46)
FNDA:0,(anonymous_47)
FNDA:0,(anonymous_48)
FNDA:0,(anonymous_49)
FNDA:0,(anonymous_50)
FNDA:0,(anonymous_54)
FNDA:0,(anonymous_55)
FNDA:0,(anonymous_57)
FNDA:0,(anonymous_58)
FNDA:0,(anonymous_61)
DA:3,0
DA:4,0
DA:5,0
DA:6,0
DA:8,0
DA:9,0
DA:10,0
DA:11,0
DA:12,0
DA:13,0
DA:14,0
DA:20,0
DA:22,0
DA:23,0
DA:24,0
DA:25,0
DA:26,0
DA:27,0
DA:39,0
DA:42,0
DA:43,0
DA:44,0
DA:47,0
DA:50,0
DA:70,0
DA:71,0
DA:75,0
DA:76,0
DA:77,0
DA:79,0
DA:80,0
DA:81,0
DA:83,0
DA:87,0
DA:93,0
DA:94,0
DA:95,0
DA:96,0
DA:100,0
DA:101,0
DA:102,0
DA:106,0
DA:107,0
DA:111,0
DA:112,0
DA:113,0
DA:115,0
DA:120,0
DA:122,0
DA:123,0
DA:160,0
DA:162,0
DA:181,0
DA:183,0
DA:198,0
DA:263,0
DA:265,0
DA:269,0
DA:279,0
DA:280,0
DA:289,0
DA:291,0
DA:295,0
DA:318,0
DA:320,0
DA:336,0
DA:338,0
DA:354,0
DA:356,0
DA:369,0
DA:371,0
DA:384,0
DA:386,0
DA:399,0
DA:401,0
DA:417,0
DA:419,0
DA:432,0
DA:434,0
DA:438,0
DA:453,0
DA:455,0
DA:459,0
DA:476,0
DA:489,0
DA:502,0
DA:515,0
DA:517,0
DA:539,0
DA:559,0
DA:560,0
DA:573,0
DA:574,0
DA:577,0
DA:578,0
DA:596,0
DA:598,0
DA:605,0
DA:627,0
DA:648,0
DA:650,0
DA:657,0
DA:658,0
DA:686,0
DA:703,0
DA:709,0
DA:711,0
DA:719,0
DA:739,0
DA:742,0
DA:743,0
DA:744,0
DA:745,0
DA:746,0
DA:747,0
DA:748,0
DA:749,0
DA:750,0
DA:751,0
DA:752,0
DA:753,0
DA:754,0
DA:755,0
DA:756,0
DA:757,0
DA:758,0
DA:759,0
DA:760,0
DA:761,0
DA:762,0
DA:763,0
DA:764,0
DA:765,0
LF:133
LH:0
BRDA:43,0,0,0
BRDA:60,1,0,0
BRDA:76,2,0,0
BRDA:76,2,1,0
BRDA:79,3,0,0
BRDA:79,3,1,0
BRDA:80,4,0,0
BRDA:80,4,1,0
BRDA:94,5,0,0
BRDA:94,5,1,0
BRDA:102,6,0,0
BRDA:103,7,0,0
BRDA:103,7,1,0
BRDA:103,7,2,0
BRDA:111,8,0,0
BRDA:120,9,0,0
BRDA:120,9,1,0
BRDA:172,10,0,0
BRDA:173,11,0,0
BRDA:174,12,0,0
BRDA:183,13,0,0
BRDA:198,14,0,0
BRDA:223,15,0,0
BRDA:223,15,1,0
BRDA:233,16,0,0
BRDA:233,16,1,0
BRDA:233,17,0,0
BRDA:233,17,1,0
BRDA:241,18,0,0
BRDA:241,18,1,0
BRDA:245,19,0,0
BRDA:245,19,1,0
BRDA:245,20,0,0
BRDA:245,20,1,0
BRDA:437,21,0,0
BRDA:438,22,0,0
BRDA:438,22,1,0
BRDA:458,23,0,0
BRDA:459,24,0,0
BRDA:459,24,1,0
BRDA:549,25,0,0
BRDA:550,26,0,0
BRDA:551,27,0,0
BRDA:552,28,0,0
BRDA:559,29,0,0
BRDA:559,29,1,0
BRDA:573,30,0,0
BRDA:577,31,0,0
BRDA:589,32,0,0
BRDA:589,32,1,0
BRDA:604,33,0,0
BRDA:604,34,0,0
BRDA:605,35,0,0
BRDA:605,35,1,0
BRDA:619,36,0,0
BRDA:619,36,1,0
BRDA:655,37,0,0
BRDA:668,38,0,0
BRDA:718,39,0,0
BRDA:718,40,0,0
BRDA:719,41,0,0
BRDA:719,41,1,0
BRDA:730,42,0,0
BRDA:730,42,1,0
BRDA:731,43,0,0
BRDA:731,43,1,0
BRF:66
BRH:0
end_of_record
TN:
SF:components/ui/skeleton.tsx
FN:3,Skeleton
FNF:1
FNH:0
FNDA:0,Skeleton
DA:1,0
DA:15,0
LF:2
LH:0
BRF:0
BRH:0
end_of_record
TN:
SF:components/ui/slider.tsx
FNF:0
FNH:0
DA:3,0
DA:4,0
DA:6,0
DA:26,0
DA:28,0
LF:5
LH:0
BRF:0
BRH:0
end_of_record
TN:
SF:components/ui/sonner.tsx
FN:8,(anonymous_1)
FNF:1
FNH:0
FNDA:0,(anonymous_1)
DA:3,0
DA:4,0
DA:8,0
DA:9,0
DA:31,0
LF:5
LH:0
BRDA:9,0,0,0
BRF:1
BRH:0
end_of_record
TN:
SF:components/ui/switch.tsx
FNF:0
FNH:0
DA:3,0
DA:4,0
DA:6,0
DA:27,0
DA:29,0
LF:5
LH:0
BRF:0
BRH:0
end_of_record
TN:
SF:components/ui/table.tsx
FNF:0
FNH:0
DA:1,0
DA:3,0
DA:17,0
DA:25,0
DA:37,0
DA:52,0
DA:67,0
DA:82,0
DA:94,0
DA:106,0
DA:109,0
DA:110,0
DA:111,0
DA:112,0
DA:113,0
DA:114,0
DA:115,0
DA:116,0
LF:18
LH:0
BRF:0
BRH:0
end_of_record
TN:
SF:components/ui/tabs.tsx
FNF:0
FNH:0
DA:3,0
DA:4,0
DA:6,0
DA:8,0
DA:23,0
DA:38,0
DA:53,0
DA:55,0
LF:8
LH:0
BRF:0
BRH:0
end_of_record
TN:
SF:components/ui/textarea.tsx
FN:8,(anonymous_4)
FNF:1
FNH:0
FNDA:0,(anonymous_4)
DA:1,0
DA:3,0
DA:5,0
DA:20,0
DA:22,0
LF:5
LH:0
BRF:0
BRH:0
end_of_record
TN:
SF:components/ui/toast.tsx
FN:47,(anonymous_12)
FNF:1
FNH:0
FNDA:0,(anonymous_12)
DA:3,0
DA:4,0
DA:5,0
DA:6,0
DA:8,0
DA:10,0
DA:25,0
DA:27,0
DA:43,0
DA:56,0
DA:71,0
DA:89,0
DA:101,0
DA:113,0
DA:122,0
DA:123,0
DA:124,0
DA:125,0
DA:126,0
DA:127,0
DA:128,0
LF:21
LH:0
BRF:0
BRH:0
end_of_record
TN:
SF:components/ui/toaster.tsx
FN:13,Toaster
FN:18,(anonymous_2)
FNF:2
FNH:0
FNDA:0,Toaster
FNDA:0,(anonymous_2)
DA:3,0
DA:11,0
DA:13,0
DA:14,0
DA:19,0
LF:5
LH:0
BRDA:22,0,0,0
BRDA:23,1,0,0
BRF:2
BRH:0
end_of_record
TN:
SF:components/ui/toggle-group.tsx
FN:39,(anonymous_7)
FNF:1
FNH:0
FNDA:0,(anonymous_7)
DA:3,0
DA:4,0
DA:7,0
DA:8,0
DA:10,0
DA:33,0
DA:35,0
DA:40,0
DA:59,0
DA:61,0
LF:10
LH:0
BRDA:47,0,0,0
BRDA:47,0,1,0
BRDA:48,1,0,0
BRDA:48,1,1,0
BRF:4
BRH:0
end_of_record
TN:
SF:components/ui/toggle.tsx
FNF:0
FNH:0
DA:3,0
DA:4,0
DA:5,0
DA:7,0
DA:9,0
DA:43,0
DA:45,0
LF:7
LH:0
BRF:0
BRH:0
end_of_record
TN:
SF:components/ui/tooltip.tsx
FNF:0
FNH:0
DA:3,0
DA:4,0
DA:6,0
DA:8,0
DA:10,0
DA:12,0
DA:28,0
DA:30,0
LF:8
LH:0
BRDA:17,0,0,0
BRF:1
BRH:0
end_of_record
TN:
SF:components/ui/use-mobile.tsx
FN:5,useIsMobile
FN:8,(anonymous_5)
FN:12,(anonymous_6)
FN:17,(anonymous_7)
FNF:4
FNH:0
FNDA:0,useIsMobile
FNDA:0,(anonymous_5)
FNDA:0,(anonymous_6)
FNDA:0,(anonymous_7)
DA:1,0
DA:3,0
DA:5,0
DA:6,0
DA:8,0
DA:9,0
DA:11,0
DA:12,0
DA:13,0
DA:15,0
DA:16,0
DA:17,0
DA:20,0
LF:13
LH:0
BRDA:9,0,0,0
BRF:1
BRH:0
end_of_record
TN:
SF:components/ui/use-toast.ts
FN:30,genId
FN:61,(anonymous_8)
FN:66,(anonymous_9)
FN:77,(anonymous_10)
FN:88,(anonymous_11)
FN:101,(anonymous_12)
FN:108,(anonymous_13)
FN:127,(anonymous_14)
FN:136,dispatch
FN:138,(anonymous_16)
FN:145,toast
FN:148,(anonymous_18)
FN:153,(anonymous_19)
FN:161,(anonymous_20)
FN:174,useToast
FN:177,(anonymous_22)
FN:179,(anonymous_23)
FN:190,(anonymous_24)
FNF:18
FNH:0
FNDA:0,genId
FNDA:0,(anonymous_8)
FNDA:0,(anonymous_9)
FNDA:0,(anonymous_10)
FNDA:0,(anonymous_11)
FNDA:0,(anonymous_12)
FNDA:0,(anonymous_13)
FNDA:0,(anonymous_14)
FNDA:0,dispatch
FNDA:0,(anonymous_16)
FNDA:0,toast
FNDA:0,(anonymous_18)
FNDA:0,(anonymous_19)
FNDA:0,(anonymous_20)
FNDA:0,useToast
FNDA:0,(anonymous_22)
FNDA:0,(anonymous_23)
FNDA:0,(anonymous_24)
DA:4,0
DA:11,0
DA:12,0
DA:21,0
DA:28,0
DA:31,0
DA:32,0
DA:59,0
DA:61,0
DA:62,0
DA:63,0
DA:66,0
DA:67,0
DA:68,0
DA:74,0
DA:77,0
DA:78,0
DA:80,0
DA:86,0
DA:89,0
DA:94,0
DA:98,0
DA:99,0
DA:101,0
DA:102,0
DA:106,0
DA:109,0
DA:119,0
DA:120,0
DA:125,0
DA:127,0
DA:132,0
DA:134,0
DA:137,0
DA:138,0
DA:139,0
DA:146,0
DA:148,0
DA:149,0
DA:153,0
DA:155,0
DA:162,0
DA:167,0
DA:175,0
DA:177,0
DA:178,0
DA:179,0
DA:180,0
DA:181,0
DA:182,0
DA:187,0
DA:190,0
DA:194,0
LF:53
LH:0
BRDA:62,0,0,0
BRDA:78,1,0,0
BRDA:78,1,1,0
BRDA:78,1,2,0
BRDA:78,1,3,0
BRDA:89,2,0,0
BRDA:89,2,1,0
BRDA:98,3,0,0
BRDA:98,3,1,0
BRDA:109,4,0,0
BRDA:109,4,1,0
BRDA:109,5,0,0
BRDA:109,5,1,0
BRDA:119,6,0,0
BRDA:162,7,0,0
BRDA:181,8,0,0
BRF:16
BRH:0
end_of_record
TN:
SF:hooks/use-accessibility.ts
FN:16,(anonymous_7)
FN:31,(anonymous_8)
FN:34,(anonymous_9)
FN:35,(anonymous_10)
FN:40,(anonymous_11)
FN:47,(anonymous_12)
FN:51,(anonymous_13)
FN:64,(anonymous_14)
FN:68,(anonymous_15)
FN:74,(anonymous_16)
FN:83,(anonymous_17)
FN:98,(anonymous_18)
FN:102,(anonymous_19)
FN:115,(anonymous_20)
FN:121,(anonymous_21)
FN:130,(anonymous_22)
FN:139,(anonymous_23)
FN:146,(anonymous_24)
FN:165,(anonymous_25)
FN:171,(anonymous_26)
FN:181,(anonymous_27)
FN:214,(anonymous_28)
FN:217,(anonymous_29)
FN:231,(anonymous_30)
FN:232,(anonymous_31)
FN:242,(anonymous_32)
FN:247,(anonymous_33)
FN:252,(anonymous_34)
FN:256,(anonymous_35)
FN:269,(anonymous_36)
[...]
FN:17,AccountPage
FN:32,(anonymous_2)
FN:33,(anonymous_3)
FN:39,(anonymous_4)
FN:192,(anonymous_5)
FN:199,(anonymous_6)
FN:217,(anonymous_7)
FN:224,(anonymous_8)
FN:242,(anonymous_9)
FN:249,(anonymous_10)
FN:263,(anonymous_11)
FNF:11
FNH:0
FNDA:0,AccountPage
FNDA:0,(anonymous_2)
FNDA:0,(anonymous_3)
FNDA:0,(anonymous_4)
FNDA:0,(anonymous_5)
FNDA:0,(anonymous_6)
FNDA:0,(anonymous_7)
FNDA:0,(anonymous_8)
FNDA:0,(anonymous_9)
FNDA:0,(anonymous_10)
FNDA:0,(anonymous_11)
DA:3,0
DA:4,0
DA:5,0
DA:6,0
DA:7,0
DA:8,0
DA:9,0
DA:10,0
DA:11,0
DA:12,0
DA:13,0
DA:14,0
DA:15,0
DA:17,0
DA:18,0
DA:19,0
DA:20,0
DA:21,0
DA:22,0
DA:23,0
DA:28,0
DA:29,0
DA:30,0
DA:32,0
DA:33,0
DA:39,0
DA:40,0
DA:41,0
DA:46,0
DA:49,0
DA:50,0
DA:55,0
DA:58,0
DA:59,0
DA:60,0
DA:65,0
DA:70,0
DA:71,0
DA:77,0
DA:83,0
DA:192,0
DA:199,0
DA:217,0
DA:224,0
DA:242,0
DA:249,0
DA:263,0
LF:47
LH:0
BRDA:40,0,0,0
BRDA:49,1,0,0
BRDA:79,2,0,0
BRDA:79,2,1,0
BRDA:111,3,0,0
BRDA:111,3,1,0
BRDA:111,4,0,0
BRDA:111,4,1,0
BRDA:116,5,0,0
BRDA:116,5,1,0
BRDA:116,6,0,0
BRDA:116,6,1,0
BRDA:118,7,0,0
BRDA:118,7,1,0
BRDA:121,8,0,0
BRDA:121,8,1,0
BRDA:122,9,0,0
BRDA:122,9,1,0
BRDA:131,10,0,0
BRDA:131,10,1,0
BRDA:131,11,0,0
BRDA:131,11,1,0
BRDA:139,12,0,0
BRDA:139,12,1,0
BRDA:147,13,0,0
BRDA:147,13,1,0
BRDA:155,14,0,0
BRDA:155,14,1,0
BRDA:189,15,0,0
BRDA:189,15,1,0
BRDA:202,16,0,0
BRDA:214,17,0,0
BRDA:214,17,1,0
BRDA:227,18,0,0
BRDA:239,19,0,0
BRDA:239,19,1,0
BRDA:252,20,0,0
BRDA:273,21,0,0
BRDA:273,21,1,0
BRF:39
BRH:0
end_of_record
TN:
SF:pages/cashier-page.tsx
FN:55,CashierPage
FN:75,(anonymous_6)
FN:76,(anonymous_7)
FN:104,(anonymous_8)
FN:146,(anonymous_9)
FN:147,(anonymous_10)
FN:169,(anonymous_11)
FN:172,(anonymous_12)
FN:179,(anonymous_13)
FN:181,(anonymous_14)
FN:185,(anonymous_15)
FN:186,(anonymous_16)
FN:189,(anonymous_17)
FN:197,(anonymous_18)
FN:198,(anonymous_19)
FN:220,(anonymous_20)
FN:221,(anonymous_21)
FN:229,(anonymous_22)
FN:230,(anonymous_23)
FN:233,(anonymous_24)
FN:234,(anonymous_25)
FN:235,(anonymous_26)
FN:236,(anonymous_27)
FN:237,(anonymous_28)
FN:240,(anonymous_29)
FN:244,(anonymous_30)
FN:261,(anonymous_31)
FN:267,(anonymous_32)
FN:268,(anonymous_33)
FN:269,(anonymous_34)
FN:269,(anonymous_35)
FN:273,(anonymous_36)
FN:277,(anonymous_37)
FN:282,(anonymous_38)
FN:284,(anonymous_39)
FN:289,(anonymous_40)
FN:295,(anonymous_41)
FN:304,(anonymous_42)
FN:311,(anonymous_43)
FN:349,(anonymous_44)
FN:362,(anonymous_45)
FN:367,(anonymous_46)
FN:375,(anonymous_47)
FN:407,(anonymous_48)
FN:412,(anonymous_49)
FN:444,(anonymous_50)
FN:445,(anonymous_51)
FN:449,(anonymous_52)
FN:455,(anonymous_53)
FN:465,(anonymous_54)
FN:480,(anonymous_55)
FN:487,(anonymous_56)
FN:492,(anonymous_57)
FN:528,(anonymous_58)
FN:539,(anonymous_59)
FN:569,(anonymous_60)
FN:571,(anonymous_61)
FN:585,(anonymous_63)
FN:600,(anonymous_64)
FN:601,(anonymous_65)
FN:615,(anonymous_66)
FN:621,(anonymous_67)
FN:653,(anonymous_68)
FN:663,(anonymous_69)
FN:673,(anonymous_70)
FN:693,(anonymous_71)
FN:703,(anonymous_72)
FN:720,(anonymous_73)
FN:732,(anonymous_74)
FN:781,(anonymous_75)
FN:794,(anonymous_76)
FN:801,(anonymous_77)
FN:818,(anonymous_78)
FN:826,(anonymous_79)
FN:837,(anonymous_80)
FN:870,(anonymous_81)
FN:913,(anonymous_82)
FNF:77
FNH:0
FNDA:0,CashierPage
FNDA:0,(anonymous_6)
FNDA:0,(anonymous_7)
FNDA:0,(anonymous_8)
FNDA:0,(anonymous_9)
FNDA:0,(anonymous_10)
FNDA:0,(anonymous_11)
FNDA:0,(anonymous_12)
FNDA:0,(anonymous_13)
FNDA:0,(anonymous_14)
FNDA:0,(anonymous_15)
FNDA:0,(anonymous_16)
FNDA:0,(anonymous_17)
FNDA:0,(anonymous_18)
FNDA:0,(anonymous_19)
FNDA:0,(anonymous_20)
FNDA:0,(anonymous_21)
FNDA:0,(anonymous_22)
FNDA:0,(anonymous_23)
FNDA:0,(anonymous_24)
FNDA:0,(anonymous_25)
FNDA:0,(anonymous_26)
FNDA:0,(anonymous_27)
FNDA:0,(anonymous_28)
FNDA:0,(anonymous_29)
FNDA:0,(anonymous_30)
FNDA:0,(anonymous_31)
FNDA:0,(anonymous_32)
FNDA:0,(anonymous_33)
FNDA:0,(anonymous_34)
FNDA:0,(anonymous_35)
FNDA:0,(anonymous_36)
FNDA:0,(anonymous_37)
FNDA:0,(anonymous_38)
FNDA:0,(anonymous_39)
FNDA:0,(anonymous_40)
FNDA:0,(anonymous_41)
FNDA:0,(anonymous_42)
FNDA:0,(anonymous_43)
FNDA:0,(anonymous_44)
FNDA:0,(anonymous_45)
FNDA:0,(anonymous_46)
FNDA:0,(anonymous_47)
FNDA:0,(anonymous_48)
FNDA:0,(anonymous_49)
FNDA:0,(anonymous_50)
FNDA:0,(anonymous_51)
FNDA:0,(anonymous_52)
FNDA:0,(anonymous_53)
FNDA:0,(anonymous_54)
FNDA:0,(anonymous_55)
FNDA:0,(anonymous_56)
FNDA:0,(anonymous_57)
FNDA:0,(anonymous_58)
FNDA:0,(anonymous_59)
FNDA:0,(anonymous_60)
FNDA:0,(anonymous_61)
FNDA:0,(anonymous_63)
FNDA:0,(anonymous_64)
FNDA:0,(anonymous_65)
FNDA:0,(anonymous_66)
FNDA:0,(anonymous_67)
FNDA:0,(anonymous_68)
FNDA:0,(anonymous_69)
FNDA:0,(anonymous_70)
FNDA:0,(anonymous_71)
FNDA:0,(anonymous_72)
FNDA:0,(anonymous_73)
FNDA:0,(anonymous_74)
FNDA:0,(anonymous_75)
FNDA:0,(anonymous_76)
FNDA:0,(anonymous_77)
FNDA:0,(anonymous_78)
FNDA:0,(anonymous_79)
FNDA:0,(anonymous_80)
FNDA:0,(anonymous_81)
FNDA:0,(anonymous_82)
DA:3,0
DA:4,0
DA:5,0
DA:6,0
DA:7,0
DA:8,0
DA:9,0
DA:10,0
DA:11,0
DA:12,0
DA:14,0
DA:16,0
DA:17,0
DA:18,0
DA:19,0
DA:20,0
DA:21,0
DA:22,0
DA:55,0
DA:56,0
DA:57,0
DA:60,0
DA:61,0
DA:63,0
DA:64,0
DA:65,0
DA:66,0
DA:67,0
DA:68,0
DA:69,0
DA:70,0
DA:71,0
DA:72,0
DA:73,0
DA:74,0
DA:75,0
DA:76,0
DA:79,0
DA:82,0
DA:85,0
DA:88,0
DA:91,0
DA:104,0
DA:105,0
DA:106,0
DA:113,0
DA:114,0
DA:116,0
DA:117,0
DA:119,0
DA:125,0
DA:126,0
DA:128,0
DA:129,0
DA:131,0
DA:132,0
DA:134,0
DA:135,0
DA:137,0
DA:138,0
DA:141,0
DA:142,0
DA:146,0
DA:147,0
DA:162,0
DA:163,0
DA:164,0
DA:166,0
DA:169,0
DA:170,0
DA:172,0
DA:173,0
DA:176,0
DA:177,0
DA:179,0
DA:181,0
DA:182,0
DA:185,0
DA:186,0
DA:189,0
DA:191,0
DA:192,0
DA:197,0
DA:198,0
DA:200,0
DA:205,0
DA:207,0
DA:210,0
DA:214,0
DA:215,0
DA:220,0
DA:221,0
DA:229,0
DA:230,0
DA:233,0
DA:234,0
DA:235,0
DA:236,0
DA:237,0
DA:239,0
DA:240,0
DA:243,0
DA:244,0
DA:246,0
DA:260,0
DA:262,0
DA:267,0
DA:268,0
DA:269,0
DA:273,0
DA:274,0
DA:277,0
DA:278,0
DA:279,0
DA:282,0
DA:284,0
DA:285,0
DA:289,0
DA:290,0
DA:291,0
DA:292,0
DA:295,0
DA:296,0
DA:297,0
DA:298,0
DA:304,0
DA:306,0
DA:307,0
DA:311,0
DA:313,0
DA:315,0
DA:316,0
DA:318,0
DA:321,0
DA:325,0
DA:328,0
DA:329,0
DA:332,0
DA:333,0
DA:336,0
DA:346,0
DA:347,0
DA:348,0
DA:349,0
DA:350,0
DA:354,0
DA:359,0
DA:362,0
DA:363,0
DA:364,0
DA:367,0
DA:368,0
DA:369,0
DA:371,0
DA:375,0
DA:376,0
DA:379,0
DA:381,0
DA:382,0
DA:383,0
DA:385,0
DA:388,0
DA:391,0
DA:392,0
DA:393,0
DA:396,0
DA:404,0
DA:407,0
DA:408,0
DA:409,0
DA:412,0
DA:413,0
DA:416,0
DA:418,0
DA:419,0
DA:420,0
DA:422,0
DA:425,0
DA:428,0
DA:429,0
DA:430,0
DA:433,0
DA:441,0
DA:444,0
DA:445,0
DA:449,0
DA:450,0
DA:451,0
DA:452,0
DA:453,0
DA:455,0
DA:456,0
DA:458,0
DA:459,0
DA:465,0
DA:466,0
DA:467,0
DA:468,0
DA:471,0
DA:472,0
DA:473,0
DA:476,0
DA:477,0
DA:478,0
DA:480,0
DA:481,0
DA:487,0
DA:488,0
DA:492,0
DA:493,0
DA:494,0
DA:496,0
DA:498,0
DA:501,0
DA:502,0
DA:503,0
DA:504,0
DA:507,0
DA:508,0
DA:511,0
DA:516,0
DA:517,0
DA:518,0
DA:521,0
DA:528,0
DA:529,0
DA:530,0
DA:536,0
DA:539,0
DA:540,0
DA:543,0
DA:544,0
DA:545,0
DA:546,0
DA:547,0
DA:550,0
DA:555,0
DA:556,0
DA:557,0
DA:560,0
DA:569,0
DA:570,0
DA:571,0
DA:585,0
DA:600,0
DA:601,0
DA:615,0
DA:621,0
DA:653,0
DA:663,0
DA:674,0
DA:693,0
DA:704,0
DA:720,0
DA:731,0
DA:732,0
DA:781,0
DA:794,0
DA:802,0
DA:818,0
DA:826,0
DA:837,0
DA:870,0
DA:913,0
LF:264
LH:0
BRDA:85,0,0,0
BRDA:88,1,0,0
BRDA:88,1,1,0
BRDA:100,2,0,0
BRDA:100,2,1,0
BRDA:105,3,0,0
BRDA:125,4,0,0
BRDA:125,4,1,0
BRDA:125,5,0,0
BRDA:125,5,1,0
BRDA:128,6,0,0
BRDA:128,6,1,0
BRDA:128,7,0,0
BRDA:128,7,1,0
BRDA:131,8,0,0
BRDA:131,9,0,0
BRDA:131,9,1,0
BRDA:131,9,2,0
BRDA:134,10,0,0
BRDA:134,11,0,0
BRDA:134,11,1,0
BRDA:134,11,2,0
BRDA:137,12,0,0
BRDA:137,13,0,0
BRDA:137,13,1,0
BRDA:137,13,2,0
BRDA:149,14,0,0
BRDA:149,14,1,0
BRDA:150,15,0,0
BRDA:150,15,1,0
BRDA:151,16,0,0
BRDA:151,16,1,0
BRDA:154,17,0,0
BRDA:154,17,1,0
BRDA:170,18,0,0
BRDA:191,19,0,0
BRDA:200,20,0,0
BRDA:200,20,1,0
BRDA:200,20,2,0
BRDA:200,20,3,0
BRDA:205,21,0,0
BRDA:205,21,1,0
BRDA:205,21,2,0
BRDA:207,22,0,0
BRDA:207,22,1,0
BRDA:214,23,0,0
BRDA:239,24,0,0
BRDA:243,25,0,0
BRDA:243,25,1,0
BRDA:244,26,0,0
BRDA:244,26,1,0
BRDA:296,27,0,0
BRDA:296,27,1,0
BRDA:297,28,0,0
BRDA:315,29,0,0
BRDA:315,29,1,0
BRDA:315,30,0,0
BRDA:315,30,1,0
BRDA:316,31,0,0
BRDA:316,31,1,0
BRDA:316,32,0,0
BRDA:316,32,1,0
BRDA:332,33,0,0
BRDA:346,34,0,0
BRDA:346,35,0,0
BRDA:346,35,1,0
BRDA:381,36,0,0
BRDA:381,36,1,0
BRDA:381,37,0,0
BRDA:381,37,1,0
BRDA:382,38,0,0
BRDA:382,38,1,0
BRDA:382,39,0,0
BRDA:382,39,1,0
BRDA:392,40,0,0
BRDA:418,41,0,0
BRDA:418,41,1,0
BRDA:418,42,0,0
BRDA:418,42,1,0
BRDA:419,43,0,0
BRDA:419,43,1,0
BRDA:419,44,0,0
BRDA:419,44,1,0
BRDA:429,45,0,0
BRDA:445,46,0,0
BRDA:445,46,1,0
BRDA:450,47,0,0
BRDA:452,48,0,0
BRDA:452,48,1,0
BRDA:456,49,0,0
BRDA:456,49,1,0
BRDA:466,50,0,0
BRDA:471,51,0,0
BRDA:471,52,0,0
BRDA:471,52,1,0
BRDA:476,53,0,0
BRDA:476,54,0,0
BRDA:476,54,1,0
BRDA:481,55,0,0
BRDA:481,55,1,0
BRDA:493,56,0,0
BRDA:493,56,1,0
BRDA:501,57,0,0
BRDA:501,57,1,0
BRDA:504,58,0,0
BRDA:504,58,1,0
BRDA:507,59,0,0
BRDA:517,60,0,0
BRDA:529,61,0,0
BRDA:529,61,1,0
BRDA:540,62,0,0
BRDA:540,62,1,0
BRDA:543,63,0,0
BRDA:543,64,0,0
BRDA:543,64,1,0
BRDA:544,65,0,0
BRDA:544,65,1,0
BRDA:546,66,0,0
BRDA:556,67,0,0
BRDA:570,68,0,0
BRDA:570,69,0,0
BRDA:570,69,1,0
BRDA:576,70,0,0
BRDA:576,70,1,0
BRDA:576,71,0,0
BRDA:576,71,1,0
BRDA:581,72,0,0
BRDA:595,73,0,0
BRDA:598,74,0,0
BRDA:598,74,1,0
BRDA:601,75,0,0
BRDA:601,75,1,0
BRDA:601,75,2,0
BRDA:606,76,0,0
BRDA:606,76,1,0
BRDA:607,77,0,0
BRDA:607,77,1,0
BRDA:611,78,0,0
BRDA:611,78,1,0
BRDA:626,79,0,0
BRDA:632,80,0,0
BRDA:632,80,1,0
BRDA:635,81,0,0
BRDA:639,82,0,0
BRDA:639,82,1,0
BRDA:645,83,0,0
BRDA:660,84,0,0
BRDA:660,84,1,0
BRDA:662,85,0,0
BRDA:662,85,1,0
BRDA:663,86,0,0
BRDA:663,86,1,0
BRDA:663,86,2,0
BRDA:687,87,0,0
BRDA:687,87,1,0
BRDA:689,88,0,0
BRDA:689,88,1,0
BRDA:689,88,2,0
BRDA:692,89,0,0
BRDA:692,89,1,0
BRDA:692,90,0,0
BRDA:692,90,1,0
BRDA:692,91,0,0
BRDA:692,91,1,0
BRDA:693,92,0,0
BRDA:693,92,1,0
BRDA:693,92,2,0
BRDA:731,93,0,0
BRDA:739,94,0,0
BRDA:739,94,1,0
BRDA:739,95,0,0
BRDA:739,95,1,0
BRDA:744,96,0,0
BRDA:747,97,0,0
BRDA:746,98,0,0
BRDA:746,98,1,0
BRDA:766,99,0,0
BRDA:766,99,1,0
BRDA:766,100,0,0
BRDA:766,100,1,0
BRDA:773,101,0,0
BRDA:777,102,0,0
BRDA:788,103,0,0
BRDA:788,103,1,0
BRDA:866,104,0,0
BRDA:884,105,0,0
BRDA:884,105,1,0
BRDA:895,106,0,0
BRDA:899,107,0,0
BRDA:899,107,1,0
BRF:190
BRH:0
end_of_record
TN:
SF:pages/catalogs-page.tsx
FN:11,CatalogsPage
FNF:1
FNH:0
FNDA:0,CatalogsPage
DA:3,0
DA:4,0
DA:5,0
DA:11,0
LF:4
LH:0
BRF:0
BRH:0
end_of_record
TN:
SF:pages/companies-page.tsx
FN:10,CompaniesSkeleton
FN:15,(anonymous_3)
FN:23,CompaniesPage
FN:29,(anonymous_5)
FNF:4
FNH:0
FNDA:0,CompaniesSkeleton
FNDA:0,(anonymous_3)
FNDA:0,CompaniesPage
FNDA:0,(anonymous_5)
DA:3,0
DA:4,0
DA:5,0
DA:6,0
DA:7,0
DA:8,0
DA:16,0
DA:23,0
DA:24,0
DA:29,0
LF:10
LH:0
BRDA:27,0,0,0
BRF:1
BRH:0
end_of_record
TN:
SF:pages/confirm-email.tsx
FN:10,EmailVerified
FN:15,(anonymous_3)
FN:23,(anonymous_4)
FN:26,(anonymous_5)
FNF:4
FNH:0
FNDA:0,EmailVerified
FNDA:0,(anonymous_3)
FNDA:0,(anonymous_4)
FNDA:0,(anonymous_5)
DA:2,0
DA:4,0
DA:5,0
DA:6,0
DA:7,0
DA:8,0
DA:10,0
DA:11,0
DA:12,0
DA:13,0
DA:15,0
DA:16,0
DA:18,0
DA:19,0
DA:20,0
DA:21,0
DA:22,0
DA:24,0
DA:27,0
DA:31,0
DA:35,0
DA:36,0
DA:37,0
DA:38,0
LF:24
LH:0
BRDA:16,0,0,0
BRDA:19,1,0,0
BRDA:19,1,1,0
BRDA:21,2,0,0
BRDA:21,2,1,0
BRDA:24,3,0,0
BRDA:24,3,1,0
BRDA:27,4,0,0
BRDA:27,4,1,0
BRDA:36,5,0,0
BRDA:36,5,1,0
BRDA:37,6,0,0
BRDA:37,6,1,0
BRDA:38,7,0,0
BRDA:38,8,0,0
BRDA:38,8,1,0
BRDA:44,9,0,0
BRDA:45,10,0,0
BRDA:46,11,0,0
BRDA:48,12,0,0
BRDA:48,12,1,0
BRDA:48,13,0,0
BRDA:48,13,1,0
BRF:23
BRH:0
end_of_record
TN:
SF:pages/customer-page.tsx
FN:99,addCustomerApi
FN:101,(anonymous_2)
FN:101,(anonymous_3)
FN:111,AddCustomerModal
FN:123,(anonymous_5)
FN:129,(anonymous_6)
FN:134,(anonymous_7)
FN:159,(anonymous_8)
FN:174,(anonymous_9)
FN:189,(anonymous_10)
FN:203,(anonymous_11)
FN:218,(anonymous_12)
FN:239,CustomerPage
FN:244,(anonymous_14)
FN:270,(anonymous_15)
FN:286,(anonymous_16)
FN:295,(anonymous_17)
FN:377,(anonymous_18)
FNF:18
FNH:0
FNDA:0,addCustomerApi
FNDA:0,(anonymous_2)
FNDA:0,(anonymous_3)
FNDA:0,AddCustomerModal
FNDA:0,(anonymous_5)
FNDA:0,(anonymous_6)
FNDA:0,(anonymous_7)
FNDA:0,(anonymous_8)
FNDA:0,(anonymous_9)
FNDA:0,(anonymous_10)
FNDA:0,(anonymous_11)
FNDA:0,(anonymous_12)
FNDA:0,CustomerPage
FNDA:0,(anonymous_14)
FNDA:0,(anonymous_15)
FNDA:0,(anonymous_16)
FNDA:0,(anonymous_17)
FNDA:0,(anonymous_18)
DA:5,0
DA:6,0
DA:7,0
DA:8,0
DA:9,0
DA:10,0
DA:11,0
DA:12,0
DA:13,0
DA:31,0
DA:101,0
DA:112,0
DA:119,0
DA:120,0
DA:121,0
DA:124,0
DA:125,0
DA:126,0
DA:127,0
DA:130,0
DA:134,0
DA:135,0
DA:136,0
DA:139,0
DA:159,0
DA:174,0
DA:189,0
DA:203,0
DA:218,0
DA:239,0
DA:240,0
DA:241,0
DA:243,0
DA:245,0
DA:270,0
DA:286,0
DA:296,0
DA:377,0
LF:38
LH:0
BRDA:130,0,0,0
BRDA:130,0,1,0
BRDA:139,1,0,0
BRDA:245,2,0,0
BRDA:245,2,1,0
BRDA:245,2,2,0
BRDA:256,3,0,0
BRDA:327,4,0,0
BRDA:327,4,1,0
BRDA:329,5,0,0
BRDA:329,5,1,0
BRDA:366,6,0,0
BRF:12
BRH:0
end_of_record
TN:
SF:pages/google-callback.tsx
FN:8,GoogleCallbackPage
FN:11,(anonymous_2)
FNF:2
FNH:0
FNDA:0,GoogleCallbackPage
FNDA:0,(anonymous_2)
DA:3,0
DA:4,0
DA:5,0
DA:6,0
DA:8,0
DA:9,0
DA:11,0
LF:7
LH:0
BRF:0
BRH:0
end_of_record
TN:
SF:pages/helloScreen.tsx
FN:8,HelloScreen
FN:10,screenChange
FN:43,(anonymous_4)
FN:51,(anonymous_5)
FNF:4
FNH:0
FNDA:0,HelloScreen
FNDA:0,screenChange
FNDA:0,(anonymous_4)
FNDA:0,(anonymous_5)
DA:1,0
DA:2,0
DA:3,0
DA:4,0
DA:5,0
DA:8,0
DA:11,0
DA:12,0
DA:43,0
DA:51,0
LF:10
LH:0
BRDA:11,0,0,0
BRF:1
BRH:0
end_of_record
TN:
SF:pages/history-page.tsx
FN:10,HistoryPage
FN:45,(anonymous_2)
FNF:2
FNH:0
FNDA:0,HistoryPage
FNDA:0,(anonymous_2)
DA:3,0
DA:4,0
DA:10,0
DA:11,0
DA:46,0
LF:5
LH:0
BRDA:24,0,0,0
BRF:1
BRH:0
end_of_record
TN:
SF:pages/location.tsx
FN:12,LocationsPage
FN:18,(anonymous_3)
FNF:2
FNH:0
FNDA:0,LocationsPage
FNDA:0,(anonymous_3)
DA:3,0
DA:4,0
DA:5,0
DA:6,0
DA:12,0
DA:13,0
DA:18,0
LF:7
LH:0
BRDA:16,0,0,0
BRF:1
BRH:0
end_of_record
TN:
SF:pages/login-owner.tsx
FN:18,LoginOwnerPage
FN:19,(anonymous_2)
FN:28,(anonymous_3)
FN:47,(anonymous_4)
FN:55,(anonymous_5)
FN:57,(anonymous_6)
FN:63,(anonymous_7)
FN:68,screenChange
FN:79,(anonymous_9)
FN:129,(anonymous_10)
FN:158,(anonymous_11)
FN:172,(anonymous_12)
FN:185,(anonymous_13)
FN:202,(anonymous_14)
FN:224,(anonymous_15)
FNF:15
FNH:0
FNDA:0,LoginOwnerPage
FNDA:0,(anonymous_2)
FNDA:0,(anonymous_3)
FNDA:0,(anonymous_4)
FNDA:0,(anonymous_5)
FNDA:0,(anonymous_6)
FNDA:0,(anonymous_7)
FNDA:0,screenChange
FNDA:0,(anonymous_9)
FNDA:0,(anonymous_10)
FNDA:0,(anonymous_11)
FNDA:0,(anonymous_12)
FNDA:0,(anonymous_13)
FNDA:0,(anonymous_14)
FNDA:0,(anonymous_15)
DA:2,0
DA:3,0
DA:4,0
DA:5,0
DA:6,0
DA:7,0
DA:8,0
DA:9,0
DA:10,0
DA:11,0
DA:18,0
DA:19,0
DA:20,0
DA:21,0
DA:22,0
DA:23,0
DA:28,0
DA:29,0
DA:31,0
DA:45,0
DA:46,0
DA:47,0
DA:48,0
DA:49,0
DA:55,0
DA:56,0
DA:57,0
DA:63,0
DA:64,0
DA:65,0
DA:69,0
DA:70,0
DA:79,0
DA:129,0
DA:158,0
DA:172,0
DA:185,0
DA:202,0
DA:224,0
LF:39
LH:0
BRDA:29,0,0,0
BRDA:29,1,0,0
BRDA:29,1,1,0
BRDA:48,2,0,0
BRDA:69,3,0,0
BRDA:135,4,0,0
BRF:6
BRH:0
end_of_record
TN:
SF:pages/login.tsx
FN:21,LoginEmployeePage
FN:22,(anonymous_6)
FN:34,(anonymous_7)
FN:53,(anonymous_8)
FN:61,(anonymous_9)
FN:63,(anonymous_10)
FN:69,(anonymous_11)
FN:74,screenChange
FN:86,(anonymous_13)
FNF:9
FNH:0
FNDA:0,LoginEmployeePage
FNDA:0,(anonymous_6)
FNDA:0,(anonymous_7)
FNDA:0,(anonymous_8)
FNDA:0,(anonymous_9)
FNDA:0,(anonymous_10)
FNDA:0,(anonymous_11)
FNDA:0,screenChange
FNDA:0,(anonymous_13)
DA:2,0
DA:3,0
DA:4,0
DA:5,0
DA:6,0
DA:7,0
DA:8,0
DA:9,0
DA:10,0
DA:11,0
DA:12,0
DA:13,0
DA:14,0
DA:21,0
DA:22,0
DA:23,0
DA:24,0
DA:25,0
DA:26,0
DA:31,0
DA:34,0
DA:35,0
DA:37,0
DA:51,0
DA:52,0
DA:53,0
DA:54,0
DA:55,0
DA:61,0
DA:62,0
DA:63,0
DA:69,0
DA:70,0
DA:71,0
DA:75,0
DA:76,0
DA:86,0
LF:37
LH:0
BRDA:35,0,0,0
BRDA:35,1,0,0
BRDA:35,1,1,0
BRDA:54,2,0,0
BRDA:75,3,0,0
BRDA:104,4,0,0
BRDA:106,5,0,0
BRDA:106,5,1,0
BRDA:146,6,0,0
BRDA:146,6,1,0
BRDA:146,7,0,0
BRDA:146,7,1,0
BRF:12
BRH:0
end_of_record
TN:
SF:pages/manage-store-page.tsx
FN:10,ManageStorePage
FN:51,(anonymous_2)
FNF:2
FNH:0
FNDA:0,ManageStorePage
FNDA:0,(anonymous_2)
DA:3,0
DA:4,0
DA:10,0
DA:11,0
DA:52,0
LF:5
LH:0
BRDA:24,0,0,0
BRDA:62,1,0,0
BRDA:62,1,1,0
BRF:3
BRH:0
end_of_record
TN:
SF:pages/product-categories-page.tsx
FN:5,ProductCategoriesPage
FNF:1
FNH:0
FNDA:0,ProductCategoriesPage
DA:3,0
DA:5,0
DA:6,0
LF:3
LH:0
BRF:0
BRH:0
end_of_record
TN:
SF:pages/product-list-page.tsx
FN:98,addProductApi
FN:100,(anonymous_2)
FN:100,(anonymous_3)
FN:109,AddProductModal
FN:122,(anonymous_5)
FN:128,(anonymous_6)
FN:133,(anonymous_7)
FN:158,(anonymous_8)
FN:169,(anonymous_9)
FN:191,(anonymous_10)
FN:205,(anonymous_11)
FN:217,(anonymous_12)
FN:235,(anonymous_13)
FN:256,ProductListPage
FN:262,(anonymous_15)
FN:289,(anonymous_16)
FN:306,(anonymous_17)
FN:341,(anonymous_18)
FN:414,(anonymous_19)
FNF:19
FNH:0
FNDA:0,addProductApi
FNDA:0,(anonymous_2)
FNDA:0,(anonymous_3)
FNDA:0,AddProductModal
FNDA:0,(anonymous_5)
FNDA:0,(anonymous_6)
FNDA:0,(anonymous_7)
FNDA:0,(anonymous_8)
FNDA:0,(anonymous_9)
FNDA:0,(anonymous_10)
FNDA:0,(anonymous_11)
FNDA:0,(anonymous_12)
FNDA:0,(anonymous_13)
FNDA:0,ProductListPage
FNDA:0,(anonymous_15)
FNDA:0,(anonymous_16)
FNDA:0,(anonymous_17)
FNDA:0,(anonymous_18)
FNDA:0,(anonymous_19)
DA:5,0
DA:6,0
DA:7,0
DA:8,0
DA:9,0
DA:10,0
DA:11,0
DA:12,0
DA:13,0
DA:14,0
DA:30,0
DA:100,0
DA:110,0
DA:118,0
DA:119,0
DA:120,0
DA:123,0
DA:124,0
DA:125,0
DA:126,0
DA:129,0
DA:133,0
DA:134,0
DA:135,0
DA:138,0
DA:158,0
DA:169,0
DA:191,0
DA:205,0
DA:217,0
DA:235,0
DA:256,0
DA:257,0
DA:258,0
DA:259,0
DA:260,0
DA:262,0
DA:263,0
DA:264,0
DA:265,0
DA:266,0
DA:289,0
DA:306,0
DA:342,0
DA:414,0
LF:45
LH:0
BRDA:129,0,0,0
BRDA:129,0,1,0
BRDA:138,1,0,0
BRDA:264,2,0,0
BRDA:264,2,1,0
BRDA:265,3,0,0
BRDA:265,3,1,0
BRDA:266,4,0,0
BRDA:266,4,1,0
BRDA:266,4,2,0
BRDA:275,5,0,0
BRDA:348,6,0,0
BRDA:348,6,1,0
BRDA:366,7,0,0
BRDA:366,7,1,0
BRDA:368,8,0,0
BRDA:368,8,1,0
BRDA:403,9,0,0
BRF:18
BRH:0
end_of_record
TN:
SF:pages/report-page.tsx
FN:10,ReportPage
FN:22,(anonymous_2)
FN:139,(anonymous_3)
FN:151,(anonymous_4)
FN:164,(anonymous_5)
FN:187,(anonymous_6)
FN:225,(anonymous_7)
FN:256,(anonymous_8)
FNF:8
FNH:0
FNDA:0,ReportPage
FNDA:0,(anonymous_2)
FNDA:0,(anonymous_3)
FNDA:0,(anonymous_4)
FNDA:0,(anonymous_5)
FNDA:0,(anonymous_6)
FNDA:0,(anonymous_7)
FNDA:0,(anonymous_8)
DA:3,0
DA:4,0
DA:10,0
DA:12,0
DA:22,0
DA:23,0
DA:63,0
DA:69,0
DA:140,0
DA:141,0
DA:142,0
DA:152,0
DA:153,0
DA:154,0
DA:165,0
DA:166,0
DA:168,0
DA:188,0
DA:226,0
DA:257,0
LF:20
LH:0
BRDA:81,0,0,0
BRF:1
BRH:0
end_of_record
TN:
SF:pages/roles-page.tsx
FN:5,RolesPage
FNF:1
FNH:0
FNDA:0,RolesPage
DA:3,0
DA:5,0
LF:2
LH:0
BRF:0
BRH:0
end_of_record
TN:
SF:pages/signup.tsx
FN:24,Signup
FN:37,(anonymous_6)
FN:40,(anonymous_7)
FN:48,screenChange
FN:54,(anonymous_9)
FN:56,(anonymous_10)
FN:62,(anonymous_11)
FN:78,(anonymous_12)
FN:153,(anonymous_13)
FN:153,(anonymous_14)
FN:180,(anonymous_15)
FNF:11
FNH:0
FNDA:0,Signup
FNDA:0,(anonymous_6)
FNDA:0,(anonymous_7)
FNDA:0,screenChange
FNDA:0,(anonymous_9)
FNDA:0,(anonymous_10)
FNDA:0,(anonymous_11)
FNDA:0,(anonymous_12)
FNDA:0,(anonymous_13)
FNDA:0,(anonymous_14)
FNDA:0,(anonymous_15)
DA:1,0
DA:3,0
DA:4,0
DA:5,0
DA:6,0
DA:7,0
DA:8,0
DA:9,0
DA:10,0
DA:11,0
DA:12,0
DA:13,0
DA:14,0
DA:24,0
DA:25,0
DA:26,0
DA:27,0
DA:29,0
DA:37,0
DA:38,0
DA:39,0
DA:40,0
DA:41,0
DA:42,0
DA:49,0
DA:50,0
DA:54,0
DA:55,0
DA:56,0
DA:62,0
DA:63,0
DA:64,0
DA:78,0
DA:153,0
DA:180,0
LF:35
LH:0
BRDA:38,0,0,0
BRDA:41,1,0,0
BRDA:49,2,0,0
BRDA:87,3,0,0
BRDA:89,4,0,0
BRDA:89,4,1,0
BRDA:173,5,0,0
BRDA:173,5,1,0
BRDA:183,6,0,0
BRDA:189,7,0,0
BRDA:189,7,1,0
BRDA:189,8,0,0
BRDA:189,8,1,0
BRF:13
BRH:0
end_of_record
TN:
SF:pages/support-page.tsx
FN:6,SupportPage
FN:7,screenChange
FN:19,(anonymous_4)
FNF:3
FNH:0
FNDA:0,SupportPage
FNDA:0,screenChange
FNDA:0,(anonymous_4)
DA:1,0
DA:2,0
DA:3,0
DA:4,0
DA:5,0
DA:6,0
DA:8,0
DA:9,0
DA:19,0
LF:9
LH:0
BRDA:8,0,0,0
BRF:1
BRH:0
end_of_record
TN:
SF:pages/users-page.tsx
FN:5,UsersPage
FNF:1
FNH:0
FNDA:0,UsersPage
DA:3,0
DA:5,0
LF:2
LH:0
BRF:0
BRH:0
end_of_record
