TN:
SF:app/ProtectedLayout.tsx
FN:7,ProtectedLayout
FN:8,(anonymous_2)
FN:9,(anonymous_3)
FN:15,(anonymous_4)
FNF:4
FNH:0
FNDA:0,ProtectedLayout
FNDA:0,(anonymous_2)
FNDA:0,(anonymous_3)
FNDA:0,(anonymous_4)
DA:2,0
DA:3,0
DA:4,0
DA:5,0
DA:7,0
DA:8,0
DA:9,0
DA:10,0
DA:12,0
DA:13,0
DA:15,0
DA:16,0
DA:19,0
DA:20,0
DA:22,0
DA:23,0
DA:25,0
DA:33,0
DA:35,0
DA:39,0
DA:42,0
DA:44,0
DA:45,0
DA:49,0
DA:56,0
DA:57,0
DA:61,0
DA:66,0
DA:67,0
DA:71,0
DA:72,0
DA:73,0
LF:32
LH:0
BRDA:22,0,0,0
BRDA:22,1,0,0
BRDA:22,1,1,0
BRDA:22,1,2,0
BRDA:29,2,0,0
BRDA:29,2,1,0
BRDA:42,3,0,0
BRDA:42,4,0,0
BRDA:42,4,1,0
BRDA:45,5,0,0
BRDA:45,5,1,0
BRDA:49,6,0,0
BRDA:50,7,0,0
BRDA:50,7,1,0
BRDA:50,7,2,0
BRDA:50,7,3,0
BRDA:50,7,4,0
BRDA:56,8,0,0
BRDA:61,9,0,0
BRDA:61,10,0,0
BRDA:61,10,1,0
BRDA:67,11,0,0
BRDA:67,12,0,0
BRDA:67,12,1,0
BRDA:67,12,2,0
BRDA:67,12,3,0
BRDA:71,13,0,0
BRDA:71,14,0,0
BRDA:71,14,1,0
BRDA:72,15,0,0
BRF:30
BRH:0
end_of_record
TN:
SF:app/Providers.tsx
FN:12,Providers
FN:14,(anonymous_2)
FN:20,(anonymous_3)
FN:40,(anonymous_4)
FNF:4
FNH:0
FNDA:0,Providers
FNDA:0,(anonymous_2)
FNDA:0,(anonymous_3)
FNDA:0,(anonymous_4)
DA:5,0
DA:6,0
DA:7,0
DA:8,0
DA:9,0
DA:10,0
DA:12,0
DA:13,0
DA:15,0
DA:22,0
DA:23,0
DA:26,0
DA:40,0
DA:41,0
DA:42,0
LF:15
LH:0
BRDA:22,0,0,0
BRDA:22,1,0,0
BRDA:22,1,1,0
BRDA:41,2,0,0
BRF:4
BRH:0
end_of_record
TN:
SF:app/layout.tsx
FN:16,RootLayout
FNF:1
FNH:0
FNDA:0,RootLayout
DA:2,0
DA:3,0
DA:4,0
DA:5,0
DA:6,0
DA:7,0
DA:9,0
DA:11,0
DA:16,0
LF:9
LH:0
BRF:0
BRH:0
end_of_record
TN:
SF:app/page.tsx
FN:8,HomePage
FNF:1
FNH:0
FNDA:0,HomePage
DA:3,0
DA:8,0
DA:9,0
LF:3
LH:0
BRF:0
BRH:0
end_of_record
TN:
SF:app/(dashboard)/layout.tsx
FN:11,DashboardLayout
FN:19,(anonymous_3)
FN:27,(anonymous_4)
FN:54,(anonymous_5)
FNF:4
FNH:0
FNDA:0,DashboardLayout
FNDA:0,(anonymous_3)
FNDA:0,(anonymous_4)
FNDA:0,(anonymous_5)
DA:5,0
DA:6,0
DA:7,0
DA:8,0
DA:9,0
DA:11,0
DA:16,0
DA:17,0
DA:19,0
DA:20,0
DA:27,0
DA:54,0
LF:12
LH:0
BRDA:32,0,0,0
BRDA:32,0,1,0
BRDA:49,1,0,0
BRF:3
BRH:0
end_of_record
TN:
SF:app/(dashboard)/account/page.tsx
FN:5,Account
FNF:1
FNH:0
FNDA:0,Account
DA:3,0
DA:5,0
DA:6,0
LF:3
LH:0
BRF:0
BRH:0
end_of_record
TN:
SF:app/(dashboard)/cashier/loading.tsx
FN:1,Loading
FNF:1
FNH:0
FNDA:0,Loading
DA:1,0
DA:2,0
LF:2
LH:0
BRF:0
BRH:0
end_of_record
TN:
SF:app/(dashboard)/cashier/page.tsx
FN:5,Cashier
FNF:1
FNH:0
FNDA:0,Cashier
DA:2,0
DA:5,0
DA:8,0
LF:3
LH:0
BRF:0
BRH:0
end_of_record
TN:
SF:app/(dashboard)/catalogs/page.tsx
FN:5,Page
FN:6,(anonymous_3)
FNF:2
FNH:0
FNDA:0,Page
FNDA:0,(anonymous_3)
DA:3,0
DA:5,0
LF:2
LH:0
BRF:0
BRH:0
end_of_record
TN:
SF:app/(dashboard)/catalogs/[userId]/categories/page.tsx
FN:6,Page
FNF:1
FNH:0
FNDA:0,Page
DA:3,0
DA:6,0
DA:7,0
LF:3
LH:0
BRF:0
BRH:0
end_of_record
TN:
SF:app/(dashboard)/catalogs/[userId]/categories/[Id]/products/page.tsx
FN:4,page
FNF:1
FNH:0
FNDA:0,page
DA:1,0
DA:2,0
DA:4,0
DA:6,0
LF:4
LH:0
BRF:0
BRH:0
end_of_record
TN:
SF:app/(dashboard)/companies/page.tsx
FN:5,CompaniesPage
FNF:1
FNH:1
FNDA:2,CompaniesPage
DA:3,1
DA:5,2
LF:2
LH:2
BRF:0
BRH:0
end_of_record
TN:
SF:app/(dashboard)/companies/[id]/locations/page.tsx
FN:8,CompanyLocationsPage
FNF:1
FNH:0
FNDA:0,CompanyLocationsPage
DA:5,0
DA:6,0
DA:8,0
DA:9,0
DA:10,0
LF:5
LH:0
BRDA:9,0,0,0
BRDA:9,0,1,0
BRDA:10,1,0,0
BRDA:10,1,1,0
BRDA:10,2,0,0
BRDA:10,2,1,0
BRF:6
BRH:0
end_of_record
TN:
SF:app/(dashboard)/companies/[id]/locations/[locationId]/layout.tsx
FN:14,LocationLayout
FN:24,(anonymous_2)
FN:33,(anonymous_3)
FN:42,(anonymous_4)
FN:50,(anonymous_5)
FN:82,(anonymous_6)
FN:97,(anonymous_7)
FN:114,(anonymous_8)
FNF:8
FNH:0
FNDA:0,LocationLayout
FNDA:0,(anonymous_2)
FNDA:0,(anonymous_3)
FNDA:0,(anonymous_4)
FNDA:0,(anonymous_5)
FNDA:0,(anonymous_6)
FNDA:0,(anonymous_7)
FNDA:0,(anonymous_8)
DA:5,0
DA:6,0
DA:7,0
DA:8,0
DA:9,0
DA:10,0
DA:11,0
DA:12,0
DA:14,0
DA:15,0
DA:16,0
DA:17,0
DA:18,0
DA:20,0
DA:21,0
DA:24,0
DA:25,0
DA:26,0
DA:27,0
DA:30,0
DA:33,0
DA:34,0
DA:38,0
DA:39,0
DA:40,0
DA:42,0
DA:43,0
DA:44,0
DA:45,0
DA:46,0
DA:47,0
DA:50,0
DA:51,0
DA:54,0
DA:55,0
DA:57,0
DA:58,0
DA:60,0
DA:61,0
DA:63,0
DA:64,0
DA:68,0
DA:77,0
DA:82,0
DA:90,0
DA:97,0
DA:105,0
DA:114,0
LF:48
LH:0
BRDA:25,0,0,0
BRDA:26,1,0,0
BRDA:43,2,0,0
BRDA:44,3,0,0
BRDA:45,4,0,0
BRDA:46,5,0,0
BRDA:55,6,0,0
BRDA:55,6,1,0
BRDA:55,6,2,0
BRDA:68,7,0,0
BRDA:77,8,0,0
BRDA:90,9,0,0
BRF:12
BRH:0
end_of_record
TN:
SF:app/(dashboard)/companies/[id]/locations/[locationId]/device/page.tsx
FN:73,LocationDevicesPage
FN:79,(anonymous_2)
FN:115,(anonymous_3)
FN:116,(anonymous_4)
FN:118,(anonymous_5)
FN:135,(anonymous_6)
FN:150,(anonymous_7)
FN:178,(anonymous_8)
FN:194,(anonymous_9)
FN:202,(anonymous_10)
FN:211,(anonymous_11)
FN:218,(anonymous_12)
FN:226,(anonymous_13)
FN:271,(anonymous_14)
FN:278,(anonymous_15)
FN:312,(anonymous_16)
FN:327,(anonymous_17)
FN:350,(anonymous_18)
FN:354,(anonymous_19)
FN:405,(anonymous_20)
FN:413,(anonymous_21)
FN:440,(anonymous_22)
FN:450,(anonymous_23)
FN:465,(anonymous_24)
FN:480,(anonymous_25)
FN:489,(anonymous_26)
FN:495,(anonymous_27)
FN:509,(anonymous_28)
FN:539,(anonymous_29)
FN:545,(anonymous_30)
FN:595,(anonymous_31)
FNF:31
FNH:0
FNDA:0,LocationDevicesPage
FNDA:0,(anonymous_2)
FNDA:0,(anonymous_3)
FNDA:0,(anonymous_4)
FNDA:0,(anonymous_5)
FNDA:0,(anonymous_6)
FNDA:0,(anonymous_7)
FNDA:0,(anonymous_8)
FNDA:0,(anonymous_9)
FNDA:0,(anonymous_10)
FNDA:0,(anonymous_11)
FNDA:0,(anonymous_12)
FNDA:0,(anonymous_13)
FNDA:0,(anonymous_14)
FNDA:0,(anonymous_15)
FNDA:0,(anonymous_16)
FNDA:0,(anonymous_17)
FNDA:0,(anonymous_18)
FNDA:0,(anonymous_19)
FNDA:0,(anonymous_20)
FNDA:0,(anonymous_21)
FNDA:0,(anonymous_22)
FNDA:0,(anonymous_23)
FNDA:0,(anonymous_24)
FNDA:0,(anonymous_25)
FNDA:0,(anonymous_26)
FNDA:0,(anonymous_27)
FNDA:0,(anonymous_28)
FNDA:0,(anonymous_29)
FNDA:0,(anonymous_30)
FNDA:0,(anonymous_31)
DA:3,0
DA:4,0
DA:15,0
DA:16,0
DA:17,0
DA:18,0
DA:19,0
DA:27,0
DA:28,0
DA:29,0
DA:30,0
DA:31,0
DA:32,0
DA:33,0
DA:73,0
DA:74,0
DA:75,0
DA:76,0
DA:79,0
DA:80,0
DA:83,0
DA:84,0
DA:85,0
DA:87,0
DA:88,0
DA:89,0
DA:90,0
DA:91,0
DA:92,0
DA:96,0
DA:103,0
DA:106,0
DA:107,0
DA:110,0
DA:111,0
DA:112,0
DA:115,0
DA:116,0
DA:118,0
DA:119,0
DA:121,0
DA:123,0
DA:125,0
DA:127,0
DA:129,0
DA:135,0
DA:136,0
DA:138,0
DA:140,0
DA:142,0
DA:144,0
DA:146,0
DA:150,0
DA:151,0
DA:153,0
DA:154,0
DA:158,0
DA:162,0
DA:163,0
DA:165,0
DA:166,0
DA:167,0
DA:178,0
DA:179,0
DA:180,0
DA:181,0
DA:186,0
DA:194,0
DA:196,0
DA:197,0
DA:198,0
DA:199,0
DA:202,0
DA:203,0
DA:204,0
DA:208,0
DA:211,0
DA:212,0
DA:218,0
DA:219,0
DA:226,0
DA:227,0
DA:228,0
DA:233,0
DA:236,0
DA:237,0
DA:242,0
DA:246,0
DA:247,0
DA:249,0
DA:271,0
DA:278,0
DA:312,0
DA:328,0
DA:329,0
DA:350,0
DA:354,0
DA:405,0
DA:413,0
DA:441,0
DA:450,0
DA:466,0
DA:467,0
DA:480,0
DA:489,0
DA:495,0
DA:510,0
DA:511,0
DA:539,0
DA:545,0
DA:595,0
LF:111
LH:0
BRDA:84,0,0,0
BRDA:84,0,1,0
BRDA:106,1,0,0
BRDA:106,1,1,0
BRDA:115,2,0,0
BRDA:115,2,1,0
BRDA:119,3,0,0
BRDA:119,3,1,0
BRDA:119,3,2,0
BRDA:119,3,3,0
BRDA:119,3,4,0
BRDA:136,4,0,0
BRDA:136,4,1,0
BRDA:136,4,2,0
BRDA:136,4,3,0
BRDA:136,4,4,0
BRDA:151,5,0,0
BRDA:165,6,0,0
BRDA:165,6,1,0
BRDA:166,7,0,0
BRDA:166,7,1,0
BRDA:168,8,0,0
BRDA:168,8,1,0
BRDA:170,9,0,0
BRDA:170,9,1,0
BRDA:172,10,0,0
BRDA:172,10,1,0
BRDA:188,11,0,0
BRDA:188,11,1,0
BRDA:205,12,0,0
BRDA:205,12,1,0
BRDA:206,13,0,0
BRDA:206,13,1,0
BRDA:227,14,0,0
BRDA:227,15,0,0
BRDA:227,15,1,0
BRDA:227,15,2,0
BRDA:251,16,0,0
BRDA:251,16,1,0
BRDA:268,17,0,0
BRDA:312,18,0,0
BRDA:312,18,1,0
BRDA:322,19,0,0
BRDA:324,20,0,0
BRDA:328,21,0,0
BRDA:328,21,1,0
BRDA:338,22,0,0
BRDA:338,22,1,0
BRDA:339,23,0,0
BRDA:339,23,1,0
BRDA:342,24,0,0
BRDA:354,25,0,0
BRDA:354,25,1,0
BRDA:366,26,0,0
BRDA:366,26,1,0
BRDA:367,27,0,0
BRDA:367,27,1,0
BRDA:378,28,0,0
BRDA:378,28,1,0
BRDA:382,29,0,0
BRDA:382,29,1,0
BRDA:386,30,0,0
BRDA:386,30,1,0
BRDA:397,31,0,0
BRDA:397,31,1,0
BRDA:402,32,0,0
BRDA:467,33,0,0
BRDA:518,34,0,0
BRDA:518,34,1,0
BRDA:518,34,2,0
BRF:70
BRH:0
end_of_record
TN:
SF:app/(dashboard)/companies/[id]/locations/[locationId]/locationDetail/page.tsx
FN:32,LocationDetailPage
FN:62,(anonymous_3)
FN:79,(anonymous_4)
FN:90,(anonymous_5)
FN:98,(anonymous_6)
FN:112,(anonymous_7)
FN:116,(anonymous_8)
FN:154,(anonymous_9)
FN:314,(anonymous_10)
FN:324,(anonymous_11)
FN:344,(anonymous_12)
FN:354,(anonymous_13)
FN:363,(anonymous_14)
FN:372,(anonymous_15)
FN:383,(anonymous_16)
FN:392,(anonymous_17)
FN:403,(anonymous_18)
FN:411,(anonymous_19)
FNF:18
FNH:0
FNDA:0,LocationDetailPage
FNDA:0,(anonymous_3)
FNDA:0,(anonymous_4)
FNDA:0,(anonymous_5)
FNDA:0,(anonymous_6)
FNDA:0,(anonymous_7)
FNDA:0,(anonymous_8)
FNDA:0,(anonymous_9)
FNDA:0,(anonymous_10)
FNDA:0,(anonymous_11)
FNDA:0,(anonymous_12)
FNDA:0,(anonymous_13)
FNDA:0,(anonymous_14)
FNDA:0,(anonymous_15)
FNDA:0,(anonymous_16)
FNDA:0,(anonymous_17)
FNDA:0,(anonymous_18)
FNDA:0,(anonymous_19)
DA:3,0
DA:4,0
DA:5,0
DA:6,0
DA:7,0
DA:15,0
DA:25,0
DA:26,0
DA:27,0
DA:28,0
DA:29,0
DA:30,0
DA:32,0
DA:33,0
DA:34,0
DA:35,0
DA:37,0
DA:38,0
DA:40,0
DA:41,0
DA:42,0
DA:55,0
DA:56,0
DA:57,0
DA:59,0
DA:60,0
DA:62,0
DA:63,0
DA:64,0
DA:75,0
DA:79,0
DA:80,0
DA:81,0
DA:85,0
DA:86,0
DA:90,0
DA:91,0
DA:92,0
DA:93,0
DA:94,0
DA:98,0
DA:99,0
DA:112,0
DA:113,0
DA:114,0
DA:115,0
DA:116,0
DA:119,0
DA:121,0
DA:130,0
DA:154,0
DA:314,0
DA:324,0
DA:344,0
DA:354,0
DA:363,0
DA:372,0
DA:383,0
DA:392,0
DA:403,0
DA:412,0
DA:413,0
LF:62
LH:0
BRDA:63,0,0,0
BRDA:80,1,0,0
BRDA:80,2,0,0
BRDA:80,2,1,0
BRDA:80,2,2,0
BRDA:80,2,3,0
BRDA:91,3,0,0
BRDA:119,4,0,0
BRDA:119,4,1,0
BRDA:121,5,0,0
BRDA:130,6,0,0
BRDA:130,7,0,0
BRDA:130,7,1,0
BRDA:181,8,0,0
BRDA:181,8,1,0
BRDA:199,9,0,0
BRDA:198,10,0,0
BRDA:198,10,1,0
BRDA:198,10,2,0
BRDA:204,11,0,0
BRDA:204,11,1,0
BRDA:204,12,0,0
BRDA:204,12,1,0
BRDA:204,13,0,0
BRDA:204,13,1,0
BRDA:208,14,0,0
BRDA:228,15,0,0
BRDA:420,16,0,0
BRDA:420,16,1,0
BRDA:450,17,0,0
BRDA:450,17,1,0
BRF:31
BRH:0
end_of_record
TN:
SF:app/(dashboard)/companies/[id]/locations/[locationId]/user/page.tsx
FN:37,getRandomBgColor
FN:51,LocationUsersPage
FN:82,(anonymous_3)
FN:90,(anonymous_4)
FN:91,(anonymous_5)
FN:96,(anonymous_6)
FN:104,(anonymous_7)
FN:115,(anonymous_8)
FN:130,(anonymous_9)
FN:177,(anonymous_10)
FN:204,(anonymous_11)
FN:216,(anonymous_12)
FN:226,(anonymous_13)
FN:242,(anonymous_14)
FN:247,(anonymous_15)
FN:263,(anonymous_16)
FN:280,(anonymous_17)
FN:295,(anonymous_18)
FN:310,(anonymous_19)
FN:325,(anonymous_20)
FN:341,(anonymous_21)
FN:342,(anonymous_22)
FN:346,(anonymous_23)
FN:381,(anonymous_24)
FN:387,(anonymous_25)
FN:394,(anonymous_26)
FN:403,(anonymous_27)
FN:423,(anonymous_28)
FN:450,(anonymous_29)
FN:475,(anonymous_30)
FN:476,(anonymous_31)
FN:480,(anonymous_32)
FN:514,(anonymous_33)
FN:538,(anonymous_34)
FN:547,(anonymous_35)
FN:557,(anonymous_36)
FN:563,(anonymous_37)
FN:578,(anonymous_38)
FN:590,(anonymous_39)
FN:611,(anonymous_40)
FNF:40
FNH:0
FNDA:0,getRandomBgColor
FNDA:0,LocationUsersPage
FNDA:0,(anonymous_3)
FNDA:0,(anonymous_4)
FNDA:0,(anonymous_5)
FNDA:0,(anonymous_6)
FNDA:0,(anonymous_7)
FNDA:0,(anonymous_8)
FNDA:0,(anonymous_9)
FNDA:0,(anonymous_10)
FNDA:0,(anonymous_11)
FNDA:0,(anonymous_12)
FNDA:0,(anonymous_13)
FNDA:0,(anonymous_14)
FNDA:0,(anonymous_15)
FNDA:0,(anonymous_16)
FNDA:0,(anonymous_17)
FNDA:0,(anonymous_18)
FNDA:0,(anonymous_19)
FNDA:0,(anonymous_20)
FNDA:0,(anonymous_21)
FNDA:0,(anonymous_22)
FNDA:0,(anonymous_23)
FNDA:0,(anonymous_24)
FNDA:0,(anonymous_25)
FNDA:0,(anonymous_26)
FNDA:0,(anonymous_27)
FNDA:0,(anonymous_28)
FNDA:0,(anonymous_29)
FNDA:0,(anonymous_30)
FNDA:0,(anonymous_31)
FNDA:0,(anonymous_32)
FNDA:0,(anonymous_33)
FNDA:0,(anonymous_34)
FNDA:0,(anonymous_35)
FNDA:0,(anonymous_36)
FNDA:0,(anonymous_37)
FNDA:0,(anonymous_38)
FNDA:0,(anonymous_39)
FNDA:0,(anonymous_40)
DA:3,0
DA:4,0
DA:5,0
DA:6,0
DA:7,0
DA:8,0
DA:9,0
DA:10,0
DA:18,0
DA:28,0
DA:29,0
DA:30,0
DA:31,0
DA:32,0
DA:33,0
DA:34,0
DA:38,0
DA:43,0
DA:44,0
DA:45,0
DA:47,0
DA:48,0
DA:51,0
DA:52,0
DA:53,0
DA:54,0
DA:55,0
DA:56,0
DA:58,0
DA:59,0
DA:60,0
DA:61,0
DA:62,0
DA:63,0
DA:64,0
DA:73,0
DA:74,0
DA:75,0
DA:76,0
DA:78,0
DA:79,0
DA:81,0
DA:82,0
DA:89,0
DA:90,0
DA:91,0
DA:92,0
DA:95,0
DA:97,0
DA:104,0
DA:105,0
DA:107,0
DA:109,0
DA:111,0
DA:115,0
DA:116,0
DA:118,0
DA:120,0
DA:122,0
DA:124,0
DA:126,0
DA:130,0
DA:131,0
DA:132,0
DA:136,0
DA:137,0
DA:140,0
DA:145,0
DA:151,0
DA:152,0
DA:153,0
DA:154,0
DA:155,0
DA:156,0
DA:157,0
DA:159,0
DA:162,0
DA:166,0
DA:177,0
DA:178,0
DA:179,0
DA:188,0
DA:189,0
DA:190,0
DA:191,0
DA:196,0
DA:204,0
DA:205,0
DA:206,0
DA:213,0
DA:216,0
DA:217,0
DA:226,0
DA:227,0
DA:228,0
DA:229,0
DA:234,0
DA:242,0
DA:243,0
DA:244,0
DA:247,0
DA:248,0
DA:249,0
DA:250,0
DA:251,0
DA:263,0
DA:280,0
DA:295,0
DA:310,0
DA:325,0
DA:341,0
DA:343,0
DA:346,0
DA:381,0
DA:388,0
DA:389,0
DA:395,0
DA:396,0
DA:404,0
DA:405,0
DA:423,0
DA:450,0
DA:475,0
DA:477,0
DA:480,0
DA:515,0
DA:516,0
DA:538,0
DA:547,0
DA:557,0
DA:563,0
DA:578,0
DA:590,0
DA:612,0
DA:613,0
LF:135
LH:0
BRDA:79,0,0,0
BRDA:79,0,1,0
BRDA:92,1,0,0
BRDA:92,1,1,0
BRDA:97,2,0,0
BRDA:97,2,1,0
BRDA:97,2,2,0
BRDA:97,2,3,0
BRDA:105,3,0,0
BRDA:105,3,1,0
BRDA:105,3,2,0
BRDA:116,4,0,0
BRDA:116,4,1,0
BRDA:116,4,2,0
BRDA:116,4,3,0
BRDA:116,4,4,0
BRDA:152,5,0,0
BRDA:152,5,1,0
BRDA:154,6,0,0
BRDA:154,6,1,0
BRDA:156,7,0,0
BRDA:156,7,1,0
BRDA:162,8,0,0
BRDA:162,8,1,0
BRDA:162,8,2,0
BRDA:167,9,0,0
BRDA:167,9,1,0
BRDA:169,10,0,0
BRDA:169,10,1,0
BRDA:207,11,0,0
BRDA:207,11,1,0
BRDA:208,12,0,0
BRDA:208,12,1,0
BRDA:209,13,0,0
BRDA:209,13,1,0
BRDA:210,14,0,0
BRDA:210,14,1,0
BRDA:211,15,0,0
BRDA:211,15,1,0
BRDA:248,16,0,0
BRDA:310,17,0,0
BRDA:310,17,1,0
BRDA:325,18,0,0
BRDA:325,18,1,0
BRDA:417,19,0,0
BRDA:457,20,0,0
BRDA:457,20,1,0
BRDA:462,21,0,0
BRDA:462,21,1,0
BRDA:467,22,0,0
BRDA:467,22,1,0
BRDA:503,23,0,0
BRDA:503,23,1,0
BRDA:565,24,0,0
BRDA:565,24,1,0
BRF:55
BRH:0
end_of_record
TN:
SF:app/(dashboard)/companies/[id]/locations/[locationId]/user/[userId]/userDetail/page.tsx
FN:14,getRandomBgColor
FN:28,(anonymous_2)
FN:39,(anonymous_3)
FN:56,UserDetailPage
FN:67,(anonymous_5)
FN:69,(anonymous_6)
FN:73,(anonymous_7)
FN:81,(anonymous_8)
FN:171,(anonymous_9)
FN:190,(anonymous_10)
FN:219,(anonymous_11)
FN:237,(anonymous_12)
FN:305,(anonymous_13)
FN:333,(anonymous_14)
FN:351,(anonymous_15)
FN:369,(anonymous_16)
FNF:16
FNH:0
FNDA:0,getRandomBgColor
FNDA:0,(anonymous_2)
FNDA:0,(anonymous_3)
FNDA:0,UserDetailPage
FNDA:0,(anonymous_5)
FNDA:0,(anonymous_6)
FNDA:0,(anonymous_7)
FNDA:0,(anonymous_8)
FNDA:0,(anonymous_9)
FNDA:0,(anonymous_10)
FNDA:0,(anonymous_11)
FNDA:0,(anonymous_12)
FNDA:0,(anonymous_13)
FNDA:0,(anonymous_14)
FNDA:0,(anonymous_15)
FNDA:0,(anonymous_16)
DA:3,0
DA:4,0
DA:5,0
DA:6,0
DA:7,0
DA:8,0
DA:9,0
DA:10,0
DA:11,0
DA:15,0
DA:20,0
DA:21,0
DA:22,0
DA:24,0
DA:25,0
DA:28,0
DA:29,0
DA:31,0
DA:33,0
DA:35,0
DA:39,0
DA:40,0
DA:42,0
DA:44,0
DA:46,0
DA:48,0
DA:50,0
DA:52,0
DA:56,0
DA:57,0
DA:58,0
DA:59,0
DA:60,0
DA:61,0
DA:63,0
DA:65,0
DA:66,0
DA:67,0
DA:69,0
DA:70,0
DA:73,0
DA:74,0
DA:75,0
DA:76,0
DA:77,0
DA:81,0
DA:83,0
DA:91,0
DA:101,0
DA:171,0
DA:190,0
DA:219,0
DA:237,0
DA:305,0
DA:333,0
DA:351,0
DA:369,0
LF:57
LH:0
BRDA:29,0,0,0
BRDA:29,0,1,0
BRDA:29,0,2,0
BRDA:40,1,0,0
BRDA:40,1,1,0
BRDA:40,1,2,0
BRDA:40,1,3,0
BRDA:40,1,4,0
BRDA:40,1,5,0
BRDA:66,2,0,0
BRDA:66,2,1,0
BRDA:91,3,0,0
BRDA:101,4,0,0
BRDA:174,5,0,0
BRDA:184,6,0,0
BRDA:184,6,1,0
BRDA:185,7,0,0
BRDA:193,8,0,0
BRDA:222,9,0,0
BRDA:240,10,0,0
BRDA:267,11,0,0
BRDA:273,12,0,0
BRDA:308,13,0,0
BRDA:336,14,0,0
BRDA:354,15,0,0
BRDA:372,16,0,0
BRF:26
BRH:0
end_of_record
TN:
SF:app/(dashboard)/customers/page.tsx
FN:5,Customers
FNF:1
FNH:0
FNDA:0,Customers
DA:3,0
DA:5,0
DA:6,0
LF:3
LH:0
BRF:0
BRH:0
end_of_record
TN:
SF:app/(dashboard)/history/page.tsx
FN:5,History
FNF:1
FNH:0
FNDA:0,History
DA:3,0
DA:5,0
DA:6,0
LF:3
LH:0
BRF:0
BRH:0
end_of_record
TN:
SF:app/(dashboard)/locations/page.tsx
FN:5,LocationsPage
FNF:1
FNH:1
FNDA:1,LocationsPage
DA:3,1
DA:5,1
DA:6,1
LF:3
LH:3
BRF:0
BRH:0
end_of_record
TN:
SF:app/(dashboard)/locations/[id]/page.tsx
FN:6,LocationDetailPage
FNF:1
FNH:0
FNDA:0,LocationDetailPage
DA:3,0
DA:4,0
DA:6,0
DA:7,0
DA:8,0
LF:5
LH:0
BRDA:7,0,0,0
BRDA:7,0,1,0
BRDA:8,1,0,0
BRDA:8,1,1,0
BRDA:8,2,0,0
BRDA:8,2,1,0
BRF:6
BRH:0
end_of_record
TN:
SF:app/(dashboard)/manage-store/page.tsx
FN:5,ManageStore
FNF:1
FNH:0
FNDA:0,ManageStore
DA:3,0
DA:5,0
DA:6,0
LF:3
LH:0
BRF:0
BRH:0
end_of_record
TN:
SF:app/(dashboard)/product-list/page.tsx
FN:15,ProductList
FN:28,(anonymous_3)
FN:37,(anonymous_4)
FN:43,(anonymous_5)
FN:70,(anonymous_6)
FN:78,(anonymous_7)
FN:111,(anonymous_8)
FN:135,(anonymous_9)
FN:150,(anonymous_10)
FN:190,(anonymous_11)
FN:194,(anonymous_12)
FN:282,(anonymous_13)
FNF:12
FNH:9
FNDA:22,ProductList
FNDA:57,(anonymous_3)
FNDA:1,(anonymous_4)
FNDA:1,(anonymous_5)
FNDA:0,(anonymous_6)
FNDA:0,(anonymous_7)
FNDA:57,(anonymous_8)
FNDA:57,(anonymous_9)
FNDA:4,(anonymous_10)
FNDA:47,(anonymous_11)
FNDA:1,(anonymous_12)
FNDA:0,(anonymous_13)
DA:3,1
DA:4,1
DA:5,1
DA:6,1
DA:7,1
DA:8,1
DA:9,1
DA:10,1
DA:11,1
DA:13,1
DA:15,16
DA:16,22
DA:17,22
DA:18,22
DA:19,22
DA:20,22
DA:22,22
DA:25,22
DA:28,22
DA:29,57
DA:31,57
DA:32,57
DA:37,22
DA:38,1
DA:39,1
DA:43,22
DA:44,1
DA:47,22
DA:70,0
DA:78,0
DA:111,57
DA:135,57
DA:150,4
DA:191,47
DA:194,1
DA:283,0
DA:284,0
LF:37
LH:33
BRDA:29,0,0,57
BRDA:29,0,1,8
BRDA:31,1,0,57
BRDA:31,1,1,6
BRDA:32,2,0,57
BRDA:32,2,1,49
BRDA:38,3,0,1
BRDA:47,4,0,1
BRDA:68,5,0,21
BRDA:68,5,1,0
BRDA:76,6,0,0
BRDA:76,6,1,21
BRDA:135,7,0,57
BRDA:135,7,1,19
BRDA:169,8,0,1
BRDA:173,9,0,2
BRDA:178,10,0,1
BRDA:178,10,1,1
BRDA:178,11,0,2
BRDA:178,11,1,1
BRDA:186,12,0,18
BRDA:186,12,1,0
BRDA:198,13,0,47
BRDA:201,14,0,47
BRDA:201,14,1,15
BRDA:208,15,0,32
BRDA:208,15,1,15
BRDA:210,16,0,32
BRDA:210,16,1,15
BRDA:231,17,0,47
BRDA:231,17,1,0
BRDA:245,18,0,0
BRDA:245,18,1,0
BRDA:256,19,0,0
BRDA:269,20,0,0
BRDA:269,20,1,0
BRDA:271,21,0,0
BRDA:271,21,1,0
BRF:38
BRH:27
end_of_record
TN:
SF:app/(dashboard)/product-list/[id]/page.tsx
FN:23,ProductDetail
FN:64,(anonymous_3)
FN:68,(anonymous_4)
FN:77,(anonymous_5)
FN:81,(anonymous_6)
FN:86,(anonymous_7)
FN:90,(anonymous_8)
FN:95,(anonymous_9)
FN:99,(anonymous_10)
FN:104,(anonymous_11)
FN:148,(anonymous_12)
FN:326,(anonymous_13)
FN:384,(anonymous_14)
FN:407,(anonymous_15)
FN:442,(anonymous_16)
FN:514,(anonymous_17)
FN:625,(anonymous_18)
FN:702,(anonymous_19)
FNF:18
FNH:14
FNDA:60,ProductDetail
FNDA:1,(anonymous_3)
FNDA:0,(anonymous_4)
FNDA:0,(anonymous_5)
FNDA:3,(anonymous_6)
FNDA:1,(anonymous_7)
FNDA:2,(anonymous_8)
FNDA:1,(anonymous_9)
FNDA:2,(anonymous_10)
FNDA:1,(anonymous_11)
FNDA:3,(anonymous_12)
FNDA:1,(anonymous_13)
FNDA:2,(anonymous_14)
FNDA:50,(anonymous_15)
FNDA:0,(anonymous_16)
FNDA:2,(anonymous_17)
FNDA:0,(anonymous_18)
FNDA:2,(anonymous_19)
DA:3,2
DA:4,2
DA:5,2
DA:6,2
DA:7,2
DA:8,2
DA:9,2
DA:10,2
DA:11,2
DA:12,2
DA:13,2
DA:14,2
DA:15,2
DA:16,2
DA:17,2
DA:18,2
DA:19,2
DA:20,2
DA:21,2
DA:23,47
DA:24,60
DA:25,60
DA:26,60
DA:27,60
DA:28,60
DA:29,60
DA:30,60
DA:31,60
DA:32,60
DA:33,60
DA:34,60
DA:36,60
DA:39,60
DA:46,60
DA:53,60
DA:60,60
DA:62,60
DA:64,60
DA:65,1
DA:68,60
DA:70,0
DA:74,0
DA:77,60
DA:78,0
DA:81,60
DA:82,3
DA:83,3
DA:86,60
DA:87,1
DA:90,60
DA:91,2
DA:92,2
DA:95,60
DA:96,1
DA:99,60
DA:100,2
DA:101,2
DA:104,60
DA:105,1
DA:108,60
DA:116,55
DA:148,3
DA:326,1
DA:384,2
DA:408,50
DA:442,0
DA:514,2
DA:625,0
DA:702,2
LF:69
LH:64
BRDA:62,0,0,60
BRDA:62,0,1,3
BRDA:108,1,0,5
BRDA:108,2,0,60
BRDA:108,2,1,58
BRDA:108,2,2,57
BRDA:108,2,3,56
BRDA:116,3,0,3
BRDA:116,4,0,55
BRDA:116,4,1,53
BRDA:137,5,0,52
BRDA:167,6,0,52
BRDA:167,6,1,2
BRDA:180,7,0,52
BRDA:203,8,0,52
BRDA:203,8,1,0
BRDA:205,9,0,52
BRDA:205,9,1,0
BRDA:216,10,0,52
BRDA:274,11,0,52
BRDA:274,11,1,0
BRDA:280,12,0,52
BRDA:280,12,1,0
BRDA:300,13,0,52
BRDA:300,13,1,0
BRDA:304,14,0,52
BRDA:304,14,1,0
BRDA:308,15,0,52
BRDA:308,15,1,0
BRDA:322,16,0,52
BRDA:326,17,0,1
BRDA:326,17,1,0
BRDA:330,18,0,42
BRDA:330,18,1,7
BRDA:337,19,0,1
BRDA:343,20,0,45
BRDA:348,21,0,45
BRDA:348,21,1,0
BRDA:353,22,0,45
BRDA:353,22,1,0
BRDA:364,23,0,45
BRDA:364,23,1,0
BRDA:370,24,0,45
BRDA:370,24,1,0
BRDA:380,25,0,6
BRDA:397,26,0,52
BRDA:397,26,1,52
BRDA:438,27,0,52
BRDA:442,28,0,0
BRDA:442,28,1,0
BRDA:446,29,0,42
BRDA:446,29,1,7
BRDA:453,30,0,1
BRDA:459,31,0,45
BRDA:493,32,0,45
BRDA:493,32,1,0
BRDA:499,33,0,45
BRDA:499,33,1,0
BRDA:510,34,0,6
BRDA:621,35,0,52
BRDA:625,36,0,0
BRDA:625,36,1,0
BRDA:629,37,0,42
BRDA:629,37,1,7
BRDA:636,38,0,1
BRDA:642,39,0,45
BRDA:687,40,0,45
BRDA:687,40,1,0
BRDA:698,41,0,6
BRF:69
BRH:50
end_of_record
TN:
SF:app/(dashboard)/product-list/[id]/edit/page.tsx
FN:17,EditProduct
FN:42,(anonymous_2)
FN:56,(anonymous_3)
FN:87,(anonymous_4)
FN:169,(anonymous_5)
FN:180,(anonymous_6)
FN:191,(anonymous_7)
FN:200,(anonymous_8)
FN:228,(anonymous_9)
FN:241,(anonymous_10)
FN:252,(anonymous_11)
FNF:11
FNH:0
FNDA:0,EditProduct
FNDA:0,(anonymous_2)
FNDA:0,(anonymous_3)
FNDA:0,(anonymous_4)
FNDA:0,(anonymous_5)
FNDA:0,(anonymous_6)
FNDA:0,(anonymous_7)
FNDA:0,(anonymous_8)
FNDA:0,(anonymous_9)
FNDA:0,(anonymous_10)
FNDA:0,(anonymous_11)
DA:3,0
DA:4,0
DA:5,0
DA:6,0
DA:7,0
DA:8,0
DA:9,0
DA:10,0
DA:11,0
DA:12,0
DA:13,0
DA:14,0
DA:15,0
DA:17,0
DA:18,0
DA:19,0
DA:20,0
DA:21,0
DA:22,0
DA:25,0
DA:26,0
DA:29,0
DA:39,0
DA:42,0
DA:43,0
DA:44,0
DA:56,0
DA:57,0
DA:58,0
DA:60,0
DA:61,0
DA:70,0
DA:75,0
DA:77,0
DA:83,0
DA:87,0
DA:88,0
DA:91,0
DA:99,0
DA:169,0
DA:180,0
DA:191,0
DA:200,0
DA:228,0
DA:241,0
DA:252,0
LF:46
LH:0
BRDA:43,0,0,0
BRDA:45,1,0,0
BRDA:45,1,1,0
BRDA:46,2,0,0
BRDA:46,2,1,0
BRDA:47,3,0,0
BRDA:47,3,1,0
BRDA:48,4,0,0
BRDA:48,4,1,0
BRDA:49,5,0,0
BRDA:49,5,1,0
BRDA:50,6,0,0
BRDA:50,6,1,0
BRDA:51,7,0,0
BRDA:51,7,1,0
BRDA:66,8,0,0
BRDA:66,8,1,0
BRDA:79,9,0,0
BRDA:79,9,1,0
BRDA:91,10,0,0
BRDA:99,11,0,0
BRDA:99,12,0,0
BRDA:99,12,1,0
BRDA:131,13,0,0
BRDA:131,13,1,0
BRDA:144,14,0,0
BRDA:144,14,1,0
BRDA:274,15,0,0
BRDA:274,15,1,0
BRDA:278,16,0,0
BRDA:278,16,1,0
BRDA:286,17,0,0
BRDA:286,17,1,0
BRDA:294,18,0,0
BRDA:294,18,1,0
BRF:35
BRH:0
end_of_record
TN:
SF:app/(dashboard)/product-list/create/page.tsx
FN:16,CreateProduct
FN:35,(anonymous_2)
FN:65,(anonymous_3)
FN:111,(anonymous_4)
FN:122,(anonymous_5)
FN:133,(anonymous_6)
FN:142,(anonymous_7)
FN:170,(anonymous_8)
FN:183,(anonymous_9)
FN:194,(anonymous_10)
FNF:10
FNH:0
FNDA:0,CreateProduct
FNDA:0,(anonymous_2)
FNDA:0,(anonymous_3)
FNDA:0,(anonymous_4)
FNDA:0,(anonymous_5)
FNDA:0,(anonymous_6)
FNDA:0,(anonymous_7)
FNDA:0,(anonymous_8)
FNDA:0,(anonymous_9)
FNDA:0,(anonymous_10)
DA:3,0
DA:4,0
DA:5,0
DA:6,0
DA:7,0
DA:8,0
DA:9,0
DA:10,0
DA:11,0
DA:12,0
DA:13,0
DA:14,0
DA:16,0
DA:17,0
DA:18,0
DA:19,0
DA:20,0
DA:23,0
DA:33,0
DA:35,0
DA:36,0
DA:37,0
DA:39,0
DA:40,0
DA:48,0
DA:53,0
DA:55,0
DA:61,0
DA:65,0
DA:66,0
DA:111,0
DA:122,0
DA:133,0
DA:142,0
DA:170,0
DA:183,0
DA:194,0
LF:37
LH:0
BRDA:44,0,0,0
BRDA:44,0,1,0
BRDA:57,1,0,0
BRDA:57,1,1,0
BRDA:92,2,0,0
BRDA:92,2,1,0
BRDA:229,3,0,0
BRDA:229,3,1,0
BRDA:229,4,0,0
BRDA:229,4,1,0
BRDA:229,5,0,0
BRDA:229,5,1,0
BRDA:237,6,0,0
BRDA:237,6,1,0
BRDA:244,7,0,0
BRF:15
BRH:0
end_of_record
TN:
SF:app/(dashboard)/report/page.tsx
FN:5,Report
FNF:1
FNH:0
FNDA:0,Report
DA:3,0
DA:5,0
DA:6,0
LF:3
LH:0
BRF:0
BRH:0
end_of_record
TN:
SF:app/(dashboard)/roles/page.tsx
FN:7,RolesPage
FN:8,(anonymous_3)
FNF:2
FNH:0
FNDA:0,RolesPage
FNDA:0,(anonymous_3)
DA:3,0
DA:4,0
DA:5,0
DA:7,0
DA:8,0
DA:11,0
DA:12,0
DA:15,0
LF:8
LH:0
BRDA:11,0,0,0
BRF:1
BRH:0
end_of_record
TN:
SF:app/(dashboard)/support/page.tsx
FN:5,Support
FNF:1
FNH:0
FNDA:0,Support
DA:3,0
DA:5,0
DA:6,0
LF:3
LH:0
BRF:0
BRH:0
end_of_record
TN:
SF:app/(dashboard)/users/page.tsx
FN:5,Users
FNF:1
FNH:1
FNDA:1,Users
DA:3,1
DA:5,1
DA:6,1
LF:3
LH:3
BRF:0
BRH:0
end_of_record
TN:
SF:app/(dashboard)/users/[userId]/detail/page.tsx
FN:15,getRandomBgColor
FN:31,(anonymous_2)
FN:52,(anonymous_3)
FN:53,(anonymous_4)
FN:56,UserDetailPage
FN:67,(anonymous_6)
FN:70,(anonymous_7)
FN:72,(anonymous_8)
FN:76,(anonymous_9)
FN:84,(anonymous_10)
FN:152,(anonymous_11)
FN:399,(anonymous_12)
FN:418,(anonymous_13)
FN:444,(anonymous_14)
FN:463,(anonymous_15)
FN:510,(anonymous_16)
FNF:16
FNH:0
FNDA:0,getRandomBgColor
FNDA:0,(anonymous_2)
FNDA:0,(anonymous_3)
FNDA:0,(anonymous_4)
FNDA:0,UserDetailPage
FNDA:0,(anonymous_6)
FNDA:0,(anonymous_7)
FNDA:0,(anonymous_8)
FNDA:0,(anonymous_9)
FNDA:0,(anonymous_10)
FNDA:0,(anonymous_11)
FNDA:0,(anonymous_12)
FNDA:0,(anonymous_13)
FNDA:0,(anonymous_14)
FNDA:0,(anonymous_15)
FNDA:0,(anonymous_16)
DA:3,0
DA:4,0
DA:5,0
DA:6,0
DA:7,0
DA:8,0
DA:9,0
DA:10,0
DA:11,0
DA:12,0
DA:16,0
DA:21,0
DA:22,0
DA:23,0
DA:25,0
DA:26,0
DA:31,0
DA:32,0
DA:34,0
DA:36,0
DA:38,0
DA:40,0
DA:42,0
DA:44,0
DA:46,0
DA:48,0
DA:52,0
DA:53,0
DA:56,0
DA:57,0
DA:58,0
DA:59,0
DA:61,0
DA:62,0
DA:64,0
DA:65,0
DA:66,0
DA:67,0
DA:70,0
DA:72,0
DA:73,0
DA:76,0
DA:77,0
DA:78,0
DA:79,0
DA:80,0
DA:84,0
DA:86,0
DA:94,0
DA:104,0
DA:152,0
DA:399,0
DA:418,0
DA:444,0
DA:463,0
DA:510,0
LF:56
LH:0
BRDA:32,0,0,0
BRDA:32,0,1,0
BRDA:32,0,2,0
BRDA:32,0,3,0
BRDA:32,0,4,0
BRDA:32,0,5,0
BRDA:32,0,6,0
BRDA:32,0,7,0
BRDA:66,1,0,0
BRDA:66,1,1,0
BRDA:94,2,0,0
BRDA:94,3,0,0
BRDA:94,3,1,0
BRDA:104,4,0,0
BRDA:150,5,0,0
BRDA:150,5,1,0
BRDA:158,6,0,0
BRDA:158,6,1,0
BRDA:164,7,0,0
BRDA:164,7,1,0
BRDA:193,8,0,0
BRDA:199,9,0,0
BRDA:320,10,0,0
BRDA:360,11,0,0
BRDA:360,11,1,0
BRDA:402,12,0,0
BRDA:412,13,0,0
BRDA:412,13,1,0
BRDA:413,14,0,0
BRDA:421,15,0,0
BRDA:435,16,0,0
BRDA:447,17,0,0
BRDA:466,18,0,0
BRDA:485,19,0,0
BRDA:496,20,0,0
BRDA:513,21,0,0
BRF:36
BRH:0
end_of_record
TN:
SF:app/api/auth/google/token/route.ts
FN:3,POST
FNF:1
FNH:0
FNDA:0,POST
DA:1,0
DA:3,0
DA:4,0
DA:5,0
DA:7,0
DA:8,0
DA:15,0
DA:29,0
DA:30,0
DA:31,0
DA:32,0
DA:38,0
DA:41,0
DA:47,0
DA:48,0
DA:54,0
DA:57,0
DA:58,0
DA:74,0
DA:75,0
DA:76,0
DA:77,0
DA:78,0
DA:81,0
DA:82,0
DA:85,0
DA:86,0
DA:87,0
DA:90,0
DA:91,0
DA:94,0
DA:97,0
DA:121,0
DA:122,0
DA:123,0
DA:127,0
DA:128,0
LF:37
LH:0
BRDA:7,0,0,0
BRDA:29,1,0,0
BRDA:47,2,0,0
BRDA:74,3,0,0
BRDA:85,4,0,0
BRDA:85,5,0,0
BRDA:85,5,1,0
BRDA:85,5,2,0
BRF:8
BRH:0
end_of_record
TN:
SF:app/cashier/[locationId]/page.tsx
FN:8,LocationCashierRedirect
FN:16,(anonymous_3)
FN:17,(anonymous_4)
FN:55,(anonymous_5)
FNF:4
FNH:0
FNDA:0,LocationCashierRedirect
FNDA:0,(anonymous_3)
FNDA:0,(anonymous_4)
FNDA:0,(anonymous_5)
DA:3,0
DA:4,0
DA:5,0
DA:6,0
DA:8,0
DA:9,0
DA:10,0
DA:11,0
DA:13,0
DA:14,0
DA:16,0
DA:17,0
DA:18,0
DA:19,0
DA:22,0
DA:23,0
DA:26,0
DA:27,0
DA:29,0
DA:31,0
DA:34,0
DA:35,0
DA:37,0
DA:39,0
DA:40,0
DA:43,0
DA:44,0
DA:48,0
DA:52,0
DA:53,0
DA:55,0
DA:56,0
DA:59,0
DA:63,0
DA:64,0
DA:68,0
DA:79,0
DA:90,0
LF:38
LH:0
BRDA:27,0,0,0
BRDA:27,0,1,0
BRDA:29,1,0,0
BRDA:29,1,1,0
BRDA:35,2,0,0
BRDA:35,2,1,0
BRDA:37,3,0,0
BRDA:37,3,1,0
BRDA:53,4,0,0
BRDA:53,4,1,0
BRDA:63,5,0,0
BRDA:68,6,0,0
BRDA:79,7,0,0
BRF:13
BRH:0
end_of_record
TN:
SF:app/catalog/[locationId]/page.tsx
FN:32,PublicCatalogPage
FN:42,(anonymous_3)
FN:43,(anonymous_4)
FN:67,(anonymous_5)
FN:68,(anonymous_6)
FN:74,(anonymous_7)
FN:75,(anonymous_8)
FN:86,(anonymous_9)
FN:87,(anonymous_10)
FN:93,(anonymous_11)
FN:94,(anonymous_12)
FN:157,(anonymous_13)
FN:186,(anonymous_14)
FN:198,(anonymous_15)
FNF:14
FNH:0
FNDA:0,PublicCatalogPage
FNDA:0,(anonymous_3)
FNDA:0,(anonymous_4)
FNDA:0,(anonymous_5)
FNDA:0,(anonymous_6)
FNDA:0,(anonymous_7)
FNDA:0,(anonymous_8)
FNDA:0,(anonymous_9)
FNDA:0,(anonymous_10)
FNDA:0,(anonymous_11)
FNDA:0,(anonymous_12)
FNDA:0,(anonymous_13)
FNDA:0,(anonymous_14)
FNDA:0,(anonymous_15)
DA:3,0
DA:4,0
DA:5,0
DA:6,0
DA:7,0
DA:8,0
DA:9,0
DA:32,0
DA:33,0
DA:34,0
DA:36,0
DA:37,0
DA:38,0
DA:39,0
DA:40,0
DA:42,0
DA:43,0
DA:44,0
DA:45,0
DA:48,0
DA:49,0
DA:52,0
DA:53,0
DA:56,0
DA:58,0
DA:62,0
DA:63,0
DA:67,0
DA:68,0
DA:74,0
DA:75,0
DA:76,0
DA:77,0
DA:78,0
DA:80,0
DA:82,0
DA:86,0
DA:87,0
DA:88,0
DA:89,0
DA:93,0
DA:94,0
DA:97,0
DA:108,0
DA:158,0
DA:186,0
DA:198,0
LF:47
LH:0
BRDA:53,0,0,0
BRDA:53,0,1,0
BRDA:56,1,0,0
BRDA:56,1,1,0
BRDA:62,2,0,0
BRDA:70,3,0,0
BRDA:70,3,1,0
BRDA:77,4,0,0
BRDA:77,4,1,0
BRDA:88,5,0,0
BRDA:88,5,1,0
BRDA:97,6,0,0
BRDA:108,7,0,0
BRDA:150,8,0,0
BRDA:161,9,0,0
BRDA:173,10,0,0
BRDA:173,10,1,0
BRDA:174,11,0,0
BRDA:174,11,1,0
BRDA:180,12,0,0
BRDA:182,13,0,0
BRDA:191,14,0,0
BRDA:201,15,0,0
BRDA:201,15,1,0
BRF:24
BRH:0
end_of_record
TN:
SF:components/ErrorBoundary.tsx
FN:79,(anonymous_4)
FN:145,(anonymous_5)
FN:156,(anonymous_6)
FN:97,(anonymous_7)
FN:113,(anonymous_8)
FN:138,(anonymous_9)
FN:168,(anonymous_10)
FNF:7
FNH:7
FNDA:45,(anonymous_4)
FNDA:1,(anonymous_5)
FNDA:1,(anonymous_6)
FNDA:43,(anonymous_7)
FNDA:21,(anonymous_8)
FNDA:82,(anonymous_9)
FNDA:108,(anonymous_10)
DA:15,1
DA:16,1
DA:17,1
DA:18,1
DA:78,26
DA:80,45
DA:81,44
DA:98,43
DA:115,21
DA:121,21
DA:128,21
DA:129,1
DA:139,82
DA:146,1
DA:157,1
DA:170,108
DA:172,64
DA:173,3
DA:251,44
LF:19
LH:19
BRDA:128,0,0,1
BRDA:170,1,0,64
BRDA:172,2,0,3
BRDA:196,3,0,61
BRDA:196,3,1,6
BRDA:205,4,0,6
BRF:6
BRH:6
end_of_record
TN:
SF:components/barcode-display.tsx
FN:14,BarcodeDisplay
FN:23,(anonymous_3)
FNF:2
FNH:0
FNDA:0,BarcodeDisplay
FNDA:0,(anonymous_3)
DA:3,0
DA:4,0
DA:14,0
DA:21,0
DA:23,0
DA:24,0
DA:25,0
DA:26,0
DA:40,0
DA:45,0
LF:10
LH:0
BRDA:16,0,0,0
BRDA:17,1,0,0
BRDA:18,2,0,0
BRDA:19,3,0,0
BRDA:24,4,0,0
BRDA:24,5,0,0
BRDA:24,5,1,0
BRDA:45,6,0,0
BRF:8
BRH:0
end_of_record
TN:
SF:components/cart-summary.tsx
FN:19,CartSummary
FN:20,(anonymous_2)
FNF:2
FNH:2
FNDA:6,CartSummary
FNDA:10,(anonymous_2)
DA:3,1
DA:4,1
DA:19,6
DA:20,10
LF:4
LH:4
BRF:0
BRH:0
end_of_record
TN:
SF:components/catalogs.tsx
FN:44,Catalogs
FN:61,(anonymous_2)
FN:62,(anonymous_3)
FN:67,(anonymous_4)
FN:74,(anonymous_5)
FN:83,(anonymous_6)
FN:96,(anonymous_7)
FN:104,(anonymous_8)
FN:112,(anonymous_9)
FN:130,(anonymous_10)
FN:170,(anonymous_11)
FN:178,(anonymous_12)
FN:181,(anonymous_13)
FN:190,(anonymous_14)
FN:217,(anonymous_15)
FN:224,(anonymous_16)
FN:234,(anonymous_17)
FN:247,(anonymous_18)
FN:267,(anonymous_19)
FN:274,(anonymous_20)
FN:284,(anonymous_21)
FN:302,(anonymous_22)
FN:304,(anonymous_23)
FN:308,(anonymous_24)
FN:315,(anonymous_25)
FN:330,(anonymous_26)
FN:360,CatalogForm
FN:374,(anonymous_28)
FN:396,(anonymous_29)
FN:429,(anonymous_30)
FN:440,(anonymous_31)
FN:449,(anonymous_32)
FN:454,(anonymous_33)
FN:467,(anonymous_34)
FN:476,(anonymous_35)
FN:477,(anonymous_36)
FN:498,(anonymous_37)
FN:506,(anonymous_38)
FNF:38
FNH:0
FNDA:0,Catalogs
FNDA:0,(anonymous_2)
FNDA:0,(anonymous_3)
FNDA:0,(anonymous_4)
FNDA:0,(anonymous_5)
FNDA:0,(anonymous_6)
FNDA:0,(anonymous_7)
FNDA:0,(anonymous_8)
FNDA:0,(anonymous_9)
FNDA:0,(anonymous_10)
FNDA:0,(anonymous_11)
FNDA:0,(anonymous_12)
FNDA:0,(anonymous_13)
FNDA:0,(anonymous_14)
FNDA:0,(anonymous_15)
FNDA:0,(anonymous_16)
FNDA:0,(anonymous_17)
FNDA:0,(anonymous_18)
FNDA:0,(anonymous_19)
FNDA:0,(anonymous_20)
FNDA:0,(anonymous_21)
FNDA:0,(anonymous_22)
FNDA:0,(anonymous_23)
FNDA:0,(anonymous_24)
FNDA:0,(anonymous_25)
FNDA:0,(anonymous_26)
FNDA:0,CatalogForm
FNDA:0,(anonymous_28)
FNDA:0,(anonymous_29)
FNDA:0,(anonymous_30)
FNDA:0,(anonymous_31)
FNDA:0,(anonymous_32)
FNDA:0,(anonymous_33)
FNDA:0,(anonymous_34)
FNDA:0,(anonymous_35)
FNDA:0,(anonymous_36)
FNDA:0,(anonymous_37)
FNDA:0,(anonymous_38)
DA:5,0
DA:6,0
DA:7,0
DA:8,0
DA:9,0
DA:17,0
DA:18,0
DA:19,0
DA:20,0
DA:21,0
DA:22,0
DA:23,0
DA:24,0
DA:25,0
DA:26,0
DA:27,0
DA:28,0
DA:44,0
DA:45,0
DA:46,0
DA:47,0
DA:48,0
DA:49,0
DA:50,0
DA:51,0
DA:52,0
DA:53,0
DA:54,0
DA:57,0
DA:58,0
DA:61,0
DA:62,0
DA:63,0
DA:65,0
DA:67,0
DA:70,0
DA:71,0
DA:72,0
DA:74,0
DA:75,0
DA:76,0
DA:78,0
DA:79,0
DA:83,0
DA:84,0
DA:85,0
DA:90,0
DA:92,0
DA:96,0
DA:97,0
DA:98,0
DA:99,0
DA:100,0
DA:104,0
DA:105,0
DA:106,0
DA:112,0
DA:113,0
DA:115,0
DA:117,0
DA:119,0
DA:121,0
DA:125,0
DA:131,0
DA:170,0
DA:178,0
DA:181,0
DA:191,0
DA:217,0
DA:225,0
DA:226,0
DA:234,0
DA:248,0
DA:267,0
DA:275,0
DA:276,0
DA:284,0
DA:302,0
DA:305,0
DA:306,0
DA:308,0
DA:315,0
DA:330,0
DA:361,0
DA:362,0
DA:363,0
DA:365,0
DA:372,0
DA:374,0
DA:375,0
DA:377,0
DA:379,0
DA:383,0
DA:390,0
DA:391,0
DA:392,0
DA:397,0
DA:398,0
DA:401,0
DA:417,0
DA:418,0
DA:420,0
DA:421,0
DA:429,0
DA:440,0
DA:449,0
DA:455,0
DA:467,0
DA:476,0
DA:478,0
DA:498,0
LF:111
LH:0
BRDA:71,0,0,0
BRDA:71,0,1,0
BRDA:72,1,0,0
BRDA:72,1,1,0
BRDA:75,2,0,0
BRDA:75,3,0,0
BRDA:75,3,1,0
BRDA:78,4,0,0
BRDA:87,5,0,0
BRDA:87,5,1,0
BRDA:88,6,0,0
BRDA:88,6,1,0
BRDA:97,7,0,0
BRDA:105,8,0,0
BRDA:113,9,0,0
BRDA:113,9,1,0
BRDA:113,9,2,0
BRDA:113,9,3,0
BRDA:125,10,0,0
BRDA:125,11,0,0
BRDA:125,11,1,0
BRDA:173,12,0,0
BRDA:178,13,0,0
BRDA:178,13,1,0
BRDA:181,14,0,0
BRDA:181,14,1,0
BRDA:189,15,0,0
BRDA:198,16,0,0
BRDA:198,16,1,0
BRDA:198,17,0,0
BRDA:198,17,1,0
BRDA:200,18,0,0
BRDA:200,18,1,0
BRDA:206,19,0,0
BRDA:206,19,1,0
BRDA:210,20,0,0
BRDA:210,20,1,0
BRDA:214,21,0,0
BRDA:214,21,1,0
BRDA:256,22,0,0
BRDA:256,22,1,0
BRDA:256,23,0,0
BRDA:256,23,1,0
BRDA:258,24,0,0
BRDA:258,24,1,0
BRDA:260,25,0,0
BRDA:260,25,1,0
BRDA:261,26,0,0
BRDA:261,26,1,0
BRDA:262,27,0,0
BRDA:262,27,1,0
BRDA:298,28,0,0
BRDA:322,29,0,0
BRDA:327,30,0,0
BRDA:327,30,1,0
BRDA:329,31,0,0
BRDA:345,32,0,0
BRDA:360,33,0,0
BRDA:366,34,0,0
BRDA:366,34,1,0
BRDA:367,35,0,0
BRDA:367,35,1,0
BRDA:368,36,0,0
BRDA:368,36,1,0
BRDA:369,37,0,0
BRDA:369,37,1,0
BRDA:370,38,0,0
BRDA:370,38,1,0
BRDA:393,39,0,0
BRDA:393,39,1,0
BRDA:397,40,0,0
BRDA:402,41,0,0
BRDA:402,41,1,0
BRDA:408,42,0,0
BRDA:408,42,1,0
BRDA:417,43,0,0
BRDA:417,43,1,0
BRDA:421,44,0,0
BRDA:421,44,1,0
BRDA:476,45,0,0
BRDA:476,45,1,0
BRDA:491,46,0,0
BRDA:498,47,0,0
BRDA:498,47,1,0
BRDA:513,48,0,0
BRDA:513,48,1,0
BRF:86
BRH:0
end_of_record
TN:
SF:components/combo-card.tsx
FN:20,ComboCard
FN:30,(anonymous_5)
FN:48,(anonymous_6)
FN:55,(anonymous_7)
FN:56,(anonymous_8)
FN:68,(anonymous_9)
FN:72,(anonymous_10)
FN:77,(anonymous_11)
FN:82,(anonymous_12)
FN:99,(anonymous_13)
FN:107,(anonymous_14)
FN:115,(anonymous_15)
FN:187,(anonymous_16)
FN:220,(anonymous_17)
FN:228,(anonymous_18)
FN:247,(anonymous_19)
FN:247,(anonymous_20)
FN:254,(anonymous_21)
FN:311,(anonymous_22)
FN:327,(anonymous_23)
FNF:20
FNH:0
FNDA:0,ComboCard
FNDA:0,(anonymous_5)
FNDA:0,(anonymous_6)
FNDA:0,(anonymous_7)
FNDA:0,(anonymous_8)
FNDA:0,(anonymous_9)
FNDA:0,(anonymous_10)
FNDA:0,(anonymous_11)
FNDA:0,(anonymous_12)
FNDA:0,(anonymous_13)
FNDA:0,(anonymous_14)
FNDA:0,(anonymous_15)
FNDA:0,(anonymous_16)
FNDA:0,(anonymous_17)
FNDA:0,(anonymous_18)
FNDA:0,(anonymous_19)
FNDA:0,(anonymous_20)
FNDA:0,(anonymous_21)
FNDA:0,(anonymous_22)
FNDA:0,(anonymous_23)
DA:1,0
DA:2,0
DA:3,0
DA:4,0
DA:5,0
DA:6,0
DA:7,0
DA:8,0
DA:20,0
DA:21,0
DA:22,0
DA:25,0
DA:26,0
DA:27,0
DA:30,0
DA:31,0
DA:32,0
DA:33,0
DA:36,0
DA:37,0
DA:38,0
DA:41,0
DA:43,0
DA:44,0
DA:48,0
DA:49,0
DA:50,0
DA:51,0
DA:54,0
DA:55,0
DA:57,0
DA:58,0
DA:59,0
DA:63,0
DA:64,0
DA:68,0
DA:69,0
DA:72,0
DA:73,0
DA:74,0
DA:77,0
DA:78,0
DA:79,0
DA:82,0
DA:83,0
DA:84,0
DA:100,0
DA:101,0
DA:107,0
DA:115,0
DA:188,0
DA:189,0
DA:221,0
DA:222,0
DA:228,0
DA:247,0
DA:248,0
DA:255,0
DA:256,0
DA:312,0
DA:313,0
DA:327,0
LF:62
LH:0
BRDA:20,0,0,0
BRDA:20,1,0,0
BRDA:25,2,0,0
BRDA:32,3,0,0
BRDA:32,4,0,0
BRDA:32,4,1,0
BRDA:37,5,0,0
BRDA:37,6,0,0
BRDA:37,6,1,0
BRDA:37,6,2,0
BRDA:38,7,0,0
BRDA:38,7,1,0
BRDA:50,8,0,0
BRDA:50,9,0,0
BRDA:50,9,1,0
BRDA:57,10,0,0
BRDA:57,10,1,0
BRDA:58,11,0,0
BRDA:58,11,1,0
BRDA:59,12,0,0
BRDA:59,12,1,0
BRDA:107,13,0,0
BRDA:107,13,1,0
BRDA:107,14,0,0
BRDA:107,14,1,0
BRDA:135,15,0,0
BRDA:135,15,1,0
BRDA:171,16,0,0
BRDA:176,17,0,0
BRDA:193,18,0,0
BRDA:193,18,1,0
BRDA:199,19,0,0
BRDA:199,19,1,0
BRDA:228,20,0,0
BRDA:228,20,1,0
BRDA:228,21,0,0
BRDA:228,21,1,0
BRDA:247,22,0,0
BRDA:251,23,0,0
BRDA:251,23,1,0
BRDA:252,24,0,0
BRDA:252,24,1,0
BRDA:262,25,0,0
BRDA:262,25,1,0
BRDA:263,26,0,0
BRDA:263,27,0,0
BRDA:263,27,1,0
BRDA:268,28,0,0
BRDA:268,28,1,0
BRDA:269,29,0,0
BRDA:269,30,0,0
BRDA:269,30,1,0
BRDA:270,31,0,0
BRDA:270,31,1,0
BRDA:270,32,0,0
BRDA:270,32,1,0
BRDA:289,33,0,0
BRDA:317,34,0,0
BRDA:317,34,1,0
BRDA:323,35,0,0
BRDA:323,35,1,0
BRDA:353,36,0,0
BRDA:353,36,1,0
BRF:63
BRH:0
end_of_record
TN:
SF:components/combo-form.tsx
FN:29,ComboForm
FN:30,(anonymous_3)
FN:40,(anonymous_4)
FN:72,(anonymous_5)
FN:83,(anonymous_6)
FN:97,(anonymous_7)
FN:99,(anonymous_8)
FN:107,(anonymous_9)
FN:110,(anonymous_10)
FN:117,(anonymous_11)
FN:247,(anonymous_12)
FN:248,(anonymous_13)
FN:254,(anonymous_14)
FN:255,(anonymous_15)
FN:256,(anonymous_16)
FN:261,(anonymous_17)
FN:273,(anonymous_18)
FN:274,(anonymous_19)
FN:276,(anonymous_20)
FN:282,(anonymous_21)
FN:283,(anonymous_22)
FN:287,(anonymous_23)
FN:299,(anonymous_24)
FN:310,(anonymous_25)
FN:322,(anonymous_26)
FN:336,(anonymous_27)
FN:342,(anonymous_28)
FN:351,(anonymous_29)
FN:361,(anonymous_30)
FN:373,(anonymous_31)
FN:392,(anonymous_32)
FN:401,(anonymous_33)
FN:420,(anonymous_34)
FN:431,(anonymous_35)
FN:441,(anonymous_36)
FN:448,(anonymous_37)
FN:476,(anonymous_38)
FN:477,(anonymous_39)
FN:480,(anonymous_40)
FNF:39
FNH:0
FNDA:0,ComboForm
FNDA:0,(anonymous_3)
FNDA:0,(anonymous_4)
FNDA:0,(anonymous_5)
FNDA:0,(anonymous_6)
FNDA:0,(anonymous_7)
FNDA:0,(anonymous_8)
FNDA:0,(anonymous_9)
FNDA:0,(anonymous_10)
FNDA:0,(anonymous_11)
FNDA:0,(anonymous_12)
FNDA:0,(anonymous_13)
FNDA:0,(anonymous_14)
FNDA:0,(anonymous_15)
FNDA:0,(anonymous_16)
FNDA:0,(anonymous_17)
FNDA:0,(anonymous_18)
FNDA:0,(anonymous_19)
FNDA:0,(anonymous_20)
FNDA:0,(anonymous_21)
FNDA:0,(anonymous_22)
FNDA:0,(anonymous_23)
FNDA:0,(anonymous_24)
FNDA:0,(anonymous_25)
FNDA:0,(anonymous_26)
FNDA:0,(anonymous_27)
FNDA:0,(anonymous_28)
FNDA:0,(anonymous_29)
FNDA:0,(anonymous_30)
FNDA:0,(anonymous_31)
FNDA:0,(anonymous_32)
FNDA:0,(anonymous_33)
FNDA:0,(anonymous_34)
FNDA:0,(anonymous_35)
FNDA:0,(anonymous_36)
FNDA:0,(anonymous_37)
FNDA:0,(anonymous_38)
FNDA:0,(anonymous_39)
FNDA:0,(anonymous_40)
DA:3,0
DA:4,0
DA:5,0
DA:6,0
DA:7,0
DA:8,0
DA:9,0
DA:10,0
DA:11,0
DA:12,0
DA:13,0
DA:14,0
DA:17,0
DA:18,0
DA:19,0
DA:20,0
DA:21,0
DA:29,0
DA:30,0
DA:31,0
DA:32,0
DA:33,0
DA:34,0
DA:37,0
DA:38,0
DA:41,0
DA:42,0
DA:45,0
DA:59,0
DA:62,0
DA:64,0
DA:72,0
DA:80,0
DA:83,0
DA:84,0
DA:85,0
DA:94,0
DA:95,0
DA:97,0
DA:98,0
DA:99,0
DA:107,0
DA:108,0
DA:110,0
DA:117,0
DA:118,0
DA:120,0
DA:121,0
DA:124,0
DA:125,0
DA:130,0
DA:132,0
DA:133,0
DA:138,0
DA:142,0
DA:143,0
DA:144,0
DA:149,0
DA:151,0
DA:152,0
DA:157,0
DA:161,0
DA:162,0
DA:163,0
DA:164,0
DA:169,0
DA:171,0
DA:172,0
DA:177,0
DA:180,0
DA:181,0
DA:186,0
DA:190,0
DA:191,0
DA:196,0
DA:198,0
DA:199,0
DA:204,0
DA:208,0
DA:209,0
DA:210,0
DA:211,0
DA:212,0
DA:213,0
DA:214,0
DA:215,0
DA:218,0
DA:222,0
DA:223,0
DA:226,0
DA:231,0
DA:233,0
DA:234,0
DA:237,0
DA:238,0
DA:247,0
DA:248,0
DA:254,0
DA:255,0
DA:256,0
DA:257,0
DA:259,0
DA:261,0
DA:265,0
DA:273,0
DA:274,0
DA:277,0
DA:282,0
DA:283,0
DA:287,0
DA:288,0
DA:299,0
DA:310,0
DA:322,0
DA:336,0
DA:343,0
DA:351,0
DA:361,0
DA:374,0
DA:392,0
DA:401,0
DA:420,0
DA:432,0
DA:441,0
DA:448,0
DA:476,0
DA:477,0
DA:480,0
LF:128
LH:0
BRDA:39,0,0,0
BRDA:39,0,1,0
BRDA:41,1,0,0
BRDA:46,2,0,0
BRDA:46,2,1,0
BRDA:50,3,0,0
BRDA:50,3,1,0
BRDA:59,4,0,0
BRDA:59,4,1,0
BRDA:65,5,0,0
BRDA:65,5,1,0
BRDA:66,6,0,0
BRDA:66,6,1,0
BRDA:67,7,0,0
BRDA:67,7,1,0
BRDA:68,8,0,0
BRDA:68,8,1,0
BRDA:69,9,0,0
BRDA:69,9,1,0
BRDA:70,10,0,0
BRDA:70,10,1,0
BRDA:71,11,0,0
BRDA:71,11,1,0
BRDA:71,11,2,0
BRDA:72,12,0,0
BRDA:72,12,1,0
BRDA:74,13,0,0
BRDA:74,13,1,0
BRDA:84,14,0,0
BRDA:84,15,0,0
BRDA:84,15,1,0
BRDA:94,16,0,0
BRDA:94,16,1,0
BRDA:95,17,0,0
BRDA:95,17,1,0
BRDA:98,18,0,0
BRDA:108,19,0,0
BRDA:108,20,0,0
BRDA:108,20,1,0
BRDA:124,21,0,0
BRDA:132,22,0,0
BRDA:132,23,0,0
BRDA:132,23,1,0
BRDA:143,24,0,0
BRDA:151,25,0,0
BRDA:163,26,0,0
BRDA:163,27,0,0
BRDA:163,27,1,0
BRDA:171,28,0,0
BRDA:171,29,0,0
BRDA:171,29,1,0
BRDA:180,30,0,0
BRDA:190,31,0,0
BRDA:190,32,0,0
BRDA:190,32,1,0
BRDA:198,33,0,0
BRDA:237,34,0,0
BRDA:237,35,0,0
BRDA:237,35,1,0
BRDA:240,36,0,0
BRDA:240,36,1,0
BRDA:257,37,0,0
BRDA:257,37,1,0
BRDA:277,38,0,0
BRDA:277,38,1,0
BRDA:331,39,0,0
BRDA:349,40,0,0
BRDA:362,41,0,0
BRDA:362,41,1,0
BRDA:365,42,0,0
BRDA:365,42,1,0
BRDA:365,43,0,0
BRDA:365,43,1,0
BRDA:368,44,0,0
BRDA:368,44,1,0
BRDA:370,45,0,0
BRDA:370,45,1,0
BRDA:370,46,0,0
BRDA:370,46,1,0
BRDA:381,47,0,0
BRDA:381,47,1,0
BRDA:427,48,0,0
BRDA:434,49,0,0
BRDA:434,49,1,0
BRDA:441,50,0,0
BRDA:441,50,1,0
BRDA:463,51,0,0
BRDA:463,51,1,0
BRDA:463,52,0,0
BRDA:463,52,1,0
BRDA:465,53,0,0
BRF:91
BRH:0
end_of_record
TN:
SF:components/combo-section.tsx
FN:19,ComboSection
FN:27,(anonymous_6)
FN:32,(anonymous_7)
FN:37,(anonymous_8)
FN:42,(anonymous_9)
FN:49,(anonymous_10)
FN:116,(anonymous_11)
FN:135,(anonymous_12)
FN:164,(anonymous_13)
FN:167,(anonymous_14)
FNF:10
FNH:0
FNDA:0,ComboSection
FNDA:0,(anonymous_6)
FNDA:0,(anonymous_7)
FNDA:0,(anonymous_8)
FNDA:0,(anonymous_9)
FNDA:0,(anonymous_10)
FNDA:0,(anonymous_11)
FNDA:0,(anonymous_12)
FNDA:0,(anonymous_13)
FNDA:0,(anonymous_14)
DA:1,0
DA:2,0
DA:3,0
DA:4,0
DA:5,0
DA:6,0
DA:7,0
DA:8,0
DA:9,0
DA:19,0
DA:20,0
DA:21,0
DA:22,0
DA:23,0
DA:24,0
DA:25,0
DA:27,0
DA:28,0
DA:29,0
DA:32,0
DA:33,0
DA:34,0
DA:37,0
DA:38,0
DA:39,0
DA:42,0
DA:43,0
DA:44,0
DA:45,0
DA:49,0
DA:50,0
DA:51,0
DA:52,0
DA:56,0
DA:67,0
DA:78,0
DA:79,0
DA:116,0
DA:136,0
DA:165,0
DA:167,0
LF:41
LH:0
BRDA:43,0,0,0
BRDA:44,1,0,0
BRDA:44,1,1,0
BRDA:50,2,0,0
BRDA:51,3,0,0
BRDA:51,3,1,0
BRDA:56,4,0,0
BRDA:67,5,0,0
BRDA:78,6,0,0
BRDA:137,7,0,0
BRDA:178,8,0,0
BRF:11
BRH:0
end_of_record
TN:
SF:components/compact-barcode.tsx
FN:15,CompactBarcode
FN:25,(anonymous_3)
FNF:2
FNH:0
FNDA:0,CompactBarcode
FNDA:0,(anonymous_3)
DA:3,0
DA:4,0
DA:15,0
DA:23,0
DA:25,0
DA:26,0
DA:27,0
DA:28,0
DA:42,0
DA:47,0
DA:48,0
LF:11
LH:0
BRDA:17,0,0,0
BRDA:18,1,0,0
BRDA:19,2,0,0
BRDA:20,3,0,0
BRDA:21,4,0,0
BRDA:26,5,0,0
BRDA:26,6,0,0
BRDA:26,6,1,0
BRDA:47,7,0,0
BRDA:54,8,0,0
BRF:10
BRH:0
end_of_record
TN:
SF:components/companies.tsx
FN:55,Companies
FN:56,(anonymous_2)
FN:57,(anonymous_3)
FN:80,(anonymous_4)
FN:97,(anonymous_5)
FN:122,(anonymous_6)
FN:130,(anonymous_7)
FN:136,(anonymous_8)
FN:141,(anonymous_9)
FN:146,(anonymous_10)
FN:150,(anonymous_11)
FN:158,(anonymous_12)
FN:165,(anonymous_13)
FN:175,(anonymous_14)
FN:188,(anonymous_15)
FN:234,(anonymous_16)
FN:246,(anonymous_17)
FN:259,(anonymous_18)
FN:271,(anonymous_19)
FN:282,(anonymous_20)
FN:303,(anonymous_21)
FN:311,(anonymous_22)
FN:331,(anonymous_23)
FN:366,(anonymous_24)
FN:395,(anonymous_25)
FN:399,(anonymous_26)
FN:429,(anonymous_27)
FN:433,(anonymous_28)
FN:483,(anonymous_29)
FN:486,(anonymous_30)
FN:507,(anonymous_31)
FN:517,(anonymous_32)
FN:528,(anonymous_33)
FN:538,(anonymous_34)
FN:547,(anonymous_35)
FN:566,(anonymous_36)
FN:575,(anonymous_37)
FNF:37
FNH:3
FNDA:20,Companies
FNDA:0,(anonymous_2)
FNDA:0,(anonymous_3)
FNDA:0,(anonymous_4)
FNDA:0,(anonymous_5)
FNDA:0,(anonymous_6)
FNDA:0,(anonymous_7)
FNDA:0,(anonymous_8)
FNDA:0,(anonymous_9)
FNDA:0,(anonymous_10)
FNDA:0,(anonymous_11)
FNDA:0,(anonymous_12)
FNDA:0,(anonymous_13)
FNDA:0,(anonymous_14)
FNDA:0,(anonymous_15)
FNDA:0,(anonymous_16)
FNDA:0,(anonymous_17)
FNDA:0,(anonymous_18)
FNDA:0,(anonymous_19)
FNDA:0,(anonymous_20)
FNDA:0,(anonymous_21)
FNDA:0,(anonymous_22)
FNDA:1,(anonymous_23)
FNDA:6,(anonymous_24)
FNDA:0,(anonymous_25)
FNDA:0,(anonymous_26)
FNDA:0,(anonymous_27)
FNDA:0,(anonymous_28)
FNDA:0,(anonymous_29)
FNDA:0,(anonymous_30)
FNDA:0,(anonymous_31)
FNDA:0,(anonymous_32)
FNDA:0,(anonymous_33)
FNDA:0,(anonymous_34)
FNDA:0,(anonymous_35)
FNDA:0,(anonymous_36)
FNDA:0,(anonymous_37)
DA:3,1
DA:20,1
DA:21,1
DA:22,1
DA:23,1
DA:24,1
DA:25,1
DA:26,1
DA:27,1
DA:28,1
DA:29,1
DA:30,1
DA:31,1
DA:32,1
DA:33,1
DA:34,1
DA:36,1
DA:38,1
DA:55,19
DA:56,20
DA:57,20
DA:58,20
DA:59,20
DA:60,20
DA:61,20
DA:62,20
DA:71,20
DA:72,20
DA:73,20
DA:74,20
DA:75,20
DA:78,20
DA:80,0
DA:82,20
DA:84,20
DA:92,20
DA:95,20
DA:98,0
DA:99,0
DA:100,0
DA:110,0
DA:111,0
DA:120,20
DA:123,0
DA:128,20
DA:131,0
DA:136,20
DA:137,0
DA:141,20
DA:142,0
DA:146,20
DA:147,0
DA:148,0
DA:150,20
DA:151,0
DA:152,0
DA:153,0
DA:158,20
DA:159,0
DA:160,0
DA:164,20
DA:165,0
DA:166,20
DA:167,0
DA:170,20
DA:171,20
DA:175,20
DA:176,0
DA:184,0
DA:188,20
DA:189,0
DA:191,0
DA:193,0
DA:195,0
DA:197,0
DA:234,0
DA:246,0
DA:259,0
DA:271,0
DA:282,0
DA:303,0
DA:311,0
DA:331,1
DA:367,6
DA:396,0
DA:400,0
DA:401,0
DA:402,0
DA:403,0
DA:429,0
DA:433,0
DA:483,0
DA:486,0
DA:507,0
DA:517,0
DA:528,0
DA:538,0
DA:547,0
DA:566,0
DA:575,0
LF:100
LH:51
BRDA:82,0,0,20
BRDA:82,0,1,20
BRDA:84,1,0,20
BRDA:84,1,1,20
BRDA:110,2,0,0
BRDA:110,3,0,0
BRDA:110,3,1,0
BRDA:151,4,0,0
BRDA:159,5,0,0
BRDA:159,5,1,0
BRDA:164,6,0,0
BRDA:164,6,1,20
BRDA:164,7,0,20
BRDA:164,7,1,0
BRDA:166,8,0,0
BRDA:166,9,0,20
BRDA:166,9,1,0
BRDA:176,10,0,0
BRDA:189,11,0,0
BRDA:189,11,1,0
BRDA:189,11,2,0
BRDA:189,11,3,0
BRDA:354,12,0,1
BRDA:354,12,1,19
BRDA:355,13,0,20
BRDA:365,14,0,1
BRDA:365,14,1,19
BRDA:400,15,0,0
BRDA:400,15,1,0
BRDA:402,16,0,0
BRDA:477,17,0,20
BRDA:477,17,1,19
BRDA:500,18,0,20
BRF:33
BRH:15
end_of_record
TN:
SF:components/edit-combo-form.tsx
FN:28,(anonymous_5)
FN:38,(anonymous_6)
FN:38,(anonymous_7)
FN:81,(anonymous_8)
FN:84,(anonymous_9)
FN:85,(anonymous_10)
FN:90,(anonymous_11)
FN:91,(anonymous_12)
FN:94,(anonymous_13)
FN:95,(anonymous_14)
FN:96,(anonymous_15)
FN:101,(anonymous_16)
FN:105,(anonymous_17)
FN:107,(anonymous_18)
FN:118,(anonymous_19)
FN:119,(anonymous_20)
FN:121,(anonymous_21)
FN:127,(anonymous_22)
FN:129,(anonymous_23)
FN:174,(anonymous_24)
FN:176,(anonymous_25)
FN:183,(anonymous_26)
FN:186,(anonymous_27)
FN:187,(anonymous_28)
FN:226,(anonymous_29)
FN:240,(anonymous_30)
FN:252,(anonymous_31)
FN:262,(anonymous_32)
FN:277,(anonymous_33)
FN:289,(anonymous_34)
FN:297,(anonymous_35)
FN:318,(anonymous_36)
FN:330,(anonymous_37)
FN:349,(anonymous_38)
FN:365,(anonymous_39)
FN:366,(anonymous_40)
FN:390,(anonymous_41)
FN:400,(anonymous_42)
FN:408,(anonymous_43)
FN:434,(anonymous_44)
FN:435,(anonymous_45)
FN:437,(anonymous_46)
FNF:42
FNH:0
FNDA:0,(anonymous_5)
FNDA:0,(anonymous_6)
FNDA:0,(anonymous_7)
FNDA:0,(anonymous_8)
FNDA:0,(anonymous_9)
FNDA:0,(anonymous_10)
FNDA:0,(anonymous_11)
FNDA:0,(anonymous_12)
FNDA:0,(anonymous_13)
FNDA:0,(anonymous_14)
FNDA:0,(anonymous_15)
FNDA:0,(anonymous_16)
FNDA:0,(anonymous_17)
FNDA:0,(anonymous_18)
FNDA:0,(anonymous_19)
FNDA:0,(anonymous_20)
FNDA:0,(anonymous_21)
FNDA:0,(anonymous_22)
FNDA:0,(anonymous_23)
FNDA:0,(anonymous_24)
FNDA:0,(anonymous_25)
FNDA:0,(anonymous_26)
FNDA:0,(anonymous_27)
FNDA:0,(anonymous_28)
FNDA:0,(anonymous_29)
FNDA:0,(anonymous_30)
FNDA:0,(anonymous_31)
FNDA:0,(anonymous_32)
FNDA:0,(anonymous_33)
FNDA:0,(anonymous_34)
FNDA:0,(anonymous_35)
FNDA:0,(anonymous_36)
FNDA:0,(anonymous_37)
FNDA:0,(anonymous_38)
FNDA:0,(anonymous_39)
FNDA:0,(anonymous_40)
FNDA:0,(anonymous_41)
FNDA:0,(anonymous_42)
FNDA:0,(anonymous_43)
FNDA:0,(anonymous_44)
FNDA:0,(anonymous_45)
FNDA:0,(anonymous_46)
DA:1,0
DA:2,0
DA:3,0
DA:4,0
DA:5,0
DA:6,0
DA:7,0
DA:8,0
DA:10,0
DA:11,0
DA:12,0
DA:13,0
DA:14,0
DA:17,0
DA:18,0
DA:19,0
DA:20,0
DA:28,0
DA:29,0
DA:38,0
DA:46,0
DA:47,0
DA:49,0
DA:59,0
DA:62,0
DA:65,0
DA:66,0
DA:67,0
DA:70,0
DA:71,0
DA:76,0
DA:81,0
DA:82,0
DA:83,0
DA:84,0
DA:85,0
DA:86,0
DA:90,0
DA:91,0
DA:94,0
DA:95,0
DA:96,0
DA:97,0
DA:99,0
DA:101,0
DA:105,0
DA:106,0
DA:107,0
DA:108,0
DA:114,0
DA:118,0
DA:119,0
DA:122,0
DA:127,0
DA:129,0
DA:130,0
DA:132,0
DA:134,0
DA:135,0
DA:137,0
DA:138,0
DA:140,0
DA:141,0
DA:143,0
DA:144,0
DA:147,0
DA:148,0
DA:149,0
DA:152,0
DA:159,0
DA:167,0
DA:170,0
DA:171,0
DA:174,0
DA:175,0
DA:177,0
DA:183,0
DA:186,0
DA:187,0
DA:190,0
DA:197,0
DA:198,0
DA:202,0
DA:203,0
DA:207,0
DA:208,0
DA:211,0
DA:213,0
DA:214,0
DA:226,0
DA:240,0
DA:252,0
DA:262,0
DA:277,0
DA:289,0
DA:298,0
DA:318,0
DA:331,0
DA:349,0
DA:366,0
DA:367,0
DA:368,0
DA:390,0
DA:400,0
DA:408,0
DA:434,0
DA:435,0
DA:437,0
LF:108
LH:0
BRDA:30,0,0,0
BRDA:30,0,1,0
BRDA:31,1,0,0
BRDA:31,1,1,0
BRDA:32,2,0,0
BRDA:32,2,1,0
BRDA:33,3,0,0
BRDA:33,3,1,0
BRDA:34,4,0,0
BRDA:34,4,1,0
BRDA:35,5,0,0
BRDA:35,5,1,0
BRDA:36,6,0,0
BRDA:36,6,1,0
BRDA:37,7,0,0
BRDA:37,7,1,0
BRDA:37,8,0,0
BRDA:37,8,1,0
BRDA:38,9,0,0
BRDA:38,9,1,0
BRDA:40,10,0,0
BRDA:40,10,1,0
BRDA:66,11,0,0
BRDA:66,11,1,0
BRDA:67,12,0,0
BRDA:67,12,1,0
BRDA:76,13,0,0
BRDA:76,13,1,0
BRDA:82,14,0,0
BRDA:82,15,0,0
BRDA:82,15,1,0
BRDA:84,16,0,0
BRDA:84,16,1,0
BRDA:97,17,0,0
BRDA:97,17,1,0
BRDA:106,18,0,0
BRDA:122,19,0,0
BRDA:122,19,1,0
BRDA:134,20,0,0
BRDA:137,21,0,0
BRDA:140,22,0,0
BRDA:140,23,0,0
BRDA:140,23,1,0
BRDA:143,24,0,0
BRDA:148,25,0,0
BRDA:170,26,0,0
BRDA:170,26,1,0
BRDA:175,27,0,0
BRDA:175,27,1,0
BRDA:177,28,0,0
BRDA:177,28,1,0
BRDA:240,29,0,0
BRDA:240,29,1,0
BRDA:284,30,0,0
BRDA:297,31,0,0
BRDA:296,32,0,0
BRDA:296,32,1,0
BRDA:296,32,2,0
BRDA:325,33,0,0
BRDA:325,33,1,0
BRDA:356,34,0,0
BRDA:367,35,0,0
BRDA:371,36,0,0
BRDA:426,37,0,0
BRDA:426,37,1,0
BRDA:426,37,2,0
BRDA:426,37,3,0
BRDA:427,38,0,0
BRDA:427,38,1,0
BRDA:427,39,0,0
BRDA:427,39,1,0
BRDA:427,39,2,0
BRDA:427,39,3,0
BRDA:439,40,0,0
BRDA:439,40,1,0
BRF:75
BRH:0
end_of_record
TN:
SF:components/inventory-form.tsx
FN:20,InventoryForm
FN:41,(anonymous_2)
FN:63,(anonymous_3)
FN:89,(anonymous_4)
FN:113,(anonymous_5)
FN:125,(anonymous_6)
FN:137,(anonymous_7)
FN:149,(anonymous_8)
FN:161,(anonymous_9)
FN:174,(anonymous_10)
FNF:10
FNH:10
FNDA:76,InventoryForm
FNDA:17,(anonymous_2)
FNDA:6,(anonymous_3)
FNDA:1,(anonymous_4)
FNDA:9,(anonymous_5)
FNDA:5,(anonymous_6)
FNDA:4,(anonymous_7)
FNDA:4,(anonymous_8)
FNDA:4,(anonymous_9)
FNDA:7,(anonymous_10)
DA:3,1
DA:4,1
DA:5,1
DA:6,1
DA:7,1
DA:8,1
DA:9,1
DA:20,17
DA:27,76
DA:29,76
DA:38,76
DA:41,76
DA:42,17
DA:43,4
DA:52,13
DA:63,76
DA:64,6
DA:65,6
DA:67,6
DA:68,6
DA:69,5
DA:73,1
DA:74,1
DA:80,2
DA:83,1
DA:85,3
DA:89,76
DA:90,1
DA:91,1
DA:113,9
DA:125,5
DA:137,4
DA:149,4
DA:161,4
DA:174,7
LF:35
LH:35
BRDA:42,0,0,4
BRDA:42,0,1,13
BRDA:42,1,0,17
BRDA:42,1,1,4
BRDA:44,2,0,4
BRDA:44,2,1,0
BRDA:45,3,0,4
BRDA:45,3,1,0
BRDA:46,4,0,4
BRDA:46,4,1,0
BRDA:47,5,0,4
BRDA:47,5,1,0
BRDA:48,6,0,4
BRDA:48,6,1,0
BRDA:49,7,0,4
BRDA:49,7,1,0
BRDA:68,8,0,5
BRDA:68,8,1,1
BRDA:73,9,0,1
BRDA:73,10,0,1
BRDA:73,10,1,1
BRDA:90,11,0,1
BRDA:100,12,0,62
BRDA:100,12,1,14
BRDA:113,13,0,9
BRDA:113,13,1,1
BRDA:125,14,0,5
BRDA:125,14,1,0
BRDA:137,15,0,4
BRDA:137,15,1,0
BRDA:149,16,0,4
BRDA:149,16,1,0
BRDA:161,17,0,4
BRDA:161,17,1,0
BRDA:174,18,0,7
BRDA:174,18,1,0
BRDA:196,19,0,6
BRDA:196,19,1,70
BRDA:197,20,0,5
BRDA:197,20,1,1
BRDA:198,21,0,57
BRDA:198,21,1,13
BRF:42
BRH:31
end_of_record
TN:
SF:components/lifetime-details-form.tsx
FN:21,LifetimeDetailsForm
FN:38,(anonymous_2)
FN:52,(anonymous_3)
FN:82,(anonymous_4)
FN:104,(anonymous_5)
FN:118,(anonymous_6)
FNF:6
FNH:5
FNDA:52,LifetimeDetailsForm
FNDA:20,(anonymous_2)
FNDA:0,(anonymous_3)
FNDA:1,(anonymous_4)
FNDA:4,(anonymous_5)
FNDA:8,(anonymous_6)
DA:3,1
DA:4,1
DA:5,1
DA:6,1
DA:7,1
DA:9,1
DA:10,1
DA:21,20
DA:28,52
DA:30,52
DA:35,52
DA:38,52
DA:39,20
DA:40,7
DA:45,13
DA:52,52
DA:53,0
DA:54,0
DA:56,0
DA:57,0
DA:58,0
DA:63,0
DA:64,0
DA:73,0
DA:76,0
DA:78,0
DA:82,52
DA:83,1
DA:84,1
DA:104,4
DA:118,8
LF:31
LH:21
BRDA:39,0,0,7
BRDA:39,0,1,13
BRDA:39,1,0,20
BRDA:39,1,1,7
BRDA:41,2,0,6
BRDA:41,2,1,1
BRDA:42,3,0,7
BRDA:42,3,1,1
BRDA:57,4,0,0
BRDA:57,4,1,0
BRDA:63,5,0,0
BRDA:63,6,0,0
BRDA:63,6,1,0
BRDA:83,7,0,1
BRDA:93,8,0,34
BRDA:93,8,1,18
BRDA:143,9,0,0
BRDA:143,9,1,52
BRDA:144,10,0,0
BRDA:144,10,1,0
BRDA:145,11,0,34
BRDA:145,11,1,18
BRF:22
BRH:14
end_of_record
TN:
SF:components/location.tsx
FN:105,Locations
FN:137,(anonymous_3)
FN:138,(anonymous_4)
FN:139,(anonymous_5)
FN:149,(anonymous_6)
FN:160,(anonymous_7)
FN:179,(anonymous_8)
FN:198,(anonymous_9)
FN:217,(anonymous_10)
FN:232,(anonymous_11)
FN:250,(anonymous_12)
FN:278,(anonymous_13)
FN:305,(anonymous_14)
FN:321,(anonymous_15)
FN:330,(anonymous_16)
FN:345,(anonymous_17)
FN:363,(anonymous_18)
FN:374,(anonymous_19)
FN:382,(anonymous_20)
FN:411,(anonymous_21)
FN:436,(anonymous_22)
FN:444,(anonymous_23)
FN:453,(anonymous_24)
FN:461,(anonymous_25)
FN:471,(anonymous_26)
FN:479,(anonymous_27)
FN:489,(anonymous_28)
FN:499,(anonymous_29)
FN:518,(anonymous_30)
FN:553,(anonymous_31)
FN:561,(anonymous_32)
FN:570,(anonymous_33)
FN:578,(anonymous_34)
FN:588,(anonymous_35)
FN:596,(anonymous_36)
FN:606,(anonymous_37)
FN:614,(anonymous_38)
FN:621,(anonymous_39)
FNF:38
FNH:0
FNDA:0,Locations
FNDA:0,(anonymous_3)
FNDA:0,(anonymous_4)
FNDA:0,(anonymous_5)
FNDA:0,(anonymous_6)
FNDA:0,(anonymous_7)
FNDA:0,(anonymous_8)
FNDA:0,(anonymous_9)
FNDA:0,(anonymous_10)
FNDA:0,(anonymous_11)
FNDA:0,(anonymous_12)
FNDA:0,(anonymous_13)
FNDA:0,(anonymous_14)
FNDA:0,(anonymous_15)
FNDA:0,(anonymous_16)
FNDA:0,(anonymous_17)
FNDA:0,(anonymous_18)
FNDA:0,(anonymous_19)
FNDA:0,(anonymous_20)
FNDA:0,(anonymous_21)
FNDA:0,(anonymous_22)
FNDA:0,(anonymous_23)
FNDA:0,(anonymous_24)
FNDA:0,(anonymous_25)
FNDA:0,(anonymous_26)
FNDA:0,(anonymous_27)
FNDA:0,(anonymous_28)
FNDA:0,(anonymous_29)
FNDA:0,(anonymous_30)
FNDA:0,(anonymous_31)
FNDA:0,(anonymous_32)
FNDA:0,(anonymous_33)
FNDA:0,(anonymous_34)
FNDA:0,(anonymous_35)
FNDA:0,(anonymous_36)
FNDA:0,(anonymous_37)
FNDA:0,(anonymous_38)
FNDA:0,(anonymous_39)
DA:14,0
DA:15,0
DA:16,0
DA:17,0
DA:18,0
DA:19,0
DA:20,0
DA:21,0
DA:29,0
DA:39,0
DA:40,0
DA:41,0
DA:42,0
DA:105,0
DA:106,0
DA:107,0
DA:108,0
DA:111,0
DA:112,0
DA:113,0
DA:114,0
DA:115,0
DA:116,0
DA:117,0
DA:130,0
DA:131,0
DA:132,0
DA:133,0
DA:134,0
DA:137,0
DA:138,0
DA:139,0
DA:142,0
DA:149,0
DA:150,0
DA:151,0
DA:152,0
DA:153,0
DA:160,0
DA:161,0
DA:162,0
DA:173,0
DA:179,0
DA:180,0
DA:181,0
DA:182,0
DA:187,0
DA:188,0
DA:190,0
DA:198,0
DA:199,0
DA:200,0
DA:201,0
DA:206,0
DA:207,0
DA:209,0
DA:217,0
DA:218,0
DA:219,0
DA:220,0
DA:221,0
DA:222,0
DA:224,0
DA:232,0
DA:233,0
DA:250,0
DA:252,0
DA:253,0
DA:255,0
DA:258,0
DA:263,0
DA:273,0
DA:278,0
DA:287,0
DA:305,0
DA:321,0
DA:331,0
DA:346,0
DA:363,0
DA:374,0
DA:383,0
DA:384,0
DA:411,0
DA:436,0
DA:444,0
DA:453,0
DA:461,0
DA:471,0
DA:479,0
DA:489,0
DA:500,0
DA:501,0
DA:502,0
DA:504,0
DA:518,0
DA:553,0
DA:561,0
DA:570,0
DA:578,0
DA:588,0
DA:596,0
DA:606,0
DA:614,0
DA:621,0
LF:104
LH:0
BRDA:130,0,0,0
BRDA:130,0,1,0
BRDA:131,1,0,0
BRDA:131,1,1,0
BRDA:150,2,0,0
BRDA:151,3,0,0
BRDA:152,4,0,0
BRDA:169,5,0,0
BRDA:169,5,1,0
BRDA:180,6,0,0
BRDA:180,7,0,0
BRDA:180,7,1,0
BRDA:180,7,2,0
BRDA:184,8,0,0
BRDA:184,8,1,0
BRDA:184,9,0,0
BRDA:184,9,1,0
BRDA:185,10,0,0
BRDA:185,10,1,0
BRDA:199,11,0,0
BRDA:199,12,0,0
BRDA:199,12,1,0
BRDA:199,12,2,0
BRDA:199,12,3,0
BRDA:204,13,0,0
BRDA:204,13,1,0
BRDA:204,14,0,0
BRDA:204,14,1,0
BRDA:218,15,0,0
BRDA:252,16,0,0
BRDA:252,16,1,0
BRDA:253,17,0,0
BRDA:253,17,1,0
BRDA:263,18,0,0
BRDA:263,19,0,0
BRDA:263,19,1,0
BRDA:273,20,0,0
BRDA:287,21,0,0
BRDA:287,21,1,0
BRDA:303,22,0,0
BRDA:369,23,0,0
BRDA:400,24,0,0
BRDA:407,25,0,0
BRDA:407,25,1,0
BRDA:409,26,0,0
BRDA:409,26,1,0
BRDA:501,27,0,0
BRDA:501,28,0,0
BRDA:501,28,1,0
BRDA:525,29,0,0
BRDA:525,29,1,0
BRDA:628,30,0,0
BRDA:628,30,1,0
BRDA:658,31,0,0
BRDA:658,31,1,0
BRF:55
BRH:0
end_of_record
TN:
SF:components/navbar.tsx
FN:46,Navbar
FN:51,(anonymous_3)
FN:53,(anonymous_4)
FN:68,(anonymous_5)
FN:73,(anonymous_6)
FN:82,(anonymous_7)
FN:94,(anonymous_8)
FN:187,(anonymous_9)
FNF:8
FNH:1
FNDA:28,Navbar
FNDA:0,(anonymous_3)
FNDA:0,(anonymous_4)
FNDA:0,(anonymous_5)
FNDA:0,(anonymous_6)
FNDA:0,(anonymous_7)
FNDA:0,(anonymous_8)
FNDA:0,(anonymous_9)
DA:3,1
DA:4,1
DA:5,1
DA:6,1
DA:19,1
DA:20,1
DA:22,1
DA:31,1
DA:46,14
DA:47,28
DA:48,0
DA:49,0
DA:51,0
DA:52,0
DA:53,0
DA:54,0
DA:55,0
DA:56,0
DA:57,0
DA:59,0
DA:60,0
DA:61,0
DA:64,0
DA:67,0
DA:68,0
DA:69,0
DA:73,0
DA:75,0
DA:76,0
DA:82,0
DA:84,0
DA:85,0
DA:86,0
DA:89,0
DA:90,0
DA:91,0
DA:93,0
DA:95,0
DA:96,0
DA:101,0
DA:105,0
DA:106,0
DA:188,0
DA:189,0
DA:190,0
LF:45
LH:10
BRDA:46,0,0,28
BRDA:55,1,0,0
BRDA:56,2,0,0
BRDA:59,3,0,0
BRDA:61,4,0,0
BRDA:61,5,0,0
BRDA:61,5,1,0
BRDA:64,6,0,0
BRDA:75,7,0,0
BRDA:84,8,0,0
BRDA:85,9,0,0
BRDA:89,10,0,0
BRDA:90,11,0,0
BRDA:95,12,0,0
BRDA:95,13,0,0
BRDA:95,13,1,0
BRDA:105,14,0,0
BRDA:114,15,0,0
BRDA:121,16,0,0
BRDA:121,16,1,0
BRDA:122,17,0,0
BRDA:122,17,1,0
BRDA:126,18,0,0
BRDA:126,18,1,0
BRDA:144,19,0,0
BRDA:158,20,0,0
BRDA:158,20,1,0
BRDA:158,21,0,0
BRDA:158,21,1,0
BRDA:196,22,0,0
BRDA:196,22,1,0
BRDA:200,23,0,0
BRDA:200,23,1,0
BRF:33
BRH:1
end_of_record
TN:
SF:components/numeric-keypad.tsx
FN:16,NumericKeypad
FN:19,(anonymous_2)
FN:25,(anonymous_3)
FN:30,(anonymous_4)
FN:36,(anonymous_5)
FN:41,(anonymous_6)
FN:47,(anonymous_7)
FN:57,(anonymous_8)
FN:60,(anonymous_9)
FN:73,(anonymous_10)
FN:93,(anonymous_11)
FN:98,(anonymous_12)
FN:115,(anonymous_13)
FN:123,(anonymous_14)
FNF:14
FNH:0
FNDA:0,NumericKeypad
FNDA:0,(anonymous_2)
FNDA:0,(anonymous_3)
FNDA:0,(anonymous_4)
FNDA:0,(anonymous_5)
FNDA:0,(anonymous_6)
FNDA:0,(anonymous_7)
FNDA:0,(anonymous_8)
FNDA:0,(anonymous_9)
FNDA:0,(anonymous_10)
FNDA:0,(anonymous_11)
FNDA:0,(anonymous_12)
FNDA:0,(anonymous_13)
FNDA:0,(anonymous_14)
DA:5,0
DA:6,0
DA:7,0
DA:8,0
DA:16,0
DA:17,0
DA:19,0
DA:20,0
DA:21,0
DA:22,0
DA:25,0
DA:26,0
DA:27,0
DA:30,0
DA:31,0
DA:32,0
DA:33,0
DA:36,0
DA:37,0
DA:38,0
DA:41,0
DA:42,0
DA:43,0
DA:44,0
DA:47,0
DA:48,0
DA:49,0
DA:50,0
DA:51,0
DA:52,0
DA:53,0
DA:57,0
DA:58,0
DA:60,0
DA:61,0
DA:62,0
DA:63,0
DA:64,0
DA:65,0
DA:66,0
DA:67,0
DA:68,0
DA:72,0
DA:73,0
DA:94,0
DA:98,0
DA:115,0
DA:123,0
LF:48
LH:0
BRDA:48,0,0,0
BRDA:48,0,1,0
BRDA:50,1,0,0
BRDA:50,1,1,0
BRDA:52,2,0,0
BRDA:58,3,0,0
BRDA:61,4,0,0
BRDA:61,4,1,0
BRDA:61,5,0,0
BRDA:61,5,1,0
BRDA:63,6,0,0
BRDA:63,6,1,0
BRDA:65,7,0,0
BRDA:65,7,1,0
BRDA:67,8,0,0
BRF:15
BRH:0
end_of_record
TN:
SF:components/order-summary.tsx
FN:20,OrderSummary
FN:36,(anonymous_2)
FNF:2
FNH:0
FNDA:0,OrderSummary
FNDA:0,(anonymous_2)
DA:3,0
DA:4,0
DA:20,0
DA:37,0
LF:4
LH:0
BRDA:33,0,0,0
BRF:1
BRH:0
end_of_record
TN:
SF:components/payment-method.tsx
FN:12,PaymentMethod
FN:26,(anonymous_2)
FN:38,(anonymous_3)
FNF:3
FNH:3
FNDA:7,PaymentMethod
FNDA:1,(anonymous_2)
FNDA:1,(anonymous_3)
DA:3,1
DA:4,1
DA:12,7
DA:26,1
DA:38,1
LF:5
LH:5
BRF:0
BRH:0
end_of_record
TN:
SF:components/print-barcode.tsx
FN:15,PrintBarcode
FN:23,(anonymous_3)
FNF:2
FNH:0
FNDA:0,PrintBarcode
FNDA:0,(anonymous_3)
DA:3,0
DA:4,0
DA:5,0
DA:6,0
DA:15,0
DA:21,0
DA:23,0
DA:25,0
DA:26,0
DA:27,0
DA:29,0
DA:31,0
DA:42,0
DA:44,0
DA:45,0
DA:46,0
DA:114,0
DA:117,0
DA:118,0
LF:19
LH:0
BRDA:17,0,0,0
BRDA:18,1,0,0
BRDA:19,2,0,0
BRDA:45,3,0,0
BRDA:97,4,0,0
BRDA:97,4,1,0
BRF:6
BRH:0
end_of_record
TN:
SF:components/product-categories.tsx
FN:58,ProductCategories
FN:89,(anonymous_2)
FN:93,(anonymous_3)
FN:106,(anonymous_4)
FN:113,(anonymous_5)
FN:118,(anonymous_6)
FN:138,(anonymous_7)
FN:153,(anonymous_8)
FN:163,(anonymous_9)
FN:177,(anonymous_10)
FN:226,(anonymous_11)
FN:235,(anonymous_12)
FN:243,(anonymous_13)
FN:248,(anonymous_14)
FN:264,(anonymous_15)
FN:269,(anonymous_16)
FN:283,(anonymous_17)
FN:295,(anonymous_18)
FN:321,(anonymous_19)
FN:330,(anonymous_20)
FN:337,(anonymous_21)
FN:347,(anonymous_22)
FN:367,(anonymous_23)
FN:375,(anonymous_24)
FN:411,(anonymous_25)
FN:420,(anonymous_26)
FN:445,(anonymous_27)
FN:461,(anonymous_28)
FN:472,(anonymous_29)
FN:481,(anonymous_30)
FN:489,(anonymous_31)
FN:494,(anonymous_32)
FN:510,(anonymous_33)
FN:515,(anonymous_34)
FN:529,(anonymous_35)
FN:541,(anonymous_36)
FNF:36
FNH:0
FNDA:0,ProductCategories
FNDA:0,(anonymous_2)
FNDA:0,(anonymous_3)
FNDA:0,(anonymous_4)
FNDA:0,(anonymous_5)
FNDA:0,(anonymous_6)
FNDA:0,(anonymous_7)
FNDA:0,(anonymous_8)
FNDA:0,(anonymous_9)
FNDA:0,(anonymous_10)
FNDA:0,(anonymous_11)
FNDA:0,(anonymous_12)
FNDA:0,(anonymous_13)
FNDA:0,(anonymous_14)
FNDA:0,(anonymous_15)
FNDA:0,(anonymous_16)
FNDA:0,(anonymous_17)
FNDA:0,(anonymous_18)
FNDA:0,(anonymous_19)
FNDA:0,(anonymous_20)
FNDA:0,(anonymous_21)
FNDA:0,(anonymous_22)
FNDA:0,(anonymous_23)
FNDA:0,(anonymous_24)
FNDA:0,(anonymous_25)
FNDA:0,(anonymous_26)
FNDA:0,(anonymous_27)
FNDA:0,(anonymous_28)
FNDA:0,(anonymous_29)
FNDA:0,(anonymous_30)
FNDA:0,(anonymous_31)
FNDA:0,(anonymous_32)
FNDA:0,(anonymous_33)
FNDA:0,(anonymous_34)
FNDA:0,(anonymous_35)
FNDA:0,(anonymous_36)
DA:3,0
DA:4,0
DA:5,0
DA:6,0
DA:7,0
DA:8,0
DA:9,0
DA:10,0
DA:11,0
DA:12,0
DA:14,0
DA:15,0
DA:16,0
DA:17,0
DA:19,0
DA:20,0
DA:21,0
DA:23,0
DA:34,0
DA:58,0
DA:59,0
DA:60,0
DA:61,0
DA:62,0
DA:63,0
DA:64,0
DA:65,0
DA:66,0
DA:76,0
DA:78,0
DA:79,0
DA:80,0
DA:81,0
DA:82,0
DA:83,0
DA:84,0
DA:85,0
DA:86,0
DA:87,0
DA:88,0
DA:89,0
DA:90,0
DA:93,0
DA:95,0
DA:96,0
DA:106,0
DA:107,0
DA:108,0
DA:109,0
DA:112,0
DA:114,0
DA:118,0
DA:119,0
DA:120,0
DA:128,0
DA:129,0
DA:130,0
DA:131,0
DA:132,0
DA:134,0
DA:138,0
DA:139,0
DA:141,0
DA:142,0
DA:146,0
DA:147,0
DA:149,0
DA:153,0
DA:154,0
DA:163,0
DA:164,0
DA:166,0
DA:167,0
DA:177,0
DA:178,0
DA:180,0
DA:182,0
DA:184,0
DA:188,0
DA:198,0
DA:226,0
DA:235,0
DA:243,0
DA:249,0
DA:264,0
DA:270,0
DA:283,0
DA:295,0
DA:321,0
DA:330,0
DA:337,0
DA:348,0
DA:367,0
DA:376,0
DA:411,0
DA:420,0
DA:445,0
DA:461,0
DA:472,0
DA:481,0
DA:489,0
DA:495,0
DA:510,0
DA:516,0
DA:529,0
DA:541,0
LF:106
LH:0
BRDA:78,0,0,0
BRDA:82,1,0,0
BRDA:82,1,1,0
BRDA:84,2,0,0
BRDA:84,2,1,0
BRDA:95,3,0,0
BRDA:112,4,0,0
BRDA:112,4,1,0
BRDA:112,5,0,0
BRDA:112,5,1,0
BRDA:124,6,0,0
BRDA:124,6,1,0
BRDA:124,7,0,0
BRDA:124,7,1,0
BRDA:125,8,0,0
BRDA:125,8,1,0
BRDA:125,9,0,0
BRDA:125,9,1,0
BRDA:126,10,0,0
BRDA:126,10,1,0
BRDA:139,11,0,0
BRDA:178,12,0,0
BRDA:178,12,1,0
BRDA:178,12,2,0
BRDA:188,13,0,0
BRDA:301,14,0,0
BRDA:301,14,1,0
BRDA:301,14,2,0
BRDA:301,14,3,0
BRDA:307,15,0,0
BRDA:307,15,1,0
BRDA:328,16,0,0
BRDA:328,16,1,0
BRDA:335,17,0,0
BRDA:335,17,1,0
BRDA:346,18,0,0
BRDA:346,19,0,0
BRDA:346,19,1,0
BRDA:360,20,0,0
BRDA:364,21,0,0
BRDA:364,21,1,0
BRDA:366,22,0,0
BRDA:374,23,0,0
BRDA:374,23,1,0
BRDA:382,24,0,0
BRDA:382,24,1,0
BRDA:385,25,0,0
BRDA:385,25,1,0
BRDA:390,26,0,0
BRDA:390,26,1,0
BRDA:439,27,0,0
BRDA:439,27,1,0
BRDA:547,28,0,0
BRDA:547,28,1,0
BRDA:547,28,2,0
BRDA:547,28,3,0
BRDA:553,29,0,0
BRDA:553,29,1,0
BRF:58
BRH:0
end_of_record
TN:
SF:components/product-form.tsx
FN:28,ProductForm
FN:31,(anonymous_2)
FN:57,(anonymous_3)
FN:102,(anonymous_4)
FN:112,(anonymous_5)
FN:269,(anonymous_6)
FN:270,(anonymous_7)
FN:276,(anonymous_8)
FN:284,(anonymous_9)
FN:292,(anonymous_10)
FN:313,(anonymous_11)
FN:324,(anonymous_12)
FN:337,(anonymous_13)
FN:351,(anonymous_14)
FN:363,(anonymous_15)
FN:389,(anonymous_16)
FN:407,(anonymous_17)
FN:435,(anonymous_18)
FNF:18
FNH:1
FNDA:56,ProductForm
FNDA:0,(anonymous_2)
FNDA:0,(anonymous_3)
FNDA:0,(anonymous_4)
FNDA:0,(anonymous_5)
FNDA:0,(anonymous_6)
FNDA:0,(anonymous_7)
FNDA:0,(anonymous_8)
FNDA:0,(anonymous_9)
FNDA:0,(anonymous_10)
FNDA:0,(anonymous_11)
FNDA:0,(anonymous_12)
FNDA:0,(anonymous_13)
FNDA:0,(anonymous_14)
FNDA:0,(anonymous_15)
FNDA:0,(anonymous_16)
FNDA:0,(anonymous_17)
FNDA:0,(anonymous_18)
DA:3,2
DA:4,2
DA:5,2
DA:6,2
DA:7,2
DA:8,2
DA:9,2
DA:10,2
DA:11,2
DA:12,2
DA:13,2
DA:14,2
DA:15,2
DA:16,2
DA:17,2
DA:18,2
DA:28,28
DA:29,56
DA:30,24
DA:31,24
DA:32,24
DA:33,24
DA:34,24
DA:37,24
DA:40,24
DA:46,24
DA:49,24
DA:50,24
DA:51,24
DA:52,24
DA:54,24
DA:57,24
DA:58,0
DA:59,0
DA:61,0
DA:62,0
DA:63,0
DA:64,0
DA:65,0
DA:67,0
DA:68,0
DA:70,0
DA:73,0
DA:74,0
DA:79,24
DA:89,24
DA:99,24
DA:102,24
DA:103,0
DA:104,0
DA:112,24
DA:113,0
DA:115,0
DA:117,0
DA:119,0
DA:120,0
DA:121,0
DA:124,0
DA:127,0
DA:128,0
DA:129,0
DA:134,0
DA:137,0
DA:138,0
DA:139,0
DA:144,0
DA:148,0
DA:157,0
DA:158,0
DA:162,0
DA:164,0
DA:165,0
DA:169,0
DA:170,0
DA:171,0
DA:173,0
DA:174,0
DA:175,0
DA:176,0
DA:177,0
DA:179,0
DA:180,0
DA:188,0
DA:189,0
DA:197,0
DA:200,0
DA:206,0
DA:208,0
DA:209,0
DA:212,0
DA:215,0
DA:217,0
DA:218,0
DA:219,0
DA:220,0
DA:221,0
DA:222,0
DA:223,0
DA:224,0
DA:225,0
DA:226,0
DA:229,0
DA:235,0
DA:237,0
DA:239,0
DA:247,0
DA:254,0
DA:256,0
DA:259,0
DA:260,0
DA:269,24
DA:270,0
DA:276,24
DA:277,0
DA:278,0
DA:284,24
DA:285,0
DA:286,0
DA:292,24
DA:293,0
DA:313,0
DA:324,0
DA:337,0
DA:351,0
DA:363,0
DA:390,0
DA:391,0
DA:408,0
DA:409,0
DA:410,0
DA:435,0
LF:131
LH:41
BRDA:41,0,0,24
BRDA:41,0,1,18
BRDA:46,1,0,24
BRDA:46,1,1,18
BRDA:59,2,0,0
BRDA:59,2,1,0
BRDA:59,3,0,0
BRDA:59,3,1,0
BRDA:59,3,2,0
BRDA:65,4,0,0
BRDA:65,4,1,0
BRDA:65,5,0,0
BRDA:65,5,1,0
BRDA:65,5,2,0
BRDA:90,6,0,24
BRDA:90,6,1,18
BRDA:91,7,0,24
BRDA:91,7,1,20
BRDA:92,8,0,24
BRDA:92,8,1,20
BRDA:92,8,2,20
BRDA:93,9,0,24
BRDA:93,9,1,20
BRDA:95,10,0,24
BRDA:95,10,1,24
BRDA:96,11,0,24
BRDA:96,11,1,20
BRDA:103,12,0,0
BRDA:103,13,0,0
BRDA:103,13,1,0
BRDA:117,14,0,0
BRDA:117,14,1,0
BRDA:124,15,0,0
BRDA:124,15,1,0
BRDA:127,16,0,0
BRDA:137,17,0,0
BRDA:157,18,0,0
BRDA:157,18,1,0
BRDA:169,19,0,0
BRDA:169,19,1,0
BRDA:169,20,0,0
BRDA:169,20,1,0
BRDA:169,20,2,0
BRDA:173,21,0,0
BRDA:206,22,0,0
BRDA:217,23,0,0
BRDA:217,23,1,0
BRDA:219,24,0,0
BRDA:219,24,1,0
BRDA:221,25,0,0
BRDA:221,25,1,0
BRDA:223,26,0,0
BRDA:223,26,1,0
BRDA:225,27,0,0
BRDA:237,28,0,0
BRDA:237,29,0,0
BRDA:237,29,1,0
BRDA:237,29,2,0
BRDA:248,30,0,0
BRDA:248,30,1,0
BRDA:249,31,0,0
BRDA:249,31,1,0
BRDA:259,32,0,0
BRDA:262,33,0,0
BRDA:262,33,1,0
BRDA:303,34,0,24
BRDA:382,35,0,0
BRDA:382,35,1,24
BRDA:382,36,0,24
BRDA:382,36,1,0
BRDA:451,37,0,24
BRDA:451,37,1,24
BRDA:451,37,2,24
BRDA:451,37,3,24
BRDA:451,37,4,22
BRDA:454,38,0,0
BRDA:454,38,1,24
BRDA:455,39,0,0
BRDA:455,39,1,24
BRDA:455,40,0,24
BRDA:455,40,1,24
BRDA:456,41,0,2
BRDA:456,41,1,22
BRDA:456,42,0,24
BRDA:456,42,1,24
BRDA:457,43,0,6
BRDA:457,43,1,16
BRDA:459,44,0,24
BRF:88
BRH:36
end_of_record
TN:
SF:components/product-grid.tsx
FN:43,(anonymous_1)
FN:61,(anonymous_2)
FN:65,(anonymous_3)
FN:69,(anonymous_4)
FN:135,(anonymous_5)
FN:149,(anonymous_6)
FN:168,(anonymous_7)
FN:208,(anonymous_8)
FN:222,(anonymous_9)
FN:241,(anonymous_10)
FN:304,(anonymous_11)
FN:315,(anonymous_12)
FN:319,(anonymous_13)
FN:327,(anonymous_14)
FN:443,ProductGrid
FN:460,(anonymous_16)
FN:461,(anonymous_17)
FN:481,(anonymous_18)
FN:534,(anonymous_19)
FN:617,(anonymous_20)
FN:639,(anonymous_21)
FN:648,(anonymous_22)
FN:667,(anonymous_23)
FN:673,(anonymous_24)
FNF:24
FNH:1
FNDA:0,(anonymous_1)
FNDA:0,(anonymous_2)
FNDA:0,(anonymous_3)
FNDA:0,(anonymous_4)
FNDA:0,(anonymous_5)
FNDA:0,(anonymous_6)
FNDA:0,(anonymous_7)
FNDA:0,(anonymous_8)
FNDA:0,(anonymous_9)
FNDA:0,(anonymous_10)
FNDA:0,(anonymous_11)
FNDA:0,(anonymous_12)
FNDA:0,(anonymous_13)
FNDA:0,(anonymous_14)
FNDA:40,ProductGrid
FNDA:0,(anonymous_16)
FNDA:0,(anonymous_17)
FNDA:0,(anonymous_18)
FNDA:0,(anonymous_19)
FNDA:0,(anonymous_20)
FNDA:0,(anonymous_21)
FNDA:0,(anonymous_22)
FNDA:0,(anonymous_23)
FNDA:0,(anonymous_24)
DA:3,1
DA:4,1
DA:5,1
DA:6,1
DA:7,1
DA:8,1
DA:42,1
DA:58,0
DA:59,0
DA:60,0
DA:61,0
DA:62,0
DA:65,0
DA:66,0
DA:69,0
DA:70,0
DA:72,0
DA:73,0
DA:136,0
DA:137,0
DA:150,0
DA:151,0
DA:169,0
DA:170,0
DA:209,0
DA:210,0
DA:223,0
DA:224,0
DA:242,0
DA:243,0
DA:301,1
DA:303,1
DA:315,0
DA:316,0
DA:319,0
DA:320,0
DA:321,0
DA:323,0
DA:327,0
DA:328,0
DA:331,0
DA:441,1
DA:443,20
DA:458,40
DA:459,40
DA:460,40
DA:461,0
DA:462,0
DA:465,0
DA:481,0
DA:482,0
DA:485,0
DA:535,0
DA:617,0
DA:639,0
DA:649,0
DA:667,0
DA:674,0
DA:675,0
LF:59
LH:14
BRDA:59,0,0,0
BRDA:59,0,1,0
BRDA:62,1,0,0
BRDA:62,1,1,0
BRDA:66,2,0,0
BRDA:66,2,1,0
BRDA:73,3,0,0
BRDA:79,4,0,0
BRDA:79,4,1,0
BRDA:96,5,0,0
BRDA:129,6,0,0
BRDA:131,7,0,0
BRDA:144,8,0,0
BRDA:194,9,0,0
BRDA:194,9,1,0
BRDA:202,10,0,0
BRDA:204,11,0,0
BRDA:217,12,0,0
BRDA:265,13,0,0
BRDA:308,14,0,0
BRDA:320,15,0,0
BRDA:320,15,1,0
BRDA:331,16,0,0
BRDA:451,17,0,40
BRDA:456,18,0,40
BRDA:465,19,0,0
BRDA:465,19,1,0
BRDA:482,20,0,0
BRDA:485,21,0,0
BRDA:485,21,1,0
BRDA:487,22,0,0
BRDA:487,22,1,0
BRDA:492,23,0,0
BRDA:492,23,1,0
BRDA:505,24,0,0
BRDA:505,24,1,0
BRDA:512,25,0,0
BRDA:512,25,1,0
BRDA:520,26,0,0
BRDA:534,27,0,0
BRDA:552,28,0,0
BRDA:552,28,1,0
BRDA:554,29,0,0
BRDA:554,29,1,0
BRDA:613,30,0,0
BRDA:630,31,0,0
BRF:46
BRH:2
end_of_record
TN:
SF:components/product-selection-popup.tsx
FN:26,ProductSelectionPopup
FN:46,(anonymous_2)
FN:52,(anonymous_3)
FN:58,(anonymous_4)
FN:62,(anonymous_5)
FN:68,(anonymous_6)
FN:69,(anonymous_7)
FN:105,(anonymous_8)
FN:122,(anonymous_9)
FN:148,(anonymous_10)
FN:160,(anonymous_11)
FN:208,(anonymous_12)
FN:226,(anonymous_13)
FN:253,(anonymous_14)
FNF:14
FNH:0
FNDA:0,ProductSelectionPopup
FNDA:0,(anonymous_2)
FNDA:0,(anonymous_3)
FNDA:0,(anonymous_4)
FNDA:0,(anonymous_5)
FNDA:0,(anonymous_6)
FNDA:0,(anonymous_7)
FNDA:0,(anonymous_8)
FNDA:0,(anonymous_9)
FNDA:0,(anonymous_10)
FNDA:0,(anonymous_11)
FNDA:0,(anonymous_12)
FNDA:0,(anonymous_13)
FNDA:0,(anonymous_14)
DA:3,0
DA:4,0
DA:5,0
DA:6,0
DA:7,0
DA:8,0
DA:9,0
DA:10,0
DA:11,0
DA:26,0
DA:35,0
DA:36,0
DA:39,0
DA:40,0
DA:43,0
DA:46,0
DA:47,0
DA:49,0
DA:52,0
DA:53,0
DA:54,0
DA:58,0
DA:59,0
DA:62,0
DA:63,0
DA:64,0
DA:68,0
DA:69,0
DA:71,0
DA:106,0
DA:122,0
DA:149,0
DA:150,0
DA:152,0
DA:160,0
DA:209,0
DA:210,0
DA:211,0
DA:212,0
DA:227,0
DA:228,0
DA:229,0
DA:253,0
LF:43
LH:0
BRDA:32,0,0,0
BRDA:36,1,0,0
BRDA:36,1,1,0
BRDA:40,2,0,0
BRDA:40,2,1,0
BRDA:43,3,0,0
BRDA:43,3,1,0
BRDA:47,4,0,0
BRDA:47,4,1,0
BRDA:53,5,0,0
BRDA:53,6,0,0
BRDA:53,6,1,0
BRDA:63,7,0,0
BRDA:69,8,0,0
BRDA:69,8,1,0
BRDA:71,9,0,0
BRDA:131,10,0,0
BRDA:137,11,0,0
BRDA:141,12,0,0
BRDA:143,13,0,0
BRDA:143,13,1,0
BRDA:150,14,0,0
BRDA:150,14,1,0
BRDA:156,15,0,0
BRDA:156,15,1,0
BRDA:169,16,0,0
BRDA:169,16,1,0
BRDA:172,17,0,0
BRDA:184,18,0,0
BRDA:184,18,1,0
BRDA:189,19,0,0
BRDA:189,19,1,0
BRDA:193,20,0,0
BRDA:195,21,0,0
BRDA:195,21,1,0
BRDA:202,22,0,0
BRDA:202,22,1,0
BRDA:211,23,0,0
BRDA:250,24,0,0
BRDA:250,24,1,0
BRDA:251,25,0,0
BRF:41
BRH:0
end_of_record
TN:
SF:components/qr-code-display.tsx
FN:26,QRCodeDisplay
FN:41,(anonymous_3)
FN:49,(anonymous_4)
FN:59,(anonymous_5)
FN:67,(anonymous_6)
FN:71,(anonymous_7)
FNF:6
FNH:0
FNDA:0,QRCodeDisplay
FNDA:0,(anonymous_3)
FNDA:0,(anonymous_4)
FNDA:0,(anonymous_5)
FNDA:0,(anonymous_6)
FNDA:0,(anonymous_7)
DA:3,0
DA:5,0
DA:6,0
DA:7,0
DA:15,0
DA:16,0
DA:26,0
DA:33,0
DA:34,0
DA:37,0
DA:41,0
DA:42,0
DA:43,0
DA:44,0
DA:45,0
DA:49,0
DA:51,0
DA:59,0
DA:60,0
DA:61,0
DA:62,0
DA:63,0
DA:64,0
DA:65,0
DA:67,0
DA:68,0
DA:69,0
DA:70,0
DA:71,0
DA:72,0
DA:73,0
DA:74,0
DA:75,0
DA:76,0
DA:77,0
DA:78,0
DA:83,0
DA:130,0
DA:131,0
LF:39
LH:0
BRDA:29,0,0,0
BRDA:30,1,0,0
BRDA:37,2,0,0
BRDA:37,2,1,0
BRDA:61,3,0,0
BRDA:72,4,0,0
BRDA:114,5,0,0
BRDA:115,6,0,0
BRDA:115,6,1,0
BRDA:130,7,0,0
BRF:10
BRH:0
end_of_record
TN:
SF:components/roles.tsx
FN:39,Roles
FN:65,(anonymous_2)
FN:70,(anonymous_3)
FN:80,(anonymous_4)
FN:84,(anonymous_5)
FN:94,(anonymous_6)
FN:97,(anonymous_7)
FN:106,(anonymous_8)
FN:112,(anonymous_9)
FN:123,(anonymous_10)
FN:133,(anonymous_11)
FN:143,(anonymous_12)
FN:148,(anonymous_13)
FN:152,(anonymous_14)
FN:157,(anonymous_15)
FN:158,(anonymous_16)
FN:188,(anonymous_17)
FN:197,(anonymous_18)
FN:202,(anonymous_19)
FN:252,(anonymous_20)
FN:277,(anonymous_21)
FN:281,(anonymous_22)
FN:308,(anonymous_23)
FN:321,(anonymous_24)
FN:321,(anonymous_25)
FN:330,(anonymous_26)
FN:330,(anonymous_27)
FN:335,(anonymous_28)
FN:339,(anonymous_29)
FNF:29
FNH:0
FNDA:0,Roles
FNDA:0,(anonymous_2)
FNDA:0,(anonymous_3)
FNDA:0,(anonymous_4)
FNDA:0,(anonymous_5)
FNDA:0,(anonymous_6)
FNDA:0,(anonymous_7)
FNDA:0,(anonymous_8)
FNDA:0,(anonymous_9)
FNDA:0,(anonymous_10)
FNDA:0,(anonymous_11)
FNDA:0,(anonymous_12)
FNDA:0,(anonymous_13)
FNDA:0,(anonymous_14)
FNDA:0,(anonymous_15)
FNDA:0,(anonymous_16)
FNDA:0,(anonymous_17)
FNDA:0,(anonymous_18)
FNDA:0,(anonymous_19)
FNDA:0,(anonymous_20)
FNDA:0,(anonymous_21)
FNDA:0,(anonymous_22)
FNDA:0,(anonymous_23)
FNDA:0,(anonymous_24)
FNDA:0,(anonymous_25)
FNDA:0,(anonymous_26)
FNDA:0,(anonymous_27)
FNDA:0,(anonymous_28)
FNDA:0,(anonymous_29)
DA:3,0
DA:4,0
DA:5,0
DA:6,0
DA:7,0
DA:16,0
DA:17,0
DA:18,0
DA:19,0
DA:20,0
DA:21,0
DA:22,0
DA:23,0
DA:24,0
DA:26,0
DA:27,0
DA:39,0
DA:40,0
DA:41,0
DA:42,0
DA:43,0
DA:44,0
DA:46,0
DA:51,0
DA:54,0
DA:63,0
DA:66,0
DA:67,0
DA:68,0
DA:71,0
DA:72,0
DA:78,0
DA:81,0
DA:82,0
DA:85,0
DA:86,0
DA:92,0
DA:95,0
DA:98,0
DA:99,0
DA:105,0
DA:107,0
DA:112,0
DA:113,0
DA:114,0
DA:115,0
DA:116,0
DA:118,0
DA:123,0
DA:124,0
DA:125,0
DA:133,0
DA:134,0
DA:143,0
DA:144,0
DA:148,0
DA:149,0
DA:152,0
DA:156,0
DA:157,0
DA:158,0
DA:188,0
DA:197,0
DA:202,0
DA:253,0
DA:254,0
DA:256,0
DA:277,0
DA:281,0
DA:308,0
DA:321,0
DA:330,0
DA:335,0
DA:340,0
LF:74
LH:0
BRDA:54,0,0,0
BRDA:54,1,0,0
BRDA:54,1,1,0
BRDA:71,2,0,0
BRDA:85,3,0,0
BRDA:98,4,0,0
BRDA:105,5,0,0
BRDA:105,5,1,0
BRDA:107,6,0,0
BRDA:107,6,1,0
BRDA:113,7,0,0
BRDA:113,7,1,0
BRDA:115,8,0,0
BRDA:115,8,1,0
BRDA:124,9,0,0
BRDA:124,10,0,0
BRDA:124,10,1,0
BRDA:138,11,0,0
BRDA:138,11,1,0
BRDA:156,12,0,0
BRDA:156,12,1,0
BRDA:157,13,0,0
BRDA:157,13,1,0
BRDA:158,14,0,0
BRDA:158,14,1,0
BRDA:158,15,0,0
BRDA:158,15,1,0
BRDA:299,16,0,0
BRDA:308,17,0,0
BRDA:308,17,1,0
BRDA:320,18,0,0
BRDA:320,18,1,0
BRDA:321,19,0,0
BRDA:321,19,1,0
BRDA:329,20,0,0
BRDA:329,20,1,0
BRDA:330,21,0,0
BRDA:330,21,1,0
BRDA:340,22,0,0
BRF:39
BRH:0
end_of_record
TN:
SF:components/success-screen.tsx
FN:11,SuccessScreen
FNF:1
FNH:1
FNDA:6,SuccessScreen
DA:3,1
DA:4,1
DA:11,6
LF:3
LH:3
BRF:0
BRH:0
end_of_record
TN:
SF:components/theme-provider.tsx
FN:9,ThemeProvider
FN:12,(anonymous_5)
FNF:2
FNH:0
FNDA:0,ThemeProvider
FNDA:0,(anonymous_5)
DA:3,0
DA:7,0
DA:9,0
DA:10,0
DA:12,0
DA:13,0
DA:16,0
LF:7
LH:0
BRDA:16,0,0,0
BRF:1
BRH:0
end_of_record
TN:
SF:components/theme-toggle.tsx
FN:15,ThemeToggle
FN:28,(anonymous_5)
FN:31,(anonymous_6)
FN:34,(anonymous_7)
FNF:4
FNH:1
FNDA:9,ThemeToggle
FNDA:0,(anonymous_5)
FNDA:0,(anonymous_6)
FNDA:0,(anonymous_7)
DA:3,2
DA:4,2
DA:5,2
DA:7,2
DA:13,2
DA:15,9
DA:16,9
DA:28,0
DA:31,0
DA:34,0
LF:10
LH:7
BRF:0
BRH:0
end_of_record
TN:
SF:components/tracking-details-form.tsx
FN:20,TrackingDetailsForm
FN:37,(anonymous_2)
FN:51,(anonymous_3)
FN:81,(anonymous_4)
FN:103,(anonymous_5)
FN:118,(anonymous_6)
FNF:6
FNH:6
FNDA:92,TrackingDetailsForm
FNDA:26,(anonymous_2)
FNDA:5,(anonymous_3)
FNDA:1,(anonymous_4)
FNDA:16,(anonymous_5)
FNDA:16,(anonymous_6)
DA:3,1
DA:4,1
DA:5,1
DA:6,1
DA:7,1
DA:8,1
DA:9,1
DA:20,26
DA:27,92
DA:29,92
DA:34,92
DA:37,92
DA:38,26
DA:39,6
DA:44,20
DA:51,92
DA:52,5
DA:53,5
DA:55,5
DA:56,5
DA:57,4
DA:62,1
DA:63,1
DA:72,2
DA:75,1
DA:77,3
DA:81,92
DA:82,1
DA:83,1
DA:103,16
DA:118,16
LF:31
LH:31
BRDA:38,0,0,6
BRDA:38,0,1,20
BRDA:38,1,0,26
BRDA:38,1,1,6
BRDA:40,2,0,6
BRDA:40,2,1,1
BRDA:41,3,0,6
BRDA:41,3,1,1
BRDA:56,4,0,4
BRDA:56,4,1,1
BRDA:62,5,0,1
BRDA:62,6,0,1
BRDA:62,6,1,1
BRDA:82,7,0,1
BRDA:92,8,0,74
BRDA:92,8,1,18
BRDA:143,9,0,5
BRDA:143,9,1,87
BRDA:144,10,0,4
BRDA:144,10,1,1
BRDA:145,11,0,70
BRDA:145,11,1,17
BRF:22
BRH:22
end_of_record
TN:
SF:components/users.tsx
FN:54,(anonymous_2)
FN:72,(anonymous_3)
FN:76,(anonymous_4)
FN:82,(anonymous_5)
FN:86,(anonymous_6)
FN:91,(anonymous_7)
FN:93,(anonymous_8)
FN:128,Users
FN:151,(anonymous_10)
FN:155,(anonymous_11)
FN:167,(anonymous_12)
FN:173,(anonymous_13)
FN:179,(anonymous_14)
FN:185,(anonymous_15)
FN:193,(anonymous_16)
FN:199,(anonymous_17)
FN:211,(anonymous_18)
FN:212,(anonymous_19)
FN:223,(anonymous_20)
FN:227,(anonymous_21)
FN:228,(anonymous_22)
FN:244,(anonymous_23)
FN:295,(anonymous_24)
FN:296,(anonymous_25)
FN:301,(anonymous_26)
FN:305,(anonymous_27)
FN:308,(anonymous_28)
FN:313,(anonymous_29)
FN:332,(anonymous_30)
FN:346,(anonymous_31)
FN:350,(anonymous_32)
FN:354,(anonymous_33)
FN:385,(anonymous_34)
FN:399,(anonymous_35)
FN:409,(anonymous_36)
FN:414,(anonymous_37)
FN:431,(anonymous_38)
FN:487,(anonymous_39)
FN:496,(anonymous_40)
FN:507,(anonymous_41)
FN:516,(anonymous_42)
FN:540,(anonymous_43)
FN:556,(anonymous_44)
FN:567,(anonymous_45)
FN:569,(anonymous_46)
FN:581,(anonymous_47)
FN:587,(anonymous_48)
FN:598,(anonymous_49)
FN:638,(anonymous_50)
FN:653,(anonymous_51)
FN:669,(anonymous_52)
FN:735,(anonymous_53)
FN:739,(anonymous_54)
FN:785,(anonymous_55)
FN:791,(anonymous_56)
FN:801,(anonymous_57)
FN:812,(anonymous_58)
FN:866,(anonymous_59)
FN:868,(anonymous_60)
FN:875,(anonymous_61)
FN:936,(anonymous_62)
FN:942,(anonymous_63)
FN:952,(anonymous_64)
FN:963,(anonymous_65)
FN:998,(anonymous_66)
FN:1011,(anonymous_67)
FN:1036,(anonymous_68)
FN:1045,(anonymous_69)
FN:1056,(anonymous_70)
FN:1065,(anonymous_71)
FN:1073,(anonymous_72)
FN:1089,(anonymous_73)
FN:1100,(anonymous_74)
FN:1102,(anonymous_75)
FN:1114,(anonymous_76)
FN:1121,(anonymous_77)
FN:1132,(anonymous_78)
FN:1164,(anonymous_79)
FN:1171,(anonymous_80)
FNF:79
FNH:0
FNDA:0,(anonymous_2)
FNDA:0,(anonymous_3)
FNDA:0,(anonymous_4)
FNDA:0,(anonymous_5)
FNDA:0,(anonymous_6)
FNDA:0,(anonymous_7)
FNDA:0,(anonymous_8)
FNDA:0,Users
FNDA:0,(anonymous_10)
FNDA:0,(anonymous_11)
FNDA:0,(anonymous_12)
FNDA:0,(anonymous_13)
FNDA:0,(anonymous_14)
FNDA:0,(anonymous_15)
FNDA:0,(anonymous_16)
FNDA:0,(anonymous_17)
FNDA:0,(anonymous_18)
FNDA:0,(anonymous_19)
FNDA:0,(anonymous_20)
FNDA:0,(anonymous_21)
FNDA:0,(anonymous_22)
FNDA:0,(anonymous_23)
FNDA:0,(anonymous_24)
FNDA:0,(anonymous_25)
FNDA:0,(anonymous_26)
FNDA:0,(anonymous_27)
FNDA:0,(anonymous_28)
FNDA:0,(anonymous_29)
FNDA:0,(anonymous_30)
FNDA:0,(anonymous_31)
FNDA:0,(anonymous_32)
FNDA:0,(anonymous_33)
FNDA:0,(anonymous_34)
FNDA:0,(anonymous_35)
FNDA:0,(anonymous_36)
FNDA:0,(anonymous_37)
FNDA:0,(anonymous_38)
FNDA:0,(anonymous_39)
FNDA:0,(anonymous_40)
FNDA:0,(anonymous_41)
FNDA:0,(anonymous_42)
FNDA:0,(anonymous_43)
FNDA:0,(anonymous_44)
FNDA:0,(anonymous_45)
FNDA:0,(anonymous_46)
FNDA:0,(anonymous_47)
FNDA:0,(anonymous_48)
FNDA:0,(anonymous_49)
FNDA:0,(anonymous_50)
FNDA:0,(anonymous_51)
FNDA:0,(anonymous_52)
FNDA:0,(anonymous_53)
FNDA:0,(anonymous_54)
FNDA:0,(anonymous_55)
FNDA:0,(anonymous_56)
FNDA:0,(anonymous_57)
FNDA:0,(anonymous_58)
FNDA:0,(anonymous_59)
FNDA:0,(anonymous_60)
FNDA:0,(anonymous_61)
FNDA:0,(anonymous_62)
FNDA:0,(anonymous_63)
FNDA:0,(anonymous_64)
FNDA:0,(anonymous_65)
FNDA:0,(anonymous_66)
FNDA:0,(anonymous_67)
FNDA:0,(anonymous_68)
FNDA:0,(anonymous_69)
FNDA:0,(anonymous_70)
FNDA:0,(anonymous_71)
FNDA:0,(anonymous_72)
FNDA:0,(anonymous_73)
FNDA:0,(anonymous_74)
FNDA:0,(anonymous_75)
FNDA:0,(anonymous_76)
FNDA:0,(anonymous_77)
FNDA:0,(anonymous_78)
FNDA:0,(anonymous_79)
FNDA:0,(anonymous_80)
DA:3,0
DA:4,0
DA:20,0
DA:21,0
DA:22,0
DA:23,0
DA:24,0
DA:25,0
DA:26,0
DA:27,0
DA:28,0
DA:29,0
DA:30,0
DA:31,0
DA:32,0
DA:33,0
DA:34,0
DA:35,0
DA:36,0
DA:37,0
DA:38,0
DA:39,0
DA:54,0
DA:68,0
DA:69,0
DA:72,0
DA:73,0
DA:76,0
DA:77,0
DA:78,0
DA:79,0
DA:82,0
DA:83,0
DA:86,0
DA:87,0
DA:91,0
DA:92,0
DA:93,0
DA:94,0
DA:96,0
DA:97,0
DA:98,0
DA:126,0
DA:128,0
DA:129,0
DA:130,0
DA:131,0
DA:132,0
DA:133,0
DA:134,0
DA:135,0
DA:136,0
DA:137,0
DA:138,0
DA:141,0
DA:144,0
DA:145,0
DA:151,0
DA:152,0
DA:155,0
DA:156,0
DA:160,0
DA:161,0
DA:162,0
DA:163,0
DA:164,0
DA:167,0
DA:168,0
DA:169,0
DA:173,0
DA:179,0
DA:181,0
DA:182,0
DA:184,0
DA:185,0
DA:186,0
DA:193,0
DA:194,0
DA:195,0
DA:198,0
DA:200,0
DA:202,0
DA:203,0
DA:204,0
DA:211,0
DA:212,0
DA:214,0
DA:215,0
DA:217,0
DA:218,0
DA:223,0
DA:227,0
DA:228,0
DA:229,0
DA:230,0
DA:231,0
DA:235,0
DA:236,0
DA:241,0
DA:242,0
DA:245,0
DA:246,0
DA:249,0
DA:263,0
DA:266,0
DA:270,0
DA:273,0
DA:289,0
DA:290,0
DA:291,0
DA:292,0
DA:295,0
DA:296,0
DA:301,0
DA:302,0
DA:303,0
DA:305,0
DA:308,0
DA:312,0
DA:313,0
DA:315,0
DA:316,0
DA:319,0
DA:328,0
DA:332,0
DA:333,0
DA:335,0
DA:337,0
DA:339,0
DA:341,0
DA:346,0
DA:347,0
DA:350,0
DA:354,0
DA:355,0
DA:357,0
DA:359,0
DA:361,0
DA:362,0
DA:363,0
DA:365,0
DA:366,0
DA:370,0
DA:378,0
DA:380,0
DA:385,0
DA:386,0
DA:387,0
DA:395,0
DA:399,0
DA:400,0
DA:401,0
DA:402,0
DA:403,0
DA:405,0
DA:409,0
DA:410,0
DA:411,0
DA:414,0
DA:415,0
DA:416,0
DA:417,0
DA:422,0
DA:431,0
DA:432,0
DA:440,0
DA:444,0
DA:487,0
DA:496,0
DA:507,0
DA:518,0
DA:519,0
DA:520,0
DA:522,0
DA:542,0
DA:543,0
DA:544,0
DA:545,0
DA:547,0
DA:558,0
DA:559,0
DA:562,0
DA:564,0
DA:565,0
DA:568,0
DA:569,0
DA:581,0
DA:588,0
DA:599,0
DA:600,0
DA:638,0
DA:653,0
DA:669,0
DA:736,0
DA:739,0
DA:785,0
DA:792,0
DA:793,0
DA:802,0
DA:803,0
DA:813,0
DA:814,0
DA:868,0
DA:869,0
DA:871,0
DA:876,0
DA:878,0
DA:881,0
DA:936,0
DA:943,0
DA:944,0
DA:953,0
DA:954,0
DA:964,0
DA:965,0
DA:998,0
DA:1011,0
DA:1036,0
DA:1045,0
DA:1056,0
DA:1065,0
DA:1075,0
DA:1076,0
DA:1077,0
DA:1078,0
DA:1080,0
DA:1091,0
DA:1092,0
DA:1095,0
DA:1097,0
DA:1098,0
DA:1101,0
DA:1102,0
DA:1114,0
DA:1122,0
DA:1133,0
DA:1134,0
DA:1165,0
DA:1166,0
DA:1171,0
LF:240
LH:0
BRDA:92,0,0,0
BRDA:92,1,0,0
BRDA:92,1,1,0
BRDA:92,1,2,0
BRDA:96,2,0,0
BRDA:117,3,0,0
BRDA:117,3,1,0
BRDA:156,4,0,0
BRDA:156,4,1,0
BRDA:181,5,0,0
BRDA:181,5,1,0
BRDA:182,6,0,0
BRDA:182,7,0,0
BRDA:182,7,1,0
BRDA:184,8,0,0
BRDA:194,9,0,0
BRDA:194,9,1,0
BRDA:198,10,0,0
BRDA:198,11,0,0
BRDA:198,11,1,0
BRDA:198,11,2,0
BRDA:198,11,3,0
BRDA:202,12,0,0
BRDA:214,13,0,0
BRDA:217,14,0,0
BRDA:235,15,0,0
BRDA:235,16,0,0
BRDA:235,16,1,0
BRDA:243,17,0,0
BRDA:243,17,1,0
BRDA:245,18,0,0
BRDA:250,19,0,0
BRDA:250,19,1,0
BRDA:254,20,0,0
BRDA:254,20,1,0
BRDA:263,21,0,0
BRDA:263,21,1,0
BRDA:270,22,0,0
BRDA:270,22,1,0
BRDA:289,23,0,0
BRDA:289,23,1,0
BRDA:290,24,0,0
BRDA:290,24,1,0
BRDA:291,25,0,0
BRDA:291,25,1,0
BRDA:303,26,0,0
BRDA:303,26,1,0
BRDA:312,27,0,0
BRDA:312,28,0,0
BRDA:312,28,1,0
BRDA:315,29,0,0
BRDA:315,30,0,0
BRDA:315,30,1,0
BRDA:315,30,2,0
BRDA:315,30,3,0
BRDA:315,30,4,0
BRDA:320,31,0,0
BRDA:320,31,1,0
BRDA:320,31,2,0
BRDA:320,31,3,0
BRDA:333,32,0,0
BRDA:333,32,1,0
BRDA:333,32,2,0
BRDA:333,32,3,0
BRDA:361,33,0,0
[...]
BRF:1
BRH:0
end_of_record
TN:
SF:pages/_app.tsx
FN:7,MyApp
FN:8,(anonymous_2)
FN:11,(anonymous_3)
FNF:3
FNH:0
FNDA:0,MyApp
FNDA:0,(anonymous_2)
FNDA:0,(anonymous_3)
DA:3,0
DA:4,0
DA:5,0
DA:7,0
DA:8,0
DA:11,0
DA:12,0
DA:13,0
LF:8
LH:0
BRDA:12,0,0,0
BRF:1
BRH:0
end_of_record
TN:
SF:pages/account-page.tsx
FN:17,AccountPage
FN:33,(anonymous_2)
FN:34,(anonymous_3)
FN:40,(anonymous_4)
FN:196,(anonymous_5)
FN:203,(anonymous_6)
FN:221,(anonymous_7)
FN:228,(anonymous_8)
FN:246,(anonymous_9)
FN:253,(anonymous_10)
FN:269,(anonymous_11)
FN:284,(anonymous_12)
FNF:12
FNH:0
FNDA:0,AccountPage
FNDA:0,(anonymous_2)
FNDA:0,(anonymous_3)
FNDA:0,(anonymous_4)
FNDA:0,(anonymous_5)
FNDA:0,(anonymous_6)
FNDA:0,(anonymous_7)
FNDA:0,(anonymous_8)
FNDA:0,(anonymous_9)
FNDA:0,(anonymous_10)
FNDA:0,(anonymous_11)
FNDA:0,(anonymous_12)
DA:3,0
DA:4,0
DA:5,0
DA:6,0
DA:7,0
DA:8,0
DA:9,0
DA:10,0
DA:11,0
DA:12,0
DA:13,0
DA:14,0
DA:15,0
DA:17,0
DA:18,0
DA:19,0
DA:20,0
DA:21,0
DA:22,0
DA:23,0
DA:29,0
DA:30,0
DA:31,0
DA:33,0
DA:34,0
DA:40,0
DA:41,0
DA:42,0
DA:47,0
DA:50,0
DA:51,0
DA:56,0
DA:59,0
DA:60,0
DA:61,0
DA:67,0
DA:74,0
DA:75,0
DA:82,0
DA:88,0
DA:196,0
DA:203,0
DA:221,0
DA:228,0
DA:246,0
DA:253,0
DA:269,0
DA:284,0
LF:48
LH:0
BRDA:41,0,0,0
BRDA:50,1,0,0
BRDA:69,2,0,0
BRDA:69,2,1,0
BRDA:84,3,0,0
BRDA:84,3,1,0
BRDA:116,4,0,0
BRDA:116,4,1,0
BRDA:116,5,0,0
BRDA:116,5,1,0
BRDA:121,6,0,0
BRDA:121,6,1,0
BRDA:121,7,0,0
BRDA:121,7,1,0
BRDA:123,8,0,0
BRDA:123,8,1,0
BRDA:126,9,0,0
BRDA:126,9,1,0
BRDA:127,10,0,0
BRDA:127,10,1,0
BRDA:136,11,0,0
BRDA:136,11,1,0
BRDA:136,12,0,0
BRDA:136,12,1,0
BRDA:144,13,0,0
BRDA:144,13,1,0
BRDA:152,14,0,0
BRDA:152,14,1,0
BRDA:160,15,0,0
BRDA:160,15,1,0
BRDA:193,16,0,0
BRDA:193,16,1,0
BRDA:206,17,0,0
BRDA:218,18,0,0
BRDA:218,18,1,0
BRDA:231,19,0,0
BRDA:243,20,0,0
BRDA:243,20,1,0
BRDA:256,21,0,0
BRDA:294,22,0,0
BRDA:294,22,1,0
BRF:41
BRH:0
end_of_record
TN:
SF:pages/cashier-page.tsx
FN:62,CashierPage
FN:118,(anonymous_6)
FN:161,(anonymous_7)
FN:163,(anonymous_8)
FN:190,(anonymous_9)
FN:193,(anonymous_10)
FN:200,(anonymous_11)
FN:202,(anonymous_12)
FN:208,(anonymous_13)
FN:215,(anonymous_14)
FN:216,(anonymous_15)
FN:236,(anonymous_16)
FN:244,(anonymous_17)
FN:245,(anonymous_18)
FN:249,(anonymous_19)
FN:250,(anonymous_20)
FN:251,(anonymous_21)
FN:252,(anonymous_22)
FN:253,(anonymous_23)
FN:256,(anonymous_24)
FN:258,(anonymous_25)
FN:258,(anonymous_26)
FN:260,(anonymous_27)
FN:264,(anonymous_28)
FN:281,(anonymous_29)
FN:287,(anonymous_30)
FN:288,(anonymous_31)
FN:289,(anonymous_32)
FN:290,(anonymous_33)
FN:292,(anonymous_34)
FN:292,(anonymous_35)
FN:294,(anonymous_36)
FN:299,(anonymous_37)
FN:300,(anonymous_38)
FN:310,(anonymous_39)
FN:311,(anonymous_40)
FN:313,(anonymous_41)
FN:319,(anonymous_42)
FN:328,(anonymous_43)
FN:333,(anonymous_44)
FN:335,(anonymous_45)
FN:340,(anonymous_46)
FN:346,(anonymous_47)
FN:355,(anonymous_48)
FN:362,(anonymous_49)
FN:412,(anonymous_50)
FN:417,(anonymous_51)
FN:420,(anonymous_52)
FN:429,(anonymous_53)
FN:461,(anonymous_54)
FN:466,(anonymous_55)
FN:498,(anonymous_56)
FN:499,(anonymous_57)
FN:503,(anonymous_58)
FN:508,(anonymous_59)
FN:513,(anonymous_60)
FN:517,(anonymous_61)
FN:525,(anonymous_62)
FN:528,(anonymous_63)
FN:544,(anonymous_65)
FN:559,(anonymous_66)
FN:560,(anonymous_67)
FN:574,(anonymous_68)
FN:580,(anonymous_69)
FN:612,(anonymous_70)
FN:622,(anonymous_71)
FN:632,(anonymous_72)
FN:652,(anonymous_73)
FN:662,(anonymous_74)
FN:679,(anonymous_75)
FN:691,(anonymous_76)
FN:710,(anonymous_77)
FN:753,(anonymous_78)
FN:766,(anonymous_79)
FN:773,(anonymous_80)
FN:793,(anonymous_81)
FN:801,(anonymous_82)
FN:812,(anonymous_83)
FN:845,(anonymous_84)
FN:890,(anonymous_85)
FNF:80
FNH:0
FNDA:0,CashierPage
FNDA:0,(anonymous_6)
FNDA:0,(anonymous_7)
FNDA:0,(anonymous_8)
FNDA:0,(anonymous_9)
FNDA:0,(anonymous_10)
FNDA:0,(anonymous_11)
FNDA:0,(anonymous_12)
FNDA:0,(anonymous_13)
FNDA:0,(anonymous_14)
FNDA:0,(anonymous_15)
FNDA:0,(anonymous_16)
FNDA:0,(anonymous_17)
FNDA:0,(anonymous_18)
FNDA:0,(anonymous_19)
FNDA:0,(anonymous_20)
FNDA:0,(anonymous_21)
FNDA:0,(anonymous_22)
FNDA:0,(anonymous_23)
FNDA:0,(anonymous_24)
FNDA:0,(anonymous_25)
FNDA:0,(anonymous_26)
FNDA:0,(anonymous_27)
FNDA:0,(anonymous_28)
FNDA:0,(anonymous_29)
FNDA:0,(anonymous_30)
FNDA:0,(anonymous_31)
FNDA:0,(anonymous_32)
FNDA:0,(anonymous_33)
FNDA:0,(anonymous_34)
FNDA:0,(anonymous_35)
FNDA:0,(anonymous_36)
FNDA:0,(anonymous_37)
FNDA:0,(anonymous_38)
FNDA:0,(anonymous_39)
FNDA:0,(anonymous_40)
FNDA:0,(anonymous_41)
FNDA:0,(anonymous_42)
FNDA:0,(anonymous_43)
FNDA:0,(anonymous_44)
FNDA:0,(anonymous_45)
FNDA:0,(anonymous_46)
FNDA:0,(anonymous_47)
FNDA:0,(anonymous_48)
FNDA:0,(anonymous_49)
FNDA:0,(anonymous_50)
FNDA:0,(anonymous_51)
FNDA:0,(anonymous_52)
FNDA:0,(anonymous_53)
FNDA:0,(anonymous_54)
FNDA:0,(anonymous_55)
FNDA:0,(anonymous_56)
FNDA:0,(anonymous_57)
FNDA:0,(anonymous_58)
FNDA:0,(anonymous_59)
FNDA:0,(anonymous_60)
FNDA:0,(anonymous_61)
FNDA:0,(anonymous_62)
FNDA:0,(anonymous_63)
FNDA:0,(anonymous_65)
FNDA:0,(anonymous_66)
FNDA:0,(anonymous_67)
FNDA:0,(anonymous_68)
FNDA:0,(anonymous_69)
FNDA:0,(anonymous_70)
FNDA:0,(anonymous_71)
FNDA:0,(anonymous_72)
FNDA:0,(anonymous_73)
FNDA:0,(anonymous_74)
FNDA:0,(anonymous_75)
FNDA:0,(anonymous_76)
FNDA:0,(anonymous_77)
FNDA:0,(anonymous_78)
FNDA:0,(anonymous_79)
FNDA:0,(anonymous_80)
FNDA:0,(anonymous_81)
FNDA:0,(anonymous_82)
FNDA:0,(anonymous_83)
FNDA:0,(anonymous_84)
FNDA:0,(anonymous_85)
DA:3,0
DA:4,0
DA:5,0
DA:6,0
DA:7,0
DA:8,0
DA:9,0
DA:10,0
DA:11,0
DA:13,0
DA:14,0
DA:17,0
DA:18,0
DA:20,0
DA:21,0
DA:22,0
DA:23,0
DA:24,0
DA:62,0
DA:63,0
DA:66,0
DA:67,0
DA:69,0
DA:70,0
DA:71,0
DA:72,0
DA:73,0
DA:74,0
DA:75,0
DA:76,0
DA:77,0
DA:78,0
DA:93,0
DA:96,0
DA:99,0
DA:102,0
DA:105,0
DA:118,0
DA:119,0
DA:120,0
DA:127,0
DA:128,0
DA:130,0
DA:131,0
DA:133,0
DA:139,0
DA:140,0
DA:142,0
DA:143,0
DA:145,0
DA:146,0
DA:148,0
DA:149,0
DA:151,0
DA:152,0
DA:155,0
DA:156,0
DA:158,0
DA:161,0
DA:162,0
DA:163,0
DA:177,0
DA:178,0
DA:182,0
DA:183,0
DA:184,0
DA:185,0
DA:187,0
DA:190,0
DA:191,0
DA:193,0
DA:194,0
DA:197,0
DA:198,0
DA:200,0
DA:202,0
DA:203,0
DA:208,0
DA:209,0
DA:210,0
DA:215,0
DA:216,0
DA:218,0
DA:222,0
DA:224,0
DA:228,0
DA:230,0
DA:231,0
DA:236,0
DA:244,0
DA:245,0
DA:246,0
DA:249,0
DA:250,0
DA:251,0
DA:252,0
DA:253,0
DA:255,0
DA:256,0
DA:257,0
DA:258,0
DA:260,0
DA:263,0
DA:264,0
DA:266,0
DA:280,0
DA:282,0
DA:287,0
DA:288,0
DA:289,0
DA:290,0
DA:291,0
DA:292,0
DA:294,0
DA:299,0
DA:300,0
DA:301,0
DA:310,0
DA:311,0
DA:312,0
DA:313,0
DA:314,0
DA:319,0
DA:320,0
DA:328,0
DA:329,0
DA:330,0
DA:333,0
DA:335,0
DA:336,0
DA:340,0
DA:341,0
DA:342,0
DA:343,0
DA:346,0
DA:347,0
DA:348,0
DA:349,0
DA:355,0
DA:357,0
DA:358,0
DA:362,0
DA:364,0
DA:366,0
DA:367,0
DA:369,0
DA:372,0
DA:376,0
DA:379,0
DA:380,0
DA:383,0
DA:384,0
DA:387,0
DA:397,0
DA:398,0
DA:399,0
DA:401,0
DA:404,0
DA:409,0
DA:412,0
DA:413,0
DA:414,0
DA:417,0
DA:418,0
DA:420,0
DA:421,0
DA:423,0
DA:425,0
DA:429,0
DA:430,0
DA:433,0
DA:435,0
DA:436,0
DA:437,0
DA:439,0
DA:442,0
DA:445,0
DA:446,0
DA:447,0
DA:450,0
DA:458,0
DA:461,0
DA:462,0
DA:463,0
DA:466,0
DA:467,0
DA:470,0
DA:472,0
DA:473,0
DA:474,0
DA:476,0
DA:479,0
DA:482,0
DA:483,0
DA:484,0
DA:487,0
DA:495,0
DA:498,0
DA:499,0
DA:503,0
DA:504,0
DA:508,0
DA:509,0
DA:510,0
DA:513,0
DA:514,0
DA:517,0
DA:518,0
DA:520,0
DA:521,0
DA:525,0
DA:526,0
DA:527,0
DA:528,0
DA:529,0
DA:530,0
DA:544,0
DA:559,0
DA:560,0
DA:574,0
DA:580,0
DA:612,0
DA:622,0
DA:633,0
DA:652,0
DA:663,0
DA:679,0
DA:690,0
DA:691,0
DA:711,0
DA:753,0
DA:766,0
DA:774,0
DA:793,0
DA:801,0
DA:812,0
DA:845,0
DA:890,0
LF:238
LH:0
BRDA:114,0,0,0
BRDA:114,0,1,0
BRDA:119,1,0,0
BRDA:139,2,0,0
BRDA:139,2,1,0
BRDA:139,3,0,0
BRDA:139,3,1,0
BRDA:142,4,0,0
BRDA:142,4,1,0
BRDA:142,5,0,0
BRDA:142,5,1,0
BRDA:145,6,0,0
BRDA:145,7,0,0
BRDA:145,7,1,0
BRDA:145,7,2,0
BRDA:148,8,0,0
BRDA:148,9,0,0
BRDA:148,9,1,0
BRDA:148,9,2,0
BRDA:151,10,0,0
BRDA:151,11,0,0
BRDA:151,11,1,0
BRDA:151,11,2,0
BRDA:166,12,0,0
BRDA:166,12,1,0
BRDA:167,13,0,0
BRDA:167,13,1,0
BRDA:169,14,0,0
BRDA:169,14,1,0
BRDA:174,15,0,0
BRDA:174,15,1,0
BRDA:191,16,0,0
BRDA:209,17,0,0
BRDA:218,18,0,0
BRDA:218,18,1,0
BRDA:218,18,2,0
BRDA:222,19,0,0
BRDA:222,19,1,0
BRDA:222,19,2,0
BRDA:224,20,0,0
BRDA:224,20,1,0
BRDA:230,21,0,0
BRDA:255,22,0,0
BRDA:257,23,0,0
BRDA:257,24,0,0
BRDA:257,24,1,0
BRDA:263,25,0,0
BRDA:263,25,1,0
BRDA:264,26,0,0
BRDA:264,26,1,0
BRDA:291,27,0,0
BRDA:291,28,0,0
BRDA:291,28,1,0
BRDA:312,29,0,0
BRDA:312,29,1,0
BRDA:314,30,0,0
BRDA:314,30,1,0
BRDA:347,31,0,0
BRDA:347,31,1,0
BRDA:348,32,0,0
BRDA:366,33,0,0
BRDA:366,33,1,0
BRDA:366,34,0,0
BRDA:366,34,1,0
BRDA:367,35,0,0
BRDA:367,35,1,0
BRDA:367,36,0,0
BRDA:367,36,1,0
BRDA:383,37,0,0
BRDA:397,38,0,0
BRDA:397,39,0,0
BRDA:397,39,1,0
BRDA:421,40,0,0
BRDA:421,40,1,0
BRDA:421,41,0,0
BRDA:421,41,1,0
BRDA:435,42,0,0
BRDA:435,42,1,0
BRDA:435,43,0,0
BRDA:435,43,1,0
BRDA:436,44,0,0
BRDA:436,44,1,0
BRDA:436,45,0,0
BRDA:436,45,1,0
BRDA:446,46,0,0
BRDA:472,47,0,0
BRDA:472,47,1,0
BRDA:472,48,0,0
BRDA:472,48,1,0
BRDA:473,49,0,0
BRDA:473,49,1,0
BRDA:473,50,0,0
BRDA:473,50,1,0
BRDA:483,51,0,0
BRDA:499,52,0,0
BRDA:499,52,1,0
BRDA:518,53,0,0
BRDA:518,53,1,0
BRDA:527,54,0,0
BRDA:527,55,0,0
BRDA:527,55,1,0
BRDA:535,56,0,0
BRDA:535,56,1,0
BRDA:535,57,0,0
BRDA:535,57,1,0
BRDA:540,58,0,0
BRDA:554,59,0,0
BRDA:557,60,0,0
BRDA:557,60,1,0
BRDA:560,61,0,0
BRDA:560,61,1,0
BRDA:560,61,2,0
BRDA:565,62,0,0
BRDA:565,62,1,0
BRDA:566,63,0,0
BRDA:566,63,1,0
BRDA:570,64,0,0
BRDA:570,64,1,0
BRDA:585,65,0,0
BRDA:591,66,0,0
BRDA:591,66,1,0
BRDA:594,67,0,0
BRDA:598,68,0,0
BRDA:598,68,1,0
BRDA:604,69,0,0
BRDA:619,70,0,0
BRDA:619,70,1,0
BRDA:621,71,0,0
BRDA:621,71,1,0
BRDA:622,72,0,0
BRDA:622,72,1,0
BRDA:622,72,2,0
BRDA:646,73,0,0
BRDA:646,73,1,0
BRDA:648,74,0,0
BRDA:648,74,1,0
BRDA:648,74,2,0
BRDA:651,75,0,0
BRDA:651,75,1,0
BRDA:651,76,0,0
BRDA:651,76,1,0
BRDA:651,77,0,0
BRDA:651,77,1,0
BRDA:652,78,0,0
BRDA:652,78,1,0
BRDA:652,78,2,0
BRDA:690,79,0,0
BRDA:698,80,0,0
BRDA:698,80,1,0
BRDA:698,81,0,0
BRDA:698,81,1,0
BRDA:703,82,0,0
BRDA:719,83,0,0
BRDA:718,84,0,0
BRDA:718,84,1,0
BRDA:738,85,0,0
BRDA:738,85,1,0
BRDA:738,86,0,0
BRDA:738,86,1,0
BRDA:745,87,0,0
BRDA:749,88,0,0
BRDA:760,89,0,0
BRDA:760,89,1,0
BRDA:776,90,0,0
BRDA:776,90,1,0
BRDA:783,91,0,0
BRDA:841,92,0,0
BRDA:857,93,0,0
BRDA:857,93,1,0
BRDA:870,94,0,0
BRDA:874,95,0,0
BRDA:874,95,1,0
BRDA:888,96,0,0
BRDA:888,96,1,0
BRF:174
BRH:0
end_of_record
TN:
SF:pages/catalogs-page.tsx
FN:11,CatalogsPage
FNF:1
FNH:0
FNDA:0,CatalogsPage
DA:3,0
DA:4,0
DA:5,0
DA:11,0
LF:4
LH:0
BRF:0
BRH:0
end_of_record
TN:
SF:pages/companies-page.tsx
FN:23,CompaniesPage
FN:29,(anonymous_3)
FNF:2
FNH:0
FNDA:0,CompaniesPage
FNDA:0,(anonymous_3)
DA:3,0
DA:4,0
DA:5,0
DA:6,0
DA:7,0
DA:8,0
DA:23,0
DA:24,0
DA:29,0
LF:9
LH:0
BRDA:27,0,0,0
BRF:1
BRH:0
end_of_record
TN:
SF:pages/confirm-email.tsx
FN:10,EmailVerified
FN:15,(anonymous_3)
FN:23,(anonymous_4)
FN:26,(anonymous_5)
FNF:4
FNH:0
FNDA:0,EmailVerified
FNDA:0,(anonymous_3)
FNDA:0,(anonymous_4)
FNDA:0,(anonymous_5)
DA:2,0
DA:4,0
DA:5,0
DA:6,0
DA:7,0
DA:8,0
DA:10,0
DA:11,0
DA:12,0
DA:13,0
DA:15,0
DA:16,0
DA:18,0
DA:19,0
DA:20,0
DA:21,0
DA:22,0
DA:24,0
DA:27,0
DA:31,0
DA:35,0
DA:36,0
DA:37,0
DA:38,0
LF:24
LH:0
BRDA:16,0,0,0
BRDA:19,1,0,0
BRDA:19,1,1,0
BRDA:21,2,0,0
BRDA:21,2,1,0
BRDA:24,3,0,0
BRDA:24,3,1,0
BRDA:27,4,0,0
BRDA:27,4,1,0
BRDA:36,5,0,0
BRDA:36,5,1,0
BRDA:37,6,0,0
BRDA:37,6,1,0
BRDA:38,7,0,0
BRDA:38,8,0,0
BRDA:38,8,1,0
BRDA:44,9,0,0
BRDA:45,10,0,0
BRDA:46,11,0,0
BRDA:48,12,0,0
BRDA:48,12,1,0
BRDA:48,13,0,0
BRDA:48,13,1,0
BRF:23
BRH:0
end_of_record
TN:
SF:pages/customer-page.tsx
FN:99,addCustomerApi
FN:101,(anonymous_2)
FN:101,(anonymous_3)
FN:111,AddCustomerModal
FN:123,(anonymous_5)
FN:129,(anonymous_6)
FN:134,(anonymous_7)
FN:159,(anonymous_8)
FN:174,(anonymous_9)
FN:189,(anonymous_10)
FN:203,(anonymous_11)
FN:218,(anonymous_12)
FN:239,CustomerPage
FN:244,(anonymous_14)
FN:270,(anonymous_15)
FN:286,(anonymous_16)
FN:295,(anonymous_17)
FN:377,(anonymous_18)
FNF:18
FNH:0
FNDA:0,addCustomerApi
FNDA:0,(anonymous_2)
FNDA:0,(anonymous_3)
FNDA:0,AddCustomerModal
FNDA:0,(anonymous_5)
FNDA:0,(anonymous_6)
FNDA:0,(anonymous_7)
FNDA:0,(anonymous_8)
FNDA:0,(anonymous_9)
FNDA:0,(anonymous_10)
FNDA:0,(anonymous_11)
FNDA:0,(anonymous_12)
FNDA:0,CustomerPage
FNDA:0,(anonymous_14)
FNDA:0,(anonymous_15)
FNDA:0,(anonymous_16)
FNDA:0,(anonymous_17)
FNDA:0,(anonymous_18)
DA:5,0
DA:6,0
DA:7,0
DA:8,0
DA:9,0
DA:10,0
DA:11,0
DA:12,0
DA:13,0
DA:31,0
DA:101,0
DA:112,0
DA:119,0
DA:120,0
DA:121,0
DA:124,0
DA:125,0
DA:126,0
DA:127,0
DA:130,0
DA:134,0
DA:135,0
DA:136,0
DA:139,0
DA:159,0
DA:174,0
DA:189,0
DA:203,0
DA:218,0
DA:239,0
DA:240,0
DA:241,0
DA:243,0
DA:245,0
DA:270,0
DA:286,0
DA:296,0
DA:377,0
LF:38
LH:0
BRDA:130,0,0,0
BRDA:130,0,1,0
BRDA:139,1,0,0
BRDA:245,2,0,0
BRDA:245,2,1,0
BRDA:245,2,2,0
BRDA:256,3,0,0
BRDA:327,4,0,0
BRDA:327,4,1,0
BRDA:329,5,0,0
BRDA:329,5,1,0
BRDA:366,6,0,0
BRF:12
BRH:0
end_of_record
TN:
SF:pages/google-callback.tsx
FN:8,GoogleCallbackPage
FN:11,(anonymous_2)
FNF:2
FNH:0
FNDA:0,GoogleCallbackPage
FNDA:0,(anonymous_2)
DA:3,0
DA:5,0
DA:6,0
DA:8,0
DA:11,0
LF:5
LH:0
BRF:0
BRH:0
end_of_record
TN:
SF:pages/helloScreen.tsx
FN:8,HelloScreen
FN:10,screenChange
FN:43,(anonymous_4)
FN:51,(anonymous_5)
FNF:4
FNH:0
FNDA:0,HelloScreen
FNDA:0,screenChange
FNDA:0,(anonymous_4)
FNDA:0,(anonymous_5)
DA:1,0
DA:2,0
DA:3,0
DA:4,0
DA:5,0
DA:8,0
DA:11,0
DA:12,0
DA:43,0
DA:51,0
LF:10
LH:0
BRDA:11,0,0,0
BRF:1
BRH:0
end_of_record
TN:
SF:pages/history-page.tsx
FN:10,HistoryPage
FN:45,(anonymous_2)
FNF:2
FNH:0
FNDA:0,HistoryPage
FNDA:0,(anonymous_2)
DA:3,0
DA:4,0
DA:10,0
DA:11,0
DA:46,0
LF:5
LH:0
BRDA:24,0,0,0
BRF:1
BRH:0
end_of_record
TN:
SF:pages/location.tsx
FN:12,LocationsPage
FN:18,(anonymous_3)
FNF:2
FNH:0
FNDA:0,LocationsPage
FNDA:0,(anonymous_3)
DA:3,0
DA:4,0
DA:5,0
DA:6,0
DA:12,0
DA:13,0
DA:18,0
LF:7
LH:0
BRDA:16,0,0,0
BRF:1
BRH:0
end_of_record
TN:
SF:pages/login-owner.tsx
FN:18,LoginOwnerPage
FN:19,(anonymous_2)
FN:28,(anonymous_3)
FN:47,(anonymous_4)
FN:55,(anonymous_5)
FN:57,(anonymous_6)
FN:63,(anonymous_7)
FN:68,screenChange
FN:79,(anonymous_9)
FN:129,(anonymous_10)
FN:158,(anonymous_11)
FN:172,(anonymous_12)
FN:185,(anonymous_13)
FN:202,(anonymous_14)
FN:224,(anonymous_15)
FNF:15
FNH:0
FNDA:0,LoginOwnerPage
FNDA:0,(anonymous_2)
FNDA:0,(anonymous_3)
FNDA:0,(anonymous_4)
FNDA:0,(anonymous_5)
FNDA:0,(anonymous_6)
FNDA:0,(anonymous_7)
FNDA:0,screenChange
FNDA:0,(anonymous_9)
FNDA:0,(anonymous_10)
FNDA:0,(anonymous_11)
FNDA:0,(anonymous_12)
FNDA:0,(anonymous_13)
FNDA:0,(anonymous_14)
FNDA:0,(anonymous_15)
DA:2,0
DA:3,0
DA:4,0
DA:5,0
DA:6,0
DA:7,0
DA:8,0
DA:9,0
DA:10,0
DA:11,0
DA:18,0
DA:19,0
DA:20,0
DA:21,0
DA:22,0
DA:23,0
DA:28,0
DA:29,0
DA:31,0
DA:45,0
DA:46,0
DA:47,0
DA:48,0
DA:49,0
DA:55,0
DA:56,0
DA:57,0
DA:63,0
DA:64,0
DA:65,0
DA:69,0
DA:70,0
DA:79,0
DA:129,0
DA:158,0
DA:172,0
DA:185,0
DA:202,0
DA:224,0
LF:39
LH:0
BRDA:29,0,0,0
BRDA:29,1,0,0
BRDA:29,1,1,0
BRDA:48,2,0,0
BRDA:69,3,0,0
BRDA:135,4,0,0
BRF:6
BRH:0
end_of_record
TN:
SF:pages/login.tsx
FN:21,LoginEmployeePage
FN:22,(anonymous_6)
FN:34,(anonymous_7)
FN:53,(anonymous_8)
FN:61,(anonymous_9)
FN:63,(anonymous_10)
FN:69,(anonymous_11)
FN:74,screenChange
FN:86,(anonymous_13)
FNF:9
FNH:0
FNDA:0,LoginEmployeePage
FNDA:0,(anonymous_6)
FNDA:0,(anonymous_7)
FNDA:0,(anonymous_8)
FNDA:0,(anonymous_9)
FNDA:0,(anonymous_10)
FNDA:0,(anonymous_11)
FNDA:0,screenChange
FNDA:0,(anonymous_13)
DA:2,0
DA:3,0
DA:4,0
DA:5,0
DA:6,0
DA:7,0
DA:8,0
DA:9,0
DA:10,0
DA:11,0
DA:12,0
DA:13,0
DA:14,0
DA:21,0
DA:22,0
DA:23,0
DA:24,0
DA:25,0
DA:26,0
DA:31,0
DA:34,0
DA:35,0
DA:37,0
DA:51,0
DA:52,0
DA:53,0
DA:54,0
DA:55,0
DA:61,0
DA:62,0
DA:63,0
DA:69,0
DA:70,0
DA:71,0
DA:75,0
DA:76,0
DA:86,0
LF:37
LH:0
BRDA:35,0,0,0
BRDA:35,1,0,0
BRDA:35,1,1,0
BRDA:54,2,0,0
BRDA:75,3,0,0
BRDA:104,4,0,0
BRDA:106,5,0,0
BRDA:106,5,1,0
BRDA:146,6,0,0
BRDA:146,6,1,0
BRDA:146,7,0,0
BRDA:146,7,1,0
BRF:12
BRH:0
end_of_record
TN:
SF:pages/manage-store-page.tsx
FN:10,ManageStorePage
FN:51,(anonymous_2)
FNF:2
FNH:0
FNDA:0,ManageStorePage
FNDA:0,(anonymous_2)
DA:3,0
DA:4,0
DA:10,0
DA:11,0
DA:52,0
LF:5
LH:0
BRDA:24,0,0,0
BRDA:62,1,0,0
BRDA:62,1,1,0
BRF:3
BRH:0
end_of_record
TN:
SF:pages/product-categories-page.tsx
FN:5,ProductCategoriesPage
FNF:1
FNH:0
FNDA:0,ProductCategoriesPage
DA:3,0
DA:5,0
DA:6,0
LF:3
LH:0
BRF:0
BRH:0
end_of_record
TN:
SF:pages/product-list-page.tsx
FN:98,addProductApi
FN:100,(anonymous_2)
FN:100,(anonymous_3)
FN:109,AddProductModal
FN:122,(anonymous_5)
FN:128,(anonymous_6)
FN:133,(anonymous_7)
FN:158,(anonymous_8)
FN:169,(anonymous_9)
FN:191,(anonymous_10)
FN:205,(anonymous_11)
FN:217,(anonymous_12)
FN:235,(anonymous_13)
FN:256,ProductListPage
FN:262,(anonymous_15)
FN:289,(anonymous_16)
FN:306,(anonymous_17)
FN:341,(anonymous_18)
FN:414,(anonymous_19)
FNF:19
FNH:0
FNDA:0,addProductApi
FNDA:0,(anonymous_2)
FNDA:0,(anonymous_3)
FNDA:0,AddProductModal
FNDA:0,(anonymous_5)
FNDA:0,(anonymous_6)
FNDA:0,(anonymous_7)
FNDA:0,(anonymous_8)
FNDA:0,(anonymous_9)
FNDA:0,(anonymous_10)
FNDA:0,(anonymous_11)
FNDA:0,(anonymous_12)
FNDA:0,(anonymous_13)
FNDA:0,ProductListPage
FNDA:0,(anonymous_15)
FNDA:0,(anonymous_16)
FNDA:0,(anonymous_17)
FNDA:0,(anonymous_18)
FNDA:0,(anonymous_19)
DA:5,0
DA:6,0
DA:7,0
DA:8,0
DA:9,0
DA:10,0
DA:11,0
DA:12,0
DA:13,0
DA:14,0
DA:30,0
DA:100,0
DA:110,0
DA:118,0
DA:119,0
DA:120,0
DA:123,0
DA:124,0
DA:125,0
DA:126,0
DA:129,0
DA:133,0
DA:134,0
DA:135,0
DA:138,0
DA:158,0
DA:169,0
DA:191,0
DA:205,0
DA:217,0
DA:235,0
DA:256,0
DA:257,0
DA:258,0
DA:259,0
DA:260,0
DA:262,0
DA:263,0
DA:264,0
DA:265,0
DA:266,0
DA:289,0
DA:306,0
DA:342,0
DA:414,0
LF:45
LH:0
BRDA:129,0,0,0
BRDA:129,0,1,0
BRDA:138,1,0,0
BRDA:264,2,0,0
BRDA:264,2,1,0
BRDA:265,3,0,0
BRDA:265,3,1,0
BRDA:266,4,0,0
BRDA:266,4,1,0
BRDA:266,4,2,0
BRDA:275,5,0,0
BRDA:348,6,0,0
BRDA:348,6,1,0
BRDA:366,7,0,0
BRDA:366,7,1,0
BRDA:368,8,0,0
BRDA:368,8,1,0
BRDA:403,9,0,0
BRF:18
BRH:0
end_of_record
TN:
SF:pages/report-page.tsx
FN:10,ReportPage
FN:22,(anonymous_2)
FN:139,(anonymous_3)
FN:151,(anonymous_4)
FN:164,(anonymous_5)
FN:187,(anonymous_6)
FN:225,(anonymous_7)
FN:256,(anonymous_8)
FNF:8
FNH:0
FNDA:0,ReportPage
FNDA:0,(anonymous_2)
FNDA:0,(anonymous_3)
FNDA:0,(anonymous_4)
FNDA:0,(anonymous_5)
FNDA:0,(anonymous_6)
FNDA:0,(anonymous_7)
FNDA:0,(anonymous_8)
DA:3,0
DA:4,0
DA:10,0
DA:12,0
DA:22,0
DA:23,0
DA:63,0
DA:69,0
DA:140,0
DA:141,0
DA:142,0
DA:152,0
DA:153,0
DA:154,0
DA:165,0
DA:166,0
DA:168,0
DA:188,0
DA:226,0
DA:257,0
LF:20
LH:0
BRDA:81,0,0,0
BRF:1
BRH:0
end_of_record
TN:
SF:pages/roles-page.tsx
FN:5,(anonymous_5)
FN:5,(anonymous_6)
FN:10,RolesPage
FNF:3
FNH:0
FNDA:0,(anonymous_5)
FNDA:0,(anonymous_6)
FNDA:0,RolesPage
DA:3,0
DA:5,0
DA:10,0
LF:3
LH:0
BRF:0
BRH:0
end_of_record
TN:
SF:pages/signup.tsx
FN:24,Signup
FN:37,(anonymous_6)
FN:40,(anonymous_7)
FN:48,screenChange
FN:54,(anonymous_9)
FN:56,(anonymous_10)
FN:62,(anonymous_11)
FN:78,(anonymous_12)
FN:153,(anonymous_13)
FN:153,(anonymous_14)
FN:180,(anonymous_15)
FNF:11
FNH:0
FNDA:0,Signup
FNDA:0,(anonymous_6)
FNDA:0,(anonymous_7)
FNDA:0,screenChange
FNDA:0,(anonymous_9)
FNDA:0,(anonymous_10)
FNDA:0,(anonymous_11)
FNDA:0,(anonymous_12)
FNDA:0,(anonymous_13)
FNDA:0,(anonymous_14)
FNDA:0,(anonymous_15)
DA:1,0
DA:3,0
DA:4,0
DA:5,0
DA:6,0
DA:7,0
DA:8,0
DA:9,0
DA:10,0
DA:11,0
DA:12,0
DA:13,0
DA:14,0
DA:24,0
DA:25,0
DA:26,0
DA:27,0
DA:29,0
DA:37,0
DA:38,0
DA:39,0
DA:40,0
DA:41,0
DA:42,0
DA:49,0
DA:50,0
DA:54,0
DA:55,0
DA:56,0
DA:62,0
DA:63,0
DA:64,0
DA:78,0
DA:153,0
DA:180,0
LF:35
LH:0
BRDA:38,0,0,0
BRDA:41,1,0,0
BRDA:49,2,0,0
BRDA:87,3,0,0
BRDA:89,4,0,0
BRDA:89,4,1,0
BRDA:173,5,0,0
BRDA:173,5,1,0
BRDA:183,6,0,0
BRDA:189,7,0,0
BRDA:189,7,1,0
BRDA:189,8,0,0
BRDA:189,8,1,0
BRF:13
BRH:0
end_of_record
TN:
SF:pages/support-page.tsx
FN:6,SupportPage
FN:7,screenChange
FN:19,(anonymous_4)
FNF:3
FNH:0
FNDA:0,SupportPage
FNDA:0,screenChange
FNDA:0,(anonymous_4)
DA:1,0
DA:2,0
DA:3,0
DA:4,0
DA:5,0
DA:6,0
DA:8,0
DA:9,0
DA:19,0
LF:9
LH:0
BRDA:8,0,0,0
BRF:1
BRH:0
end_of_record
TN:
SF:pages/users-page.tsx
FN:5,UsersPage
FNF:1
FNH:0
FNDA:0,UsersPage
DA:3,0
DA:5,0
LF:2
LH:0
BRF:0
BRH:0
end_of_record
